 ##################################################################################
 # [fnlo-tk-cppread] Evaluating table: NNLO.abs_yj1.tab.gz
 # [fnlo-tk-cppread] Using PDF set   : NNPDF31_nnlo_as_0118
 # [fnlo-tk-cppread] If possible, will try to do 3 scale factor variations.
 # [fnlo-tk-cppread] Using alpha_s evolution code: LHAPDF
 # [fnlo-tk-cppread] Preparing unnormalized cross sections,
 # [fnlo-tk-cppread] Using scale definition kScale1
 # [fnlo-tk-cppread] Using central scale factor of sclfac = 1.62975
 # [fnlo-tk-cppread] No request for no. of flavours, using default of LHAPDF or Nf = 5.
 # [fnlo-tk-cppread] No request for no. of loops, using default of LHAPDF or NLoop = 2.
 # [fnlo-tk-cppread] No request for value of alpha_s(M_Z), using default of LHAPDF or asMz = 0.118.
 # [fnlo-tk-cppread] No request for value of M_Z, using default of LHAPDF or Mz = 91.1876.
 # [fnlo-tk-cppread] No request for Ecms, using default as defined in grid.
 # [fnlo-tk-cppread] Using verbosity level: WARNING
 ##################################################################################

LHAPDF 6.5.3 loading /cvmfs/sft.cern.ch/lcg/external/lhapdfsets/current/NNPDF31_nnlo_as_0118/NNPDF31_nnlo_as_0118_0000.dat
NNPDF31_nnlo_as_0118 PDF set, member #0, version 1; LHAPDF ID = 303600
LHAPDF 6.5.3 loading /cvmfs/sft.cern.ch/lcg/external/lhapdfsets/current/NNPDF31_nnlo_as_0118/NNPDF31_nnlo_as_0118_0000.dat
NNPDF31_nnlo_as_0118 PDF set, member #0, version 1; LHAPDF ID = 303600

 ##################################################################################################################################################################
 # [fnlo-tk-cppread] Calculate my cross sections
 ##################################################################################################################################################################
 #=================================================================================================================================================================
 # My Cross Sections
 # The scale factors xmur, xmuf chosen here are:      1.630,      1.630
 #-----------------------------------------------------------------------------------------------------------------------------------------------------------------
 #IObs  BinSize  IODimO  [ ptj1_[GeV],       ]  < mw_[GeV]   >  LO_cross_section   NLO_cross_section  NNLO_cross_section   KNLO      KNNLO
 #-----------------------------------------------------------------------------------------------------------------------------------------------------------------
     1  0.1000        1   0.000       0.1000     131.0          1.05360845775E+05  1.54046756583E+05  1.64184149749E+05    1.46209   1.06581
     2  0.1000        2   0.1000      0.2000     131.0          1.05151542291E+05  1.53457945306E+05  1.59831192268E+05    1.45940   1.04153
     3  0.1000        3   0.2000      0.3000     131.0          1.04639290608E+05  1.53148479523E+05  1.62000167813E+05    1.46358   1.05780
     4  0.1000        4   0.3000      0.4000     131.0          1.03899570864E+05  1.50367437121E+05  1.59184144058E+05    1.44724   1.05863
     5  0.1000        5   0.4000      0.5000     131.0          1.02957840405E+05  1.49932822583E+05  1.55422188778E+05    1.45625   1.03661
     6  0.1000        6   0.5000      0.6000     131.0          1.01720071788E+05  1.49365669713E+05  1.57783370905E+05    1.46840   1.05636
     7  0.1000        7   0.6000      0.7000     131.0          1.00240484732E+05  1.46617329978E+05  1.56826166547E+05    1.46266   1.06963
     8  0.1000        8   0.7000      0.8000     131.0          9.84875117286E+04  1.42907122928E+05  1.51545748722E+05    1.45102   1.06045
     9  0.1000        9   0.8000      0.9000     131.0          9.65940711462E+04  1.40607032670E+05  1.48230541008E+05    1.45565   1.05422
    10  0.1000       10   0.9000      1.000      131.0          9.44732394794E+04  1.37401035968E+05  1.42719861512E+05    1.45439   1.03871
    11  0.2000       11   1.000       1.200      131.0          9.07363201496E+04  1.31344305084E+05  1.37391111921E+05    1.44754   1.04604
    12  0.1000       12   1.200       1.300      131.0          8.66336230775E+04  1.24842003927E+05  1.31475455022E+05    1.44103   1.05313
    13  0.1000       13   1.300       1.400      131.0          8.36762569503E+04  1.20749523955E+05  1.26354472055E+05    1.44306   1.04642
    14  0.1000       14   1.400       1.500      131.0          8.04922708116E+04  1.16726343055E+05  1.20594222645E+05    1.45016   1.03314
    15  0.1000       15   1.500       1.600      131.0          7.71464933568E+04  1.10910370745E+05  1.15337905637E+05    1.43766   1.03992
    16  0.1000       16   1.600       1.700      131.0          7.36290721645E+04  1.05354094161E+05  1.11174722976E+05    1.43088   1.05525
    17  0.1000       17   1.700       1.800      131.0          7.00175509594E+04  1.00709915877E+05  1.05473187950E+05    1.43835   1.04730
    18  0.1000       18   1.800       1.900      131.0          6.62900831270E+04  9.42113471801E+04  9.71812604764E+04    1.42120   1.03152
    19  0.1000       19   1.900       2.000      131.0          6.25674177748E+04  8.84797093322E+04  9.27856258513E+04    1.41415   1.04867
    20  0.1000       20   2.000       2.100      131.0          5.86356176852E+04  8.33989406294E+04  8.69907272807E+04    1.42233   1.04307
    21  0.1000       21   2.100       2.200      131.0          5.47249756072E+04  7.76296739627E+04  8.28447033085E+04    1.41854   1.06718
    22  0.1000       22   2.200       2.300      131.0          5.08535086043E+04  7.22421402537E+04  7.62333657656E+04    1.42059   1.05525
    23  0.1000       23   2.300       2.400      131.0          4.69690797003E+04  6.58339526379E+04  6.88231133329E+04    1.40164   1.04540
    24  0.1000       24   2.400       2.500      131.0          4.31940083325E+04  6.12616438275E+04  6.27709621965E+04    1.41829   1.02464
    25  0.1000       25   2.500       2.600      131.0          3.94393187407E+04  5.54209543798E+04  5.93337578093E+04    1.40522   1.07060
    26  0.1000       26   2.600       2.700      131.0          3.57704805639E+04  5.11419756799E+04  5.27346650233E+04    1.42973   1.03114
    27  0.1000       27   2.700       2.800      131.0          3.22395545456E+04  4.51475295227E+04  4.82981040591E+04    1.40038   1.06978
    28  0.1000       28   2.800       2.900      131.0          2.88203718903E+04  4.00285868371E+04  4.26300685887E+04    1.38890   1.06499
    29  0.1000       29   2.900       3.000      131.0          2.55527402080E+04  3.58078695606E+04  3.77832305251E+04    1.40133   1.05517
    30  0.1000       30   3.000       3.100      131.0          2.24924902498E+04  3.10742818151E+04  3.26459068743E+04    1.38154   1.05058
    31  0.1000       31   3.100       3.200      131.0          1.95885175903E+04  2.82607805723E+04  2.94060302878E+04    1.44272   1.04052
    32  0.1000       32   3.200       3.300      131.0          1.69109526259E+04  2.40457428829E+04  2.48979441855E+04    1.42190   1.03544
    33  0.1000       33   3.300       3.400      131.0          1.44441229444E+04  1.95946218756E+04  2.07745667482E+04    1.35658   1.06022
    34  0.1000       34   3.400       3.500      131.0          1.22129631192E+04  1.74214515339E+04  1.77266210231E+04    1.42647   1.01752
    35  0.1000       35   3.500       3.600      131.0          1.01743736837E+04  1.50025807188E+04  1.61253309500E+04    1.47455   1.07484
    36  0.1000       36   3.600       3.700      131.0          8.40589985057E+03  1.16243553546E+04  1.24940808595E+04    1.38288   1.07482
    37  0.1000       37   3.700       3.800      131.0          6.80395497314E+03  1.00133820521E+04  1.05859211885E+04    1.47170   1.05718
    38  0.1000       38   3.800       3.900      131.0          5.44646106297E+03  7.78439418983E+03  8.56999488130E+03    1.42926   1.10092
    39  0.1000       39   3.900       4.000      131.0          4.27749041117E+03  6.10246489062E+03  6.59739497426E+03    1.42665   1.08110
    40  0.2000       40   4.000       4.200      131.0          2.88575787328E+03  4.37788965283E+03  4.69217685855E+03    1.51707   1.07179
    41  0.2000       41   4.200       4.400      131.0          1.54975686208E+03  2.51178553513E+03  2.78525761469E+03    1.62076   1.10888
 #=================================================================================================================================================================
 # My Cross Sections
 # The scale factors xmur, xmuf chosen here are:      0.815,      0.815
 #-----------------------------------------------------------------------------------------------------------------------------------------------------------------
 #IObs  BinSize  IODimO  [ ptj1_[GeV],       ]  < mw_[GeV]   >  LO_cross_section   NLO_cross_section  NNLO_cross_section   KNLO      KNNLO
 #-----------------------------------------------------------------------------------------------------------------------------------------------------------------
     1  0.1000        1   0.000       0.1000     65.50          1.12940966554E+05  1.63126923572E+05  1.66278118488E+05    1.44436   1.01932
     2  0.1000        2   0.1000      0.2000     65.50          1.12716400978E+05  1.62480583182E+05  1.60642166676E+05    1.44150   0.98869
     3  0.1000        3   0.2000      0.3000     65.50          1.12167979522E+05  1.62239489929E+05  1.63848979889E+05    1.44640   1.00992
     4  0.1000        4   0.3000      0.4000     65.50          1.11374927718E+05  1.59042636842E+05  1.60684385713E+05    1.42799   1.01032
     5  0.1000        5   0.4000      0.5000     65.50          1.10365343648E+05  1.58736615758E+05  1.56071477544E+05    1.43828   0.98321
     6  0.1000        6   0.5000      0.6000     65.50          1.09040355639E+05  1.58376772752E+05  1.59619271336E+05    1.45246   1.00785
     7  0.1000        7   0.6000      0.7000     65.50          1.07457466074E+05  1.55380089009E+05  1.59171585039E+05    1.44597   1.02440
     8  0.1000        8   0.7000      0.8000     65.50          1.05580759981E+05  1.51335464000E+05  1.53076906454E+05    1.43336   1.01151
     9  0.1000        9   0.8000      0.9000     65.50          1.03554224795E+05  1.49017694197E+05  1.49801784977E+05    1.43903   1.00526
    10  0.1000       10   0.9000      1.000      65.50          1.01283676777E+05  1.45642500983E+05  1.43530641481E+05    1.43797   0.98550
    11  0.2000       11   1.000       1.200      65.50          9.72860270768E+04  1.39200597924E+05  1.38346941194E+05    1.43084   0.99387
    12  0.1000       12   1.200       1.300      65.50          9.28995930962E+04  1.32304847036E+05  1.32507759445E+05    1.42417   1.00153
    13  0.1000       13   1.300       1.400      65.50          8.97371453383E+04  1.27997435778E+05  1.27310362038E+05    1.42636   0.99463
    14  0.1000       14   1.400       1.500      65.50          8.63345299123E+04  1.23908191289E+05  1.21109874573E+05    1.43521   0.97742
    15  0.1000       15   1.500       1.600      65.50          8.27601355949E+04  1.17628132845E+05  1.15900467292E+05    1.42131   0.98531
    16  0.1000       16   1.600       1.700      65.50          7.90018798985E+04  1.11748490282E+05  1.12410205220E+05    1.41450   1.00592
    17  0.1000       17   1.700       1.800      65.50          7.51459293176E+04  1.06857259337E+05  1.06280559447E+05    1.42200   0.99460
    18  0.1000       18   1.800       1.900      65.50          7.11661531051E+04  9.99165963617E+04  9.73433444922E+04    1.40399   0.97425
    19  0.1000       19   1.900       2.000      65.50          6.71906940080E+04  9.38385898706E+04  9.33549625892E+04    1.39660   0.99485
    20  0.1000       20   2.000       2.100      65.50          6.29933138523E+04  8.85741117785E+04  8.75562962292E+04    1.40609   0.98851
    21  0.1000       21   2.100       2.200      65.50          5.88190261177E+04  8.24741626567E+04  8.39364877977E+04    1.40217   1.01773
    22  0.1000       22   2.200       2.300      65.50          5.46855843705E+04  7.67930029737E+04  7.72792267042E+04    1.40426   1.00633
    23  0.1000       23   2.300       2.400      65.50          5.05378579132E+04  6.99426983248E+04  6.92762895331E+04    1.38397   0.99047
    24  0.1000       24   2.400       2.500      65.50          4.65077911889E+04  6.52157853520E+04  6.29949480800E+04    1.40226   0.96595
    25  0.1000       25   2.500       2.600      65.50          4.24980844292E+04  5.89089812663E+04  6.02776086762E+04    1.38616   1.02323
    26  0.1000       26   2.600       2.700      65.50          3.85795457737E+04  5.45148188725E+04  5.31160804952E+04    1.41305   0.97434
    27  0.1000       27   2.700       2.800      65.50          3.48065506523E+04  4.80645502242E+04  4.90522882428E+04    1.38091   1.02055
    28  0.1000       28   2.800       2.900      65.50          3.11521952870E+04  4.25986287869E+04  4.31465693707E+04    1.36744   1.01286
    29  0.1000       29   2.900       3.000      65.50          2.76569615752E+04  3.81676939011E+04  3.82801712364E+04    1.38004   1.00295
    30  0.1000       30   3.000       3.100      65.50          2.43815915713E+04  3.31183743269E+04  3.29378195336E+04    1.35834   0.99455
    31  0.1000       31   3.100       3.200      65.50          2.12703542432E+04  3.03057063693E+04  2.97597093552E+04    1.42479   0.98198
    32  0.1000       32   3.200       3.300      65.50          1.83975884221E+04  2.57592696190E+04  2.50294195824E+04    1.40014   0.97167
    33  0.1000       33   3.300       3.400      65.50          1.57476273460E+04  2.08919248362E+04  2.08835099751E+04    1.32667   0.99960
    34  0.1000       34   3.400       3.500      65.50          1.33468210244E+04  1.87443272107E+04  1.78141083507E+04    1.40440   0.95037
    35  0.1000       35   3.500       3.600      65.50          1.11481549947E+04  1.62169444236E+04  1.65182501464E+04    1.45468   1.01858
    36  0.1000       36   3.600       3.700      65.50          9.23696610222E+03  1.24747209315E+04  1.26577062486E+04    1.35052   1.01467
    37  0.1000       37   3.700       3.800      65.50          7.50094030191E+03  1.08814827689E+04  1.07668106094E+04    1.45068   0.98946
    38  0.1000       38   3.800       3.900      65.50          6.02529428928E+03  8.43738392070E+03  8.78184639682E+03    1.40033   1.04083
    39  0.1000       39   3.900       4.000      65.50          4.75086218859E+03  6.62641145978E+03  6.68178435059E+03    1.39478   1.00836
    40  0.2000       40   4.000       4.200      65.50          3.22565442171E+03  4.80879063432E+03  4.75703155782E+03    1.49080   0.98924
    41  0.2000       41   4.200       4.400      65.50          1.75053066001E+03  2.79404231391E+03  2.87762320129E+03    1.59611   1.02991
 #=================================================================================================================================================================
 # My Cross Sections
 # The scale factors xmur, xmuf chosen here are:      3.260,      3.260
 #-----------------------------------------------------------------------------------------------------------------------------------------------------------------
 #IObs  BinSize  IODimO  [ ptj1_[GeV],       ]  < mw_[GeV]   >  LO_cross_section   NLO_cross_section  NNLO_cross_section   KNLO      KNNLO
 #-----------------------------------------------------------------------------------------------------------------------------------------------------------------
     1  0.1000        1   0.000       0.1000     262.0          9.81122438173E+04  1.46378491876E+05  1.61183400094E+05    1.49195   1.10114
     2  0.1000        2   0.1000      0.2000     262.0          9.79177485182E+04  1.45837447217E+05  1.57721345118E+05    1.48939   1.08149
     3  0.1000        3   0.2000      0.3000     262.0          9.74407305082E+04  1.45488240725E+05  1.59194828852E+05    1.49309   1.09421
     4  0.1000        4   0.3000      0.4000     262.0          9.67527872164E+04  1.43026740448E+05  1.56637689904E+05    1.47827   1.09516
     5  0.1000        5   0.4000      0.5000     262.0          9.58769010670E+04  1.42508315831E+05  1.53497288770E+05    1.48637   1.07711
     6  0.1000        6   0.5000      0.6000     262.0          9.47241714645E+04  1.41788595202E+05  1.54982873672E+05    1.49686   1.09306
     7  0.1000        7   0.6000      0.7000     262.0          9.33454163508E+04  1.39245982682E+05  1.53702493228E+05    1.49173   1.10382
     8  0.1000        8   0.7000      0.8000     262.0          9.17128372504E+04  1.35809902262E+05  1.49003031790E+05    1.48082   1.09714
     9  0.1000        9   0.8000      0.9000     262.0          8.99490119974E+04  1.33540231752E+05  1.45709134822E+05    1.48462   1.09113
    10  0.1000       10   0.9000      1.000      262.0          8.79736977296E+04  1.30485283797E+05  1.40750264745E+05    1.48323   1.07867
    11  0.2000       11   1.000       1.200      262.0          8.44903068939E+04  1.24769150635E+05  1.35364858574E+05    1.47673   1.08492
    12  0.1000       12   1.200       1.300      262.0          8.06638763098E+04  1.18610434869E+05  1.29433175385E+05    1.47043   1.09125
    13  0.1000       13   1.300       1.400      262.0          7.79055665532E+04  1.14690192214E+05  1.24421986103E+05    1.47217   1.08485
    14  0.1000       14   1.400       1.500      262.0          7.49342071553E+04  1.10747968593E+05  1.18958444096E+05    1.47794   1.07414
    15  0.1000       15   1.500       1.600      262.0          7.18107522713E+04  1.05315237285E+05  1.13740512049E+05    1.46657   1.08000
    16  0.1000       16   1.600       1.700      262.0          6.85270032495E+04  1.00052973072E+05  1.09211207179E+05    1.46005   1.09153
    17  0.1000       17   1.700       1.800      262.0          6.51531822179E+04  9.56039189610E+04  1.03782871685E+05    1.46737   1.08555
    18  0.1000       18   1.800       1.900      262.0          6.16706409818E+04  8.94793887436E+04  9.60247490854E+04    1.45092   1.07315
    19  0.1000       19   1.900       2.000      262.0          5.81929199897E+04  8.40358661846E+04  9.13789706350E+04    1.44409   1.08738
    20  0.1000       20   2.000       2.100      262.0          5.45184181116E+04  7.91268057899E+04  8.56375152084E+04    1.45138   1.08228
    21  0.1000       21   2.100       2.200      262.0          5.08630511677E+04  7.36481478736E+04  8.11664424358E+04    1.44797   1.10208
    22  0.1000       22   2.200       2.300      262.0          4.72447411983E+04  6.84895392208E+04  7.46855887020E+04    1.44968   1.09047
    23  0.1000       23   2.300       2.400      262.0          4.36144002939E+04  6.24603486210E+04  6.77285900702E+04    1.43210   1.08435
    24  0.1000       24   2.400       2.500      262.0          4.00854526860E+04  5.80301814224E+04  6.18939254006E+04    1.44766   1.06658
    25  0.1000       25   2.500       2.600      262.0          3.65764146559E+04  5.25497663353E+04  5.80012088023E+04    1.43671   1.10374
    26  0.1000       26   2.600       2.700      262.0          3.31478697236E+04  4.83803611162E+04  5.18329669029E+04    1.45953   1.07136
    27  0.1000       27   2.700       2.800      262.0          2.98494654296E+04  4.27610354135E+04  4.72093099230E+04    1.43256   1.10403
    28  0.1000       28   2.800       2.900      262.0          2.66560613042E+04  3.79214953161E+04  4.17473948912E+04    1.42262   1.10089
    29  0.1000       29   2.900       3.000      262.0          2.36063219353E+04  3.38792320395E+04  3.69803503863E+04    1.43518   1.09153
    30  0.1000       30   3.000       3.100      262.0          2.07516855117E+04  2.94026950932E+04  3.20389352570E+04    1.41688   1.08966
    31  0.1000       31   3.100       3.200      262.0          1.80452696945E+04  2.65958190990E+04  2.87578303797E+04    1.47384   1.08129
    32  0.1000       32   3.200       3.300      262.0          1.55529219384E+04  2.26506605290E+04  2.44539047986E+04    1.45636   1.07961
    33  0.1000       33   3.300       3.400      262.0          1.32593328986E+04  1.85279214082E+04  2.04020436719E+04    1.39735   1.10115
    34  0.1000       34   3.400       3.500      262.0          1.11879109360E+04  1.63483827461E+04  1.74039360746E+04    1.46125   1.06457
    35  0.1000       35   3.500       3.600      262.0          9.29905771887E+03  1.40203580844E+04  1.56097946664E+04    1.50772   1.11337
    36  0.1000       36   3.600       3.700      262.0          7.66340481171E+03  1.09269306868E+04  1.21860135252E+04    1.42586   1.11523
    37  0.1000       37   3.700       3.800      262.0          6.18536310024E+03  9.31399551975E+03  1.02834309572E+04    1.50581   1.10408
    38  0.1000       38   3.800       3.900      262.0          4.93622095956E+03  7.25271861400E+03  8.27695868589E+03    1.46929   1.14122
    39  0.1000       39   3.900       4.000      262.0          3.86332961426E+03  5.67790272405E+03  6.41800589604E+03    1.46969   1.13035
    40  0.2000       40   4.000       4.200      262.0          2.59183007783E+03  4.03211613584E+03  4.54726548766E+03    1.55570   1.12776
    41  0.2000       41   4.200       4.400      262.0          1.37925664718E+03  2.28684853271E+03  2.65868706692E+03    1.65803   1.16260
