 ##################################################################################
 # [fnlo-tk-cppread] Evaluating table: NNLO.abs_yj1.tab.gz
 # [fnlo-tk-cppread] Using PDF set   : NNPDF31_nnlo_as_0118
 # [fnlo-tk-cppread] If possible, will try to do 3 scale factor variations.
 # [fnlo-tk-cppread] Using alpha_s evolution code: LHAPDF
 # [fnlo-tk-cppread] Preparing unnormalized cross sections,
 # [fnlo-tk-cppread] Using scale definition kScale1
 # [fnlo-tk-cppread] Using central scale factor of sclfac = 3
 # [fnlo-tk-cppread] No request for no. of flavours, using default of LHAPDF or Nf = 5.
 # [fnlo-tk-cppread] No request for no. of loops, using default of LHAPDF or NLoop = 2.
 # [fnlo-tk-cppread] No request for value of alpha_s(M_Z), using default of LHAPDF or asMz = 0.118.
 # [fnlo-tk-cppread] No request for value of M_Z, using default of LHAPDF or Mz = 91.1876.
 # [fnlo-tk-cppread] No request for Ecms, using default as defined in grid.
 # [fnlo-tk-cppread] Using verbosity level: WARNING
 ##################################################################################

LHAPDF 6.5.3 loading /cvmfs/sft.cern.ch/lcg/external/lhapdfsets/current/NNPDF31_nnlo_as_0118/NNPDF31_nnlo_as_0118_0000.dat
NNPDF31_nnlo_as_0118 PDF set, member #0, version 1; LHAPDF ID = 303600
LHAPDF 6.5.3 loading /cvmfs/sft.cern.ch/lcg/external/lhapdfsets/current/NNPDF31_nnlo_as_0118/NNPDF31_nnlo_as_0118_0000.dat
NNPDF31_nnlo_as_0118 PDF set, member #0, version 1; LHAPDF ID = 303600

 ##################################################################################################################################################################
 # [fnlo-tk-cppread] Calculate my cross sections
 ##################################################################################################################################################################
 #=================================================================================================================================================================
 # My Cross Sections
 # The scale factors xmur, xmuf chosen here are:      3.000,      3.000
 #-----------------------------------------------------------------------------------------------------------------------------------------------------------------
 #IObs  BinSize  IODimO  [ ptj1_[GeV],       ]  < mw_[GeV]   >  LO_cross_section   NLO_cross_section  NNLO_cross_section   KNLO      KNNLO
 #-----------------------------------------------------------------------------------------------------------------------------------------------------------------
     1  0.1000        1   0.000       0.1000     241.2          9.89558061699E+04  1.47244346674E+05  1.61571750579E+05    1.48798   1.09730
     2  0.1000        2   0.1000      0.2000     241.2          9.87595828227E+04  1.46698012526E+05  1.58018390771E+05    1.48541   1.07717
     3  0.1000        3   0.2000      0.3000     241.2          9.82784457919E+04  1.46352433199E+05  1.59561924769E+05    1.48916   1.09026
     4  0.1000        4   0.3000      0.4000     241.2          9.75844587053E+04  1.43856659435E+05  1.56977329589E+05    1.47418   1.09121
     5  0.1000        5   0.4000      0.5000     241.2          9.67008888719E+04  1.43346404604E+05  1.53771982347E+05    1.48237   1.07273
     6  0.1000        6   0.5000      0.6000     241.2          9.55382173497E+04  1.42642459559E+05  1.55349120209E+05    1.49304   1.08908
     7  0.1000        7   0.6000      0.7000     241.2          9.41476673241E+04  1.40077019757E+05  1.54100266433E+05    1.48784   1.10011
     8  0.1000        8   0.7000      0.8000     241.2          9.25010184530E+04  1.36610628919E+05  1.49340344028E+05    1.47686   1.09318
     9  0.1000        9   0.8000      0.9000     241.2          9.07220426667E+04  1.34336656825E+05  1.46041833117E+05    1.48075   1.08713
    10  0.1000       10   0.9000      1.000      241.2          8.87297284684E+04  1.31264323084E+05  1.41025145990E+05    1.47937   1.07436
    11  0.2000       11   1.000       1.200      241.2          8.52167096129E+04  1.25509326745E+05  1.35642942614E+05    1.47283   1.08074
    12  0.1000       12   1.200       1.300      241.2          8.13579741842E+04  1.19311505981E+05  1.29710607947E+05    1.46650   1.08716
    13  0.1000       13   1.300       1.400      241.2          7.85764076647E+04  1.15372060638E+05  1.24685424024E+05    1.46828   1.08072
    14  0.1000       14   1.400       1.500      241.2          7.55801872280E+04  1.11419365847E+05  1.19191204577E+05    1.47419   1.06975
    15  0.1000       15   1.500       1.600      241.2          7.24307344837E+04  1.05944041438E+05  1.13965876143E+05    1.46269   1.07572
    16  0.1000       16   1.600       1.700      241.2          6.91196773229E+04  1.00647882624E+05  1.09468981491E+05    1.45614   1.08764
    17  0.1000       17   1.700       1.800      241.2          6.57180514978E+04  9.61772142708E+04  1.04013388343E+05    1.46348   1.08148
    18  0.1000       18   1.800       1.900      241.2          6.22068733011E+04  9.00106339007E+04  9.61962315158E+04    1.44696   1.06872
    19  0.1000       19   1.900       2.000      241.2          5.87005278577E+04  8.45347618190E+04  9.15741097372E+04    1.44010   1.08327
    20  0.1000       20   2.000       2.100      241.2          5.49959528811E+04  7.96054835326E+04  8.58243893989E+04    1.44748   1.07812
    21  0.1000       21   2.100       2.200      241.2          5.13107509448E+04  7.40936315418E+04  8.13841890381E+04    1.44402   1.09840
    22  0.1000       22   2.200       2.300      241.2          4.76628696597E+04  6.89097796238E+04  7.48853106668E+04    1.44577   1.08672
    23  0.1000       23   2.300       2.400      241.2          4.40028570022E+04  6.28378208293E+04  6.78795283064E+04    1.42804   1.08023
    24  0.1000       24   2.400       2.500      241.2          4.04451617582E+04  5.83909197834E+04  6.20196385387E+04    1.44371   1.06215
    25  0.1000       25   2.500       2.600      241.2          3.69074464928E+04  5.28713157143E+04  5.81711127687E+04    1.43254   1.10024
    26  0.1000       26   2.600       2.700      241.2          3.34508552838E+04  4.86887644003E+04  5.19567127502E+04    1.45553   1.06712
    27  0.1000       27   2.700       2.800      241.2          3.01253259628E+04  4.30277267485E+04  4.73486469928E+04    1.42829   1.10042
    28  0.1000       28   2.800       2.900      241.2          2.69055853873E+04  3.81572374332E+04  4.18633857576E+04    1.41819   1.09713
    29  0.1000       29   2.900       3.000      241.2          2.38304517816E+04  3.40946848768E+04  3.70850158691E+04    1.43072   1.08771
    30  0.1000       30   3.000       3.100      241.2          2.09518640064E+04  2.95895524459E+04  3.21209183682E+04    1.41226   1.08555
    31  0.1000       31   3.100       3.200      241.2          1.82224574735E+04  2.67812074136E+04  2.88437149902E+04    1.46968   1.07701
    32  0.1000       32   3.200       3.300      241.2          1.57085862846E+04  2.28061197787E+04  2.45165011449E+04    1.45183   1.07500
    33  0.1000       33   3.300       3.400      241.2          1.33948884399E+04  1.86474888086E+04  2.04544644020E+04    1.39213   1.09690
    34  0.1000       34   3.400       3.500      241.2          1.13049559901E+04  1.64676962278E+04  1.74496079694E+04    1.45668   1.05963
    35  0.1000       35   3.500       3.600      241.2          9.39878962712E+03  1.41293007095E+04  1.56742214989E+04    1.50331   1.10934
    36  0.1000       36   3.600       3.700      241.2          7.74780890186E+03  1.10049032360E+04  1.22268500208E+04    1.42039   1.11104
    37  0.1000       37   3.700       3.800      241.2          6.25550502955E+03  9.39139498077E+03  1.03228422545E+04    1.50130   1.09918
    38  0.1000       38   3.800       3.900      241.2          4.99392516346E+03  7.31184705030E+03  8.31386982009E+03    1.46415   1.13704
    39  0.1000       39   3.900       4.000      241.2          3.91003263223E+03  5.72504575641E+03  6.44211833788E+03    1.46419   1.12525
    40  0.2000       40   4.000       4.200      241.2          2.62482364805E+03  4.07026009854E+03  4.56677109839E+03    1.55068   1.12199
    41  0.2000       41   4.200       4.400      241.2          1.39825968681E+03  2.31154509366E+03  2.67455981437E+03    1.65316   1.15704
 #=================================================================================================================================================================
 # My Cross Sections
 # The scale factors xmur, xmuf chosen here are:      1.500,      1.500
 #-----------------------------------------------------------------------------------------------------------------------------------------------------------------
 #IObs  BinSize  IODimO  [ ptj1_[GeV],       ]  < mw_[GeV]   >  LO_cross_section   NLO_cross_section  NNLO_cross_section   KNLO      KNNLO
 #-----------------------------------------------------------------------------------------------------------------------------------------------------------------
     1  0.1000        1   0.000       0.1000     120.6          1.06254835961E+05  1.55042246293E+05  1.64494930707E+05    1.45915   1.06097
     2  0.1000        2   0.1000      0.2000     120.6          1.06043721075E+05  1.54447125448E+05  1.60012731723E+05    1.45645   1.03604
     3  0.1000        3   0.2000      0.3000     120.6          1.05527164735E+05  1.54144095950E+05  1.62284562487E+05    1.46071   1.05281
     4  0.1000        4   0.3000      0.4000     120.6          1.04781110402E+05  1.51319132248E+05  1.59432409470E+05    1.44415   1.05362
     5  0.1000        5   0.4000      0.5000     120.6          1.03831326224E+05  1.50897261255E+05  1.55582492117E+05    1.45329   1.03105
     6  0.1000        6   0.5000      0.6000     120.6          1.02583179179E+05  1.50351830498E+05  1.58067283118E+05    1.46566   1.05132
     7  0.1000        7   0.6000      0.7000     120.6          1.01091290029E+05  1.47576368866E+05  1.57159456447E+05    1.45983   1.06494
     8  0.1000        8   0.7000      0.8000     120.6          9.93236023309E+04  1.43829829841E+05  1.51796160171E+05    1.44809   1.05539
     9  0.1000        9   0.8000      0.9000     120.6          9.74143285360E+04  1.41527030361E+05  1.48481730940E+05    1.45284   1.04914
    10  0.1000       10   0.9000      1.000      120.6          9.52757024194E+04  1.38301996360E+05  1.42892987790E+05    1.45160   1.03320
    11  0.2000       11   1.000       1.200      120.6          9.15077899254E+04  1.32201938356E+05  1.37576335052E+05    1.44471   1.04065
    12  0.1000       12   1.200       1.300      120.6          8.73713362302E+04  1.25655717090E+05  1.31666377901E+05    1.43818   1.04783
    13  0.1000       13   1.300       1.400      120.6          8.43896090915E+04  1.21540432873E+05  1.26533880234E+05    1.44023   1.04108
    14  0.1000       14   1.400       1.500      120.6          8.11796246013E+04  1.17508650974E+05  1.20730519006E+05    1.44751   1.02742
    15  0.1000       15   1.500       1.600      120.6          7.78066607699E+04  1.11642147389E+05  1.15474188396E+05    1.43487   1.03432
    16  0.1000       16   1.600       1.700      120.6          7.42606339993E+04  1.06048966847E+05  1.11372150775E+05    1.42806   1.05020
    17  0.1000       17   1.700       1.800      120.6          7.06200419315E+04  1.01378730313E+05  1.05629533236E+05    1.43555   1.04193
    18  0.1000       18   1.800       1.900      120.6          6.68625935260E+04  9.48314948923E+04  9.72669518106E+04    1.41830   1.02568
    19  0.1000       19   1.900       2.000      120.6          6.31099178454E+04  8.90621720610E+04  9.29104749024E+04    1.41122   1.04321
    20  0.1000       20   2.000       2.100      120.6          5.91465895124E+04  8.39603309504E+04  8.71120477033E+04    1.41953   1.03754
    21  0.1000       21   2.100       2.200      120.6          5.52046569477E+04  7.81539995136E+04  8.30167350920E+04    1.41571   1.06222
    22  0.1000       22   2.200       2.300      120.6          5.13021283208E+04  7.27356643501E+04  7.63939490963E+04    1.41779   1.05030
    23  0.1000       23   2.300       2.400      120.6          4.73865012643E+04  6.62784096890E+04  6.89214399567E+04    1.39868   1.03988
    24  0.1000       24   2.400       2.500      120.6          4.35812112738E+04  6.16885634809E+04  6.28423250362E+04    1.41549   1.01870
    25  0.1000       25   2.500       2.600      120.6          3.97963304219E+04  5.57988232519E+04  5.94749024098E+04    1.40211   1.06588
    26  0.1000       26   2.600       2.700      120.6          3.60979440172E+04  5.15066103790E+04  5.28164402284E+04    1.42686   1.02543
    27  0.1000       27   2.700       2.800      120.6          3.25383982072E+04  4.54625910849E+04  4.84126517543E+04    1.39720   1.06489
    28  0.1000       28   2.800       2.900      120.6          2.90914169961E+04  4.03064274502E+04  4.27180343325E+04    1.38551   1.05983
    29  0.1000       29   2.900       3.000      120.6          2.57969183215E+04  3.60626418772E+04  3.78646559766E+04    1.39794   1.04997
    30  0.1000       30   3.000       3.100      120.6          2.27112939858E+04  3.12949843107E+04  3.27030066279E+04    1.37795   1.04499
    31  0.1000       31   3.100       3.200      120.6          1.97829075200E+04  2.84814092256E+04  2.94694071474E+04    1.43970   1.03469
    32  0.1000       32   3.200       3.300      120.6          1.70823985743E+04  2.42305281880E+04  2.49354766158E+04    1.41845   1.02909
    33  0.1000       33   3.300       3.400      120.6          1.45940770551E+04  1.97350288280E+04  2.08061049089E+04    1.35226   1.05427
    34  0.1000       34   3.400       3.500      120.6          1.23430546530E+04  1.75639217837E+04  1.77535388531E+04    1.42298   1.01080
    35  0.1000       35   3.500       3.600      120.6          1.02857820508E+04  1.51332844674E+04  1.61817494502E+04    1.47128   1.06928
    36  0.1000       36   3.600       3.700      120.6          8.50069499986E+03  1.17163662931E+04  1.25240785823E+04    1.37828   1.06894
    37  0.1000       37   3.700       3.800      120.6          6.88319700012E+03  1.01066734781E+04  1.06164361017E+04    1.46831   1.05044
    38  0.1000       38   3.800       3.900      120.6          5.51204907747E+03  7.85490138040E+03  8.60152601028E+03    1.42504   1.09505
    39  0.1000       39   3.900       4.000      120.6          4.33093203824E+03  6.15889418959E+03  6.61430525987E+03    1.42207   1.07394
    40  0.2000       40   4.000       4.200      120.6          2.92390992074E+03  4.42414596736E+03  4.70571175545E+03    1.51309   1.06364
    41  0.2000       41   4.200       4.400      120.6          1.57209319396E+03  2.54202092222E+03  2.79894470504E+03    1.61697   1.10107
 #=================================================================================================================================================================
 # My Cross Sections
 # The scale factors xmur, xmuf chosen here are:      6.000,      6.000
 #-----------------------------------------------------------------------------------------------------------------------------------------------------------------
 #IObs  BinSize  IODimO  [ ptj1_[GeV],       ]  < mw_[GeV]   >  LO_cross_section   NLO_cross_section  NNLO_cross_section   KNLO      KNNLO
 #-----------------------------------------------------------------------------------------------------------------------------------------------------------------
     1  0.1000        1   0.000       0.1000     482.3          9.21322409606E+04  1.40330171865E+05  1.58164659017E+05    1.52314   1.12709
     2  0.1000        2   0.1000      0.2000     482.3          9.19500316018E+04  1.39825049486E+05  1.55276188082E+05    1.52066   1.11050
     3  0.1000        3   0.2000      0.3000     482.3          9.15023364061E+04  1.39456448674E+05  1.56317846086E+05    1.52408   1.12091
     4  0.1000        4   0.3000      0.4000     482.3          9.08573640471E+04  1.37220583986E+05  1.53940169062E+05    1.51029   1.12184
     5  0.1000        5   0.4000      0.5000     482.3          9.00361102086E+04  1.36654650190E+05  1.51214831376E+05    1.51778   1.10655
     6  0.1000        6   0.5000      0.6000     482.3          8.89541830834E+04  1.35836831451E+05  1.52117599233E+05    1.52704   1.11986
     7  0.1000        7   0.6000      0.7000     482.3          8.76594584538E+04  1.33450040205E+05  1.50650683476E+05    1.52237   1.12889
     8  0.1000        8   0.7000      0.8000     482.3          8.61270164838E+04  1.30220234411E+05  1.46338562501E+05    1.51196   1.12378
     9  0.1000        9   0.8000      0.9000     482.3          8.44710478921E+04  1.27987463774E+05  1.43090346736E+05    1.51516   1.11800
    10  0.1000       10   0.9000      1.000      482.3          8.26166902840E+04  1.25056148880E+05  1.38504368447E+05    1.51369   1.10754
    11  0.2000       11   1.000       1.200      482.3          7.93441892561E+04  1.19612953559E+05  1.33119373720E+05    1.50752   1.11292
    12  0.1000       12   1.200       1.300      482.3          7.57478040929E+04  1.13728735278E+05  1.27210672464E+05    1.50141   1.11854
    13  0.1000       13   1.300       1.400      482.3          7.31549821963E+04  1.09942271494E+05  1.22306256273E+05    1.50287   1.11246
    14  0.1000       14   1.400       1.500      482.3          7.03606400502E+04  1.06083160842E+05  1.17041630495E+05    1.50771   1.10330
    15  0.1000       15   1.500       1.600      482.3          6.74223145309E+04  1.00942186139E+05  1.11893877528E+05    1.49716   1.10849
    16  0.1000       16   1.600       1.700      482.3          6.43329223228E+04  9.59200302799E+04  1.07195940136E+05    1.49099   1.11756
    17  0.1000       17   1.700       1.800      482.3          6.11571453035E+04  9.16205731358E+04  1.01937626232E+05    1.49812   1.11261
    18  0.1000       18   1.800       1.900      482.3          5.78784956412E+04  8.57874749455E+04  9.45800288476E+04    1.48220   1.10249
    19  0.1000       19   1.900       2.000      482.3          5.46044848775E+04  8.05688504021E+04  8.98015750919E+04    1.47550   1.11459
    20  0.1000       20   2.000       2.100      482.3          5.11440308511E+04  7.58070721721E+04  8.41326360052E+04    1.48223   1.10983
    21  0.1000       21   2.100       2.200      482.3          4.77010045665E+04  7.05620188667E+04  7.94868501849E+04    1.47926   1.12648
    22  0.1000       22   2.200       2.300      482.3          4.42930544959E+04  6.55773130357E+04  7.31494715829E+04    1.48053   1.11547
    23  0.1000       23   2.300       2.400      482.3          4.08737337127E+04  5.98450008260E+04  6.65165069785E+04    1.46414   1.11148
    24  0.1000       24   2.400       2.500      482.3          3.75492735787E+04  5.55371265649E+04  6.08604944823E+04    1.47905   1.09585
    25  0.1000       25   2.500       2.600      482.3          3.42441199331E+04  5.03207350373E+04  5.67088921533E+04    1.46947   1.12695
    26  0.1000       26   2.600       2.700      482.3          3.10149371922E+04  4.62493584305E+04  5.08445287022E+04    1.49120   1.09936
    27  0.1000       27   2.700       2.800      482.3          2.79092497663E+04  4.09158612416E+04  4.61473881979E+04    1.46603   1.12786
    28  0.1000       28   2.800       2.900      482.3          2.49029388652E+04  3.62885329851E+04  4.08481906889E+04    1.45720   1.12565
    29  0.1000       29   2.900       3.000      482.3          2.20334457396E+04  3.23892352714E+04  3.61729202929E+04    1.47000   1.11682
    30  0.1000       30   3.000       3.100      482.3          1.93487281452E+04  2.81094331544E+04  3.13913231699E+04    1.45278   1.11675
    31  0.1000       31   3.100       3.200      482.3          1.68052667675E+04  2.53196037592E+04  2.80896357468E+04    1.50665   1.10940
    32  0.1000       32   3.200       3.300      482.3          1.44652535420E+04  2.15791233970E+04  2.39475370382E+04    1.49179   1.10975
    33  0.1000       33   3.300       3.400      482.3          1.23138356724E+04  1.76982187488E+04  1.99788947486E+04    1.43726   1.12886
    34  0.1000       34   3.400       3.500      482.3          1.03730800215E+04  1.55282375469E+04  1.70338666878E+04    1.49697   1.09696
    35  0.1000       35   3.500       3.600      482.3          8.60617923425E+03  1.32739860854E+04  1.51292748773E+04    1.54238   1.13977
    36  0.1000       36   3.600       3.700      482.3          7.07830274743E+03  1.03879175144E+04  1.18688911848E+04    1.46757   1.14257
    37  0.1000       37   3.700       3.800      482.3          5.70030229567E+03  8.78516713907E+03  9.98106617394E+03    1.54118   1.13613
    38  0.1000       38   3.800       3.900      482.3          4.53817661231E+03  6.84676920622E+03  8.00056914765E+03    1.50870   1.16852
    39  0.1000       39   3.900       4.000      482.3          3.54206745616E+03  5.35463635203E+03  6.22935164169E+03    1.51173   1.16336
    40  0.2000       40   4.000       4.200      482.3          2.36586530478E+03  3.77265197577E+03  4.39501873343E+03    1.59462   1.16497
    41  0.2000       41   4.200       4.400      482.3          1.24999478435E+03  2.11988479357E+03  2.54055993165E+03    1.69591   1.19844
