 ##################################################################################
 # [fnlo-tk-cppread] Evaluating table: NNLO.abs_yj1.tab.gz
 # [fnlo-tk-cppread] Using PDF set   : NNPDF31_nnlo_as_0118
 # [fnlo-tk-cppread] If possible, will try to do 3 scale factor variations.
 # [fnlo-tk-cppread] Using alpha_s evolution code: LHAPDF
 # [fnlo-tk-cppread] Preparing unnormalized cross sections,
 # [fnlo-tk-cppread] Using scale definition kScale1
 # [fnlo-tk-cppread] Using central scale factor of sclfac = 0.0390694
 # [fnlo-tk-cppread] No request for no. of flavours, using default of LHAPDF or Nf = 5.
 # [fnlo-tk-cppread] No request for no. of loops, using default of LHAPDF or NLoop = 2.
 # [fnlo-tk-cppread] No request for value of alpha_s(M_Z), using default of LHAPDF or asMz = 0.118.
 # [fnlo-tk-cppread] No request for value of M_Z, using default of LHAPDF or Mz = 91.1876.
 # [fnlo-tk-cppread] No request for Ecms, using default as defined in grid.
 # [fnlo-tk-cppread] Using verbosity level: WARNING
 ##################################################################################

LHAPDF 6.5.3 loading /cvmfs/sft.cern.ch/lcg/external/lhapdfsets/current/NNPDF31_nnlo_as_0118/NNPDF31_nnlo_as_0118_0000.dat
NNPDF31_nnlo_as_0118 PDF set, member #0, version 1; LHAPDF ID = 303600
LHAPDF 6.5.3 loading /cvmfs/sft.cern.ch/lcg/external/lhapdfsets/current/NNPDF31_nnlo_as_0118/NNPDF31_nnlo_as_0118_0000.dat
NNPDF31_nnlo_as_0118 PDF set, member #0, version 1; LHAPDF ID = 303600

 ##################################################################################################################################################################
 # [fnlo-tk-cppread] Calculate my cross sections
 ##################################################################################################################################################################
 #=================================================================================================================================================================
 # My Cross Sections
 # The scale factors xmur, xmuf chosen here are:      0.039,      0.039
 #-----------------------------------------------------------------------------------------------------------------------------------------------------------------
 #IObs  BinSize  IODimO  [ ptj1_[GeV],       ]  < mw_[GeV]   >  LO_cross_section   NLO_cross_section  NNLO_cross_section   KNLO      KNNLO
 #-----------------------------------------------------------------------------------------------------------------------------------------------------------------
     1  0.1000        1   0.000       0.1000     3.141          1.25988680536E+05  3.05527968360E+05  8.64689112766E+04    2.42504   0.28301
     2  0.1000        2   0.1000      0.2000     3.141          1.25747876780E+05  3.04435408656E+05  5.39275221662E+04    2.42100   0.17714
     3  0.1000        3   0.2000      0.3000     3.141          1.25161254368E+05  3.05660875473E+05  8.19385629320E+04    2.44214   0.26807
     4  0.1000        4   0.3000      0.4000     3.141          1.24309840161E+05  2.97079755729E+05  7.21447941319E+04    2.38983   0.24285
     5  0.1000        5   0.4000      0.5000     3.141          1.23225040809E+05  2.98420572712E+05  5.48624794503E+04    2.42175   0.18384
     6  0.1000        6   0.5000      0.6000     3.141          1.21821874003E+05  2.99459751555E+05  7.09746397345E+04    2.45818   0.23701
     7  0.1000        7   0.6000      0.7000     3.141          1.20150595610E+05  2.93784967410E+05  8.37156472614E+04    2.44514   0.28496
     8  0.1000        8   0.7000      0.8000     3.141          1.18153232545E+05  2.85835319220E+05  5.93385244597E+04    2.41919   0.20760
     9  0.1000        9   0.8000      0.9000     3.141          1.16004427772E+05  2.82592735143E+05  6.30222858131E+04    2.43605   0.22301
    10  0.1000       10   0.9000      1.000      3.141          1.13580981949E+05  2.76944417508E+05  4.35295588406E+04    2.43830   0.15718
    11  0.2000       11   1.000       1.200      3.141          1.09323025579E+05  2.66737435873E+05  3.99922142506E+04    2.43990   0.14993
    12  0.1000       12   1.200       1.300      3.141          1.04674631430E+05  2.55277720292E+05  3.39437632775E+04    2.43877   0.13297
    13  0.1000       13   1.300       1.400      3.141          1.01295765412E+05  2.46022099433E+05  3.64312895289E+04    2.42875   0.14808
    14  0.1000       14   1.400       1.500      3.141          9.76822150213E+04  2.40551437952E+05  1.06465860890E+04    2.46259   0.04426
    15  0.1000       15   1.500       1.600      3.141          9.38873439360E+04  2.28498684925E+05  1.55385843819E+04    2.43375   0.06800
    16  0.1000       16   1.600       1.700      3.141          8.98727020358E+04  2.19712585740E+05  3.25731987098E+04    2.44471   0.14825
    17  0.1000       17   1.700       1.800      3.141          8.57812891867E+04  2.09343491047E+05  1.26472692907E+04    2.44043   0.06041
    18  0.1000       18   1.800       1.900      3.141          8.15388708282E+04  1.96744798688E+05 -2.77225982093E+03    2.41290  -0.01409
    19  0.1000       19   1.900       2.000      3.141          7.72804740048E+04  1.84986627161E+05  1.79299014853E+03    2.39370   0.00969
    20  0.1000       20   2.000       2.100      3.141          7.27808070543E+04  1.77048888193E+05 -2.95528093209E+03    2.43263  -0.01669
    21  0.1000       21   2.100       2.200      3.141          6.82980630487E+04  1.67162538854E+05  1.67949062165E+03    2.44754   0.01005
    22  0.1000       22   2.200       2.300      3.141          6.38338563314E+04  1.54514387992E+05  8.15857464332E+03    2.42057   0.05280
    23  0.1000       23   2.300       2.400      3.141          5.93336781512E+04  1.42745795532E+05 -1.05763007425E+04    2.40581  -0.07409
    24  0.1000       24   2.400       2.500      3.141          5.49603590716E+04  1.35240524786E+05 -1.70977470618E+04    2.46069  -0.12642
    25  0.1000       25   2.500       2.600      3.141          5.05813241902E+04  1.20276528502E+05 -3.27947654758E+03    2.37788  -0.02727
    26  0.1000       26   2.600       2.700      3.141          4.62853302580E+04  1.13413136185E+05 -1.72579614265E+04    2.45030  -0.15217
    27  0.1000       27   2.700       2.800      3.141          4.21247640606E+04  1.00915858580E+05 -6.97257561074E+03    2.39564  -0.06909
    28  0.1000       28   2.800       2.900      3.141          3.80871050810E+04  8.95052605567E+04 -1.59708928879E+04    2.35001  -0.17844
    29  0.1000       29   2.900       3.000      3.141          3.41913814504E+04  8.13407957106E+04 -1.21346750401E+04    2.37899  -0.14918
    30  0.1000       30   3.000       3.100      3.141          3.05240721368E+04  7.12191106057E+04 -1.56427423450E+04    2.33321  -0.21964
    31  0.1000       31   3.100       3.200      3.141          2.70150249707E+04  6.65287817407E+04 -1.85152025325E+04    2.46266  -0.27830
    32  0.1000       32   3.200       3.300      3.141          2.37298418526E+04  5.69768396463E+04 -1.97529721226E+04    2.40106  -0.34668
    33  0.1000       33   3.300       3.400      3.141          2.06765801430E+04  4.56962270426E+04 -2.11213286113E+04    2.21005  -0.46221
    34  0.1000       34   3.400       3.500      3.141          1.78734746229E+04  4.29183267824E+04 -1.90182942393E+04    2.40123  -0.44313
    35  0.1000       35   3.500       3.600      3.141          1.52527029126E+04  3.77034430480E+04 -1.10550854529E+04    2.47192  -0.29321
    36  0.1000       36   3.600       3.700      3.141          1.29399608104E+04  2.84305159270E+04 -1.39608255744E+04    2.19711  -0.49105
    37  0.1000       37   3.700       3.800      3.141          1.07891720643E+04  2.64088242603E+04 -1.25574966826E+04    2.44772  -0.47550
    38  0.1000       38   3.800       3.900      3.141          8.91285849576E+03  2.03307671324E+04 -1.06332644760E+04    2.28106  -0.52301
    39  0.1000       39   3.900       4.000      3.141          7.25164791965E+03  1.64944248663E+04 -1.09304240261E+04    2.27458  -0.66267
    40  0.2000       40   4.000       4.200      3.141          5.18175769809E+03  1.25087302024E+04 -1.06107563271E+04    2.41399  -0.84827
    41  0.2000       41   4.200       4.400      3.141          3.05795445833E+03  7.71632545239E+03 -5.72489888118E+03    2.52336  -0.74192
 #=================================================================================================================================================================
 # My Cross Sections
 # The scale factors xmur, xmuf chosen here are:      0.020,      0.020
 #-----------------------------------------------------------------------------------------------------------------------------------------------------------------
 #IObs  BinSize  IODimO  [ ptj1_[GeV],       ]  < mw_[GeV]   >  LO_cross_section   NLO_cross_section  NNLO_cross_section   KNLO      KNNLO
 #-----------------------------------------------------------------------------------------------------------------------------------------------------------------
     1  0.1000        1   0.000       0.1000     1.570          9.84835051743E+04  4.51044167189E+05  2.70808528045E+04    4.57990   0.06004
     2  0.1000        2   0.1000      0.2000     1.570          9.83033189544E+04  4.49939282396E+05 -4.22574968840E+04    4.57705  -0.09392
     3  0.1000        3   0.2000      0.3000     1.570          9.78660303167E+04  4.52670180513E+05  2.23393497819E+04    4.62541   0.04935
     4  0.1000        4   0.3000      0.4000     1.570          9.72302371164E+04  4.40451800179E+05  2.28109548321E+03    4.52999   0.00518
     5  0.1000        5   0.4000      0.5000     1.570          9.64092359082E+04  4.42360558297E+05 -2.97573890905E+04    4.58836  -0.06727
     6  0.1000        6   0.5000      0.6000     1.570          9.53601991675E+04  4.42908289225E+05 -9.53260973452E+03    4.64458  -0.02152
     7  0.1000        7   0.6000      0.7000     1.570          9.41173925582E+04  4.35646501019E+05  2.20034145578E+04    4.62876   0.05051
     8  0.1000        8   0.7000      0.8000     1.570          9.26275361531E+04  4.25038330220E+05 -3.57326097415E+04    4.58868  -0.08407
     9  0.1000        9   0.8000      0.9000     1.570          9.10328185819E+04  4.19942949185E+05 -1.42138666743E+04    4.61309  -0.03385
    10  0.1000       10   0.9000      1.000      1.570          8.92188222799E+04  4.12073377136E+05 -4.83880372994E+04    4.61868  -0.11743
    11  0.2000       11   1.000       1.200      1.570          8.60373289000E+04  3.99914001714E+05 -6.04841079625E+04    4.64815  -0.15124
    12  0.1000       12   1.200       1.300      1.570          8.25857262985E+04  3.84981387262E+05 -7.69538889075E+04    4.66160  -0.19989
    13  0.1000       13   1.300       1.400      1.570          8.00557543666E+04  3.69808322924E+05 -5.04864838861E+04    4.61938  -0.13652
    14  0.1000       14   1.400       1.500      1.570          7.73660462972E+04  3.61967805888E+05 -1.24224292036E+05    4.67864  -0.34319
    15  0.1000       15   1.500       1.600      1.570          7.45436058317E+04  3.45918518570E+05 -9.74126710362E+04    4.64049  -0.28161
    16  0.1000       16   1.600       1.700      1.570          7.15453706716E+04  3.35015098916E+05 -5.99121749339E+04    4.68255  -0.17883
    17  0.1000       17   1.700       1.800      1.570          6.85006127910E+04  3.18810147767E+05 -1.03701160099E+05    4.65412  -0.32528
    18  0.1000       18   1.800       1.900      1.570          6.53336322666E+04  3.01110656242E+05 -1.27646131451E+05    4.60882  -0.42392
    19  0.1000       19   1.900       2.000      1.570          6.21455505153E+04  2.83636725998E+05 -1.18116668252E+05    4.56407  -0.41644
    20  0.1000       20   2.000       2.100      1.570          5.87697189491E+04  2.72794688065E+05 -1.29984878854E+05    4.64176  -0.47649
    21  0.1000       21   2.100       2.200      1.570          5.54003021084E+04  2.60133966750E+05 -1.31144601877E+05    4.69553  -0.50414
    22  0.1000       22   2.200       2.300      1.570          5.20191892643E+04  2.38966806359E+05 -9.45416391145E+04    4.59382  -0.39563
    23  0.1000       23   2.300       2.400      1.570          4.85873138441E+04  2.23242740647E+05 -1.31468064417E+05    4.59467  -0.58890
    24  0.1000       24   2.400       2.500      1.570          4.52622195221E+04  2.12805220597E+05 -1.43480672358E+05    4.70161  -0.67423
    25  0.1000       25   2.500       2.600      1.570          4.18915947217E+04  1.88734482546E+05 -1.12854770263E+05    4.50531  -0.59796
    26  0.1000       26   2.600       2.700      1.570          3.85753872601E+04  1.78663262113E+05 -1.36355049581E+05    4.63154  -0.76320
    27  0.1000       27   2.700       2.800      1.570          3.53436702800E+04  1.61160244315E+05 -1.07360631946E+05    4.55980  -0.66617
    28  0.1000       28   2.800       2.900      1.570          3.22018896405E+04  1.43572027470E+05 -1.28534771105E+05    4.45850  -0.89526
    29  0.1000       29   2.900       3.000      1.570          2.91444345507E+04  1.31032338250E+05 -1.05731368257E+05    4.49596  -0.80691
    30  0.1000       30   3.000       3.100      1.570          2.62558557637E+04  1.16044923955E+05 -1.08635666894E+05    4.41977  -0.93615
    31  0.1000       31   3.100       3.200      1.570          2.34743495212E+04  1.08134317817E+05 -1.14504408650E+05    4.60649  -1.05891
    32  0.1000       32   3.200       3.300      1.570          2.08435977245E+04  9.34694831454E+04 -1.01356178309E+05    4.48433  -1.08438
    33  0.1000       33   3.300       3.400      1.570          1.83849953407E+04  7.61307500686E+04 -1.07622468102E+05    4.14092  -1.41365
    34  0.1000       34   3.400       3.500      1.570          1.61061159364E+04  7.16770572065E+04 -9.57565467610E+04    4.45030  -1.33594
    35  0.1000       35   3.500       3.600      1.570          1.39450680331E+04  6.26903912447E+04 -7.18877610194E+04    4.49552  -1.14671
    36  0.1000       36   3.600       3.700      1.570          1.20184766393E+04  4.82442024133E+04 -7.26258221599E+04    4.01417  -1.50538
    37  0.1000       37   3.700       3.800      1.570          1.01953340866E+04  4.49025330833E+04 -6.51612840675E+04    4.40422  -1.45117
    38  0.1000       38   3.800       3.900      1.570          8.57405785316E+03  3.53715871042E+04 -5.90751368058E+04    4.12542  -1.67013
    39  0.1000       39   3.900       4.000      1.570          7.11199645951E+03  2.91428871583E+04 -5.32402558279E+04    4.09771  -1.82687
    40  0.2000       40   4.000       4.200      1.570          5.23846463690E+03  2.20497060328E+04 -4.87204121150E+04    4.20919  -2.20957
    41  0.2000       41   4.200       4.400      1.570          3.24198041416E+03  1.38860630442E+04 -2.90428868355E+04    4.28320  -2.09151
 #=================================================================================================================================================================
 # My Cross Sections
 # The scale factors xmur, xmuf chosen here are:      0.078,      0.078
 #-----------------------------------------------------------------------------------------------------------------------------------------------------------------
 #IObs  BinSize  IODimO  [ ptj1_[GeV],       ]  < mw_[GeV]   >  LO_cross_section   NLO_cross_section  NNLO_cross_section   KNLO      KNNLO
 #-----------------------------------------------------------------------------------------------------------------------------------------------------------------
     1  0.1000        1   0.000       0.1000     6.281          1.31984618189E+05  2.35364297610E+05  1.36774787081E+05    1.78327   0.58112
     2  0.1000        2   0.1000      0.2000     6.281          1.31726723646E+05  2.34401235785E+05  1.18101899472E+05    1.77945   0.50385
     3  0.1000        3   0.2000      0.3000     6.281          1.31100435708E+05  2.34925848333E+05  1.32891101478E+05    1.79195   0.56567
     4  0.1000        4   0.3000      0.4000     6.281          1.30190752684E+05  2.28619174390E+05  1.26516631345E+05    1.75603   0.55339
     5  0.1000        5   0.4000      0.5000     6.281          1.29032053212E+05  2.29352425713E+05  1.15062814271E+05    1.77748   0.50169
     6  0.1000        6   0.5000      0.6000     6.281          1.27524160707E+05  2.30134820113E+05  1.26813676931E+05    1.80464   0.55104
     7  0.1000        7   0.6000      0.7000     6.281          1.25726572934E+05  2.25532810224E+05  1.32490684240E+05    1.79384   0.58746
     8  0.1000        8   0.7000      0.8000     6.281          1.23585292685E+05  2.19214377878E+05  1.18067847460E+05    1.77379   0.53860
     9  0.1000        9   0.8000      0.9000     6.281          1.21277204617E+05  2.16625307270E+05  1.17276233148E+05    1.78620   0.54138
    10  0.1000       10   0.9000      1.000      6.281          1.18683187894E+05  2.12068388622E+05  1.04129871701E+05    1.78684   0.49102
    11  0.2000       11   1.000       1.200      6.281          1.14123476808E+05  2.03378534910E+05  1.00640285043E+05    1.78209   0.49484
    12  0.1000       12   1.200       1.300      6.281          1.09134315411E+05  1.93919893088E+05  9.55357650867E+04    1.77689   0.49266
    13  0.1000       13   1.300       1.400      6.281          1.05522232756E+05  1.87312754453E+05  9.24454993499E+04    1.77510   0.49354
    14  0.1000       14   1.400       1.500      6.281          1.01649595021E+05  1.82712703492E+05  7.90788406090E+04    1.79748   0.43280
    15  0.1000       15   1.500       1.600      6.281          9.75829330813E+04  1.73165635631E+05  7.74636079541E+04    1.77455   0.44734
    16  0.1000       16   1.600       1.700      6.281          9.32940767281E+04  1.65560782992E+05  8.38353570329E+04    1.77461   0.50637
    17  0.1000       17   1.700       1.800      6.281          8.89106241747E+04  1.58041594505E+05  7.17044105876E+04    1.77753   0.45371
    18  0.1000       18   1.800       1.900      6.281          8.43763764412E+04  1.48024525100E+05  5.90292855887E+04    1.75434   0.39878
    19  0.1000       19   1.900       2.000      6.281          7.98352925680E+04  1.39080108734E+05  5.95645603160E+04    1.74209   0.42828
    20  0.1000       20   2.000       2.100      6.281          7.50411361847E+04  1.32491302077E+05  5.47299398947E+04    1.76558   0.41308
    21  0.1000       21   2.100       2.200      6.281          7.02700637720E+04  1.24274782940E+05  5.63996868560E+04    1.76853   0.45383
    22  0.1000       22   2.200       2.300      6.281          6.55319603230E+04  1.15365931642E+05  5.40681454251E+04    1.76045   0.46867
    23  0.1000       23   2.300       2.400      6.281          6.07671090766E+04  1.05713649884E+05  4.09143061399E+04    1.73965   0.38703
    24  0.1000       24   2.400       2.500      6.281          5.61384231643E+04  9.96727770015E+04  3.43603129548E+04    1.77548   0.34473
    25  0.1000       25   2.500       2.600      6.281          5.15182216990E+04  8.90301125554E+04  3.98673506502E+04    1.72813   0.44780
    26  0.1000       26   2.600       2.700      6.281          4.69949557938E+04  8.35519603846E+04  2.88150988355E+04    1.77789   0.34488
    27  0.1000       27   2.700       2.800      6.281          4.26258495482E+04  7.37906793286E+04  3.11334610598E+04    1.73113   0.42192
    28  0.1000       28   2.800       2.900      6.281          3.83895384542E+04  6.53249252166E+04  2.39142009842E+04    1.70163   0.36608
    29  0.1000       29   2.900       3.000      6.281          3.43177114755E+04  5.90844647793E+04  2.19889019335E+04    1.72169   0.37216
    30  0.1000       30   3.000       3.100      6.281          3.04911691819E+04  5.14309867159E+04  1.68999792821E+04    1.68675   0.32860
    31  0.1000       31   3.100       3.200      6.281          2.68393476536E+04  4.80079249146E+04  1.41277383373E+04    1.78871   0.29428
    32  0.1000       32   3.200       3.300      6.281          2.34399574728E+04  4.08642042426E+04  9.72463484388E+03    1.74336   0.23797
    33  0.1000       33   3.300       3.400      6.281          2.02878727608E+04  3.26178622740E+04  7.06344840898E+03    1.60775   0.21655
    34  0.1000       34   3.400       3.500      6.281          1.74081928800E+04  3.04097830803E+04  5.71283636958E+03    1.74687   0.18786
    35  0.1000       35   3.500       3.600      6.281          1.47375445984E+04  2.67019896227E+04  8.41442000271E+03    1.81183   0.31512
    36  0.1000       36   3.600       3.700      6.281          1.23934177552E+04  2.00285213502E+04  4.33713221767E+03    1.61606   0.21655
    37  0.1000       37   3.700       3.800      6.281          1.02331546365E+04  1.84160569674E+04  3.59880820310E+03    1.79965   0.19542
    38  0.1000       38   3.800       3.900      6.281          8.36697027583E+03  1.41015879414E+04  3.19214842634E+03    1.68539   0.22637
    39  0.1000       39   3.900       4.000      6.281          6.73102686108E+03  1.12830716939E+04  1.25057674867E+03    1.67628   0.11084
    40  0.2000       40   4.000       4.200      6.281          4.72171476339E+03  8.52246639406E+03  4.76414049978E+01    1.80495   0.00559
    41  0.2000       41   4.200       4.400      6.281          2.70427458680E+03  5.18246735628E+03  4.59893555308E+02    1.91640   0.08874
