 ##################################################################################
 # [fnlo-tk-cppread] Evaluating table: NNLO.abs_yj1.tab.gz
 # [fnlo-tk-cppread] Using PDF set   : NNPDF31_nnlo_as_0118
 # [fnlo-tk-cppread] If possible, will try to do 3 scale factor variations.
 # [fnlo-tk-cppread] Using alpha_s evolution code: LHAPDF
 # [fnlo-tk-cppread] Preparing unnormalized cross sections,
 # [fnlo-tk-cppread] Using scale definition kScale1
 # [fnlo-tk-cppread] Using central scale factor of sclfac = 15.5568
 # [fnlo-tk-cppread] No request for no. of flavours, using default of LHAPDF or Nf = 5.
 # [fnlo-tk-cppread] No request for no. of loops, using default of LHAPDF or NLoop = 2.
 # [fnlo-tk-cppread] No request for value of alpha_s(M_Z), using default of LHAPDF or asMz = 0.118.
 # [fnlo-tk-cppread] No request for value of M_Z, using default of LHAPDF or Mz = 91.1876.
 # [fnlo-tk-cppread] No request for Ecms, using default as defined in grid.
 # [fnlo-tk-cppread] Using verbosity level: WARNING
 ##################################################################################

LHAPDF 6.5.3 loading /cvmfs/sft.cern.ch/lcg/external/lhapdfsets/current/NNPDF31_nnlo_as_0118/NNPDF31_nnlo_as_0118_0000.dat
NNPDF31_nnlo_as_0118 PDF set, member #0, version 1; LHAPDF ID = 303600
LHAPDF 6.5.3 loading /cvmfs/sft.cern.ch/lcg/external/lhapdfsets/current/NNPDF31_nnlo_as_0118/NNPDF31_nnlo_as_0118_0000.dat
NNPDF31_nnlo_as_0118 PDF set, member #0, version 1; LHAPDF ID = 303600

 ##################################################################################################################################################################
 # [fnlo-tk-cppread] Calculate my cross sections
 ##################################################################################################################################################################
 #=================================================================================================================================================================
 # My Cross Sections
 # The scale factors xmur, xmuf chosen here are:     15.557,     15.557
 #-----------------------------------------------------------------------------------------------------------------------------------------------------------------
 #IObs  BinSize  IODimO  [ ptj1_[GeV],       ]  < mw_[GeV]   >  LO_cross_section   NLO_cross_section  NNLO_cross_section   KNLO      KNNLO
 #-----------------------------------------------------------------------------------------------------------------------------------------------------------------
     1  0.1000        1   0.000       0.1000     1251.          8.36137549799E+04  1.31720644569E+05  1.53081279562E+05    1.57535   1.16217
     2  0.1000        2   0.1000      0.2000     1251.          8.34491569606E+04  1.31263056943E+05  1.50833484812E+05    1.57297   1.14909
     3  0.1000        3   0.2000      0.3000     1251.          8.30436205300E+04  1.30883107135E+05  1.51415332100E+05    1.57608   1.15687
     4  0.1000        4   0.3000      0.4000     1251.          8.24602886042E+04  1.28927658397E+05  1.49259682305E+05    1.56351   1.15770
     5  0.1000        5   0.4000      0.5000     1251.          8.17174129392E+04  1.28321929792E+05  1.47014417860E+05    1.57031   1.14567
     6  0.1000        6   0.5000      0.6000     1251.          8.07373144190E+04  1.27403060681E+05  1.47258370781E+05    1.57799   1.15585
     7  0.1000        7   0.6000      0.7000     1251.          7.95635182367E+04  1.25226048075E+05  1.45617302072E+05    1.57391   1.16284
     8  0.1000        8   0.7000      0.8000     1251.          7.81749179493E+04  1.22272613004E+05  1.41762900562E+05    1.56409   1.15940
     9  0.1000        9   0.8000      0.9000     1251.          7.66739588044E+04  1.20113550284E+05  1.38613249039E+05    1.56655   1.15402
    10  0.1000       10   0.9000      1.000      1251.          7.49932646461E+04  1.17364238381E+05  1.34474842218E+05    1.56500   1.14579
    11  0.2000       11   1.000       1.200      1251.          7.20237402723E+04  1.12310392333E+05  1.29155931260E+05    1.55935   1.14999
    12  0.1000       12   1.200       1.300      1251.          6.87580651889E+04  1.06818905236E+05  1.23335696909E+05    1.55355   1.15462
    13  0.1000       13   1.300       1.400      1251.          6.64028040292E+04  1.03225748073E+05  1.18605190539E+05    1.55454   1.14899
    14  0.1000       14   1.400       1.500      1251.          6.38628487007E+04  9.95144578217E+04  1.13592711146E+05    1.55825   1.14147
    15  0.1000       15   1.500       1.600      1251.          6.11905939394E+04  9.47705212317E+04  1.08590818548E+05    1.54878   1.14583
    16  0.1000       16   1.600       1.700      1251.          5.83802529311E+04  9.00955046671E+04  1.03801784182E+05    1.54325   1.15213
    17  0.1000       17   1.700       1.800      1251.          5.54891859561E+04  8.60095874309E+04  9.87431324347E+04    1.55002   1.14805
    18  0.1000       18   1.800       1.900      1251.          5.25034384755E+04  8.05824933229E+04  9.19161100254E+04    1.53480   1.14065
    19  0.1000       19   1.900       2.000      1251.          4.95218120165E+04  7.56816664000E+04  8.70416998963E+04    1.52825   1.15010
    20  0.1000       20   2.000       2.100      1251.          4.63686279505E+04  7.11471280514E+04  8.15160031243E+04    1.53438   1.14574
    21  0.1000       21   2.100       2.200      1251.          4.32303761619E+04  6.62370573334E+04  7.67359161087E+04    1.53219   1.15850
    22  0.1000       22   2.200       2.300      1251.          4.01240828425E+04  6.14980081146E+04  7.06399744442E+04    1.53270   1.14865
    23  0.1000       23   2.300       2.400      1251.          3.70071889933E+04  5.61787409660E+04  6.44230923650E+04    1.51805   1.14675
    24  0.1000       24   2.400       2.500      1251.          3.39758678720E+04  5.20615024074E+04  5.90238998568E+04    1.53231   1.13373
    25  0.1000       25   2.500       2.600      1251.          3.09627001844E+04  4.71958948422E+04  5.46404903750E+04    1.52428   1.15774
    26  0.1000       26   2.600       2.700      1251.          2.80189035762E+04  4.32831972591E+04  4.91561229901E+04    1.54479   1.13569
    27  0.1000       27   2.700       2.800      1251.          2.51888065753E+04  3.83384268570E+04  4.44451663714E+04    1.52204   1.15929
    28  0.1000       28   2.800       2.900      1251.          2.24499476653E+04  3.40025721454E+04  3.93752557160E+04    1.51459   1.15801
    29  0.1000       29   2.900       3.000      1251.          1.98376821508E+04  3.03107078257E+04  3.48580618890E+04    1.52794   1.15002
    30  0.1000       30   3.000       3.100      1251.          1.73951927543E+04  2.63023945588E+04  3.03025010712E+04    1.51205   1.15208
    31  0.1000       31   3.100       3.200      1251.          1.50836077855E+04  2.35599593015E+04  2.69944498115E+04    1.56196   1.14578
    32  0.1000       32   3.200       3.300      1251.          1.29597354003E+04  2.00969283896E+04  2.30752012233E+04    1.55072   1.14820
    33  0.1000       33   3.300       3.400      1251.          1.10096185805E+04  1.65339331096E+04  1.92524715827E+04    1.50177   1.16442
    34  0.1000       34   3.400       3.500      1251.          9.25331791618E+03  1.44013838410E+04  1.63957522636E+04    1.55635   1.13848
    35  0.1000       35   3.500       3.600      1251.          7.65782865408E+03  1.22569419035E+04  1.43901437743E+04    1.60058   1.17404
    36  0.1000       36   3.600       3.700      1251.          6.28093201628E+03  9.63916860854E+03  1.13525922501E+04    1.53467   1.17776
    37  0.1000       37   3.700       3.800      1251.          5.04241695302E+03  8.06935091492E+03  9.49786828157E+03    1.60029   1.17703
    38  0.1000       38   3.800       3.900      1251.          4.00099070028E+03  6.29217699962E+03  7.57434848707E+03    1.57265   1.20377
    39  0.1000       39   3.900       4.000      1251.          3.11091216829E+03  4.91391900305E+03  5.92037897477E+03    1.57957   1.20482
    40  0.2000       40   4.000       4.200      1251.          2.06523425443E+03  3.42550631387E+03  4.14791463383E+03    1.65865   1.21089
    41  0.2000       41   4.200       4.400      1251.          1.08036960549E+03  1.89996086707E+03  2.36140859978E+03    1.75862   1.24287
 #=================================================================================================================================================================
 # My Cross Sections
 # The scale factors xmur, xmuf chosen here are:      7.778,      7.778
 #-----------------------------------------------------------------------------------------------------------------------------------------------------------------
 #IObs  BinSize  IODimO  [ ptj1_[GeV],       ]  < mw_[GeV]   >  LO_cross_section   NLO_cross_section  NNLO_cross_section   KNLO      KNNLO
 #-----------------------------------------------------------------------------------------------------------------------------------------------------------------
     1  0.1000        1   0.000       0.1000     625.3          8.97101782478E+04  1.37895804880E+05  1.56812022822E+05    1.53713   1.13718
     2  0.1000        2   0.1000      0.2000     625.3          8.95329749571E+04  1.37404568830E+05  1.54124069866E+05    1.53468   1.12168
     3  0.1000        3   0.2000      0.3000     625.3          8.90972476405E+04  1.37031013981E+05  1.55018819796E+05    1.53799   1.13127
     4  0.1000        4   0.3000      0.4000     625.3          8.84697917284E+04  1.34879179823E+05  1.52707677878E+05    1.52458   1.13218
     5  0.1000        5   0.4000      0.5000     625.3          8.76708097769E+04  1.34298928726E+05  1.50130675673E+05    1.53185   1.11788
     6  0.1000        6   0.5000      0.6000     625.3          8.66177837853E+04  1.33448039573E+05  1.50827488797E+05    1.54065   1.13023
     7  0.1000        7   0.6000      0.7000     625.3          8.53573690755E+04  1.31122111995E+05  1.49301392623E+05    1.53615   1.13864
     8  0.1000        8   0.7000      0.8000     625.3          8.38657641008E+04  1.27972607647E+05  1.45129040543E+05    1.52592   1.13406
     9  0.1000        9   0.8000      0.9000     625.3          8.22537956483E+04  1.25758342715E+05  1.41905277494E+05    1.52891   1.12840
    10  0.1000       10   0.9000      1.000      625.3          8.04487482949E+04  1.22877972677E+05  1.37455084987E+05    1.52741   1.11863
    11  0.2000       11   1.000       1.200      625.3          7.72622349799E+04  1.17545177780E+05  1.32081574503E+05    1.52138   1.12367
    12  0.1000       12   1.200       1.300      625.3          7.37596720285E+04  1.11772108587E+05  1.26191678155E+05    1.51536   1.12901
    13  0.1000       13   1.300       1.400      625.3          7.12342709395E+04  1.08039900964E+05  1.21334276134E+05    1.51668   1.12305
    14  0.1000       14   1.400       1.500      625.3          6.85120867579E+04  1.04219325123E+05  1.16143834368E+05    1.52118   1.11442
    15  0.1000       15   1.500       1.600      625.3          6.56492198332E+04  9.91929019730E+04  1.11032638265E+05    1.51095   1.11936
    16  0.1000       16   1.600       1.700      625.3          6.26389864347E+04  9.42686480555E+04  1.06293118368E+05    1.50495   1.12756
    17  0.1000       17   1.700       1.800      625.3          5.95439226965E+04  9.00293587566E+04  1.01095297948E+05    1.51198   1.12291
    18  0.1000       18   1.800       1.900      625.3          5.63483203836E+04  8.43122381279E+04  9.38924992518E+04    1.49627   1.11363
    19  0.1000       19   1.900       2.000      625.3          5.31572290028E+04  7.91837150815E+04  8.90764802814E+04    1.48961   1.12493
    20  0.1000       20   2.000       2.100      625.3          4.97838940756E+04  7.44842549182E+04  8.34436837639E+04    1.49615   1.12029
    21  0.1000       21   2.100       2.200      625.3          4.64272732932E+04  6.93337858510E+04  7.87472184880E+04    1.49338   1.13577
    22  0.1000       22   2.200       2.300      625.3          4.31048657729E+04  6.44184771169E+04  7.24745082242E+04    1.49446   1.12506
    23  0.1000       23   2.300       2.400      625.3          3.97713111774E+04  5.88042190200E+04  6.59641167320E+04    1.47856   1.12176
    24  0.1000       24   2.400       2.500      625.3          3.65299646513E+04  5.45483071276E+04  6.03806074846E+04    1.49325   1.10692
    25  0.1000       25   2.500       2.600      625.3          3.33076179330E+04  4.94337010073E+04  5.61482845843E+04    1.48416   1.13583
    26  0.1000       26   2.600       2.700      625.3          3.01593735751E+04  4.54048873228E+04  5.03971518150E+04    1.50550   1.10995
    27  0.1000       27   2.700       2.800      625.3          2.71318694925E+04  4.01833564606E+04  4.56863637869E+04    1.48104   1.13695
    28  0.1000       28   2.800       2.900      625.3          2.42014351705E+04  3.56394882604E+04  4.04521543734E+04    1.47262   1.13504
    29  0.1000       29   2.900       3.000      625.3          2.14049591819E+04  3.17982594352E+04  3.58188206028E+04    1.48556   1.12644
    30  0.1000       30   3.000       3.100      625.3          1.87890245175E+04  2.75960383716E+04  3.11014047777E+04    1.46873   1.12702
    31  0.1000       31   3.100       3.200      625.3          1.63114501733E+04  2.48166977577E+04  2.77949825197E+04    1.52143   1.12001
    32  0.1000       32   3.200       3.300      625.3          1.40329150809E+04  2.11561744027E+04  2.37168693240E+04    1.50761   1.12104
    33  0.1000       33   3.300       3.400      625.3          1.19388007541E+04  1.73680155298E+04  1.97865877762E+04    1.45475   1.13925
    34  0.1000       34   3.400       3.500      625.3          1.00506138984E+04  1.52057447785E+04  1.68651574846E+04    1.51292   1.10913
    35  0.1000       35   3.500       3.600      625.3          8.33264106357E+03  1.29818389254E+04  1.49257075398E+04    1.55795   1.14974
    36  0.1000       36   3.600       3.700      625.3          6.84791877097E+03  1.01745910068E+04  1.17295775913E+04    1.48579   1.15283
    37  0.1000       37   3.700       3.800      625.3          5.50985946634E+03  8.57894296796E+03  9.84971991088E+03    1.55702   1.14813
    38  0.1000       38   3.800       3.900      625.3          4.38236414556E+03  6.68757564143E+03  7.88318825211E+03    1.52602   1.17878
    39  0.1000       39   3.900       4.000      625.3          3.41673260784E+03  5.22804243631E+03  6.14604804190E+03    1.53013   1.17559
    40  0.2000       40   4.000       4.200      625.3          2.27816762555E+03  3.67209868309E+03  4.32804723978E+03    1.61187   1.17863
    41  0.2000       41   4.200       4.400      625.3          1.20024195141E+03  2.05573996847E+03  2.49080785684E+03    1.71277   1.21164
 #=================================================================================================================================================================
 # My Cross Sections
 # The scale factors xmur, xmuf chosen here are:     31.114,     31.114
 #-----------------------------------------------------------------------------------------------------------------------------------------------------------------
 #IObs  BinSize  IODimO  [ ptj1_[GeV],       ]  < mw_[GeV]   >  LO_cross_section   NLO_cross_section  NNLO_cross_section   KNLO      KNNLO
 #-----------------------------------------------------------------------------------------------------------------------------------------------------------------
     1  0.1000        1   0.000       0.1000     2501.          7.80382116627E+04  1.25929237048E+05  1.49236009976E+05    1.61369   1.18508
     2  0.1000        2   0.1000      0.2000     2501.          7.78851630320E+04  1.25501182388E+05  1.47323867951E+05    1.61136   1.17388
     3  0.1000        3   0.2000      0.3000     2501.          7.75073552084E+04  1.25122191156E+05  1.47678947541E+05    1.61433   1.18028
     4  0.1000        4   0.3000      0.4000     2501.          7.69644731885E+04  1.23331029696E+05  1.45654513823E+05    1.60244   1.18100
     5  0.1000        5   0.4000      0.5000     2501.          7.62730348582E+04  1.22714196209E+05  1.43668915214E+05    1.60888   1.17076
     6  0.1000        6   0.5000      0.6000     2501.          7.53599193263E+04  1.21751531065E+05  1.43572034196E+05    1.61560   1.17922
     7  0.1000        7   0.6000      0.7000     2501.          7.42657281553E+04  1.19707379095E+05  1.41862976849E+05    1.61188   1.18508
     8  0.1000        8   0.7000      0.8000     2501.          7.29716834918E+04  1.16928539939E+05  1.38266861201E+05    1.60238   1.18249
     9  0.1000        9   0.8000      0.9000     2501.          7.15726559903E+04  1.14831491438E+05  1.35199889039E+05    1.60440   1.17738
    10  0.1000       10   0.9000      1.000      2501.          7.00060834984E+04  1.12207231961E+05  1.31318389158E+05    1.60282   1.17032
    11  0.2000       11   1.000       1.200      2501.          6.72358285911E+04  1.07412727939E+05  1.26081319263E+05    1.59755   1.17380
    12  0.1000       12   1.200       1.300      2501.          6.41878209878E+04  1.02184485238E+05  1.20354073523E+05    1.59196   1.17781
    13  0.1000       13   1.300       1.400      2501.          6.19887919597E+04  9.87248530597E+04  1.15751463737E+05    1.59262   1.17247
    14  0.1000       14   1.400       1.500      2501.          5.96162995350E+04  9.51299047067E+04  1.10898635950E+05    1.59570   1.16576
    15  0.1000       15   1.500       1.600      2501.          5.71192527993E+04  9.06410090287E+04  1.06017420532E+05    1.58687   1.16964
    16  0.1000       16   1.600       1.700      2501.          5.44925654265E+04  8.61994042061E+04  1.01242477612E+05    1.58186   1.17451
    17  0.1000       17   1.700       1.800      2501.          5.17891079838E+04  8.22599036146E+04  9.63041175156E+04    1.58836   1.17073
    18  0.1000       18   1.800       1.900      2501.          4.89963025526E+04  7.70992513708E+04  8.98087329434E+04    1.57357   1.16485
    19  0.1000       19   1.900       2.000      2501.          4.62071760337E+04  7.24112428483E+04  8.49233863127E+04    1.56710   1.17279
    20  0.1000       20   2.000       2.100      2501.          4.32563790228E+04  6.80395496277E+04  7.95161240162E+04    1.57294   1.16868
    21  0.1000       21   2.100       2.200      2501.          4.03188887480E+04  6.33546400661E+04  7.47096898717E+04    1.57134   1.17923
    22  0.1000       22   2.200       2.300      2501.          3.74111945670E+04  5.87829584064E+04  6.87913266724E+04    1.57127   1.17026
    23  0.1000       23   2.300       2.400      2501.          3.44933620122E+04  5.37336849469E+04  6.28310490019E+04    1.55780   1.16930
    24  0.1000       24   2.400       2.500      2501.          3.16550663216E+04  4.97549136072E+04  5.76045759158E+04    1.57178   1.15777
    25  0.1000       25   2.500       2.600      2501.          2.88340461361E+04  4.51130786061E+04  5.31408610819E+04    1.56458   1.17795
    26  0.1000       26   2.600       2.700      2501.          2.60780213981E+04  4.13192599017E+04  4.78840285096E+04    1.58445   1.15888
    27  0.1000       27   2.700       2.800      2501.          2.34291195335E+04  3.66247765875E+04  4.32103845934E+04    1.56322   1.17981
    28  0.1000       28   2.800       2.900      2501.          2.08660689020E+04  3.24799351119E+04  3.82941403309E+04    1.55659   1.17901
    29  0.1000       29   2.900       3.000      2501.          1.84226692182E+04  2.89306298647E+04  3.38952572363E+04    1.57038   1.17160
    30  0.1000       30   3.000       3.100      2501.          1.61390614148E+04  2.51007700605E+04  2.94894080019E+04    1.55528   1.17484
    31  0.1000       31   3.100       3.200      2501.          1.39793328617E+04  2.24061701001E+04  2.61938454450E+04    1.60281   1.16905
    32  0.1000       32   3.200       3.300      2501.          1.19966867769E+04  1.91215632243E+04  2.24186698723E+04    1.59390   1.17243
    33  0.1000       33   3.300       3.400      2501.          1.01778548957E+04  1.57575219816E+04  1.87066688209E+04    1.54822   1.18716
    34  0.1000       34   3.400       3.500      2501.          8.54154230810E+03  1.36651135884E+04  1.59155659952E+04    1.59984   1.16469
    35  0.1000       35   3.500       3.600      2501.          7.05716388876E+03  1.15983156555E+04  1.38735215358E+04    1.64348   1.19617
    36  0.1000       36   3.600       3.700      2501.          5.77784104792E+03  9.14550654053E+03  1.09780272575E+04    1.58286   1.20037
    37  0.1000       37   3.700       3.800      2501.          4.62910592385E+03  7.60916182542E+03  9.15253356828E+03    1.64376   1.20283
    38  0.1000       38   3.800       3.900      2501.          3.66502456477E+03  5.93299554785E+03  7.27705127603E+03    1.61881   1.22654
    39  0.1000       39   3.900       4.000      2501.          2.84261365612E+03  4.62889715599E+03  5.69669764287E+03    1.62839   1.23068
    40  0.2000       40   4.000       4.200      2501.          1.87963938721E+03  3.20539221128E+03  3.97135315602E+03    1.70532   1.23896
    41  0.2000       41   4.200       4.400      2501.          9.76955847960E+02  1.76290710681E+03  2.23915816718E+03    1.80449   1.27015
