 ##################################################################################
 # [fnlo-tk-cppread] Evaluating table: NNLO.abs_yj1.tab.gz
 # [fnlo-tk-cppread] Using PDF set   : NNPDF31_nnlo_as_0118
 # [fnlo-tk-cppread] If possible, will try to do 3 scale factor variations.
 # [fnlo-tk-cppread] Using alpha_s evolution code: LHAPDF
 # [fnlo-tk-cppread] Preparing unnormalized cross sections,
 # [fnlo-tk-cppread] Using scale definition kScale1
 # [fnlo-tk-cppread] Using central scale factor of sclfac = 0.231013
 # [fnlo-tk-cppread] No request for no. of flavours, using default of LHAPDF or Nf = 5.
 # [fnlo-tk-cppread] No request for no. of loops, using default of LHAPDF or NLoop = 2.
 # [fnlo-tk-cppread] No request for value of alpha_s(M_Z), using default of LHAPDF or asMz = 0.118.
 # [fnlo-tk-cppread] No request for value of M_Z, using default of LHAPDF or Mz = 91.1876.
 # [fnlo-tk-cppread] No request for Ecms, using default as defined in grid.
 # [fnlo-tk-cppread] Using verbosity level: WARNING
 ##################################################################################

LHAPDF 6.5.3 loading /cvmfs/sft.cern.ch/lcg/external/lhapdfsets/current/NNPDF31_nnlo_as_0118/NNPDF31_nnlo_as_0118_0000.dat
NNPDF31_nnlo_as_0118 PDF set, member #0, version 1; LHAPDF ID = 303600
LHAPDF 6.5.3 loading /cvmfs/sft.cern.ch/lcg/external/lhapdfsets/current/NNPDF31_nnlo_as_0118/NNPDF31_nnlo_as_0118_0000.dat
NNPDF31_nnlo_as_0118 PDF set, member #0, version 1; LHAPDF ID = 303600

 ##################################################################################################################################################################
 # [fnlo-tk-cppread] Calculate my cross sections
 ##################################################################################################################################################################
 #=================================================================================================================================================================
 # My Cross Sections
 # The scale factors xmur, xmuf chosen here are:      0.231,      0.231
 #-----------------------------------------------------------------------------------------------------------------------------------------------------------------
 #IObs  BinSize  IODimO  [ ptj1_[GeV],       ]  < mw_[GeV]   >  LO_cross_section   NLO_cross_section  NNLO_cross_section   KNLO      KNNLO
 #-----------------------------------------------------------------------------------------------------------------------------------------------------------------
     1  0.1000        1   0.000       0.1000     18.57          1.26143619470E+05  1.88132994166E+05  1.63401519215E+05    1.49142   0.86854
     2  0.1000        2   0.1000      0.2000     18.57          1.25893701824E+05  1.87345072548E+05  1.53465010373E+05    1.48812   0.81916
     3  0.1000        3   0.2000      0.3000     18.57          1.25285691535E+05  1.87360717614E+05  1.60334316149E+05    1.49547   0.85575
     4  0.1000        4   0.3000      0.4000     18.57          1.24404133776E+05  1.82977362936E+05  1.56083120530E+05    1.47083   0.85302
     5  0.1000        5   0.4000      0.5000     18.57          1.23281739966E+05  1.83082464083E+05  1.48916906300E+05    1.48507   0.81339
     6  0.1000        6   0.5000      0.6000     18.57          1.21813801668E+05  1.83269050200E+05  1.55844064916E+05    1.50450   0.85036
     7  0.1000        7   0.6000      0.7000     18.57          1.20062109366E+05  1.79629273635E+05  1.57292481928E+05    1.49614   0.87565
     8  0.1000        8   0.7000      0.8000     18.57          1.17981357964E+05  1.74697503323E+05  1.48512233550E+05    1.48072   0.85011
     9  0.1000        9   0.8000      0.9000     18.57          1.15735995561E+05  1.72345439979E+05  1.45727077857E+05    1.48913   0.84555
    10  0.1000       10   0.9000      1.000      18.57          1.13217733457E+05  1.68544207319E+05  1.37054294393E+05    1.48867   0.81317
    11  0.2000       11   1.000       1.200      18.57          1.08788876472E+05  1.61184768962E+05  1.32505599527E+05    1.48163   0.82207
    12  0.1000       12   1.200       1.300      18.57          1.03935180243E+05  1.53305398894E+05  1.27017077472E+05    1.47501   0.82852
    13  0.1000       13   1.300       1.400      18.57          1.00431529375E+05  1.48302943962E+05  1.22019434983E+05    1.47666   0.82277
    14  0.1000       14   1.400       1.500      18.57          9.66673835734E+04  1.44086689138E+05  1.14021393032E+05    1.49054   0.79134
    15  0.1000       15   1.500       1.600      18.57          9.27147123492E+04  1.36565751336E+05  1.09501552403E+05    1.47297   0.80182
    16  0.1000       16   1.600       1.700      18.57          8.85550189502E+04  1.29958471994E+05  1.08908766126E+05    1.46754   0.83803
    17  0.1000       17   1.700       1.800      18.57          8.42942696379E+04  1.24262692244E+05  1.01062968198E+05    1.47415   0.81330
    18  0.1000       18   1.800       1.900      18.57          7.98941978019E+04  1.16167377448E+05  9.05257781872E+04    1.45402   0.77927
    19  0.1000       19   1.900       2.000      18.57          7.54951516971E+04  1.09109683925E+05  8.80276052464E+04    1.44525   0.80678
    20  0.1000       20   2.000       2.100      18.57          7.08522134248E+04  1.03391869528E+05  8.24761338821E+04    1.45926   0.79770
    21  0.1000       21   2.100       2.200      18.57          6.62345998081E+04  9.64752061079E+04  8.07374456941E+04    1.45657   0.83687
    22  0.1000       22   2.200       2.300      18.57          6.16578393566E+04  8.98209615854E+04  7.47313300271E+04    1.45676   0.83200
    23  0.1000       23   2.300       2.400      18.57          5.70624016429E+04  8.18654172527E+04  6.49522675324E+04    1.43466   0.79340
    24  0.1000       24   2.400       2.500      18.57          5.25986500260E+04  7.67233597263E+04  5.83042514082E+04    1.45866   0.75993
    25  0.1000       25   2.500       2.600      18.57          4.81524520184E+04  6.89752811146E+04  5.82248074066E+04    1.43244   0.84414
    26  0.1000       26   2.600       2.700      18.57          4.38049982955E+04  6.42651334889E+04  4.94906624030E+04    1.46707   0.77010
    27  0.1000       27   2.700       2.800      18.57          3.96138780188E+04  5.65816548598E+04  4.71741712410E+04    1.42833   0.83374
    28  0.1000       28   2.800       2.900      18.57          3.55526588182E+04  5.00983720568E+04  4.07150281517E+04    1.40913   0.81270
    29  0.1000       29   2.900       3.000      18.57          3.16604604957E+04  4.50724486394E+04  3.63176906445E+04    1.42362   0.80576
    30  0.1000       30   3.000       3.100      18.57          2.80083292225E+04  3.91188954874E+04  3.07048499202E+04    1.39669   0.78491
    31  0.1000       31   3.100       3.200      18.57          2.45315744264E+04  3.62370136297E+04  2.77015071376E+04    1.47716   0.76445
    32  0.1000       32   3.200       3.300      18.57          2.13103123219E+04  3.07649581783E+04  2.26452880391E+04    1.44367   0.73607
    33  0.1000       33   3.300       3.400      18.57          1.83311446310E+04  2.46941256752E+04  1.87893261939E+04    1.34711   0.76088
    34  0.1000       34   3.400       3.500      18.57          1.56218282490E+04  2.26123319096E+04  1.59578991138E+04    1.44748   0.70572
    35  0.1000       35   3.500       3.600      18.57          1.31270805897E+04  1.97433071206E+04  1.58297485608E+04    1.50401   0.80178
    36  0.1000       36   3.600       3.700      18.57          1.09487574815E+04  1.49476951269E+04  1.15756260153E+04    1.36524   0.77441
    37  0.1000       37   3.700       3.800      18.57          8.95739785891E+03  1.34093085618E+04  9.89716356917E+03    1.49701   0.73808
    38  0.1000       38   3.800       3.900      18.57          7.25259985625E+03  1.03222987121E+04  8.24625167314E+03    1.42325   0.79888
    39  0.1000       39   3.900       4.000      18.57          5.77048738709E+03  8.15712697773E+03  5.94763965734E+03    1.41359   0.72913
    40  0.2000       40   4.000       4.200      18.57          3.97572214171E+03  6.05928641094E+03  4.11387125471E+03    1.52407   0.67894
    41  0.2000       41   4.200       4.400      18.57          2.21026473621E+03  3.60937157866E+03  2.64930070997E+03    1.63300   0.73401
 #=================================================================================================================================================================
 # My Cross Sections
 # The scale factors xmur, xmuf chosen here are:      0.116,      0.116
 #-----------------------------------------------------------------------------------------------------------------------------------------------------------------
 #IObs  BinSize  IODimO  [ ptj1_[GeV],       ]  < mw_[GeV]   >  LO_cross_section   NLO_cross_section  NNLO_cross_section   KNLO      KNNLO
 #-----------------------------------------------------------------------------------------------------------------------------------------------------------------
     1  0.1000        1   0.000       0.1000     9.285          1.31102617382E+05  2.13335367581E+05  1.51303200068E+05    1.62724   0.70923
     2  0.1000        2   0.1000      0.2000     9.285          1.30844714250E+05  2.12441495670E+05  1.36717024998E+05    1.62362   0.64355
     3  0.1000        3   0.2000      0.3000     9.285          1.30218265480E+05  2.12733905821E+05  1.47741410504E+05    1.63367   0.69449
     4  0.1000        4   0.3000      0.4000     9.285          1.29308787635E+05  2.07267943708E+05  1.42359031734E+05    1.60289   0.68684
     5  0.1000        5   0.4000      0.5000     9.285          1.28150556850E+05  2.07740291475E+05  1.32800929301E+05    1.62106   0.63926
     6  0.1000        6   0.5000      0.6000     9.285          1.26639962930E+05  2.08308412347E+05  1.42568910260E+05    1.64489   0.68441
     7  0.1000        7   0.6000      0.7000     9.285          1.24838515886E+05  2.04120323178E+05  1.46230509030E+05    1.63507   0.71639
     8  0.1000        8   0.7000      0.8000     9.285          1.22695266538E+05  1.98407049806E+05  1.34498987126E+05    1.61707   0.67789
     9  0.1000        9   0.8000      0.9000     9.285          1.20383855758E+05  1.95956998082E+05  1.32640695224E+05    1.62777   0.67689
    10  0.1000       10   0.9000      1.000      9.285          1.17788660306E+05  1.91750150786E+05  1.21532580763E+05    1.62792   0.63381
    11  0.2000       11   1.000       1.200      9.285          1.13226177830E+05  1.83635947555E+05  1.17624513133E+05    1.62185   0.64053
    12  0.1000       12   1.200       1.300      9.285          1.08230548730E+05  1.74882571021E+05  1.12424815093E+05    1.61583   0.64286
    13  0.1000       13   1.300       1.400      9.285          1.04618731246E+05  1.69054038602E+05  1.08228231504E+05    1.61591   0.64020
    14  0.1000       14   1.400       1.500      9.285          1.00742934910E+05  1.64662649036E+05  9.76519309832E+04    1.63448   0.59304
    15  0.1000       15   1.500       1.600      9.285          9.66731661786E+04  1.56014029064E+05  9.44824675396E+04    1.61383   0.60560
    16  0.1000       16   1.600       1.700      9.285          9.23853367419E+04  1.48838623241E+05  9.75192564108E+04    1.61106   0.65520
    17  0.1000       17   1.700       1.800      9.285          8.79988267284E+04  1.42198048297E+05  8.74899168282E+04    1.61591   0.61527
    18  0.1000       18   1.800       1.900      9.285          8.34649730457E+04  1.33045874102E+05  7.57103568760E+04    1.59403   0.56905
    19  0.1000       19   1.900       2.000      9.285          7.89278767888E+04  1.24982714847E+05  7.48509271111E+04    1.58351   0.59889
    20  0.1000       20   2.000       2.100      9.285          7.41388574204E+04  1.18809152325E+05  6.96950102653E+04    1.60252   0.58661
    21  0.1000       21   2.100       2.200      9.285          6.93744807399E+04  1.11173016912E+05  6.98824516256E+04    1.60251   0.62859
    22  0.1000       22   2.200       2.300      9.285          6.46472696011E+04  1.03358265094E+05  6.55284821608E+04    1.59880   0.63399
    23  0.1000       23   2.300       2.400      9.285          5.98968872012E+04  9.44528015782E+04  5.39500020718E+04    1.57692   0.57118
    24  0.1000       24   2.400       2.500      9.285          5.52826671358E+04  8.88491623433E+04  4.72741264898E+04    1.60718   0.53207
    25  0.1000       25   2.500       2.600      9.285          5.06813342787E+04  7.95621169278E+04  5.01707594091E+04    1.56985   0.63059
    26  0.1000       26   2.600       2.700      9.285          4.61792276346E+04  7.44683364536E+04  4.00967792419E+04    1.61259   0.53844
    27  0.1000       27   2.700       2.800      9.285          4.18342996477E+04  6.56396628089E+04  4.01372398475E+04    1.56904   0.61148
    28  0.1000       28   2.800       2.900      9.285          3.76225392952E+04  5.80999815885E+04  3.32573443623E+04    1.54429   0.57242
    29  0.1000       29   2.900       3.000      9.285          3.35793961743E+04  5.24388366249E+04  2.99845188825E+04    1.56164   0.57180
    30  0.1000       30   3.000       3.100      9.285          2.97821606290E+04  4.55713720853E+04  2.45299831128E+04    1.53016   0.53828
    31  0.1000       31   3.100       3.200      9.285          2.61618433341E+04  4.24542321409E+04  2.16678683467E+04    1.62275   0.51038
    32  0.1000       32   3.200       3.300      9.285          2.27984970862E+04  3.60781309360E+04  1.67815422711E+04    1.58248   0.46514
    33  0.1000       33   3.300       3.400      9.285          1.96828497344E+04  2.88241001166E+04  1.35249249099E+04    1.46443   0.46922
    34  0.1000       34   3.400       3.500      9.285          1.68416939023E+04  2.67131468270E+04  1.13494675640E+04    1.58613   0.42486
    35  0.1000       35   3.500       3.600      9.285          1.42146132168E+04  2.34225405348E+04  1.26644506271E+04    1.64778   0.54070
    36  0.1000       36   3.600       3.700      9.285          1.19135256602E+04  1.76014504412E+04  8.39039453314E+03    1.47743   0.47669
    37  0.1000       37   3.700       3.800      9.285          9.79994381160E+03  1.60523964000E+04  7.14515297311E+03    1.63801   0.44511
    38  0.1000       38   3.800       3.900      9.285          7.98086434658E+03  1.23059526272E+04  6.09410316082E+03    1.54193   0.49522
    39  0.1000       39   3.900       4.000      9.285          6.39169230327E+03  9.79130051845E+03  3.88187659288E+03    1.53188   0.39646
    40  0.2000       40   4.000       4.200      9.285          4.45095548885E+03  7.35921318244E+03  2.32727841547E+03    1.65340   0.31624
    41  0.2000       41   4.200       4.400      9.285          2.51852708899E+03  4.44341210080E+03  1.72107120242E+03    1.76429   0.38733
 #=================================================================================================================================================================
 # My Cross Sections
 # The scale factors xmur, xmuf chosen here are:      0.462,      0.462
 #-----------------------------------------------------------------------------------------------------------------------------------------------------------------
 #IObs  BinSize  IODimO  [ ptj1_[GeV],       ]  < mw_[GeV]   >  LO_cross_section   NLO_cross_section  NNLO_cross_section   KNLO      KNNLO
 #-----------------------------------------------------------------------------------------------------------------------------------------------------------------
     1  0.1000        1   0.000       0.1000     37.14          1.19154047439E+05  1.72430231320E+05  1.66617223882E+05    1.44712   0.96629
     2  0.1000        2   0.1000      0.2000     37.14          1.18917257767E+05  1.71727151356E+05  1.59469597256E+05    1.44409   0.92862
     3  0.1000        3   0.2000      0.3000     37.14          1.18340001595E+05  1.71574196357E+05  1.63937311901E+05    1.44984   0.95549
     4  0.1000        4   0.3000      0.4000     37.14          1.17504260104E+05  1.67931658388E+05  1.60381484561E+05    1.42915   0.95504
     5  0.1000        5   0.4000      0.5000     37.14          1.16440317371E+05  1.67776674131E+05  1.54823724778E+05    1.44088   0.92280
     6  0.1000        6   0.5000      0.6000     37.14          1.15045942320E+05  1.67634647707E+05  1.59657991083E+05    1.45711   0.95242
     7  0.1000        7   0.6000      0.7000     37.14          1.13380994562E+05  1.64388062377E+05  1.59851700197E+05    1.44987   0.97240
     8  0.1000        8   0.7000      0.8000     37.14          1.11405551895E+05  1.60002457913E+05  1.52811305047E+05    1.43622   0.95506
     9  0.1000        9   0.8000      0.9000     37.14          1.09272959288E+05  1.57675231448E+05  1.49656695824E+05    1.44295   0.94915
    10  0.1000       10   0.9000      1.000      37.14          1.06882746164E+05  1.54136266289E+05  1.42520621724E+05    1.44211   0.92464
    11  0.2000       11   1.000       1.200      37.14          1.02676763557E+05  1.47328190591E+05  1.37549768252E+05    1.43487   0.93363
    12  0.1000       12   1.200       1.300      37.14          9.80640710480E+04  1.40049355861E+05  1.31830996465E+05    1.42814   0.94132
    13  0.1000       13   1.300       1.400      37.14          9.47372730777E+04  1.35501780075E+05  1.26633604054E+05    1.43029   0.93455
    14  0.1000       14   1.400       1.500      37.14          9.11599706154E+04  1.31363790272E+05  1.19864033806E+05    1.44102   0.91246
    15  0.1000       15   1.500       1.600      37.14          8.74028598700E+04  1.24610217070E+05  1.14818400791E+05    1.42570   0.92142
    16  0.1000       16   1.600       1.700      37.14          8.34514351384E+04  1.18433305733E+05  1.12262162649E+05    1.41919   0.94789
    17  0.1000       17   1.700       1.800      37.14          7.94000614323E+04  1.13263827662E+05  1.05573584500E+05    1.42650   0.93210
    18  0.1000       18   1.800       1.900      37.14          7.52179918571E+04  1.05880244264E+05  9.59977099781E+04    1.40765   0.90666
    19  0.1000       19   1.900       2.000      37.14          7.10392686046E+04  9.94414719104E+04  9.25213438906E+04    1.39981   0.93041
    20  0.1000       20   2.000       2.100      37.14          6.66282356099E+04  9.40036650119E+04  8.67795344937E+04    1.41087   0.92315
    21  0.1000       21   2.100       2.200      37.14          6.22416256936E+04  8.75841245323E+04  8.38159977124E+04    1.40716   0.95698
    22  0.1000       22   2.200       2.300      37.14          5.78965561236E+04  8.15686137938E+04  7.72656647280E+04    1.40887   0.94725
    23  0.1000       23   2.300       2.400      37.14          5.35356479029E+04  7.42851475468E+04  6.86137052217E+04    1.38758   0.92365
    24  0.1000       24   2.400       2.500      37.14          4.92991242908E+04  6.94061347584E+04  6.21475080127E+04    1.40786   0.89542
    25  0.1000       25   2.500       2.600      37.14          4.50823029330E+04  6.25834236518E+04  6.03310443361E+04    1.38820   0.96401
    26  0.1000       26   2.600       2.700      37.14          4.09606302114E+04  5.80764081423E+04  5.25696890004E+04    1.41786   0.90518
    27  0.1000       27   2.700       2.800      37.14          3.69901698581E+04  5.11584021737E+04  4.90504885749E+04    1.38303   0.95880
    28  0.1000       28   2.800       2.900      37.14          3.31438253521E+04  4.53217145543E+04  4.29188010688E+04    1.36743   0.94698
    29  0.1000       29   2.900       3.000      37.14          2.94620288172E+04  4.06733123630E+04  3.81367356654E+04    1.38053   0.93764
    30  0.1000       30   3.000       3.100      37.14          2.60099478354E+04  3.52910204748E+04  3.26375856804E+04    1.35683   0.92481
    31  0.1000       31   3.100       3.200      37.14          2.27278334426E+04  3.24710279614E+04  2.95269954027E+04    1.42869   0.90933
    32  0.1000       32   3.200       3.300      37.14          1.96931252466E+04  2.75790600635E+04  2.46174832826E+04    1.40044   0.89262
    33  0.1000       33   3.300       3.400      37.14          1.68906654044E+04  2.22668567921E+04  2.05246874024E+04    1.31829   0.92176
    34  0.1000       34   3.400       3.500      37.14          1.43477263109E+04  2.01510440963E+04  1.74900915731E+04    1.40448   0.86795
    35  0.1000       35   3.500       3.600      37.14          1.20137576244E+04  1.75056843635E+04  1.65827986177E+04    1.45714   0.94728
    36  0.1000       36   3.600       3.700      37.14          9.98116635236E+03  1.33733629223E+04  1.25286206373E+04    1.33986   0.93683
    37  0.1000       37   3.700       3.800      37.14          8.13003640389E+03  1.18046768689E+04  1.06878217688E+04    1.45198   0.90539
    38  0.1000       38   3.800       3.900      37.14          6.55196673306E+03  9.12664685776E+03  8.78687123314E+03    1.39296   0.96277
    39  0.1000       39   3.900       4.000      37.14          5.18536159677E+03  7.18303273437E+03  6.58071261869E+03    1.38525   0.91615
    40  0.2000       40   4.000       4.200      37.14          3.54187930462E+03  5.26670784237E+03  4.66465309741E+03    1.48698   0.88569
    41  0.2000       41   4.200       4.400      37.14          1.94122846200E+03  3.09399356981E+03  2.88084572359E+03    1.59383   0.93111
