 ##################################################################################
 # [fnlo-tk-cppread] Evaluating table: NNLO.abs_yj1.tab.gz
 # [fnlo-tk-cppread] Using PDF set   : NNPDF31_nnlo_as_0118
 # [fnlo-tk-cppread] If possible, will try to do 3 scale factor variations.
 # [fnlo-tk-cppread] Using alpha_s evolution code: LHAPDF
 # [fnlo-tk-cppread] Preparing unnormalized cross sections,
 # [fnlo-tk-cppread] Using scale definition kScale1
 # [fnlo-tk-cppread] Using central scale factor of sclfac = 1.48497
 # [fnlo-tk-cppread] No request for no. of flavours, using default of LHAPDF or Nf = 5.
 # [fnlo-tk-cppread] No request for no. of loops, using default of LHAPDF or NLoop = 2.
 # [fnlo-tk-cppread] No request for value of alpha_s(M_Z), using default of LHAPDF or asMz = 0.118.
 # [fnlo-tk-cppread] No request for value of M_Z, using default of LHAPDF or Mz = 91.1876.
 # [fnlo-tk-cppread] No request for Ecms, using default as defined in grid.
 # [fnlo-tk-cppread] Using verbosity level: WARNING
 ##################################################################################

LHAPDF 6.5.3 loading /cvmfs/sft.cern.ch/lcg/external/lhapdfsets/current/NNPDF31_nnlo_as_0118/NNPDF31_nnlo_as_0118_0000.dat
NNPDF31_nnlo_as_0118 PDF set, member #0, version 1; LHAPDF ID = 303600
LHAPDF 6.5.3 loading /cvmfs/sft.cern.ch/lcg/external/lhapdfsets/current/NNPDF31_nnlo_as_0118/NNPDF31_nnlo_as_0118_0000.dat
NNPDF31_nnlo_as_0118 PDF set, member #0, version 1; LHAPDF ID = 303600

 ##################################################################################################################################################################
 # [fnlo-tk-cppread] Calculate my cross sections
 ##################################################################################################################################################################
 #=================================================================================================================================================================
 # My Cross Sections
 # The scale factors xmur, xmuf chosen here are:      1.485,      1.485
 #-----------------------------------------------------------------------------------------------------------------------------------------------------------------
 #IObs  BinSize  IODimO  [ ptj1_[GeV],       ]  < mw_[GeV]   >  LO_cross_section   NLO_cross_section  NNLO_cross_section   KNLO      KNNLO
 #-----------------------------------------------------------------------------------------------------------------------------------------------------------------
     1  0.1000        1   0.000       0.1000     119.4          1.06363690232E+05  1.55164499568E+05  1.64531769864E+05    1.45881   1.06037
     2  0.1000        2   0.1000      0.2000     119.4          1.06152355015E+05  1.54568603054E+05  1.60033491567E+05    1.45610   1.03536
     3  0.1000        3   0.2000      0.3000     119.4          1.05635275179E+05  1.54266383383E+05  1.62318148831E+05    1.46037   1.05219
     4  0.1000        4   0.3000      0.4000     119.4          1.04888450304E+05  1.51435991950E+05  1.59461520572E+05    1.44378   1.05300
     5  0.1000        5   0.4000      0.5000     119.4          1.03937686450E+05  1.51015712507E+05  1.55600696410E+05    1.45294   1.03036
     6  0.1000        6   0.5000      0.6000     119.4          1.02688277383E+05  1.50472973188E+05  1.58100802678E+05    1.46534   1.05069
     7  0.1000        7   0.6000      0.7000     119.4          1.01194892402E+05  1.47694176652E+05  1.57199155372E+05    1.45950   1.06436
     8  0.1000        8   0.7000      0.8000     119.4          9.94254151210E+04  1.43943167011E+05  1.51825565871E+05    1.44775   1.05476
     9  0.1000        9   0.8000      0.9000     119.4          9.75142158189E+04  1.41640051287E+05  1.48511291663E+05    1.45251   1.04851
    10  0.1000       10   0.9000      1.000      119.4          9.53734253886E+04  1.38412688097E+05  1.42912863951E+05    1.45127   1.03251
    11  0.2000       11   1.000       1.200      119.4          9.16017433614E+04  1.32307325899E+05  1.37597767355E+05    1.44438   1.03999
    12  0.1000       12   1.200       1.300      119.4          8.74611844057E+04  1.25755723191E+05  1.31688561958E+05    1.43785   1.04718
    13  0.1000       13   1.300       1.400      119.4          8.44764940235E+04  1.21637628127E+05  1.26554698807E+05    1.43990   1.04042
    14  0.1000       14   1.400       1.500      119.4          8.12633475331E+04  1.17604816863E+05  1.20745961452E+05    1.44721   1.02671
    15  0.1000       15   1.500       1.600      119.4          7.78870771926E+04  1.11732098474E+05  1.15489713267E+05    1.43454   1.03363
    16  0.1000       16   1.600       1.700      119.4          7.43375707683E+04  1.06134408714E+05  1.11395403149E+05    1.42774   1.04957
    17  0.1000       17   1.700       1.800      119.4          7.06934429997E+04  1.01460957064E+05  1.05647643936E+05    1.43522   1.04126
    18  0.1000       18   1.800       1.900      119.4          6.69323478063E+04  9.49077459429E+04  9.72763740957E+04    1.41797   1.02496
    19  0.1000       19   1.900       2.000      119.4          6.31760212636E+04  8.91337903167E+04  9.29248066359E+04    1.41088   1.04253
    20  0.1000       20   2.000       2.100      119.4          5.92088573700E+04  8.40293791123E+04  8.71260001990E+04    1.41920   1.03685
    21  0.1000       21   2.100       2.200      119.4          5.52631180150E+04  7.82185082493E+04  8.30370438064E+04    1.41538   1.06160
    22  0.1000       22   2.200       2.300      119.4          5.13568099340E+04  7.27963695255E+04  7.64129510685E+04    1.41746   1.04968
    23  0.1000       23   2.300       2.400      119.4          4.74373864694E+04  6.63330954971E+04  6.89327452997E+04    1.39833   1.03919
    24  0.1000       24   2.400       2.500      119.4          4.36284193159E+04  6.17411079139E+04  6.28503449956E+04    1.41516   1.01797
    25  0.1000       25   2.500       2.600      119.4          3.98398641356E+04  5.58453078304E+04  5.94916562495E+04    1.40174   1.06529
    26  0.1000       26   2.600       2.700      119.4          3.61378814196E+04  5.15514828089E+04  5.28258554567E+04    1.42652   1.02472
    27  0.1000       27   2.700       2.800      119.4          3.25748518648E+04  4.55013652394E+04  4.84262297198E+04    1.39682   1.06428
    28  0.1000       28   2.800       2.900      119.4          2.91244867538E+04  4.03406159317E+04  4.27283537008E+04    1.38511   1.05919
    29  0.1000       29   2.900       3.000      119.4          2.58267169498E+04  3.60939983880E+04  3.78742407170E+04    1.39754   1.04932
    30  0.1000       30   3.000       3.100      119.4          2.27380028800E+04  3.13221465171E+04  3.27096287801E+04    1.37752   1.04430
    31  0.1000       31   3.100       3.200      119.4          1.98066430857E+04  2.85085699225E+04  2.94768115016E+04    1.43934   1.03396
    32  0.1000       32   3.200       3.300      119.4          1.71033389653E+04  2.42532765010E+04  2.49397251254E+04    1.41804   1.02830
    33  0.1000       33   3.300       3.400      119.4          1.46123986409E+04  1.97523024247E+04  2.08096743069E+04    1.35175   1.05353
    34  0.1000       34   3.400       3.500      119.4          1.23589551948E+04  1.75814650046E+04  1.77565750830E+04    1.42257   1.00996
    35  0.1000       35   3.500       3.600      119.4          1.02994043020E+04  1.51493817871E+04  1.61884786640E+04    1.47090   1.06859
    36  0.1000       36   3.600       3.700      119.4          8.51229067494E+03  1.17276877128E+04  1.25275784188E+04    1.37774   1.06821
    37  0.1000       37   3.700       3.800      119.4          6.89289450494E+03  1.01181660969E+04  1.06200211436E+04    1.46791   1.04960
    38  0.1000       38   3.800       3.900      119.4          5.52007933195E+03  7.86358099009E+03  8.60527443908E+03    1.42454   1.09432
    39  0.1000       39   3.900       4.000      119.4          4.33747846027E+03  6.16584302712E+03  6.61626473592E+03    1.42153   1.07305
    40  0.2000       40   4.000       4.200      119.4          2.92858711479E+03  4.42984577481E+03  4.70727616941E+03    1.51262   1.06263
    41  0.2000       41   4.200       4.400      119.4          1.57483483055E+03  2.54574825132E+03  2.80057279590E+03    1.61652   1.10010
 #=================================================================================================================================================================
 # My Cross Sections
 # The scale factors xmur, xmuf chosen here are:      0.742,      0.742
 #-----------------------------------------------------------------------------------------------------------------------------------------------------------------
 #IObs  BinSize  IODimO  [ ptj1_[GeV],       ]  < mw_[GeV]   >  LO_cross_section   NLO_cross_section  NNLO_cross_section   KNLO      KNNLO
 #-----------------------------------------------------------------------------------------------------------------------------------------------------------------
     1  0.1000        1   0.000       0.1000     59.68          1.13967697698E+05  1.64507333678E+05  1.66444248965E+05    1.44346   1.01177
     2  0.1000        2   0.1000      0.2000     59.68          1.13741089198E+05  1.63852355791E+05  1.60594624483E+05    1.44057   0.98012
     3  0.1000        3   0.2000      0.3000     59.68          1.13187839347E+05  1.63623380693E+05  1.63977472286E+05    1.44559   1.00216
     4  0.1000        4   0.3000      0.4000     59.68          1.12387651799E+05  1.60361039195E+05  1.60756585608E+05    1.42686   1.00247
     5  0.1000        5   0.4000      0.5000     59.68          1.11368985651E+05  1.60076591522E+05  1.56006543134E+05    1.43735   0.97457
     6  0.1000        6   0.5000      0.6000     59.68          1.10032367142E+05  1.59749332925E+05  1.59743331001E+05    1.45184   0.99996
     7  0.1000        7   0.6000      0.7000     59.68          1.08435713600E+05  1.56715041352E+05  1.59384048528E+05    1.44523   1.01703
     8  0.1000        8   0.7000      0.8000     59.68          1.06542480649E+05  1.52619399322E+05  1.53155124673E+05    1.43247   1.00351
     9  0.1000        9   0.8000      0.9000     59.68          1.04498181684E+05  1.50299987063E+05  1.49892823179E+05    1.43830   0.99729
    10  0.1000       10   0.9000      1.000      59.68          1.02207619421E+05  1.46899935972E+05  1.43497695901E+05    1.43727   0.97684
    11  0.2000       11   1.000       1.200      59.68          9.81751239153E+04  1.40401757011E+05  1.38342230833E+05    1.43012   0.98533
    12  0.1000       12   1.200       1.300      59.68          9.37508100595E+04  1.33447807120E+05  1.32518889893E+05    1.42343   0.99304
    13  0.1000       13   1.300       1.400      59.68          9.05609111034E+04  1.29106151584E+05  1.27316138724E+05    1.42563   0.98614
    14  0.1000       14   1.400       1.500      59.68          8.71290788323E+04  1.25008871554E+05  1.21038963122E+05    1.43475   0.96824
    15  0.1000       15   1.500       1.600      59.68          8.35241297299E+04  1.18658088810E+05  1.15846385405E+05    1.42064   0.97630
    16  0.1000       16   1.600       1.700      59.68          7.97336263588E+04  1.12732110125E+05  1.12480356540E+05    1.41386   0.99777
    17  0.1000       17   1.700       1.800      59.68          7.58450038578E+04  1.07801285207E+05  1.06275150578E+05    1.42134   0.98584
    18  0.1000       18   1.800       1.900      59.68          7.18314531250E+04  1.00794064068E+05  9.72408682425E+04    1.40320   0.96475
    19  0.1000       19   1.900       2.000      59.68          6.78221034780E+04  9.46628839265E+04  9.33233666246E+04    1.39575   0.98585
    20  0.1000       20   2.000       2.100      59.68          6.35891114002E+04  8.93719472513E+04  8.75295771775E+04    1.40546   0.97939
    21  0.1000       21   2.100       2.200      59.68          5.93794525728E+04  8.32233021997E+04  8.40010308306E+04    1.40155   1.00935
    22  0.1000       22   2.200       2.300      59.68          5.52108068692E+04  7.74947677476E+04  7.73493192213E+04    1.40362   0.99812
    23  0.1000       23   2.300       2.400      59.68          5.10276574265E+04  7.05786859816E+04  6.92521082542E+04    1.38315   0.98120
    24  0.1000       24   2.400       2.500      59.68          4.69632867468E+04  6.58290368644E+04  6.29398127299E+04    1.40171   0.95611
    25  0.1000       25   2.500       2.600      59.68          4.29192176103E+04  5.94478703283E+04  6.03470967137E+04    1.38511   1.01513
    26  0.1000       26   2.600       2.700      59.68          3.89670044835E+04  5.50369192235E+04  5.30970898249E+04    1.41240   0.96475
    27  0.1000       27   2.700       2.800      59.68          3.51613166687E+04  4.85169925848E+04  4.91042920957E+04    1.37984   1.01211
    28  0.1000       28   2.800       2.900      59.68          3.14751874430E+04  4.29969190467E+04  4.31637070285E+04    1.36606   1.00388
    29  0.1000       29   2.900       3.000      59.68          2.79491354856E+04  3.85339296226E+04  3.83028691008E+04    1.37872   0.99400
    30  0.1000       30   3.000       3.100      59.68          2.46446032461E+04  3.34357039535E+04  3.29333837765E+04    1.35672   0.98498
    31  0.1000       31   3.100       3.200      59.68          2.15052123477E+04  3.06228847634E+04  2.97652515476E+04    1.42398   0.97199
    32  0.1000       32   3.200       3.300      59.68          1.86058404519E+04  2.60253751520E+04  2.50046794932E+04    1.39877   0.96078
    33  0.1000       33   3.300       3.400      59.68          1.59308660716E+04  2.10928522101E+04  2.08618459229E+04    1.32402   0.98905
    34  0.1000       34   3.400       3.500      59.68          1.35068098830E+04  1.89499938202E+04  1.77937154062E+04    1.40300   0.93898
    35  0.1000       35   3.500       3.600      59.68          1.12860980374E+04  1.64056696155E+04  1.65511018770E+04    1.45362   1.00886
    36  0.1000       36   3.600       3.700      59.68          9.35518405675E+03  1.26063050022E+04  1.26587110337E+04    1.34752   1.00416
    37  0.1000       37   3.700       3.800      59.68          7.60053197163E+03  1.10165943130E+04  1.07730868351E+04    1.44945   0.97790
    38  0.1000       38   3.800       3.900      59.68          6.10838244397E+03  8.53849512138E+03  8.79724803307E+03    1.39783   1.03030
    39  0.1000       39   3.900       4.000      59.68          4.81915226342E+03  6.70782744363E+03  6.67949538382E+03    1.39191   0.99578
    40  0.2000       40   4.000       4.200      59.68          3.27506828825E+03  4.87586924311E+03  4.75412936548E+03    1.48878   0.97503
    41  0.2000       41   4.200       4.400      59.68          1.78006696668E+03  2.83802969460E+03  2.88442843043E+03    1.59434   1.01635
 #=================================================================================================================================================================
 # My Cross Sections
 # The scale factors xmur, xmuf chosen here are:      2.970,      2.970
 #-----------------------------------------------------------------------------------------------------------------------------------------------------------------
 #IObs  BinSize  IODimO  [ ptj1_[GeV],       ]  < mw_[GeV]   >  LO_cross_section   NLO_cross_section  NNLO_cross_section   KNLO      KNNLO
 #-----------------------------------------------------------------------------------------------------------------------------------------------------------------
     1  0.1000        1   0.000       0.1000     238.7          9.90587289463E+04  1.47350361801E+05  1.61618545859E+05    1.48751   1.09683
     2  0.1000        2   0.1000      0.2000     238.7          9.88622947825E+04  1.46803378006E+05  1.58053848465E+05    1.48493   1.07664
     3  0.1000        3   0.2000      0.3000     238.7          9.83806554287E+04  1.46458257249E+05  1.59606102202E+05    1.48869   1.08977
     4  0.1000        4   0.3000      0.4000     238.7          9.76859310441E+04  1.43958254629E+05  1.57018114047E+05    1.47368   1.09072
     5  0.1000        5   0.4000      0.5000     238.7          9.68014237064E+04  1.43449022236E+05  1.53804722124E+05    1.48189   1.07219
     6  0.1000        6   0.5000      0.6000     238.7          9.56375395345E+04  1.42747034918E+05  1.55393199950E+05    1.49258   1.08859
     7  0.1000        7   0.6000      0.7000     238.7          9.42455510610E+04  1.40178791954E+05  1.54148289064E+05    1.48738   1.09965
     8  0.1000        8   0.7000      0.8000     238.7          9.25971861749E+04  1.36708677525E+05  1.49380875534E+05    1.47638   1.09269
     9  0.1000        9   0.8000      0.9000     238.7          9.08163625204E+04  1.34434193511E+05  1.46081833493E+05    1.48029   1.08664
    10  0.1000       10   0.9000      1.000      238.7          8.88219747991E+04  1.31359735823E+05  1.41057988847E+05    1.47891   1.07383
    11  0.2000       11   1.000       1.200      238.7          8.53053422435E+04  1.25599985416E+05  1.35676230075E+05    1.47236   1.08022
    12  0.1000       12   1.200       1.300      238.7          8.14426671398E+04  1.19397379973E+05  1.29743856010E+05    1.46603   1.08666
    13  0.1000       13   1.300       1.400      238.7          7.86582641856E+04  1.15455580044E+05  1.24716981307E+05    1.46781   1.08022
    14  0.1000       14   1.400       1.500      238.7          7.56590119599E+04  1.11501626040E+05  1.19218960325E+05    1.47374   1.06921
    15  0.1000       15   1.500       1.600      238.7          7.25063889064E+04  1.06021073232E+05  1.13992773346E+05    1.46223   1.07519
    16  0.1000       16   1.600       1.700      238.7          6.91920014031E+04  1.00720774275E+05  1.09499993244E+05    1.45567   1.08716
    17  0.1000       17   1.700       1.800      238.7          6.57869852485E+04  9.62474532331E+04  1.04041003003E+05    1.46302   1.08097
    18  0.1000       18   1.800       1.900      238.7          6.22723150582E+04  9.00757198578E+04  9.62165922672E+04    1.44648   1.06817
    19  0.1000       19   1.900       2.000      238.7          5.87624789563E+04  8.45958840500E+04  9.15974440777E+04    1.43962   1.08276
    20  0.1000       20   2.000       2.100      238.7          5.50542368420E+04  7.96641442321E+04  8.58467470642E+04    1.44701   1.07761
    21  0.1000       21   2.100       2.200      238.7          5.13653968345E+04  7.41482338008E+04  8.14104250865E+04    1.44354   1.09794
    22  0.1000       22   2.200       2.300      238.7          4.77139094230E+04  6.89612823391E+04  7.49093887590E+04    1.44531   1.08625
    23  0.1000       23   2.300       2.400      238.7          4.40502783570E+04  6.28840852644E+04  6.78975906436E+04    1.42755   1.07973
    24  0.1000       24   2.400       2.500      238.7          4.04890775700E+04  5.84351477941E+04  6.20346201473E+04    1.44323   1.06160
    25  0.1000       25   2.500       2.600      238.7          3.69478651496E+04  5.29107209658E+04  5.81916268567E+04    1.43204   1.09981
    26  0.1000       26   2.600       2.700      238.7          3.34878537096E+04  4.87265745073E+04  5.19715299014E+04    1.45505   1.06660
    27  0.1000       27   2.700       2.800      238.7          3.01590163258E+04  4.30604181888E+04  4.73654631245E+04    1.42778   1.09998
    28  0.1000       28   2.800       2.900      238.7          2.69360638646E+04  3.81861299587E+04  4.18773430027E+04    1.41766   1.09666
    29  0.1000       29   2.900       3.000      238.7          2.38578329886E+04  3.41210965721E+04  3.70976213242E+04    1.43018   1.08723
    30  0.1000       30   3.000       3.100      238.7          2.09763237547E+04  2.96124562308E+04  3.21307529258E+04    1.41171   1.08504
    31  0.1000       31   3.100       3.200      238.7          1.82441125280E+04  2.68039458173E+04  2.88540406024E+04    1.46918   1.07648
    32  0.1000       32   3.200       3.300      238.7          1.57276152888E+04  2.28251847634E+04  2.45239761317E+04    1.45128   1.07443
    33  0.1000       33   3.300       3.400      238.7          1.34114635061E+04  1.86621391132E+04  2.04607266366E+04    1.39151   1.09638
    34  0.1000       34   3.400       3.500      238.7          1.13192716124E+04  1.64823334711E+04  1.74550603284E+04    1.45613   1.05902
    35  0.1000       35   3.500       3.600      238.7          9.41099147896E+03  1.41426713776E+04  1.56820209105E+04    1.50278   1.10884
    36  0.1000       36   3.600       3.700      238.7          7.75813877279E+03  1.10144615332E+04  1.22317608013E+04    1.41973   1.11052
    37  0.1000       37   3.700       3.800      238.7          6.26409245645E+03  9.40089771566E+03  1.03275909598E+04    1.50076   1.09857
    38  0.1000       38   3.800       3.900      238.7          5.00099251481E+03  7.31910160756E+03  8.31833498203E+03    1.46353   1.13652
    39  0.1000       39   3.900       4.000      238.7          3.91575490593E+03  5.73083100795E+03  6.44501384893E+03    1.46353   1.12462
    40  0.2000       40   4.000       4.200      238.7          2.62886886951E+03  4.07494608084E+03  4.56911379500E+03    1.55008   1.12127
    41  0.2000       41   4.200       4.400      238.7          1.40059191791E+03  2.31458136676E+03  2.67648141152E+03    1.65257   1.15636
