 ##################################################################################
 # [fnlo-tk-cppread] Evaluating table: /ptmp/mpp/asaborido/ATLAS8TeV/ATLAS8TeV_mw_25xnodes_NNLO/combine/combine_grid/LO.ptw.tab.gz
 # [fnlo-tk-cppread] Using PDF set   : NNPDF31_nnlo_as_0118
 # [fnlo-tk-cppread] If possible, will try to do 7 scale factor variations.
 # [fnlo-tk-cppread] Using alpha_s evolution code: LHAPDF
 # [fnlo-tk-cppread] Preparing unnormalized cross sections,
 # [fnlo-tk-cppread] Using scale definition kScale1
 # [fnlo-tk-cppread] No request for central scale factor, using default of unity.
 # [fnlo-tk-cppread] No request for no. of flavours, using default of LHAPDF or Nf = 5.
 # [fnlo-tk-cppread] No request for no. of loops, using default of LHAPDF or NLoop = 2.
 # [fnlo-tk-cppread] No request for value of alpha_s(M_Z), using default of LHAPDF or asMz = 0.118.
 # [fnlo-tk-cppread] No request for value of M_Z, using default of LHAPDF or Mz = 91.1876.
 # [fnlo-tk-cppread] No request for Ecms, using default as defined in grid.
 # [fnlo-tk-cppread] Using verbosity level: WARNING
 ##################################################################################

LHAPDF 6.5.3 loading /cvmfs/sft.cern.ch/lcg/external/lhapdfsets/current/NNPDF31_nnlo_as_0118/NNPDF31_nnlo_as_0118_0000.dat
NNPDF31_nnlo_as_0118 PDF set, member #0, version 1; LHAPDF ID = 303600
LHAPDF 6.5.3 loading /cvmfs/sft.cern.ch/lcg/external/lhapdfsets/current/NNPDF31_nnlo_as_0118/NNPDF31_nnlo_as_0118_0000.dat
NNPDF31_nnlo_as_0118 PDF set, member #0, version 1; LHAPDF ID = 303600

 ##################################################################################################################################################################
 # [fnlo-tk-cppread] Calculate my cross sections
 ##################################################################################################################################################################
 #=================================================================================================================================================================
 # My Cross Sections
 # The scale factors xmur, xmuf chosen here are:      1.000,      1.000
 #-----------------------------------------------------------------------------------------------------------------------------------------------------------------
 #IObs  BinSize  IODimO  [ ptj1_[GeV],       ]  < mw_[GeV]   >  LO_cross_section
 #-----------------------------------------------------------------------------------------------------------------------------------------------------------------
     1  25.00         1   0.000       25.00     -nan            0.00000000000E+00
     2  25.00         2   25.00       50.00      80.38          6.12007419387E+03
     3  25.00         3   50.00       75.00      80.39          2.17384376414E+03
     4  25.00         4   75.00       100.0      80.39          7.96990501120E+02
     5  25.00         5   100.0       125.0      80.39          3.52292176121E+02
     6  25.00         6   125.0       150.0      80.39          1.73692213022E+02
     7  25.00         7   150.0       175.0      80.39          9.25481027902E+01
     8  25.00         8   175.0       200.0      80.39          5.23690770813E+01
     9  50.00         9   200.0       250.0      80.38          2.51253334449E+01
    10  50.00        10   250.0       300.0      80.38          1.01271178458E+01
    11  50.00        11   300.0       350.0      80.38          4.53949015577E+00
    12  50.00        12   350.0       400.0      80.38          2.20305928530E+00
    13  50.00        13   400.0       450.0      80.39          1.13653141288E+00
    14  50.00        14   450.0       500.0      80.39          6.15892077654E-01
    15  100.0        15   500.0       600.0      80.39          2.74771860669E-01
    16  200.0        16   600.0       800.0      80.39          6.76137758253E-02
 #=================================================================================================================================================================
 # My Cross Sections
 # The scale factors xmur, xmuf chosen here are:      0.500,      0.500
 #-----------------------------------------------------------------------------------------------------------------------------------------------------------------
 #IObs  BinSize  IODimO  [ ptj1_[GeV],       ]  < mw_[GeV]   >  LO_cross_section
 #-----------------------------------------------------------------------------------------------------------------------------------------------------------------
     1  25.00         1   0.000       25.00     -nan            0.00000000000E+00
     2  25.00         2   25.00       50.00      40.19          6.47092484174E+03
     3  25.00         3   50.00       75.00      40.19          2.34420514321E+03
     4  25.00         4   75.00       100.0      40.19          8.76377239439E+02
     5  25.00         5   100.0       125.0      40.19          3.93979055514E+02
     6  25.00         6   125.0       150.0      40.19          1.97157559738E+02
     7  25.00         7   150.0       175.0      40.19          1.06458022823E+02
     8  25.00         8   175.0       200.0      40.19          6.09661891927E+01
     9  50.00         9   200.0       250.0      40.19          2.96845917826E+01
    10  50.00        10   250.0       300.0      40.19          1.21928003637E+01
    11  50.00        11   300.0       350.0      40.19          5.55557675736E+00
    12  50.00        12   350.0       400.0      40.19          2.73499497081E+00
    13  50.00        13   400.0       450.0      40.19          1.42924176094E+00
    14  50.00        14   450.0       500.0      40.19          7.83696665947E-01
    15  100.0        15   500.0       600.0      40.19          3.54749043081E-01
    16  200.0        16   600.0       800.0      40.19          8.94010761242E-02
 #=================================================================================================================================================================
 # My Cross Sections
 # The scale factors xmur, xmuf chosen here are:      2.000,      2.000
 #-----------------------------------------------------------------------------------------------------------------------------------------------------------------
 #IObs  BinSize  IODimO  [ ptj1_[GeV],       ]  < mw_[GeV]   >  LO_cross_section
 #-----------------------------------------------------------------------------------------------------------------------------------------------------------------
     1  25.00         1   0.000       25.00     -nan            0.00000000000E+00
     2  25.00         2   25.00       50.00      160.8          5.75789051243E+03
     3  25.00         3   50.00       75.00      160.8          2.01047767131E+03
     4  25.00         4   75.00       100.0      160.8          7.24812720601E+02
     5  25.00         5   100.0       125.0      160.8          3.15783417809E+02
     6  25.00         6   125.0       150.0      160.8          1.53722991164E+02
     7  25.00         7   150.0       175.0      160.8          8.09825302576E+01
     8  25.00         8   175.0       200.0      160.8          4.53583998375E+01
     9  50.00         9   200.0       250.0      160.8          2.14900657158E+01
    10  50.00        10   250.0       300.0      160.8          8.52346768022E+00
    11  50.00        11   300.0       350.0      160.8          3.76772674688E+00
    12  50.00        12   350.0       400.0      160.8          1.80632136423E+00
    13  50.00        13   400.0       450.0      160.8          9.21655463797E-01
    14  50.00        14   450.0       500.0      160.8          4.94433074708E-01
    15  100.0        15   500.0       600.0      160.8          2.17857608650E-01
    16  200.0        16   600.0       800.0      160.8          5.25190403267E-02
 #=================================================================================================================================================================
 # My Cross Sections
 # The scale factors xmur, xmuf chosen here are:      0.500,      1.000
 #-----------------------------------------------------------------------------------------------------------------------------------------------------------------
 #IObs  BinSize  IODimO  [ ptj1_[GeV],       ]  < mw_[GeV]   >  LO_cross_section
 #-----------------------------------------------------------------------------------------------------------------------------------------------------------------
     1  25.00         1   0.000       25.00     -nan            0.00000000000E+00
     2  25.00         2   25.00       50.00      40.19          6.85473764320E+03
     3  25.00         3   50.00       75.00      40.19          2.43479543032E+03
     4  25.00         4   75.00       100.0      40.19          8.92662509676E+02
     5  25.00         5   100.0       125.0      40.19          3.94581889789E+02
     6  25.00         6   125.0       150.0      40.19          1.94542502789E+02
     7  25.00         7   150.0       175.0      40.19          1.03657724385E+02
     8  25.00         8   175.0       200.0      40.19          5.86555444652E+01
     9  50.00         9   200.0       250.0      40.19          2.81414184709E+01
    10  50.00        10   250.0       300.0      40.19          1.13427931943E+01
    11  50.00        11   300.0       350.0      40.19          5.08441778089E+00
    12  50.00        12   350.0       400.0      40.19          2.46751802915E+00
    13  50.00        13   400.0       450.0      40.19          1.27296245303E+00
    14  50.00        14   450.0       500.0      40.19          6.89824743149E-01
    15  100.0        15   500.0       600.0      40.19          3.07755912258E-01
    16  200.0        16   600.0       800.0      40.19          7.57302411158E-02
 #=================================================================================================================================================================
 # My Cross Sections
 # The scale factors xmur, xmuf chosen here are:      1.000,      0.500
 #-----------------------------------------------------------------------------------------------------------------------------------------------------------------
 #IObs  BinSize  IODimO  [ ptj1_[GeV],       ]  < mw_[GeV]   >  LO_cross_section
 #-----------------------------------------------------------------------------------------------------------------------------------------------------------------
     1  25.00         1   0.000       25.00     -nan            0.00000000000E+00
     2  25.00         2   25.00       50.00      80.38          5.77739691812E+03
     3  25.00         3   50.00       75.00      80.38          2.09296258280E+03
     4  25.00         4   75.00       100.0      80.39          7.82450621215E+02
     5  25.00         5   100.0       125.0      80.39          3.51753951221E+02
     6  25.00         6   125.0       150.0      80.38          1.76026998593E+02
     7  25.00         7   150.0       175.0      80.38          9.50482764075E+01
     8  25.00         8   175.0       200.0      80.38          5.44320761199E+01
     9  50.00         9   200.0       250.0      80.39          2.65031155940E+01
    10  50.00        10   250.0       300.0      80.39          1.08860246360E+01
    11  50.00        11   300.0       350.0      80.38          4.96015219175E+00
    12  50.00        12   350.0       400.0      80.38          2.44186911483E+00
    13  50.00        13   400.0       450.0      80.38          1.27606132768E+00
    14  50.00        14   450.0       500.0      80.38          6.99703182053E-01
    15  100.0        15   500.0       600.0      80.39          3.16728455102E-01
    16  200.0        16   600.0       800.0      80.38          7.98194252459E-02
 #=================================================================================================================================================================
 # My Cross Sections
 # The scale factors xmur, xmuf chosen here are:      1.000,      2.000
 #-----------------------------------------------------------------------------------------------------------------------------------------------------------------
 #IObs  BinSize  IODimO  [ ptj1_[GeV],       ]  < mw_[GeV]   >  LO_cross_section
 #-----------------------------------------------------------------------------------------------------------------------------------------------------------------
     1  25.00         1   0.000       25.00     -nan            0.00000000000E+00
     2  25.00         2   25.00       50.00      80.39          6.37174614537E+03
     3  25.00         3   50.00       75.00      80.38          2.22481711398E+03
     4  25.00         4   75.00       100.0      80.38          8.02085876526E+02
     5  25.00         5   100.0       125.0      80.38          3.49449467796E+02
     6  25.00         6   125.0       150.0      80.39          1.70111584145E+02
     7  25.00         7   150.0       175.0      80.38          8.96161752116E+01
     8  25.00         8   175.0       200.0      80.39          5.01941133998E+01
     9  50.00         9   200.0       250.0      80.38          2.37811474694E+01
    10  50.00        10   250.0       300.0      80.39          9.43216482136E+00
    11  50.00        11   300.0       350.0      80.38          4.16940862706E+00
    12  50.00        12   350.0       400.0      80.38          1.99889545746E+00
    13  50.00        13   400.0       450.0      80.39          1.01991426133E+00
    14  50.00        14   450.0       500.0      80.39          5.47145179491E-01
    15  100.0        15   500.0       600.0      80.38          2.41083670340E-01
    16  200.0        16   600.0       800.0      80.38          5.81181583842E-02
 #=================================================================================================================================================================
 # My Cross Sections
 # The scale factors xmur, xmuf chosen here are:      2.000,      1.000
 #-----------------------------------------------------------------------------------------------------------------------------------------------------------------
 #IObs  BinSize  IODimO  [ ptj1_[GeV],       ]  < mw_[GeV]   >  LO_cross_section
 #-----------------------------------------------------------------------------------------------------------------------------------------------------------------
     1  25.00         1   0.000       25.00     -nan            0.00000000000E+00
     2  25.00         2   25.00       50.00      160.8          5.53046470030E+03
     3  25.00         3   50.00       75.00      160.8          1.96441510686E+03
     4  25.00         4   75.00       100.0      160.8          7.20208234948E+02
     5  25.00         5   100.0       125.0      160.8          3.18352258896E+02
     6  25.00         6   125.0       150.0      160.8          1.56958661350E+02
     7  25.00         7   150.0       175.0      160.8          8.36319951928E+01
     8  25.00         8   175.0       200.0      160.8          4.73238269686E+01
     9  50.00         9   200.0       250.0      160.8          2.27047524750E+01
    10  50.00        10   250.0       300.0      160.8          9.15146875475E+00
    11  50.00        11   300.0       350.0      160.8          4.10215452763E+00
    12  50.00        12   350.0       400.0      160.8          1.99081599733E+00
    13  50.00        13   400.0       450.0      160.8          1.02703768951E+00
    14  50.00        14   450.0       500.0      160.8          5.56556879338E-01
    15  100.0        15   500.0       600.0      160.8          2.48300270214E-01
    16  200.0        16   600.0       800.0      160.8          6.10998475852E-02
