 ##################################################################################
 # [fnlo-tk-cppread] Evaluating table: /ptmp/mpp/asaborido/ATLAS8TeV/ATLAS8TeV_mw_25xnodes_NNLO/combine/combine_grid/NNLO.abs_yj1.tab.gz
 # [fnlo-tk-cppread] Using PDF set   : NNPDF31_nnlo_as_0118
 # [fnlo-tk-cppread] If possible, will try to do 7 scale factor variations.
 # [fnlo-tk-cppread] Using alpha_s evolution code: LHAPDF
 # [fnlo-tk-cppread] Preparing unnormalized cross sections,
 # [fnlo-tk-cppread] Using scale definition kScale1
 # [fnlo-tk-cppread] No request for central scale factor, using default of unity.
 # [fnlo-tk-cppread] No request for no. of flavours, using default of LHAPDF or Nf = 5.
 # [fnlo-tk-cppread] No request for no. of loops, using default of LHAPDF or NLoop = 2.
 # [fnlo-tk-cppread] No request for value of alpha_s(M_Z), using default of LHAPDF or asMz = 0.118.
 # [fnlo-tk-cppread] No request for value of M_Z, using default of LHAPDF or Mz = 91.1876.
 # [fnlo-tk-cppread] No request for Ecms, using default as defined in grid.
 # [fnlo-tk-cppread] Using verbosity level: WARNING
 ##################################################################################

LHAPDF 6.5.3 loading /cvmfs/sft.cern.ch/lcg/external/lhapdfsets/current/NNPDF31_nnlo_as_0118/NNPDF31_nnlo_as_0118_0000.dat
NNPDF31_nnlo_as_0118 PDF set, member #0, version 1; LHAPDF ID = 303600
LHAPDF 6.5.3 loading /cvmfs/sft.cern.ch/lcg/external/lhapdfsets/current/NNPDF31_nnlo_as_0118/NNPDF31_nnlo_as_0118_0000.dat
NNPDF31_nnlo_as_0118 PDF set, member #0, version 1; LHAPDF ID = 303600

 ##################################################################################################################################################################
 # [fnlo-tk-cppread] Calculate my cross sections
 ##################################################################################################################################################################
 #=================================================================================================================================================================
 # My Cross Sections
 # The scale factors xmur, xmuf chosen here are:      1.000,      1.000
 #-----------------------------------------------------------------------------------------------------------------------------------------------------------------
 #IObs  BinSize  IODimO  [ ptj1_[GeV],       ]  < mw_[GeV]   >  LO_cross_section   NLO_cross_section  NNLO_cross_section   KNLO      KNNLO
 #-----------------------------------------------------------------------------------------------------------------------------------------------------------------
     1  0.1000        1   0.000       0.1000     80.39          1.10682805520E+05  1.60242735331E+05  1.65798127129E+05    1.44777   1.03467
     2  0.1000        2   0.1000      0.2000     80.38          1.10462766981E+05  1.59614596462E+05  1.60593805638E+05    1.44496   1.00613
     3  0.1000        3   0.2000      0.3000     80.38          1.09925039614E+05  1.59349561230E+05  1.63447594860E+05    1.44962   1.02572
     4  0.1000        4   0.3000      0.4000     80.39          1.09147783332E+05  1.56288003531E+05  1.60398084745E+05    1.43189   1.02630
     5  0.1000        5   0.4000      0.5000     80.38          1.08158312538E+05  1.55938435919E+05  1.56066081142E+05    1.44176   1.00082
     6  0.1000        6   0.5000      0.6000     80.39          1.06859125781E+05  1.55511070502E+05  1.59224710141E+05    1.45529   1.02388
     7  0.1000        7   0.6000      0.7000     80.38          1.05306770822E+05  1.52593311813E+05  1.58601284343E+05    1.44904   1.03937
     8  0.1000        8   0.7000      0.8000     80.38          1.03466676760E+05  1.48655388267E+05  1.52778820594E+05    1.43675   1.02774
     9  0.1000        9   0.8000      0.9000     80.38          1.01479512502E+05  1.46341808239E+05  1.49482763100E+05    1.44208   1.02146
    10  0.1000       10   0.9000      1.000      80.39          9.92532841279E+04  1.43019318751E+05  1.43464245436E+05    1.44095   1.00311
    11  0.2000       11   1.000       1.200      80.39          9.53328088867E+04  1.36697170687E+05  1.38226525435E+05    1.43389   1.01119
    12  0.1000       12   1.200       1.300      80.38          9.10302920946E+04  1.29924577328E+05  1.32357603518E+05    1.42727   1.01873
    13  0.1000       13   1.300       1.400      80.38          8.79285822162E+04  1.25687333462E+05  1.27177102121E+05    1.42943   1.01185
    14  0.1000       14   1.400       1.500      80.38          8.45906494687E+04  1.21616390353E+05  1.21128314651E+05    1.43770   0.99599
    15  0.1000       15   1.500       1.600      80.39          8.10838894866E+04  1.15484246580E+05  1.15892278688E+05    1.42426   1.00353
    16  0.1000       16   1.600       1.700      80.39          7.73969550808E+04  1.09703965793E+05  1.12160659318E+05    1.41742   1.02239
    17  0.1000       17   1.700       1.800      80.38          7.36133029383E+04  1.04893680560E+05  1.06180129337E+05    1.42493   1.01226
    18  0.1000       18   1.800       1.900      80.38          6.97082131061E+04  9.80928075633E+04  9.74472252232E+04    1.40719   0.99342
    19  0.1000       19   1.900       2.000      80.38          6.58076439641E+04  9.21254691945E+04  9.33179169120E+04    1.39992   1.01294
    20  0.1000       20   2.000       2.100      80.39          6.16889374807E+04  8.69174426720E+04  8.75136233446E+04    1.40896   1.00686
    21  0.1000       21   2.100       2.200      80.38          5.75927653649E+04  8.09206310802E+04  8.37120575067E+04    1.40505   1.03450
    22  0.1000       22   2.200       2.300      80.38          5.35370091541E+04  7.53360281953E+04  7.70543314127E+04    1.40718   1.02281
    23  0.1000       23   2.300       2.400      80.38          4.94674035017E+04  6.86245354325E+04  6.92452343995E+04    1.38727   1.00904
    24  0.1000       24   2.400       2.500      80.38          4.55129823946E+04  6.39456278406E+04  6.30321584181E+04    1.40500   0.98571
    25  0.1000       25   2.500       2.600      80.39          4.15789921388E+04  5.77913086526E+04  6.00666752492E+04    1.38992   1.03937
    26  0.1000       26   2.600       2.700      80.38          3.77346182920E+04  5.34326243145E+04  5.30880868521E+04    1.41601   0.99355
    27  0.1000       27   2.700       2.800      80.38          3.40335744305E+04  4.71277295526E+04  4.88880101154E+04    1.38474   1.03735
    28  0.1000       28   2.800       2.900      80.39          3.04491303160E+04  4.17737677148E+04  4.30563384005E+04    1.37192   1.03070
    29  0.1000       29   2.900       3.000      80.38          2.70216344079E+04  3.74096061429E+04  3.81858837723E+04    1.38443   1.02075
    30  0.1000       30   3.000       3.100      80.39          2.38103268388E+04  3.24616866416E+04  3.29039806133E+04    1.36334   1.01363
    31  0.1000       31   3.100       3.200      80.38          2.07608854402E+04  2.96487768172E+04  2.97053618684E+04    1.42811   1.00191
    32  0.1000       32   3.200       3.300      80.39          1.79464208495E+04  2.52084992354E+04  2.50417365165E+04    1.40465   0.99338
    33  0.1000       33   3.300       3.400      80.39          1.53512288105E+04  2.04758429556E+04  2.08949388074E+04    1.33382   1.02047
    34  0.1000       34   3.400       3.500      80.38          1.30012596087E+04  1.83187852050E+04  1.78269381210E+04    1.40900   0.97315
    35  0.1000       35   3.500       3.600      80.38          1.08506886270E+04  1.58262653225E+04  1.64254306109E+04    1.45855   1.03786
    36  0.1000       36   3.600       3.700      80.38          8.98247398677E+03  1.22020449558E+04  1.26343118355E+04    1.35843   1.03543
    37  0.1000       37   3.700       3.800      80.39          7.28694175135E+03  1.06019241199E+04  1.07347260149E+04    1.45492   1.01253
    38  0.1000       38   3.800       3.900      80.38          5.84709006086E+03  8.22779843236E+03  8.73449455123E+03    1.40716   1.06158
    39  0.1000       39   3.900       4.000      80.39          4.60469754404E+03  6.45790764408E+03  6.67309888601E+03    1.40246   1.03332
    40  0.2000       40   4.000       4.200      80.39          3.12021918556E+03  4.66996337592E+03  4.75167057998E+03    1.49668   1.01750
    41  0.2000       41   4.200       4.400      80.39          1.68781176566E+03  2.70300884415E+03  2.85685553190E+03    1.60149   1.05692
 #=================================================================================================================================================================
 # My Cross Sections
 # The scale factors xmur, xmuf chosen here are:      0.500,      0.500
 #-----------------------------------------------------------------------------------------------------------------------------------------------------------------
 #IObs  BinSize  IODimO  [ ptj1_[GeV],       ]  < mw_[GeV]   >  LO_cross_section   NLO_cross_section  NNLO_cross_section   KNLO      KNNLO
 #-----------------------------------------------------------------------------------------------------------------------------------------------------------------
     1  0.1000        1   0.000       0.1000     40.19          1.18301479089E+05  1.70991297285E+05  1.66683216714E+05    1.44539   0.97481
     2  0.1000        2   0.1000      0.2000     40.19          1.18066347871E+05  1.70296733445E+05  1.59779088205E+05    1.44238   0.93824
     3  0.1000        3   0.2000      0.3000     40.19          1.17492990215E+05  1.70129288094E+05  1.64041424160E+05    1.44800   0.96422
     4  0.1000        4   0.3000      0.4000     40.19          1.16663031734E+05  1.66556004822E+05  1.60547673866E+05    1.42767   0.96393
     5  0.1000        5   0.4000      0.5000     40.19          1.15606458259E+05  1.66377040402E+05  1.55138266290E+05    1.43917   0.93245
     6  0.1000        6   0.5000      0.6000     40.19          1.14221456151E+05  1.66201931469E+05  1.59773096067E+05    1.45509   0.96132
     7  0.1000        7   0.6000      0.7000     40.19          1.12567582790E+05  1.62993353455E+05  1.59861223112E+05    1.44796   0.98078
     8  0.1000        8   0.7000      0.8000     40.19          1.10605495997E+05  1.58659904995E+05  1.52972724445E+05    1.43447   0.96415
     9  0.1000        9   0.8000      0.9000     40.19          1.08487237791E+05  1.56334087282E+05  1.49794315027E+05    1.44104   0.95817
    10  0.1000       10   0.9000      1.000      40.19          1.06113224444E+05  1.52819935341E+05  1.42795805989E+05    1.44016   0.93441
    11  0.2000       11   1.000       1.200      40.19          1.01935442527E+05  1.46066490938E+05  1.37789082443E+05    1.43293   0.94333
    12  0.1000       12   1.200       1.300      40.19          9.73533403275E+04  1.38845523700E+05  1.32050029496E+05    1.42620   0.95106
    13  0.1000       13   1.300       1.400      40.19          9.40488254807E+04  1.34336585857E+05  1.26846964800E+05    1.42837   0.94425
    14  0.1000       14   1.400       1.500      40.19          9.04951653340E+04  1.30205558764E+05  1.20173428129E+05    1.43881   0.92295
    15  0.1000       15   1.500       1.600      40.19          8.67627867969E+04  1.23524589925E+05  1.15094821847E+05    1.42370   0.93176
    16  0.1000       16   1.600       1.700      40.19          8.28375612007E+04  1.17391396870E+05  1.12380274211E+05    1.41713   0.95731
    17  0.1000       17   1.700       1.800      40.19          7.88126442977E+04  1.12266723726E+05  1.05785435605E+05    1.42448   0.94227
    18  0.1000       18   1.800       1.900      40.19          7.46580042767E+04  1.04950702188E+05  9.63055247310E+04    1.40575   0.91763
    19  0.1000       19   1.900       2.000      40.19          7.05068860271E+04  9.85680804226E+04  9.27453136807E+04    1.39799   0.94093
    20  0.1000       20   2.000       2.100      40.19          6.61248767422E+04  9.31564564670E+04  8.69912758934E+04    1.40880   0.93382
    21  0.1000       21   2.100       2.200      40.19          6.17671265340E+04  8.67850323637E+04  8.39208266954E+04    1.40504   0.96700
    22  0.1000       22   2.200       2.300      40.19          5.74508712097E+04  8.08235499934E+04  7.73431442894E+04    1.40683   0.95694
    23  0.1000       23   2.300       2.400      40.19          5.31190262784E+04  7.36054214093E+04  6.87932645561E+04    1.38567   0.93462
    24  0.1000       24   2.400       2.500      40.19          4.89106493559E+04  6.87498913674E+04  6.23518733197E+04    1.40562   0.90694
    25  0.1000       25   2.500       2.600      40.19          4.47221128187E+04  6.20090367794E+04  6.03876536856E+04    1.38654   0.97385
    26  0.1000       26   2.600       2.700      40.19          4.06282066596E+04  5.75195783740E+04  5.27190089848E+04    1.41575   0.91654
    27  0.1000       27   2.700       2.800      40.19          3.66847776930E+04  5.06734743631E+04  4.91059394485E+04    1.38132   0.96907
    28  0.1000       28   2.800       2.900      40.19          3.28647249747E+04  4.48949298436E+04  4.30076918465E+04    1.36605   0.95796
    29  0.1000       29   2.900       3.000      40.19          2.92085319501E+04  4.02804042541E+04  3.82053275733E+04    1.37906   0.94848
    30  0.1000       30   3.000       3.100      40.19          2.57807287348E+04  3.49500367533E+04  3.27262005645E+04    1.35567   0.93637
    31  0.1000       31   3.100       3.200      40.19          2.25221338454E+04  3.21323342076E+04  2.96052137957E+04    1.42670   0.92135
    32  0.1000       32   3.200       3.300      40.19          1.95097875043E+04  2.72938902422E+04  2.47193009753E+04    1.39898   0.90567
    33  0.1000       33   3.300       3.400      40.19          1.67284243805E+04  2.20511165512E+04  2.06134347838E+04    1.31818   0.93480
    34  0.1000       34   3.400       3.500      40.19          1.42052085781E+04  1.99306031994E+04  1.75692993252E+04    1.40305   0.88152
    35  0.1000       35   3.500       3.600      40.19          1.18900991300E+04  1.73041199646E+04  1.65976416625E+04    1.45534   0.95917
    36  0.1000       36   3.600       3.700      40.19          9.87448342586E+03  1.32326696008E+04  1.25699500603E+04    1.34009   0.94992
    37  0.1000       37   3.700       3.800      40.19          8.03952136826E+03  1.16602173505E+04  1.07191238623E+04    1.45036   0.91929
    38  0.1000       38   3.800       3.900      40.19          6.47590716494E+03  9.01898785273E+03  8.80176639238E+03    1.39270   0.97592
    39  0.1000       39   3.900       4.000      40.19          5.12236295123E+03  7.09584280976E+03  6.60979606279E+03    1.38527   0.93150
    40  0.2000       40   4.000       4.200      40.19          3.49574895041E+03  5.19513654413E+03  4.69038866077E+03    1.48613   0.90284
    41  0.2000       41   4.200       4.400      40.19          1.91315221168E+03  3.04718655470E+03  2.88711289901E+03    1.59276   0.94747
 #=================================================================================================================================================================
 # My Cross Sections
 # The scale factors xmur, xmuf chosen here are:      2.000,      2.000
 #-----------------------------------------------------------------------------------------------------------------------------------------------------------------
 #IObs  BinSize  IODimO  [ ptj1_[GeV],       ]  < mw_[GeV]   >  LO_cross_section   NLO_cross_section  NNLO_cross_section   KNLO      KNNLO
 #-----------------------------------------------------------------------------------------------------------------------------------------------------------------
     1  0.1000        1   0.000       0.1000     160.8          1.03176473255E+05  1.51670116603E+05  1.63365248666E+05    1.47001   1.07711
     2  0.1000        2   0.1000      0.2000     160.8          1.02971607411E+05  1.51096295968E+05  1.59308404441E+05    1.46736   1.05435
     3  0.1000        3   0.2000      0.3000     160.8          1.02469907543E+05  1.50772625912E+05  1.61243444733E+05    1.47138   1.06945
     4  0.1000        4   0.3000      0.4000     160.8          1.01745705716E+05  1.48094309795E+05  1.58511362207E+05    1.45553   1.07034
     5  0.1000        5   0.4000      0.5000     160.8          1.00823704659E+05  1.47630898970E+05  1.54952962416E+05    1.46425   1.04960
     6  0.1000        6   0.5000      0.6000     160.8          9.96113860115E+04  1.47013447602E+05  1.57027581658E+05    1.47587   1.06812
     7  0.1000        7   0.6000      0.7000     160.8          9.81619720960E+04  1.44329537373E+05  1.55959353895E+05    1.47032   1.08058
     8  0.1000        8   0.7000      0.8000     160.8          9.64450655955E+04  1.40705454624E+05  1.50869909241E+05    1.45892   1.07224
     9  0.1000        9   0.8000      0.9000     160.8          9.45904400644E+04  1.38412864779E+05  1.47556276380E+05    1.46329   1.06606
    10  0.1000       10   0.9000      1.000      160.8          9.25132141261E+04  1.35252819038E+05  1.42226072081E+05    1.46198   1.05156
    11  0.2000       11   1.000       1.200      160.8          8.88522559561E+04  1.29300411973E+05  1.36872707721E+05    1.45523   1.05856
    12  0.1000       12   1.200       1.300      160.8          8.48323150181E+04  1.22903616801E+05  1.30946617963E+05    1.44878   1.06544
    13  0.1000       13   1.300       1.400      160.8          8.19346363848E+04  1.18865026272E+05  1.25855859615E+05    1.45073   1.05881
    14  0.1000       14   1.400       1.500      160.8          7.88143745820E+04  1.14864031777E+05  1.20193936984E+05    1.45740   1.04640
    15  0.1000       15   1.500       1.600      160.8          7.55352338715E+04  1.09168049969E+05  1.14942470336E+05    1.44526   1.05289
    16  0.1000       16   1.600       1.700      160.8          7.20878988115E+04  1.03701136466E+05  1.10646149628E+05    1.43854   1.06697
    17  0.1000       17   1.700       1.800      160.8          6.85476367037E+04  9.91183495252E+04  1.05037172652E+05    1.44598   1.05971
    18  0.1000       18   1.800       1.900      160.8          6.48936339569E+04  9.27359435008E+04  9.69130020993E+04    1.42905   1.04504
    19  0.1000       19   1.900       2.000      160.8          6.12444815014E+04  8.70939919581E+04  9.24299614495E+04    1.42207   1.06127
    20  0.1000       20   2.000       2.100      160.8          5.73899127853E+04  8.20646061027E+04  8.66466934832E+04    1.42995   1.05584
    21  0.1000       21   2.100       2.200      160.8          5.35559123239E+04  7.63845055036E+04  8.23873502414E+04    1.42626   1.07859
    22  0.1000       22   2.200       2.300      160.8          4.97604980262E+04  7.10693592580E+04  7.58089294569E+04    1.42823   1.06669
    23  0.1000       23   2.300       2.400      160.8          4.59524385535E+04  6.47785922638E+04  6.85442294640E+04    1.40969   1.05813
    24  0.1000       24   2.400       2.500      160.8          4.22513439965E+04  6.02489331383E+04  6.25578638379E+04    1.42596   1.03832
    25  0.1000       25   2.500       2.600      160.8          3.85705367755E+04  5.45232229745E+04  5.89638896369E+04    1.41360   1.08145
    26  0.1000       26   2.600       2.700      160.8          3.49739952857E+04  5.02766860514E+04  5.25035843807E+04    1.43754   1.04429
    27  0.1000       27   2.700       2.800      160.8          3.15130701441E+04  4.43999128403E+04  4.79968635213E+04    1.40894   1.08101
    28  0.1000       28   2.800       2.900      160.8          2.81618742346E+04  3.93689715784E+04  4.23926024828E+04    1.39795   1.07680
    29  0.1000       29   2.900       3.000      160.8          2.49599149244E+04  3.52034200556E+04  3.75652598519E+04    1.41040   1.06709
    30  0.1000       30   3.000       3.100      160.8          2.19616699727E+04  3.05505686106E+04  3.24873345995E+04    1.39109   1.06340
    31  0.1000       31   3.100       3.200      160.8          1.91173228111E+04  2.77378257219E+04  2.92332518425E+04    1.45093   1.05391
    32  0.1000       32   3.200       3.300      160.8          1.64957438099E+04  2.36077044013E+04  2.47877727844E+04    1.43114   1.04999
    33  0.1000       33   3.300       3.400      160.8          1.40813252420E+04  1.92610264639E+04  2.06819945078E+04    1.36784   1.07377
    34  0.1000       34   3.400       3.500      160.8          1.18985585712E+04  1.70839885003E+04  1.76470117720E+04    1.43580   1.03296
    35  0.1000       35   3.500       3.600      160.8          9.90543075720E+03  1.46932089364E+04  1.59794641314E+04    1.48335   1.08754
    36  0.1000       36   3.600       3.700      160.8          8.17734039655E+03  1.14058817525E+04  1.24120535004E+04    1.39482   1.08822
    37  0.1000       37   3.700       3.800      160.8          6.61314903764E+03  9.79274836030E+03  1.05039099996E+04    1.48080   1.07262
    38  0.1000       38   3.800       3.900      160.8          5.28874913618E+03  7.61726883188E+03  8.48779127203E+03    1.44028   1.11428
    39  0.1000       39   3.900       4.000      160.8          4.14917808522E+03  5.96882948137E+03  6.55039155382E+03    1.43856   1.09743
    40  0.2000       40   4.000       4.200      160.8          2.79437068869E+03  4.26859593330E+03  4.65436524767E+03    1.52757   1.09037
    41  0.2000       41   4.200       4.400      160.8          1.49644710711E+03  2.44045509645E+03  2.74964171327E+03    1.63083   1.12669
 #=================================================================================================================================================================
 # My Cross Sections
 # The scale factors xmur, xmuf chosen here are:      0.500,      1.000
 #-----------------------------------------------------------------------------------------------------------------------------------------------------------------
 #IObs  BinSize  IODimO  [ ptj1_[GeV],       ]  < mw_[GeV]   >  LO_cross_section   NLO_cross_section  NNLO_cross_section   KNLO      KNNLO
 #-----------------------------------------------------------------------------------------------------------------------------------------------------------------
     1  0.1000        1   0.000       0.1000     40.19          1.23969345700E+05  1.67325151781E+05  2.05721928825E+05    1.34973   1.22947
     2  0.1000        2   0.1000      0.2000     40.19          1.23722893385E+05  1.66622792246E+05  1.98438619011E+05    1.34674   1.19095
     3  0.1000        3   0.2000      0.3000     40.19          1.23120616369E+05  1.66423198810E+05  2.02342231872E+05    1.35171   1.21583
     4  0.1000        4   0.3000      0.4000     40.19          1.22250057006E+05  1.62881788703E+05  1.98751264756E+05    1.33237   1.22022
     5  0.1000        5   0.4000      0.5000     40.19          1.21141808562E+05  1.62691716832E+05  1.92434694930E+05    1.34299   1.18282
     6  0.1000        6   0.5000      0.6000     40.19          1.19686665359E+05  1.62619855283E+05  1.97525159107E+05    1.35871   1.21464
     7  0.1000        7   0.6000      0.7000     40.19          1.17947963238E+05  1.59397945559E+05  1.96756182092E+05    1.35143   1.23437
     8  0.1000        8   0.7000      0.8000     40.19          1.15886981357E+05  1.55089960734E+05  1.89321084910E+05    1.33829   1.22072
     9  0.1000        9   0.8000      0.9000     40.19          1.13661274737E+05  1.52792241186E+05  1.85431057131E+05    1.34428   1.21362
    10  0.1000       10   0.9000      1.000      40.19          1.11167806365E+05  1.49323755389E+05  1.77564123173E+05    1.34323   1.18912
    11  0.2000       11   1.000       1.200      40.19          1.06776711034E+05  1.42537553910E+05  1.71136147263E+05    1.33491   1.20064
    12  0.1000       12   1.200       1.300      40.19          1.01957713277E+05  1.35360592393E+05  1.64259756014E+05    1.32762   1.21350
    13  0.1000       13   1.300       1.400      40.19          9.84836692069E+04  1.31049472024E+05  1.57855917321E+05    1.33067   1.20455
    14  0.1000       14   1.400       1.500      40.19          9.47450456984E+04  1.26995662403E+05  1.50004233287E+05    1.34039   1.18118
    15  0.1000       15   1.500       1.600      40.19          9.08173286654E+04  1.20364429484E+05  1.43496208520E+05    1.32535   1.19218
    16  0.1000       16   1.600       1.700      40.19          8.66878087839E+04  1.14177359307E+05  1.39185248254E+05    1.31711   1.21903
    17  0.1000       17   1.700       1.800      40.19          8.24499610147E+04  1.09333554238E+05  1.31830174067E+05    1.32606   1.20576
    18  0.1000       18   1.800       1.900      40.19          7.80760979822E+04  1.02044556668E+05  1.20694497461E+05    1.30699   1.18276
    19  0.1000       19   1.900       2.000      40.19          7.37072983107E+04  9.58075111114E+04  1.15857989319E+05    1.29984   1.20928
    20  0.1000       20   2.000       2.100      40.19          6.90941757440E+04  9.05047589407E+04  1.08567203425E+05    1.30988   1.19957
    21  0.1000       21   2.100       2.200      40.19          6.45062926065E+04  8.41833441072E+04  1.04087883401E+05    1.30504   1.23644
    22  0.1000       22   2.200       2.300      40.19          5.99636769633E+04  7.85097104030E+04  9.57723365379E+04    1.30929   1.21988
    23  0.1000       23   2.300       2.400      40.19          5.54055493697E+04  7.12964246794E+04  8.57091744641E+04    1.28681   1.20215
    24  0.1000       24   2.400       2.500      40.19          5.09764332574E+04  6.65903637436E+04  7.76828690180E+04    1.30630   1.16658
    25  0.1000       25   2.500       2.600      40.19          4.65702005485E+04  6.01254451892E+04  7.43852325230E+04    1.29107   1.23717
    26  0.1000       26   2.600       2.700      40.19          4.22643419450E+04  5.57863018405E+04  6.53513195752E+04    1.31994   1.17146
    27  0.1000       27   2.700       2.800      40.19          3.81190188862E+04  4.90182818557E+04  6.03373816687E+04    1.28593   1.23092
    28  0.1000       28   2.800       2.900      40.19          3.41042923939E+04  4.33863633143E+04  5.28898571283E+04    1.27217   1.21904
    29  0.1000       29   2.900       3.000      40.19          3.02653544205E+04  3.89247058692E+04  4.68804396262E+04    1.28611   1.20439
    30  0.1000       30   3.000       3.100      40.19          2.66685563784E+04  3.37287956394E+04  4.00217586987E+04    1.26474   1.18658
    31  0.1000       31   3.100       3.200      40.19          2.32530551796E+04  3.11135119567E+04  3.59487016615E+04    1.33804   1.15540
    32  0.1000       32   3.200       3.300      40.19          2.01007377789E+04  2.63487382529E+04  3.01770573005E+04    1.31083   1.14529
    33  0.1000       33   3.300       3.400      40.19          1.71940147560E+04  2.12257052454E+04  2.50980475919E+04    1.23448   1.18244
    34  0.1000       34   3.400       3.500      40.19          1.45619515100E+04  1.92060681172E+04  2.13329762310E+04    1.31892   1.11074
    35  0.1000       35   3.500       3.600      40.19          1.21532225640E+04  1.66971924692E+04  1.95763124684E+04    1.37389   1.17243
    36  0.1000       36   3.600       3.700      40.19          1.00607444642E+04  1.27186890295E+04  1.49022867087E+04    1.26419   1.17168
    37  0.1000       37   3.700       3.800      40.19          8.16167783992E+03  1.12127975681E+04  1.26248494583E+04    1.37383   1.12593
    38  0.1000       38   3.800       3.900      40.19          6.54898406028E+03  8.66897656873E+03  1.03159390500E+04    1.32371   1.18998
    39  0.1000       39   3.900       4.000      40.19          5.15745276786E+03  6.79097418239E+03  7.68513309335E+03    1.31673   1.13167
    40  0.2000       40   4.000       4.200      40.19          3.49477526396E+03  4.97436069225E+03  5.40033076854E+03    1.42337   1.08563
    41  0.2000       41   4.200       4.400      40.19          1.89041937699E+03  2.91612385955E+03  3.21429011797E+03    1.54258   1.10225
 #=================================================================================================================================================================
 # My Cross Sections
 # The scale factors xmur, xmuf chosen here are:      1.000,      0.500
 #-----------------------------------------------------------------------------------------------------------------------------------------------------------------
 #IObs  BinSize  IODimO  [ ptj1_[GeV],       ]  < mw_[GeV]   >  LO_cross_section   NLO_cross_section  NNLO_cross_section   KNLO      KNNLO
 #-----------------------------------------------------------------------------------------------------------------------------------------------------------------
     1  0.1000        1   0.000       0.1000     80.39          1.05622398253E+05  1.61958274365E+05  1.39142867533E+05    1.53337   0.85913
     2  0.1000        2   0.1000      0.2000     80.38          1.05412467461E+05  1.61340778601E+05  1.34205179800E+05    1.53057   0.83181
     3  0.1000        3   0.2000      0.3000     80.38          1.04900559993E+05  1.61104349000E+05  1.37318940492E+05    1.53578   0.85236
     4  0.1000        4   0.3000      0.4000     80.38          1.04159553152E+05  1.58029795679E+05  1.34335164645E+05    1.51719   0.85006
     5  0.1000        5   0.4000      0.5000     80.38          1.03216219010E+05  1.57697098475E+05  1.30632632776E+05    1.52783   0.82838
     6  0.1000        6   0.5000      0.6000     80.39          1.01979655906E+05  1.57204499755E+05  1.33481166057E+05    1.54153   0.84909
     7  0.1000        7   0.6000      0.7000     80.39          1.00503038097E+05  1.54315019121E+05  1.33445802756E+05    1.53543   0.86476
     8  0.1000        8   0.7000      0.8000     80.38          9.87512399430E+04  1.50382391870E+05  1.28007594000E+05    1.52284   0.85121
     9  0.1000        9   0.8000      0.9000     80.38          9.68600082062E+04  1.48068243854E+05  1.25225404842E+05    1.52868   0.84573
    10  0.1000       10   0.9000      1.000      80.38          9.47404321432E+04  1.44734755639E+05  1.19810488622E+05    1.52770   0.82779
    11  0.2000       11   1.000       1.200      80.38          9.10104082352E+04  1.38482408426E+05  1.15568242455E+05    1.52161   0.83453
    12  0.1000       12   1.200       1.300      80.39          8.69193974793E+04  1.31725853610E+05  1.10494177320E+05    1.51549   0.83882
    13  0.1000       13   1.300       1.400      80.39          8.39690473579E+04  1.27369439352E+05  1.06144299695E+05    1.51686   0.83336
    14  0.1000       14   1.400       1.500      80.39          8.07962543366E+04  1.23277500603E+05  1.00909167980E+05    1.52578   0.81855
    15  0.1000       15   1.500       1.600      80.39          7.74638972493E+04  1.17146951718E+05  9.66625476525E+04    1.51228   0.82514
    16  0.1000       16   1.600       1.700      80.38          7.39593616819E+04  1.11449492706E+05  9.40406192135E+04    1.50690   0.84380
    17  0.1000       17   1.700       1.800      80.38          7.03658193243E+04  1.06462560801E+05  8.85700344846E+04    1.51299   0.83194
    18  0.1000       18   1.800       1.900      80.38          6.66564570553E+04  9.96900248293E+04  8.09894542229E+04    1.49558   0.81241
    19  0.1000       19   1.900       2.000      80.39          6.29502391083E+04  9.36550093017E+04  7.77235485474E+04    1.48776   0.82989
    20  0.1000       20   2.000       2.100      80.38          5.90378761066E+04  8.84087476243E+04  7.29720354247E+04    1.49749   0.82539
    21  0.1000       21   2.100       2.200      80.39          5.51471721904E+04  8.24182462798E+04  7.01349538835E+04    1.49451   0.85096
    22  0.1000       22   2.200       2.300      80.38          5.12935159021E+04  7.66568284801E+04  6.46607458853E+04    1.49447   0.84351
    23  0.1000       23   2.300       2.400      80.39          4.74259408385E+04  6.99880841396E+04  5.78887306933E+04    1.47573   0.82712
    24  0.1000       24   2.400       2.500      80.39          4.36686009749E+04  6.52345584973E+04  5.27484559421E+04    1.49386   0.80860
    25  0.1000       25   2.500       2.600      80.39          3.99289750831E+04  5.89082910983E+04  5.06723174346E+04    1.47533   0.86019
    26  0.1000       26   2.600       2.700      80.38          3.62738374630E+04  5.44733883528E+04  4.46180443359E+04    1.50173   0.81908
    27  0.1000       27   2.700       2.800      80.39          3.27530494897E+04  4.81496492974E+04  4.13643011298E+04    1.47008   0.85908
    28  0.1000       28   2.800       2.900      80.39          2.93424147905E+04  4.27202263828E+04  3.64487065963E+04    1.45592   0.85320
    29  0.1000       29   2.900       3.000      80.38          2.60780779562E+04  3.82713363733E+04  3.23904267574E+04    1.46757   0.84634
    30  0.1000       30   3.000       3.100      80.39          2.30176530221E+04  3.32531601563E+04  2.80376482809E+04    1.44468   0.84316
    31  0.1000       31   3.100       3.200      80.39          2.01083013403E+04  3.03117734351E+04  2.54634781268E+04    1.50743   0.84005
    32  0.1000       32   3.200       3.300      80.38          1.74188062692E+04  2.58404357100E+04  2.14018579369E+04    1.48348   0.82823
    33  0.1000       33   3.300       3.400      80.38          1.49355385551E+04  2.10395696479E+04  1.79110806614E+04    1.40869   0.85130
    34  0.1000       34   3.400       3.500      80.38          1.26827509618E+04  1.88247066499E+04  1.53268098026E+04    1.48428   0.81419
    35  0.1000       35   3.500       3.600      80.38          1.06157657136E+04  1.62566131200E+04  1.44482559712E+04    1.53137   0.88876
    36  0.1000       36   3.600       3.700      80.38          8.81617566390E+03  1.25745999707E+04  1.10941026479E+04    1.42631   0.88226
    37  0.1000       37   3.700       3.800      80.38          7.17787752326E+03  1.09347253503E+04  9.47747003290E+03    1.52339   0.86673
    38  0.1000       38   3.800       3.900      80.38          5.78184525579E+03  8.49305624129E+03  7.73841391926E+03    1.46892   0.91115
    39  0.1000       39   3.900       4.000      80.39          4.57336851405E+03  6.69461970737E+03  5.97194821673E+03    1.46383   0.89205
    40  0.2000       40   4.000       4.200      80.39          3.12108851619E+03  4.84645534064E+03  4.29169188686E+03    1.55281   0.88553
    41  0.2000       41   4.200       4.400      80.39          1.70810818577E+03  2.81219948139E+03  2.65167493358E+03    1.64638   0.94292
 #=================================================================================================================================================================
 # My Cross Sections
 # The scale factors xmur, xmuf chosen here are:      1.000,      2.000
 #-----------------------------------------------------------------------------------------------------------------------------------------------------------------
 #IObs  BinSize  IODimO  [ ptj1_[GeV],       ]  < mw_[GeV]   >  LO_cross_section   NLO_cross_section  NNLO_cross_section   KNLO      KNNLO
 #-----------------------------------------------------------------------------------------------------------------------------------------------------------------
     1  0.1000        1   0.000       0.1000     80.39          1.14176241166E+05  1.58111626438E+05  1.94642214538E+05    1.38480   1.23104
     2  0.1000        2   0.1000      0.2000     80.39          1.13949534329E+05  1.57480283707E+05  1.89183745357E+05    1.38202   1.20132
     3  0.1000        3   0.2000      0.3000     80.38          1.13394347634E+05  1.57191058169E+05  1.91766641960E+05    1.38623   1.21996
     4  0.1000        4   0.3000      0.4000     80.39          1.12592937779E+05  1.54157975300E+05  1.88624629146E+05    1.36916   1.22358
     5  0.1000        5   0.4000      0.5000     80.39          1.11572641080E+05  1.53792946938E+05  1.83695611567E+05    1.37841   1.19443
     6  0.1000        6   0.5000      0.6000     80.38          1.10231075684E+05  1.53417528074E+05  1.87090248522E+05    1.39178   1.21948
     7  0.1000        7   0.6000      0.7000     80.38          1.08627138007E+05  1.50491496984E+05  1.85811204390E+05    1.38540   1.23470
     8  0.1000        8   0.7000      0.8000     80.38          1.06727190040E+05  1.46574006053E+05  1.79589589117E+05    1.37335   1.22525
     9  0.1000        9   0.8000      0.9000     80.39          1.04674840650E+05  1.44261810847E+05  1.75782586206E+05    1.37819   1.21850
    10  0.1000       10   0.9000      1.000      80.38          1.02376159156E+05  1.40965286364E+05  1.69137927601E+05    1.37693   1.19986
    11  0.2000       11   1.000       1.200      80.38          9.83249018322E+04  1.34616105790E+05  1.62817241070E+05    1.36909   1.20949
    12  0.1000       12   1.200       1.300      80.39          9.38763901558E+04  1.27866801909E+05  1.56071056559E+05    1.36208   1.22058
    13  0.1000       13   1.300       1.400      80.39          9.06697865182E+04  1.23746613252E+05  1.50021818403E+05    1.36481   1.21233
    14  0.1000       14   1.400       1.500      80.38          8.72168698516E+04  1.19712474692E+05  1.43045580912E+05    1.37258   1.19491
    15  0.1000       15   1.500       1.600      80.38          8.35881360059E+04  1.13609944852E+05  1.36772757629E+05    1.35916   1.20388
    16  0.1000       16   1.600       1.700      80.39          7.97732764088E+04  1.07788841266E+05  1.31855346356E+05    1.35119   1.22327
    17  0.1000       17   1.700       1.800      80.39          7.58555826996E+04  1.03156848206E+05  1.25267180367E+05    1.35991   1.21434
    18  0.1000       18   1.800       1.900      80.38          7.18120223251E+04  9.63645195391E+04  1.15343357409E+05    1.34190   1.19695
    19  0.1000       19   1.900       2.000      80.38          6.77738293371E+04  9.04825857322E+04  1.10222281262E+05    1.33507   1.21816
    20  0.1000       20   2.000       2.100      80.39          6.35083204142E+04  8.53365780520E+04  1.03268003691E+05    1.34371   1.21013
    21  0.1000       21   2.100       2.200      80.39          5.92655725521E+04  7.93686681617E+04  9.83771793997E+04    1.33920   1.23950
    22  0.1000       22   2.200       2.300      80.39          5.50655245712E+04  7.39566721044E+04  9.04777302190E+04    1.34307   1.22339
    23  0.1000       23   2.300       2.400      80.38          5.08514832978E+04  6.72451845625E+04  8.15439126025E+04    1.32238   1.21264
    24  0.1000       24   2.400       2.500      80.38          4.67558105985E+04  6.26549226583E+04  7.41753985819E+04    1.34005   1.18387
    25  0.1000       25   2.500       2.600      80.39          4.26825880926E+04  5.66758106615E+04  7.01797685566E+04    1.32784   1.23827
    26  0.1000       26   2.600       2.700      80.38          3.87026149887E+04  5.24041271647E+04  6.22160627484E+04    1.35402   1.18724
    27  0.1000       27   2.700       2.800      80.38          3.48727164551E+04  4.61458621868E+04  5.69790014917E+04    1.32327   1.23476
    28  0.1000       28   2.800       2.900      80.39          3.11642455189E+04  4.08767779091E+04  5.01451890990E+04    1.31166   1.22674
    29  0.1000       29   2.900       3.000      80.39          2.76209214755E+04  3.66072892595E+04  4.44093706228E+04    1.32535   1.21313
    30  0.1000       30   3.000       3.100      80.38          2.43030300233E+04  3.17393397307E+04  3.81329570639E+04    1.30598   1.20144
    31  0.1000       31   3.100       3.200      80.39          2.11554435897E+04  2.90440846688E+04  3.42062444941E+04    1.37289   1.17774
    32  0.1000       32   3.200       3.300      80.39          1.82543748980E+04  2.46457498372E+04  2.89170348599E+04    1.35013   1.17331
    33  0.1000       33   3.300       3.400      80.38          1.55825522626E+04  1.99885632470E+04  2.40530821821E+04    1.28275   1.20334
    34  0.1000       34   3.400       3.500      80.39          1.31670782117E+04  1.78834742932E+04  2.04763913461E+04    1.35820   1.14499
    35  0.1000       35   3.500       3.600      80.39          1.09614606442E+04  1.54587734413E+04  1.84951270636E+04    1.41028   1.19642
    36  0.1000       36   3.600       3.700      80.39          9.04913649167E+03  1.18951283971E+04  1.42458917812E+04    1.31450   1.19762
    37  0.1000       37   3.700       3.800      80.38          7.31818481063E+03  1.03265464390E+04  1.20458373559E+04    1.41108   1.16649
    38  0.1000       38   3.800       3.900      80.38          5.85258904272E+03  8.01372861827E+03  9.76331856987E+03    1.36926   1.21832
    39  0.1000       39   3.900       4.000      80.38          4.59152695138E+03  6.27126299149E+03  7.40067068734E+03    1.36583   1.18009
    40  0.2000       40   4.000       4.200      80.38          3.09228190879E+03  4.53100464795E+03  5.21748637690E+03    1.46526   1.15151
    41  0.2000       41   4.200       4.400      80.39          1.65598513308E+03  2.61836594316E+03  3.06314521184E+03    1.58115   1.16987
 #=================================================================================================================================================================
 # My Cross Sections
 # The scale factors xmur, xmuf chosen here are:      2.000,      1.000
 #-----------------------------------------------------------------------------------------------------------------------------------------------------------------
 #IObs  BinSize  IODimO  [ ptj1_[GeV],       ]  < mw_[GeV]   >  LO_cross_section   NLO_cross_section  NNLO_cross_section   KNLO      KNNLO
 #-----------------------------------------------------------------------------------------------------------------------------------------------------------------
     1  0.1000        1   0.000       0.1000     160.8          1.00019596081E+05  1.52738898157E+05  1.42463042785E+05    1.52709   0.93272
     2  0.1000        2   0.1000      0.2000     160.8          9.98207561110E+04  1.52170316627E+05  1.38592564825E+05    1.52444   0.91077
     3  0.1000        3   0.2000      0.3000     160.8          9.93348335338E+04  1.51867632135E+05  1.40732407808E+05    1.52885   0.92668
     4  0.1000        4   0.3000      0.4000     160.8          9.86324583188E+04  1.49173097601E+05  1.38067865227E+05    1.51241   0.92555
     5  0.1000        5   0.4000      0.5000     160.8          9.77383133912E+04  1.48726365048E+05  1.34944633003E+05    1.52168   0.90733
     6  0.1000        6   0.5000      0.6000     160.8          9.65642906145E+04  1.48075767884E+05  1.36856842996E+05    1.53344   0.92424
     7  0.1000        7   0.6000      0.7000     160.8          9.51614899236E+04  1.45408467783E+05  1.36264355854E+05    1.52802   0.93711
     8  0.1000        8   0.7000      0.8000     160.8          9.34986709891E+04  1.41782135962E+05  1.31471195538E+05    1.51641   0.92728
     9  0.1000        9   0.8000      0.9000     160.8          9.17029506369E+04  1.39500188923E+05  1.28544824623E+05    1.52122   0.92147
    10  0.1000       10   0.9000      1.000      160.8          8.96911976669E+04  1.36332698985E+05  1.23674046294E+05    1.52002   0.90715
    11  0.2000       11   1.000       1.200      160.8          8.61484220006E+04  1.30426579357E+05  1.19121293147E+05    1.51398   0.91332
    12  0.1000       12   1.200       1.300      160.8          8.22604107630E+04  1.24039329534E+05  1.13844410773E+05    1.50789   0.91781
    13  0.1000       13   1.300       1.400      160.8          7.94575203976E+04  1.19926770146E+05  1.09389781937E+05    1.50932   0.91214
    14  0.1000       14   1.400       1.500      160.8          7.64411649340E+04  1.15918428321E+05  1.04406944152E+05    1.51644   0.90069
    15  0.1000       15   1.500       1.600      160.8          7.32722470943E+04  1.10221557867E+05  9.99135244730E+04    1.50427   0.90648
    16  0.1000       16   1.600       1.700      160.8          6.99405128804E+04  1.04810310096E+05  9.64853317368E+04    1.49856   0.92057
    17  0.1000       17   1.700       1.800      160.8          6.65213787409E+04  1.00108919270E+05  9.13160901252E+04    1.50491   0.91217
    18  0.1000       18   1.800       1.900      160.8          6.29925062495E+04  9.37482286379E+04  8.40651068149E+04    1.48824   0.89671
    19  0.1000       19   1.900       2.000      160.8          5.94677189237E+04  8.80641076276E+04  8.02973422698E+04    1.48087   0.91181
    20  0.1000       20   2.000       2.100      160.8          5.57458096632E+04  8.30120269634E+04  7.53483197379E+04    1.48912   0.90768
    21  0.1000       21   2.100       2.200      160.8          5.20442638036E+04  7.73347798619E+04  7.18803469487E+04    1.48594   0.92947
    22  0.1000       22   2.200       2.300      160.8          4.83792401705E+04  7.19090669085E+04  6.61965239728E+04    1.48636   0.92056
    23  0.1000       23   2.300       2.400      160.8          4.47017013545E+04  6.56451441824E+04  5.97483489769E+04    1.46852   0.91017
    24  0.1000       24   2.400       2.500      160.8          4.11282501756E+04  6.10687350346E+04  5.45913027200E+04    1.48484   0.89393
    25  0.1000       25   2.500       2.600      160.8          3.75732615347E+04  5.52275838732E+04  5.17322724024E+04    1.46986   0.93671
    26  0.1000       26   2.600       2.700      160.8          3.40992556353E+04  5.09352715161E+04  4.59801890379E+04    1.49374   0.90272
    27  0.1000       27   2.700       2.800      160.8          3.07547712741E+04  4.50453937287E+04  4.22177442542E+04    1.46466   0.93723
    28  0.1000       28   2.800       2.900      160.8          2.75156534109E+04  3.99689926794E+04  3.73368154876E+04    1.45259   0.93414
    29  0.1000       29   2.900       3.000      160.8          2.44183633243E+04  3.57472920582E+04  3.31278574570E+04    1.46395   0.92672
    30  0.1000       30   3.000       3.100      160.8          2.15164339375E+04  3.10500523637E+04  2.87617941002E+04    1.44309   0.92630
    31  0.1000       31   3.100       3.200      160.8          1.87607764934E+04  2.81598044031E+04  2.60218084353E+04    1.50099   0.92408
    32  0.1000       32   3.200       3.300      160.8          1.62174581322E+04  2.40108190035E+04  2.20281930593E+04    1.48055   0.91743
    33  0.1000       33   3.300       3.400      160.8          1.38722875497E+04  1.96174246728E+04  1.84366721145E+04    1.41414   0.93981
    34  0.1000       34   3.400       3.500      160.8          1.17487149743E+04  1.74102622203E+04  1.57657122976E+04    1.48189   0.90554
    35  0.1000       35   3.500       3.600      160.8          9.80533054413E+03  1.49735957895E+04  1.45116598820E+04    1.52709   0.96915
    36  0.1000       36   3.600       3.700      160.8          8.11710017421E+03  1.16451446424E+04  1.12733081459E+04    1.43464   0.96807
    37  0.1000       37   3.700       3.800      160.8          6.58491594258E+03  1.00128526846E+04  9.57887654556E+03    1.52057   0.95666
    38  0.1000       38   3.800       3.900      160.8          5.28377992761E+03  7.79196743371E+03  7.76415120075E+03    1.47470   0.99643
    39  0.1000       39   3.900       4.000      160.8          4.16107981965E+03  6.12442010037E+03  6.04234522386E+03    1.47183   0.98660
    40  0.2000       40   4.000       4.200      160.8          2.81961648116E+03  4.38753890098E+03  4.33209842576E+03    1.55608   0.98736
    41  0.2000       41   4.200       4.400      160.8          1.52520755387E+03  2.51555630781E+03  2.61175545981E+03    1.64932   1.03824
