 ##################################################################################
 # [fnlo-tk-cppread] Evaluating table: /ptmp/mpp/asaborido/ATLAS8TeV/ATLAS8TeV_mw_25xnodes_NNLO/combine/combine_grid/R.ptw.tab.gz
 # [fnlo-tk-cppread] Using PDF set   : NNPDF31_nnlo_as_0118
 # [fnlo-tk-cppread] If possible, will try to do 7 scale factor variations.
 # [fnlo-tk-cppread] Using alpha_s evolution code: LHAPDF
 # [fnlo-tk-cppread] Preparing unnormalized cross sections,
 # [fnlo-tk-cppread] Using scale definition kScale1
 # [fnlo-tk-cppread] No request for central scale factor, using default of unity.
 # [fnlo-tk-cppread] No request for no. of flavours, using default of LHAPDF or Nf = 5.
 # [fnlo-tk-cppread] No request for no. of loops, using default of LHAPDF or NLoop = 2.
 # [fnlo-tk-cppread] No request for value of alpha_s(M_Z), using default of LHAPDF or asMz = 0.118.
 # [fnlo-tk-cppread] No request for value of M_Z, using default of LHAPDF or Mz = 91.1876.
 # [fnlo-tk-cppread] No request for Ecms, using default as defined in grid.
 # [fnlo-tk-cppread] Using verbosity level: WARNING
 ##################################################################################

 # WARNING! [OrderCoefficients] Could not find any LO Calculation!
 # WARNING! [OrderCoefficients] Separate evaluation of higher-order contributions currently in testing phase, beware of problems.
 # WARNING! [OrderCoefficients] Not all features will be available in this case, but a straight calculation should be possible. Use with care!
LHAPDF 6.5.3 loading /cvmfs/sft.cern.ch/lcg/external/lhapdfsets/current/NNPDF31_nnlo_as_0118/NNPDF31_nnlo_as_0118_0000.dat
NNPDF31_nnlo_as_0118 PDF set, member #0, version 1; LHAPDF ID = 303600
LHAPDF 6.5.3 loading /cvmfs/sft.cern.ch/lcg/external/lhapdfsets/current/NNPDF31_nnlo_as_0118/NNPDF31_nnlo_as_0118_0000.dat
NNPDF31_nnlo_as_0118 PDF set, member #0, version 1; LHAPDF ID = 303600

 ##################################################################################################################################################################
 # [fnlo-tk-cppread] Calculate my cross sections
 ##################################################################################################################################################################
 # WARNING! [fnlo-tk-cppread] LO not found, output is still experimental!
 #=================================================================================================================================================================
 # My Cross Sections
 # The scale factors xmur, xmuf chosen here are:      1.000,      1.000
 #-----------------------------------------------------------------------------------------------------------------------------------------------------------------
 #IObs  BinSize  IODimO  [ ptj1_[GeV],       ]  < mw_[GeV]   >  NLO_contribution 
 #-----------------------------------------------------------------------------------------------------------------------------------------------------------------
     1  25.00         1   0.000       25.00      70.71          2.15388444512E+03
     2  25.00         2   25.00       50.00      80.38         -2.49850291104E+03
     3  25.00         3   50.00       75.00      80.39          7.80527237692E+01
     4  25.00         4   75.00       100.0      80.38          1.05242648868E+02
     5  25.00         5   100.0       125.0      80.38          6.39239342397E+01
     6  25.00         6   125.0       150.0      80.39          4.01307500679E+01
     7  25.00         7   150.0       175.0      80.39          2.36782052415E+01
     8  25.00         8   175.0       200.0      80.38          1.44555384586E+01
     9  50.00         9   200.0       250.0      80.38          7.57990426101E+00
    10  50.00        10   250.0       300.0      80.39          3.35638608509E+00
    11  50.00        11   300.0       350.0      80.38          1.59309706752E+00
    12  50.00        12   350.0       400.0      80.38          7.92295968106E-01
    13  50.00        13   400.0       450.0      80.39          4.20594842793E-01
    14  50.00        14   450.0       500.0      80.38          2.35559343547E-01
    15  100.0        15   500.0       600.0      80.39          1.05305777246E-01
    16  200.0        16   600.0       800.0      80.38          2.75211761420E-02
 #=================================================================================================================================================================
 # My Cross Sections
 # The scale factors xmur, xmuf chosen here are:      0.500,      0.500
 #-----------------------------------------------------------------------------------------------------------------------------------------------------------------
 #IObs  BinSize  IODimO  [ ptj1_[GeV],       ]  < mw_[GeV]   >  NLO_contribution 
 #-----------------------------------------------------------------------------------------------------------------------------------------------------------------
     1  25.00         1   0.000       25.00      35.36          2.67976047645E+03
     2  25.00         2   25.00       50.00      40.19         -3.03465265342E+03
     3  25.00         3   50.00       75.00      40.19          7.70497663619E+01
     4  25.00         4   75.00       100.0      40.19          1.27003296189E+02
     5  25.00         5   100.0       125.0      40.19          8.00628820110E+01
     6  25.00         6   125.0       150.0      40.19          5.13918615136E+01
     7  25.00         7   150.0       175.0      40.19          3.08369626686E+01
     8  25.00         8   175.0       200.0      40.19          1.90887232581E+01
     9  50.00         9   200.0       250.0      40.19          1.01751268577E+01
    10  50.00        10   250.0       300.0      40.19          4.59179762278E+00
    11  50.00        11   300.0       350.0      40.19          2.21442010171E+00
    12  50.00        12   350.0       400.0      40.19          1.11579295298E+00
    13  50.00        13   400.0       450.0      40.19          5.99096844809E-01
    14  50.00        14   450.0       500.0      40.19          3.39126029719E-01
    15  100.0        15   500.0       600.0      40.19          1.53424914774E-01
    16  200.0        16   600.0       800.0      40.19          4.08991727694E-02
 #=================================================================================================================================================================
 # My Cross Sections
 # The scale factors xmur, xmuf chosen here are:      2.000,      2.000
 #-----------------------------------------------------------------------------------------------------------------------------------------------------------------
 #IObs  BinSize  IODimO  [ ptj1_[GeV],       ]  < mw_[GeV]   >  NLO_contribution 
 #-----------------------------------------------------------------------------------------------------------------------------------------------------------------
     1  25.00         1   0.000       25.00      141.4          1.75678656848E+03
     2  25.00         2   25.00       50.00      160.8         -2.08325480542E+03
     3  25.00         3   50.00       75.00      160.8          7.41831316140E+01
     4  25.00         4   75.00       100.0      160.8          8.77270814962E+01
     5  25.00         5   100.0       125.0      160.8          5.17362772030E+01
     6  25.00         6   125.0       150.0      160.8          3.18926619099E+01
     7  25.00         7   150.0       175.0      160.8          1.85553866389E+01
     8  25.00         8   175.0       200.0      160.8          1.11970999427E+01
     9  50.00         9   200.0       250.0      160.8          5.79103973269E+00
    10  50.00        10   250.0       300.0      160.8          2.52342312005E+00
    11  50.00        11   300.0       350.0      160.8          1.18169946058E+00
    12  50.00        12   350.0       400.0      160.8          5.81218539593E-01
    13  50.00        13   400.0       450.0      160.8          3.05554758877E-01
    14  50.00        14   450.0       500.0      160.8          1.69580255382E-01
    15  100.0        15   500.0       600.0      160.8          7.50407990344E-02
    16  200.0        16   600.0       800.0      160.8          1.92792565051E-02
 #=================================================================================================================================================================
 # My Cross Sections
 # The scale factors xmur, xmuf chosen here are:      0.500,      1.000
 #-----------------------------------------------------------------------------------------------------------------------------------------------------------------
 #IObs  BinSize  IODimO  [ ptj1_[GeV],       ]  < mw_[GeV]   >  NLO_contribution 
 #-----------------------------------------------------------------------------------------------------------------------------------------------------------------
     1  25.00         1   0.000       25.00      35.36          2.71594998942E+03
     2  25.00         2   25.00       50.00      40.19         -3.13435483160E+03
     3  25.00         3   50.00       75.00      40.19          9.79166086957E+01
     4  25.00         4   75.00       100.0      40.19          1.32026183965E+02
     5  25.00         5   100.0       125.0      40.19          8.01921387618E+01
     6  25.00         6   125.0       150.0      40.19          5.03437517784E+01
     7  25.00         7   150.0       175.0      40.19          2.97041467010E+01
     8  25.00         8   175.0       200.0      40.19          1.81343742331E+01
     9  50.00         9   200.0       250.0      40.19          9.50893810793E+00
    10  50.00        10   250.0       300.0      40.19          4.21056341221E+00
    11  50.00        11   300.0       350.0      40.19          1.99852938683E+00
    12  50.00        12   350.0       400.0      40.19          9.93929878856E-01
    13  50.00        13   400.0       450.0      40.19          5.27633356691E-01
    14  50.00        14   450.0       500.0      40.19          2.95507587089E-01
    15  100.0        15   500.0       600.0      40.19          1.32105378084E-01
    16  200.0        16   600.0       800.0      40.19          3.45251274397E-02
 #=================================================================================================================================================================
 # My Cross Sections
 # The scale factors xmur, xmuf chosen here are:      1.000,      0.500
 #-----------------------------------------------------------------------------------------------------------------------------------------------------------------
 #IObs  BinSize  IODimO  [ ptj1_[GeV],       ]  < mw_[GeV]   >  NLO_contribution 
 #-----------------------------------------------------------------------------------------------------------------------------------------------------------------
     1  25.00         1   0.000       25.00      70.71          2.12518434779E+03
     2  25.00         2   25.00       50.00      80.38         -2.41902684792E+03
     3  25.00         3   50.00       75.00      80.39          6.14190402469E+01
     4  25.00         4   75.00       100.0      80.38          1.01238730868E+02
     5  25.00         5   100.0       125.0      80.39          6.38208992020E+01
     6  25.00         6   125.0       150.0      80.39          4.09662346780E+01
     7  25.00         7   150.0       175.0      80.38          2.45812121264E+01
     8  25.00         8   175.0       200.0      80.39          1.52162831558E+01
     9  50.00         9   200.0       250.0      80.39          8.11094641167E+00
    10  50.00        10   250.0       300.0      80.38          3.66028109254E+00
    11  50.00        11   300.0       350.0      80.38          1.76519104174E+00
    12  50.00        12   350.0       400.0      80.39          8.89437249745E-01
    13  50.00        13   400.0       450.0      80.38          4.77560866964E-01
    14  50.00        14   450.0       500.0      80.38          2.70329116512E-01
    15  100.0        15   500.0       600.0      80.39          1.22300319136E-01
    16  200.0        16   600.0       800.0      80.39          3.26021486761E-02
 #=================================================================================================================================================================
 # My Cross Sections
 # The scale factors xmur, xmuf chosen here are:      1.000,      2.000
 #-----------------------------------------------------------------------------------------------------------------------------------------------------------------
 #IObs  BinSize  IODimO  [ ptj1_[GeV],       ]  < mw_[GeV]   >  NLO_contribution 
 #-----------------------------------------------------------------------------------------------------------------------------------------------------------------
     1  25.00         1   0.000       25.00      70.71          2.16008656388E+03
     2  25.00         2   25.00       50.00      80.39         -2.55112957333E+03
     3  25.00         3   50.00       75.00      80.38          9.08437990446E+01
     4  25.00         4   75.00       100.0      80.38          1.07429562339E+02
     5  25.00         5   100.0       125.0      80.38          6.33556425469E+01
     6  25.00         6   125.0       150.0      80.39          3.90553823559E+01
     7  25.00         7   150.0       175.0      80.39          2.27227103837E+01
     8  25.00         8   175.0       200.0      80.38          1.37118381894E+01
     9  50.00         9   200.0       250.0      80.39          7.09163981474E+00
    10  50.00        10   250.0       300.0      80.38          3.09015456526E+00
    11  50.00        11   300.0       350.0      80.38          1.44709539746E+00
    12  50.00        12   350.0       400.0      80.38          7.11753454768E-01
    13  50.00        13   400.0       450.0      80.38          3.74178799258E-01
    14  50.00        14   450.0       500.0      80.39          2.07666005825E-01
    15  100.0        15   500.0       600.0      80.39          9.18940885793E-02
    16  200.0        16   600.0       800.0      80.38          2.36091529917E-02
 #=================================================================================================================================================================
 # My Cross Sections
 # The scale factors xmur, xmuf chosen here are:      2.000,      1.000
 #-----------------------------------------------------------------------------------------------------------------------------------------------------------------
 #IObs  BinSize  IODimO  [ ptj1_[GeV],       ]  < mw_[GeV]   >  NLO_contribution 
 #-----------------------------------------------------------------------------------------------------------------------------------------------------------------
     1  25.00         1   0.000       25.00      141.4          1.75174241928E+03
     2  25.00         2   25.00       50.00      160.8         -2.04027982358E+03
     3  25.00         3   50.00       75.00      160.8          6.37379275316E+01
     4  25.00         4   75.00       100.0      160.8          8.59412459022E+01
     5  25.00         5   100.0       125.0      160.8          5.22003447330E+01
     6  25.00         6   125.0       150.0      160.8          3.27708081935E+01
     7  25.00         7   150.0       175.0      160.8          1.93356446371E+01
     8  25.00         8   175.0       200.0      160.8          1.18044062810E+01
     9  50.00         9   200.0       250.0      160.8          6.18975693806E+00
    10  50.00        10   250.0       300.0      160.8          2.74082802917E+00
    11  50.00        11   300.0       350.0      160.8          1.30092456146E+00
    12  50.00        12   350.0       400.0      160.8          6.46989631625E-01
    13  50.00        13   400.0       450.0      160.8          3.43458143618E-01
    14  50.00        14   450.0       500.0      160.8          1.92357981162E-01
    15  100.0        15   500.0       600.0      160.8          8.59927965948E-02
    16  200.0        16   600.0       800.0      160.8          2.24738182835E-02
