 ##################################################################################
 # [fnlo-tk-cppread] Evaluating table: /ptmp/mpp/asaborido/ATLAS8TeV/ATLAS8TeV_mw_25xnodes_NNLO/combine/combine_grid/RV.ptj1.tab.gz
 # [fnlo-tk-cppread] Using PDF set   : NNPDF31_nnlo_as_0118
 # [fnlo-tk-cppread] If possible, will try to do 7 scale factor variations.
 # [fnlo-tk-cppread] Using alpha_s evolution code: LHAPDF
 # [fnlo-tk-cppread] Preparing unnormalized cross sections,
 # [fnlo-tk-cppread] Using scale definition kScale1
 # [fnlo-tk-cppread] No request for central scale factor, using default of unity.
 # [fnlo-tk-cppread] No request for no. of flavours, using default of LHAPDF or Nf = 5.
 # [fnlo-tk-cppread] No request for no. of loops, using default of LHAPDF or NLoop = 2.
 # [fnlo-tk-cppread] No request for value of alpha_s(M_Z), using default of LHAPDF or asMz = 0.118.
 # [fnlo-tk-cppread] No request for value of M_Z, using default of LHAPDF or Mz = 91.1876.
 # [fnlo-tk-cppread] No request for Ecms, using default as defined in grid.
 # [fnlo-tk-cppread] Using verbosity level: WARNING
 ##################################################################################

 # WARNING! [OrderCoefficients] Could not find any LO Calculation!
 # WARNING! [OrderCoefficients] Separate evaluation of higher-order contributions currently in testing phase, beware of problems.
 # WARNING! [OrderCoefficients] Not all features will be available in this case, but a straight calculation should be possible. Use with care!
LHAPDF 6.5.3 loading /cvmfs/sft.cern.ch/lcg/external/lhapdfsets/current/NNPDF31_nnlo_as_0118/NNPDF31_nnlo_as_0118_0000.dat
NNPDF31_nnlo_as_0118 PDF set, member #0, version 1; LHAPDF ID = 303600
LHAPDF 6.5.3 loading /cvmfs/sft.cern.ch/lcg/external/lhapdfsets/current/NNPDF31_nnlo_as_0118/NNPDF31_nnlo_as_0118_0000.dat
NNPDF31_nnlo_as_0118 PDF set, member #0, version 1; LHAPDF ID = 303600

 ##################################################################################################################################################################
 # [fnlo-tk-cppread] Calculate my cross sections
 ##################################################################################################################################################################
 # WARNING! [fnlo-tk-cppread] LO not found, output is still experimental!
 #=================================================================================================================================================================
 # My Cross Sections
 # The scale factors xmur, xmuf chosen here are:      1.000,      1.000
 #-----------------------------------------------------------------------------------------------------------------------------------------------------------------
 #IObs  BinSize  IODimO  [ ptj1_[GeV],       ]  < mw_[GeV]   >  NNLO_contribution 
 #-----------------------------------------------------------------------------------------------------------------------------------------------------------------
     1  10.00         1   30.00       40.00      80.38          1.73229509396E+02
     2  20.00         2   40.00       60.00      80.38          6.78003447594E+02
     3  20.00         3   60.00       80.00      80.38          3.59743983820E+02
     4  20.00         4   80.00       100.0      80.39          1.86101437636E+02
     5  20.00         5   100.0       120.0      80.38          1.01492795478E+02
     6  20.00         6   120.0       140.0      80.38          5.83442364435E+01
     7  20.00         7   140.0       160.0      80.39          3.39886176645E+01
     8  20.00         8   160.0       180.0      80.38          1.97698905974E+01
     9  20.00         9   180.0       200.0      80.39          1.17435488228E+01
    10  20.00        10   200.0       220.0      80.39          6.80264927972E+00
    11  20.00        11   220.0       240.0      80.39          3.87528735968E+00
    12  20.00        12   240.0       260.0      80.38          2.05074130323E+00
    13  20.00        13   260.0       280.0      80.39          9.91254286989E-01
    14  20.00        14   280.0       300.0      80.38          3.01474084923E-01
    15  50.00        15   300.0       350.0      80.39         -2.27948394530E-01
    16  50.00        16   350.0       400.0      80.39         -4.67636212133E-01
    17  50.00        17   400.0       450.0      80.39         -4.46114688321E-01
    18  50.00        18   450.0       500.0      80.39         -3.72881812628E-01
    19  50.00        19   500.0       550.0      80.38         -2.82878492297E-01
    20  50.00        20   550.0       600.0      80.38         -2.12394739278E-01
    21  100.0        21   600.0       700.0      80.39         -1.37686179174E-01
    22  300.0        22   700.0       1000.      80.39         -4.67697428737E-02
 #=================================================================================================================================================================
 # My Cross Sections
 # The scale factors xmur, xmuf chosen here are:      0.500,      0.500
 #-----------------------------------------------------------------------------------------------------------------------------------------------------------------
 #IObs  BinSize  IODimO  [ ptj1_[GeV],       ]  < mw_[GeV]   >  NNLO_contribution 
 #-----------------------------------------------------------------------------------------------------------------------------------------------------------------
     1  10.00         1   30.00       40.00      40.19          7.54246841282E+02
     2  20.00         2   40.00       60.00      40.19          9.51640842649E+02
     3  20.00         3   60.00       80.00      40.19          4.49429638683E+02
     4  20.00         4   80.00       100.0      40.19          2.14384522304E+02
     5  20.00         5   100.0       120.0      40.19          1.05974852467E+02
     6  20.00         6   120.0       140.0      40.19          5.43920982381E+01
     7  20.00         7   140.0       160.0      40.19          2.65073426739E+01
     8  20.00         8   160.0       180.0      40.19          1.15208524074E+01
     9  20.00         9   180.0       200.0      40.19          3.75175422587E+00
    10  20.00        10   200.0       220.0      40.19         -2.51526807381E-01
    11  20.00        11   220.0       240.0      40.19         -2.34750528337E+00
    12  20.00        12   240.0       260.0      40.19         -3.33921463466E+00
    13  20.00        13   260.0       280.0      40.19         -3.60843243214E+00
    14  20.00        14   280.0       300.0      40.19         -3.60074209408E+00
    15  50.00        15   300.0       350.0      40.19         -3.14496639349E+00
    16  50.00        16   350.0       400.0      40.19         -2.40083589558E+00
    17  50.00        17   400.0       450.0      40.19         -1.73104055112E+00
    18  50.00        18   450.0       500.0      40.19         -1.24941618854E+00
    19  50.00        19   500.0       550.0      40.19         -8.76237407958E-01
    20  50.00        20   550.0       600.0      40.19         -6.21981493993E-01
    21  100.0        21   600.0       700.0      40.19         -3.82663459842E-01
    22  300.0        22   700.0       1000.      40.19         -1.22205027098E-01
 #=================================================================================================================================================================
 # My Cross Sections
 # The scale factors xmur, xmuf chosen here are:      2.000,      2.000
 #-----------------------------------------------------------------------------------------------------------------------------------------------------------------
 #IObs  BinSize  IODimO  [ ptj1_[GeV],       ]  < mw_[GeV]   >  NNLO_contribution 
 #-----------------------------------------------------------------------------------------------------------------------------------------------------------------
     1  10.00         1   30.00       40.00      160.8         -1.58455624382E+02
     2  20.00         2   40.00       60.00      160.8          5.03912773754E+02
     3  20.00         3   60.00       80.00      160.8          2.97721253203E+02
     4  20.00         4   80.00       100.0      160.8          1.63388342583E+02
     5  20.00         5   100.0       120.0      160.8          9.45315152043E+01
     6  20.00         6   120.0       140.0      160.8          5.74411544470E+01
     7  20.00         7   140.0       160.0      160.8          3.59054467361E+01
     8  20.00         8   160.0       180.0      160.8          2.26986014721E+01
     9  20.00         9   180.0       200.0      160.8          1.48992933698E+01
    10  20.00        10   200.0       220.0      160.8          9.73072733031E+00
    11  20.00        11   220.0       240.0      160.8          6.54268235130E+00
    12  20.00        12   240.0       260.0      160.8          4.40887737754E+00
    13  20.00        13   260.0       280.0      160.8          3.02708996365E+00
    14  20.00        14   280.0       300.0      160.8          2.04515263830E+00
    15  50.00        15   300.0       350.0      160.8          1.08711759727E+00
    16  50.00        16   350.0       400.0      160.8          4.10310315879E-01
    17  50.00        17   400.0       450.0      160.8          1.38826504936E-01
    18  50.00        18   450.0       500.0      160.8          2.66644937316E-02
    19  50.00        19   500.0       550.0      160.8         -1.29179435390E-02
    20  50.00        20   550.0       600.0      160.8         -2.63172751046E-02
    21  100.0        21   600.0       700.0      160.8         -2.66938797449E-02
    22  300.0        22   700.0       1000.      160.8         -1.29025509272E-02
 #=================================================================================================================================================================
 # My Cross Sections
 # The scale factors xmur, xmuf chosen here are:      0.500,      1.000
 #-----------------------------------------------------------------------------------------------------------------------------------------------------------------
 #IObs  BinSize  IODimO  [ ptj1_[GeV],       ]  < mw_[GeV]   >  NNLO_contribution 
 #-----------------------------------------------------------------------------------------------------------------------------------------------------------------
     1  10.00         1   30.00       40.00      40.19          4.25572581477E+03
     2  20.00         2   40.00       60.00      40.19          2.48457742114E+03
     3  20.00         3   60.00       80.00      40.19          1.09667899625E+03
     4  20.00         4   80.00       100.0      40.19          5.36545583361E+02
     5  20.00         5   100.0       120.0      40.19          2.80940602067E+02
     6  20.00         6   120.0       140.0      40.19          1.55998904632E+02
     7  20.00         7   140.0       160.0      40.19          8.85049134669E+01
     8  20.00         8   160.0       180.0      40.19          5.10624552659E+01
     9  20.00         9   180.0       200.0      40.19          2.98941011830E+01
    10  20.00        10   200.0       220.0      40.19          1.76006738074E+01
    11  20.00        11   220.0       240.0      40.19          1.02621311027E+01
    12  20.00        12   240.0       260.0      40.19          5.75740780677E+00
    13  20.00        13   260.0       280.0      40.19          3.12144168042E+00
    14  20.00        14   280.0       300.0      40.19          1.44836746747E+00
    15  50.00        15   300.0       350.0      40.19          9.80405757654E-02
    16  50.00        16   350.0       400.0      40.19         -6.20008093436E-01
    17  50.00        17   400.0       450.0      40.19         -6.80502598808E-01
    18  50.00        18   450.0       500.0      40.19         -5.97955969247E-01
    19  50.00        19   500.0       550.0      40.19         -4.62074317724E-01
    20  50.00        20   550.0       600.0      40.19         -3.49810577423E-01
    21  100.0        21   600.0       700.0      40.19         -2.27301900534E-01
    22  300.0        22   700.0       1000.      40.19         -7.71353936549E-02
 #=================================================================================================================================================================
 # My Cross Sections
 # The scale factors xmur, xmuf chosen here are:      1.000,      0.500
 #-----------------------------------------------------------------------------------------------------------------------------------------------------------------
 #IObs  BinSize  IODimO  [ ptj1_[GeV],       ]  < mw_[GeV]   >  NNLO_contribution 
 #-----------------------------------------------------------------------------------------------------------------------------------------------------------------
     1  10.00         1   30.00       40.00      80.39         -2.16527291555E+03
     2  20.00         2   40.00       60.00      80.38         -3.61317746566E+02
     3  20.00         3   60.00       80.00      80.39         -8.62243014252E+01
     4  20.00         4   80.00       100.0      80.39         -3.87844421030E+01
     5  20.00         5   100.0       120.0      80.39         -2.19340343545E+01
     6  20.00         6   120.0       140.0      80.38         -1.39397246574E+01
     7  20.00         7   140.0       160.0      80.39         -1.03845426768E+01
     8  20.00         8   160.0       180.0      80.39         -8.65763803434E+00
     9  20.00         9   180.0       200.0      80.39         -7.09433574727E+00
    10  20.00        10   200.0       220.0      80.39         -6.08270261617E+00
    11  20.00        11   220.0       240.0      80.38         -5.22706866725E+00
    12  20.00        12   240.0       260.0      80.39         -4.51013702420E+00
    13  20.00        13   260.0       280.0      80.39         -3.85514023092E+00
    14  20.00        14   280.0       300.0      80.39         -3.32764421982E+00
    15  50.00        15   300.0       350.0      80.38         -2.55074206841E+00
    16  50.00        16   350.0       400.0      80.39         -1.73307621505E+00
    17  50.00        17   400.0       450.0      80.38         -1.18762477156E+00
    18  50.00        18   450.0       500.0      80.39         -8.29242344173E-01
    19  50.00        19   500.0       550.0      80.39         -5.71181550257E-01
    20  50.00        20   550.0       600.0      80.39         -4.00765784733E-01
    21  100.0        21   600.0       700.0      80.38         -2.44526481876E-01
    22  300.0        22   700.0       1000.      80.38         -7.74008369900E-02
 #=================================================================================================================================================================
 # My Cross Sections
 # The scale factors xmur, xmuf chosen here are:      1.000,      2.000
 #-----------------------------------------------------------------------------------------------------------------------------------------------------------------
 #IObs  BinSize  IODimO  [ ptj1_[GeV],       ]  < mw_[GeV]   >  NNLO_contribution 
 #-----------------------------------------------------------------------------------------------------------------------------------------------------------------
     1  10.00         1   30.00       40.00      80.38          2.75102333934E+03
     2  20.00         2   40.00       60.00      80.39          1.80823654628E+03
     3  20.00         3   60.00       80.00      80.39          8.32769394185E+02
     4  20.00         4   80.00       100.0      80.39          4.18927464667E+02
     5  20.00         5   100.0       120.0      80.39          2.26441333092E+02
     6  20.00         6   120.0       140.0      80.38          1.29969523196E+02
     7  20.00         7   140.0       160.0      80.38          7.71226336477E+01
     8  20.00         8   160.0       180.0      80.38          4.69022804717E+01
     9  20.00         9   180.0       200.0      80.38          2.94166982921E+01
    10  20.00        10   200.0       220.0      80.39          1.86917730933E+01
    11  20.00        11   220.0       240.0      80.38          1.21455914259E+01
    12  20.00        12   240.0       260.0      80.39          7.92292445407E+00
    13  20.00        13   260.0       280.0      80.38          5.26844306328E+00
    14  20.00        14   280.0       300.0      80.39          3.46030688746E+00
    15  50.00        15   300.0       350.0      80.39          1.75321315625E+00
    16  50.00        16   350.0       400.0      80.38          5.81968945992E-01
    17  50.00        17   400.0       450.0      80.38          1.54101045715E-01
    18  50.00        18   450.0       500.0      80.38         -1.10265929446E-02
    19  50.00        19   500.0       550.0      80.38         -5.84756954021E-02
    20  50.00        20   550.0       600.0      80.39         -6.80652263981E-02
    21  100.0        21   600.0       700.0      80.39         -5.73487571694E-02
    22  300.0        22   700.0       1000.      80.38         -2.45020725290E-02
 #=================================================================================================================================================================
 # My Cross Sections
 # The scale factors xmur, xmuf chosen here are:      2.000,      1.000
 #-----------------------------------------------------------------------------------------------------------------------------------------------------------------
 #IObs  BinSize  IODimO  [ ptj1_[GeV],       ]  < mw_[GeV]   >  NNLO_contribution 
 #-----------------------------------------------------------------------------------------------------------------------------------------------------------------
     1  10.00         1   30.00       40.00      160.8         -1.97938131586E+03
     2  20.00         2   40.00       60.00      160.8         -3.04225585967E+02
     3  20.00         3   60.00       80.00      160.8         -4.50280997219E+01
     4  20.00         4   80.00       100.0      160.8         -7.12627977272E+00
     5  20.00         5   100.0       120.0      160.8          2.24322847614E+00
     6  20.00         6   120.0       140.0      160.8          4.17956073683E+00
     7  20.00         7   140.0       160.0      160.8          3.68094221142E+00
     8  20.00         8   160.0       180.0      160.8          2.36032839218E+00
     9  20.00         9   180.0       200.0      160.8          1.63188455613E+00
    10  20.00        10   200.0       220.0      160.8          7.96138877194E-01
    11  20.00        11   220.0       240.0      160.8          3.29859016018E-01
    12  20.00        12   240.0       260.0      160.8          2.90003634863E-03
    13  20.00        13   260.0       280.0      160.8         -1.76383172334E-01
    14  20.00        14   280.0       300.0      160.8         -3.15727772935E-01
    15  50.00        15   300.0       350.0      160.8         -3.87909088814E-01
    16  50.00        16   350.0       400.0      160.8         -3.64546030541E-01
    17  50.00        17   400.0       450.0      160.8         -3.01012489957E-01
    18  50.00        18   450.0       500.0      160.8         -2.36283362627E-01
    19  50.00        19   500.0       550.0      160.8         -1.74814183683E-01
    20  50.00        20   550.0       600.0      160.8         -1.29749355780E-01
    21  100.0        21   600.0       700.0      160.8         -8.38297967952E-02
    22  300.0        22   700.0       1000.      160.8         -2.85151802128E-02
