 ##################################################################################
 # [fnlo-tk-cppread] Evaluating table: /ptmp/mpp/asaborido/ATLAS8TeV/ATLAS8TeV_mw_25xnodes_NNLO/combine/combine_grid/V.abs_yj1.tab.gz
 # [fnlo-tk-cppread] Using PDF set   : NNPDF31_nnlo_as_0118
 # [fnlo-tk-cppread] If possible, will try to do 7 scale factor variations.
 # [fnlo-tk-cppread] Using alpha_s evolution code: LHAPDF
 # [fnlo-tk-cppread] Preparing unnormalized cross sections,
 # [fnlo-tk-cppread] Using scale definition kScale1
 # [fnlo-tk-cppread] No request for central scale factor, using default of unity.
 # [fnlo-tk-cppread] No request for no. of flavours, using default of LHAPDF or Nf = 5.
 # [fnlo-tk-cppread] No request for no. of loops, using default of LHAPDF or NLoop = 2.
 # [fnlo-tk-cppread] No request for value of alpha_s(M_Z), using default of LHAPDF or asMz = 0.118.
 # [fnlo-tk-cppread] No request for value of M_Z, using default of LHAPDF or Mz = 91.1876.
 # [fnlo-tk-cppread] No request for Ecms, using default as defined in grid.
 # [fnlo-tk-cppread] Using verbosity level: WARNING
 ##################################################################################

 # WARNING! [OrderCoefficients] Could not find any LO Calculation!
 # WARNING! [OrderCoefficients] Separate evaluation of higher-order contributions currently in testing phase, beware of problems.
 # WARNING! [OrderCoefficients] Not all features will be available in this case, but a straight calculation should be possible. Use with care!
LHAPDF 6.5.3 loading /cvmfs/sft.cern.ch/lcg/external/lhapdfsets/current/NNPDF31_nnlo_as_0118/NNPDF31_nnlo_as_0118_0000.dat
NNPDF31_nnlo_as_0118 PDF set, member #0, version 1; LHAPDF ID = 303600
LHAPDF 6.5.3 loading /cvmfs/sft.cern.ch/lcg/external/lhapdfsets/current/NNPDF31_nnlo_as_0118/NNPDF31_nnlo_as_0118_0000.dat
NNPDF31_nnlo_as_0118 PDF set, member #0, version 1; LHAPDF ID = 303600

 ##################################################################################################################################################################
 # [fnlo-tk-cppread] Calculate my cross sections
 ##################################################################################################################################################################
 # WARNING! [fnlo-tk-cppread] LO not found, output is still experimental!
 #=================================================================================================================================================================
 # My Cross Sections
 # The scale factors xmur, xmuf chosen here are:      1.000,      1.000
 #-----------------------------------------------------------------------------------------------------------------------------------------------------------------
 #IObs  BinSize  IODimO  [ ptj1_[GeV],       ]  < mw_[GeV]   >  NLO_contribution 
 #-----------------------------------------------------------------------------------------------------------------------------------------------------------------
     1  0.1000        1   0.000       0.1000     80.38          4.83475443165E+04
     2  0.1000        2   0.1000      0.2000     80.38          4.81333236730E+04
     3  0.1000        3   0.2000      0.3000     80.38          4.80567598191E+04
     4  0.1000        4   0.3000      0.4000     80.38          4.75484773738E+04
     5  0.1000        5   0.4000      0.5000     80.39          4.72955415388E+04
     6  0.1000        6   0.5000      0.6000     80.39          4.65828227860E+04
     7  0.1000        7   0.6000      0.7000     80.39          4.59570354005E+04
     8  0.1000        8   0.7000      0.8000     80.38          4.49217817943E+04
     9  0.1000        9   0.8000      0.9000     80.38          4.40828505220E+04
    10  0.1000       10   0.9000      1.000      80.39          4.30384896455E+04
    11  0.2000       11   1.000       1.200      80.39          4.14739194269E+04
    12  0.1000       12   1.200       1.300      80.39          3.96155937104E+04
    13  0.1000       13   1.300       1.400      80.38          3.80818935220E+04
    14  0.1000       14   1.400       1.500      80.38          3.65244984858E+04
    15  0.1000       15   1.500       1.600      80.38          3.50368115298E+04
    16  0.1000       16   1.600       1.700      80.39          3.35640877718E+04
    17  0.1000       17   1.700       1.800      80.38          3.18493551841E+04
    18  0.1000       18   1.800       1.900      80.38          3.00042840687E+04
    19  0.1000       19   1.900       2.000      80.39          2.81558976103E+04
    20  0.1000       20   2.000       2.100      80.39          2.64560704568E+04
    21  0.1000       21   2.100       2.200      80.38          2.47795419008E+04
    22  0.1000       22   2.200       2.300      80.38          2.27504306020E+04
    23  0.1000       23   2.300       2.400      80.39          2.10829492995E+04
    24  0.1000       24   2.400       2.500      80.38          1.95036385788E+04
    25  0.1000       25   2.500       2.600      80.38          1.76252291578E+04
    26  0.1000       26   2.600       2.700      80.39          1.60791885052E+04
    27  0.1000       27   2.700       2.800      80.39          1.44738208455E+04
    28  0.1000       28   2.800       2.900      80.38          1.29099990691E+04
    29  0.1000       29   2.900       3.000      80.39          1.15547853474E+04
    30  0.1000       30   3.000       3.100      80.38          1.01226246071E+04
    31  0.1000       31   3.100       3.200      80.38          8.83380316956E+03
    32  0.1000       32   3.200       3.300      80.39          7.77686047254E+03
    33  0.1000       33   3.300       3.400      80.39          6.59138687355E+03
    34  0.1000       34   3.400       3.500      80.39          5.67192087904E+03
    35  0.1000       35   3.500       3.600      80.39          4.83621762875E+03
    36  0.1000       36   3.600       3.700      80.39          4.02951618477E+03
    37  0.1000       37   3.700       3.800      80.38          3.29536545313E+03
    38  0.1000       38   3.800       3.900      80.38          2.64933178445E+03
    39  0.1000       39   3.900       4.000      80.39          2.19939096915E+03
    40  0.2000       40   4.000       4.200      80.39          1.55923764751E+03
    41  0.2000       41   4.200       4.400      80.39          9.09105776757E+02
 #=================================================================================================================================================================
 # My Cross Sections
 # The scale factors xmur, xmuf chosen here are:      0.500,      0.500
 #-----------------------------------------------------------------------------------------------------------------------------------------------------------------
 #IObs  BinSize  IODimO  [ ptj1_[GeV],       ]  < mw_[GeV]   >  NLO_contribution 
 #-----------------------------------------------------------------------------------------------------------------------------------------------------------------
     1  0.1000        1   0.000       0.1000     40.19          5.13788237218E+04
     2  0.1000        2   0.1000      0.2000     40.19          5.11028671796E+04
     3  0.1000        3   0.2000      0.3000     40.19          5.10754926934E+04
     4  0.1000        4   0.3000      0.4000     40.19          5.05113370077E+04
     5  0.1000        5   0.4000      0.5000     40.19          5.02269870294E+04
     6  0.1000        6   0.5000      0.6000     40.19          4.94962372645E+04
     7  0.1000        7   0.6000      0.7000     40.19          4.88407651433E+04
     8  0.1000        8   0.7000      0.8000     40.19          4.76666017413E+04
     9  0.1000        9   0.8000      0.9000     40.19          4.68459976572E+04
    10  0.1000       10   0.9000      1.000      40.19          4.57146967911E+04
    11  0.2000       11   1.000       1.200      40.19          4.40530780231E+04
    12  0.1000       12   1.200       1.300      40.19          4.20735272481E+04
    13  0.1000       13   1.300       1.400      40.19          4.04009879546E+04
    14  0.1000       14   1.400       1.500      40.19          3.87255583940E+04
    15  0.1000       15   1.500       1.600      40.19          3.71539407941E+04
    16  0.1000       16   1.600       1.700      40.19          3.56082722916E+04
    17  0.1000       17   1.700       1.800      40.19          3.37504706540E+04
    18  0.1000       18   1.800       1.900      40.19          3.17846394920E+04
    19  0.1000       19   1.900       2.000      40.19          2.97621663511E+04
    20  0.1000       20   2.000       2.100      40.19          2.80223981090E+04
    21  0.1000       21   2.100       2.200      40.19          2.61718257140E+04
    22  0.1000       22   2.200       2.300      40.19          2.40061924799E+04
    23  0.1000       23   2.300       2.400      40.19          2.22313842619E+04
    24  0.1000       24   2.400       2.500      40.19          2.05369071133E+04
    25  0.1000       25   2.500       2.600      40.19          1.84848510195E+04
    26  0.1000       26   2.600       2.700      40.19          1.68169411473E+04
    27  0.1000       27   2.700       2.800      40.19          1.51378603558E+04
    28  0.1000       28   2.800       2.900      40.19          1.34674070170E+04
    29  0.1000       29   2.900       3.000      40.19          1.20154052079E+04
    30  0.1000       30   3.000       3.100      40.19          1.05196457144E+04
    31  0.1000       31   3.100       3.200      40.19          9.12755157668E+03
    32  0.1000       32   3.200       3.300      40.19          8.03940077736E+03
    33  0.1000       33   3.300       3.400      40.19          6.76073239663E+03
    34  0.1000       34   3.400       3.500      40.19          5.80836431687E+03
    35  0.1000       35   3.500       3.600      40.19          4.94289129349E+03
    36  0.1000       36   3.600       3.700      40.19          4.09450477748E+03
    37  0.1000       37   3.700       3.800      40.19          3.34305045064E+03
    38  0.1000       38   3.800       3.900      40.19          2.67523398506E+03
    39  0.1000       39   3.900       4.000      40.19          2.22503760234E+03
    40  0.2000       40   4.000       4.200      40.19          1.56774623389E+03
    41  0.2000       41   4.200       4.400      40.19          9.16943351660E+02
 #=================================================================================================================================================================
 # My Cross Sections
 # The scale factors xmur, xmuf chosen here are:      2.000,      2.000
 #-----------------------------------------------------------------------------------------------------------------------------------------------------------------
 #IObs  BinSize  IODimO  [ ptj1_[GeV],       ]  < mw_[GeV]   >  NLO_contribution 
 #-----------------------------------------------------------------------------------------------------------------------------------------------------------------
     1  0.1000        1   0.000       0.1000     160.8          4.74752820072E+04
     2  0.1000        2   0.1000      0.2000     160.8          4.72976213427E+04
     3  0.1000        3   0.2000      0.3000     160.8          4.71884923937E+04
     4  0.1000        4   0.3000      0.4000     160.8          4.67000464508E+04
     5  0.1000        5   0.4000      0.5000     160.8          4.64560169677E+04
     6  0.1000        6   0.5000      0.6000     160.8          4.57396144730E+04
     7  0.1000        7   0.6000      0.7000     160.8          4.51187178154E+04
     8  0.1000        8   0.7000      0.8000     160.8          4.41461514516E+04
     9  0.1000        9   0.8000      0.9000     160.8          4.32740235259E+04
    10  0.1000       10   0.9000      1.000      160.8          4.22610092310E+04
    11  0.2000       11   1.000       1.200      160.8          4.07192309837E+04
    12  0.1000       12   1.200       1.300      160.8          3.88905263787E+04
    13  0.1000       13   1.300       1.400      160.8          3.74076908100E+04
    14  0.1000       14   1.400       1.500      160.8          3.58913572537E+04
    15  0.1000       15   1.500       1.600      160.8          3.44205394036E+04
    16  0.1000       16   1.600       1.700      160.8          3.29631492830E+04
    17  0.1000       17   1.700       1.800      160.8          3.12985463176E+04
    18  0.1000       18   1.800       1.900      160.8          2.94873753473E+04
    19  0.1000       19   1.900       2.000      160.8          2.77059716064E+04
    20  0.1000       20   2.000       2.100      160.8          2.59988235169E+04
    21  0.1000       21   2.100       2.200      160.8          2.43957165771E+04
    22  0.1000       22   2.200       2.300      160.8          2.24081473784E+04
    23  0.1000       23   2.300       2.400      160.8          2.07724108832E+04
    24  0.1000       24   2.400       2.500      160.8          1.92339169222E+04
    25  0.1000       25   2.500       2.600      160.8          1.74242979784E+04
    26  0.1000       26   2.600       2.700      160.8          1.59228099649E+04
    27  0.1000       27   2.700       2.800      160.8          1.43299798767E+04
    28  0.1000       28   2.800       2.900      160.8          1.27981651961E+04
    29  0.1000       29   2.900       3.000      160.8          1.14744370864E+04
    30  0.1000       30   3.000       3.100      160.8          1.00509309150E+04
    31  0.1000       31   3.100       3.200      160.8          8.79986029064E+03
    32  0.1000       32   3.200       3.300      160.8          7.73915500246E+03
    33  0.1000       33   3.300       3.400      160.8          6.58324407676E+03
    34  0.1000       34   3.400       3.500      160.8          5.66489288739E+03
    35  0.1000       35   3.500       3.600      160.8          4.83027830511E+03
    36  0.1000       36   3.600       3.700      160.8          4.03128051779E+03
    37  0.1000       37   3.700       3.800      160.8          3.29547762948E+03
    38  0.1000       38   3.800       3.900      160.8          2.65049551359E+03
    39  0.1000       39   3.900       4.000      160.8          2.19321870052E+03
    40  0.2000       40   4.000       4.200      160.8          1.55466817946E+03
    41  0.2000       41   4.200       4.400      160.8          8.99388204024E+02
 #=================================================================================================================================================================
 # My Cross Sections
 # The scale factors xmur, xmuf chosen here are:      0.500,      1.000
 #-----------------------------------------------------------------------------------------------------------------------------------------------------------------
 #IObs  BinSize  IODimO  [ ptj1_[GeV],       ]  < mw_[GeV]   >  NLO_contribution 
 #-----------------------------------------------------------------------------------------------------------------------------------------------------------------
     1  0.1000        1   0.000       0.1000     40.19          4.18348767607E+04
     2  0.1000        2   0.1000      0.2000     40.19          4.16221902825E+04
     3  0.1000        3   0.2000      0.3000     40.19          4.15867346122E+04
     4  0.1000        4   0.3000      0.4000     40.19          4.11438875339E+04
     5  0.1000        5   0.4000      0.5000     40.19          4.09420036587E+04
     6  0.1000        6   0.5000      0.6000     40.19          4.03374905944E+04
     7  0.1000        7   0.6000      0.7000     40.19          3.97821266408E+04
     8  0.1000        8   0.7000      0.8000     40.19          3.88681178762E+04
     9  0.1000        9   0.8000      0.9000     40.19          3.81531577519E+04
    10  0.1000       10   0.9000      1.000      40.19          3.72432488204E+04
    11  0.2000       11   1.000       1.200      40.19          3.58982821700E+04
    12  0.1000       12   1.200       1.300      40.19          3.43077556728E+04
    13  0.1000       13   1.300       1.400      40.19          3.29711825948E+04
    14  0.1000       14   1.400       1.500      40.19          3.16218115411E+04
    15  0.1000       15   1.500       1.600      40.19          3.03455285605E+04
    16  0.1000       16   1.600       1.700      40.19          2.90665451065E+04
    17  0.1000       17   1.700       1.800      40.19          2.75973716876E+04
    18  0.1000       18   1.800       1.900      40.19          2.60003482369E+04
    19  0.1000       19   1.900       2.000      40.19          2.44060620432E+04
    20  0.1000       20   2.000       2.100      40.19          2.29505554352E+04
    21  0.1000       21   2.100       2.200      40.19          2.14981693573E+04
    22  0.1000       22   2.200       2.300      40.19          1.97395727424E+04
    23  0.1000       23   2.300       2.400      40.19          1.83068000411E+04
    24  0.1000       24   2.400       2.500      40.19          1.69574840539E+04
    25  0.1000       25   2.500       2.600      40.19          1.53277338993E+04
    26  0.1000       26   2.600       2.700      40.19          1.40001507158E+04
    27  0.1000       27   2.700       2.800      40.19          1.26300441933E+04
    28  0.1000       28   2.800       2.900      40.19          1.12708963043E+04
    29  0.1000       29   2.900       3.000      40.19          1.01231111537E+04
    30  0.1000       30   3.000       3.100      40.19          8.90593090594E+03
    31  0.1000       31   3.100       3.200      40.19          7.79260349045E+03
    32  0.1000       32   3.200       3.300      40.19          6.89379108475E+03
    33  0.1000       33   3.300       3.400      40.19          5.87174685606E+03
    34  0.1000       34   3.400       3.500      40.19          5.08870306804E+03
    35  0.1000       35   3.500       3.600      40.19          4.36914490819E+03
    36  0.1000       36   3.600       3.700      40.19          3.67401530472E+03
    37  0.1000       37   3.700       3.800      40.19          3.02651044186E+03
    38  0.1000       38   3.800       3.900      40.19          2.45697874471E+03
    39  0.1000       39   3.900       4.000      40.19          2.06780294964E+03
    40  0.2000       40   4.000       4.200      40.19          1.49149490544E+03
    41  0.2000       41   4.200       4.400      40.19          8.92613669376E+02
 #=================================================================================================================================================================
 # My Cross Sections
 # The scale factors xmur, xmuf chosen here are:      1.000,      0.500
 #-----------------------------------------------------------------------------------------------------------------------------------------------------------------
 #IObs  BinSize  IODimO  [ ptj1_[GeV],       ]  < mw_[GeV]   >  NLO_contribution 
 #-----------------------------------------------------------------------------------------------------------------------------------------------------------------
     1  0.1000        1   0.000       0.1000     80.39          5.52908369615E+04
     2  0.1000        2   0.1000      0.2000     80.38          5.50295271341E+04
     3  0.1000        3   0.2000      0.3000     80.38          5.49596170768E+04
     4  0.1000        4   0.3000      0.4000     80.38          5.43631618472E+04
     5  0.1000        5   0.4000      0.5000     80.39          5.40475609519E+04
     6  0.1000        6   0.5000      0.6000     80.38          5.32445715633E+04
     7  0.1000        7   0.6000      0.7000     80.38          5.25485181673E+04
     8  0.1000        8   0.7000      0.8000     80.38          5.13220173157E+04
     9  0.1000        9   0.8000      0.9000     80.38          5.04104219496E+04
    10  0.1000       10   0.9000      1.000      80.38          4.92035546570E+04
    11  0.2000       11   1.000       1.200      80.38          4.74098472915E+04
    12  0.1000       12   1.200       1.300      80.39          4.52698654906E+04
    13  0.1000       13   1.300       1.400      80.39          4.34906496227E+04
    14  0.1000       14   1.400       1.500      80.38          4.16962001132E+04
    15  0.1000       15   1.500       1.600      80.39          3.99956409986E+04
    16  0.1000       16   1.600       1.700      80.39          3.83306590152E+04
    17  0.1000       17   1.700       1.800      80.38          3.63330051995E+04
    18  0.1000       18   1.800       1.900      80.38          3.42228461364E+04
    19  0.1000       19   1.900       2.000      80.38          3.20606739155E+04
    20  0.1000       20   2.000       2.100      80.39          3.01606872055E+04
    21  0.1000       21   2.100       2.200      80.39          2.81909036380E+04
    22  0.1000       22   2.200       2.300      80.38          2.58683083106E+04
    23  0.1000       23   2.300       2.400      80.39          2.39531346400E+04
    24  0.1000       24   2.400       2.500      80.38          2.21220905646E+04
    25  0.1000       25   2.500       2.600      80.39          1.99342252084E+04
    26  0.1000       26   2.600       2.700      80.39          1.81402197041E+04
    27  0.1000       27   2.700       2.800      80.38          1.63126380255E+04
    28  0.1000       28   2.800       2.900      80.39          1.45234552555E+04
    29  0.1000       29   2.900       3.000      80.38          1.29453812091E+04
    30  0.1000       30   3.000       3.100      80.39          1.13119081306E+04
    31  0.1000       31   3.100       3.200      80.39          9.81873601339E+03
    32  0.1000       32   3.200       3.300      80.38          8.62513635981E+03
    33  0.1000       33   3.300       3.400      80.38          7.25034281682E+03
    34  0.1000       34   3.400       3.500      80.39          6.20809370916E+03
    35  0.1000       35   3.500       3.600      80.38          5.26529371421E+03
    36  0.1000       36   3.600       3.700      80.38          4.34536939461E+03
    37  0.1000       37   3.700       3.800      80.38          3.53552694725E+03
    38  0.1000       38   3.800       3.900      80.39          2.81655496079E+03
    39  0.1000       39   3.900       4.000      80.39          2.32177659296E+03
    40  0.2000       40   4.000       4.200      80.38          1.62043093225E+03
    41  0.2000       41   4.200       4.400      80.38          9.31040539400E+02
 #=================================================================================================================================================================
 # My Cross Sections
 # The scale factors xmur, xmuf chosen here are:      1.000,      2.000
 #-----------------------------------------------------------------------------------------------------------------------------------------------------------------
 #IObs  BinSize  IODimO  [ ptj1_[GeV],       ]  < mw_[GeV]   >  NLO_contribution 
 #-----------------------------------------------------------------------------------------------------------------------------------------------------------------
     1  0.1000        1   0.000       0.1000     80.39          4.26883118337E+04
     2  0.1000        2   0.1000      0.2000     80.39          4.25179325007E+04
     3  0.1000        3   0.2000      0.3000     80.39          4.24322423827E+04
     4  0.1000        4   0.3000      0.4000     80.39          4.19954097565E+04
     5  0.1000        5   0.4000      0.5000     80.38          4.17902581727E+04
     6  0.1000        6   0.5000      0.6000     80.39          4.11506390108E+04
     7  0.1000        7   0.6000      0.7000     80.38          4.05799525899E+04
     8  0.1000        8   0.7000      0.8000     80.39          3.97069220070E+04
     9  0.1000        9   0.8000      0.9000     80.39          3.89154044878E+04
    10  0.1000       10   0.9000      1.000      80.39          3.80030445102E+04
    11  0.2000       11   1.000       1.200      80.38          3.66231592043E+04
    12  0.1000       12   1.200       1.300      80.39          3.49936246520E+04
    13  0.1000       13   1.300       1.400      80.39          3.36613238845E+04
    14  0.1000       14   1.400       1.500      80.38          3.23017525755E+04
    15  0.1000       15   1.500       1.600      80.38          3.09864456329E+04
    16  0.1000       16   1.600       1.700      80.39          2.96686509165E+04
    17  0.1000       17   1.700       1.800      80.39          2.81925619296E+04
    18  0.1000       18   1.800       1.900      80.39          2.65670256387E+04
    19  0.1000       19   1.900       2.000      80.38          2.49821570987E+04
    20  0.1000       20   2.000       2.100      80.38          2.34497720594E+04
    21  0.1000       21   2.100       2.200      80.38          2.20221766715E+04
    22  0.1000       22   2.200       2.300      80.38          2.02373205462E+04
    23  0.1000       23   2.300       2.400      80.38          1.87770651327E+04
    24  0.1000       24   2.400       2.500      80.38          1.74131046615E+04
    25  0.1000       25   2.500       2.600      80.38          1.57953412159E+04
    26  0.1000       26   2.600       2.700      80.39          1.44609029255E+04
    27  0.1000       27   2.700       2.800      80.38          1.30403947163E+04
    28  0.1000       28   2.800       2.900      80.39          1.16609355526E+04
    29  0.1000       29   2.900       3.000      80.39          1.04937527212E+04
    30  0.1000       30   3.000       3.100      80.38          9.22669740732E+03
    31  0.1000       31   3.100       3.200      80.39          8.10828003759E+03
    32  0.1000       32   3.200       3.300      80.39          7.15942991063E+03
    33  0.1000       33   3.300       3.400      80.39          6.12477321891E+03
    34  0.1000       34   3.400       3.500      80.38          5.30354083642E+03
    35  0.1000       35   3.500       3.600      80.39          4.54935795633E+03
    36  0.1000       36   3.600       3.700      80.38          3.82901693440E+03
    37  0.1000       37   3.700       3.800      80.39          3.15026485337E+03
    38  0.1000       38   3.800       3.900      80.38          2.55542741243E+03
    39  0.1000       39   3.900       4.000      80.39          2.13720221050E+03
    40  0.2000       40   4.000       4.200      80.38          1.53723222033E+03
    41  0.2000       41   4.200       4.400      80.39          9.07739940617E+02
 #=================================================================================================================================================================
 # My Cross Sections
 # The scale factors xmur, xmuf chosen here are:      2.000,      1.000
 #-----------------------------------------------------------------------------------------------------------------------------------------------------------------
 #IObs  BinSize  IODimO  [ ptj1_[GeV],       ]  < mw_[GeV]   >  NLO_contribution 
 #-----------------------------------------------------------------------------------------------------------------------------------------------------------------
     1  0.1000        1   0.000       0.1000     160.8          5.17292669417E+04
     2  0.1000        2   0.1000      0.2000     160.8          5.15178477166E+04
     3  0.1000        3   0.2000      0.3000     160.8          5.14158830333E+04
     4  0.1000        4   0.3000      0.4000     160.8          5.08740224744E+04
     5  0.1000        5   0.4000      0.5000     160.8          5.05923416693E+04
     6  0.1000        6   0.5000      0.6000     160.8          4.98218303550E+04
     7  0.1000        7   0.6000      0.7000     160.8          4.91613023455E+04
     8  0.1000        8   0.7000      0.8000     160.8          4.80654899193E+04
     9  0.1000        9   0.8000      0.9000     160.8          4.71607425920E+04
    10  0.1000       10   0.9000      1.000      160.8          4.60473874057E+04
    11  0.2000       11   1.000       1.200      160.8          4.43676222173E+04
    12  0.1000       12   1.200       1.300      160.8          4.23679399510E+04
    13  0.1000       13   1.300       1.400      160.8          4.07331280343E+04
    14  0.1000       14   1.400       1.500      160.8          3.90679483736E+04
    15  0.1000       15   1.500       1.600      160.8          3.74690400628E+04
    16  0.1000       16   1.600       1.700      160.8          3.58963275236E+04
    17  0.1000       17   1.700       1.800      160.8          3.40521681403E+04
    18  0.1000       18   1.800       1.900      160.8          3.20783624463E+04
    19  0.1000       19   1.900       2.000      160.8          3.00973603355E+04
    20  0.1000       20   2.000       2.100      160.8          2.82686482488E+04
    21  0.1000       21   2.100       2.200      160.8          2.64759561947E+04
    22  0.1000       22   2.200       2.300      160.8          2.43067503120E+04
    23  0.1000       23   2.300       2.400      160.8          2.25160670998E+04
    24  0.1000       24   2.400       2.500      160.8          2.08150588570E+04
    25  0.1000       25   2.500       2.600      160.8          1.88081081305E+04
    26  0.1000       26   2.600       2.700      160.8          1.71472898542E+04
    27  0.1000       27   2.700       2.800      160.8          1.54172587800E+04
    28  0.1000       28   2.800       2.900      160.8          1.37479470973E+04
    29  0.1000       29   2.900       3.000      160.8          1.22817498257E+04
    30  0.1000       30   3.000       3.100      160.8          1.07350546471E+04
    31  0.1000       31   3.100       3.200      160.8          9.35485942880E+03
    32  0.1000       32   3.200       3.300      160.8          8.21373240677E+03
    33  0.1000       33   3.300       3.400      160.8          6.94290511071E+03
    34  0.1000       34   3.400       3.500      160.8          5.95094676672E+03
    35  0.1000       35   3.500       3.600      160.8          5.05446450060E+03
    36  0.1000       36   3.600       3.700      160.8          4.18944649200E+03
    37  0.1000       37   3.700       3.800      160.8          3.41191755051E+03
    38  0.1000       38   3.800       3.900      160.8          2.72754563738E+03
    39  0.1000       39   3.900       4.000      160.8          2.24603190354E+03
    40  0.2000       40   4.000       4.200      160.8          1.57567478585E+03
    41  0.2000       41   4.200       4.400      160.8          9.03714497313E+02
