 ##################################################################################
 # [fnlo-tk-cppread] Evaluating table: /ptmp/mpp/asaborido/ATLAS8TeV/ATLAS8TeV_mw_25xnodes_NNLO/combine/combine_grid/V.ptj1.tab.gz
 # [fnlo-tk-cppread] Using PDF set   : NNPDF31_nnlo_as_0118
 # [fnlo-tk-cppread] If possible, will try to do 7 scale factor variations.
 # [fnlo-tk-cppread] Using alpha_s evolution code: LHAPDF
 # [fnlo-tk-cppread] Preparing unnormalized cross sections,
 # [fnlo-tk-cppread] Using scale definition kScale1
 # [fnlo-tk-cppread] No request for central scale factor, using default of unity.
 # [fnlo-tk-cppread] No request for no. of flavours, using default of LHAPDF or Nf = 5.
 # [fnlo-tk-cppread] No request for no. of loops, using default of LHAPDF or NLoop = 2.
 # [fnlo-tk-cppread] No request for value of alpha_s(M_Z), using default of LHAPDF or asMz = 0.118.
 # [fnlo-tk-cppread] No request for value of M_Z, using default of LHAPDF or Mz = 91.1876.
 # [fnlo-tk-cppread] No request for Ecms, using default as defined in grid.
 # [fnlo-tk-cppread] Using verbosity level: WARNING
 ##################################################################################

 # WARNING! [OrderCoefficients] Could not find any LO Calculation!
 # WARNING! [OrderCoefficients] Separate evaluation of higher-order contributions currently in testing phase, beware of problems.
 # WARNING! [OrderCoefficients] Not all features will be available in this case, but a straight calculation should be possible. Use with care!
LHAPDF 6.5.3 loading /cvmfs/sft.cern.ch/lcg/external/lhapdfsets/current/NNPDF31_nnlo_as_0118/NNPDF31_nnlo_as_0118_0000.dat
NNPDF31_nnlo_as_0118 PDF set, member #0, version 1; LHAPDF ID = 303600
LHAPDF 6.5.3 loading /cvmfs/sft.cern.ch/lcg/external/lhapdfsets/current/NNPDF31_nnlo_as_0118/NNPDF31_nnlo_as_0118_0000.dat
NNPDF31_nnlo_as_0118 PDF set, member #0, version 1; LHAPDF ID = 303600

 ##################################################################################################################################################################
 # [fnlo-tk-cppread] Calculate my cross sections
 ##################################################################################################################################################################
 # WARNING! [fnlo-tk-cppread] LO not found, output is still experimental!
 #=================================================================================================================================================================
 # My Cross Sections
 # The scale factors xmur, xmuf chosen here are:      1.000,      1.000
 #-----------------------------------------------------------------------------------------------------------------------------------------------------------------
 #IObs  BinSize  IODimO  [ ptj1_[GeV],       ]  < mw_[GeV]   >  NLO_contribution 
 #-----------------------------------------------------------------------------------------------------------------------------------------------------------------
     1  10.00         1   30.00       40.00      80.39          5.03053176665E+03
     2  20.00         2   40.00       60.00      80.38          1.77894687643E+03
     3  20.00         3   60.00       80.00      80.39          5.89303138145E+02
     4  20.00         4   80.00       100.0      80.39          2.42405576564E+02
     5  20.00         5   100.0       120.0      80.39          1.10879325494E+02
     6  20.00         6   120.0       140.0      80.39          5.37717792714E+01
     7  20.00         7   140.0       160.0      80.39          2.70875719023E+01
     8  20.00         8   160.0       180.0      80.39          1.39709150624E+01
     9  20.00         9   180.0       200.0      80.38          7.24765800166E+00
    10  20.00        10   200.0       220.0      80.38          3.68624183850E+00
    11  20.00        11   220.0       240.0      80.38          1.77177391581E+00
    12  20.00        12   240.0       260.0      80.39          7.55300385465E-01
    13  20.00        13   260.0       280.0      80.39          2.03529307289E-01
    14  20.00        14   280.0       300.0      80.39         -7.39371739278E-02
    15  50.00        15   300.0       350.0      80.38         -2.48186618654E-01
    16  50.00        16   350.0       400.0      80.38         -2.65964100876E-01
    17  50.00        17   400.0       450.0      80.38         -2.07736027618E-01
    18  50.00        18   450.0       500.0      80.39         -1.47650791678E-01
    19  50.00        19   500.0       550.0      80.38         -1.02054306110E-01
    20  50.00        20   550.0       600.0      80.38         -6.99824286685E-02
    21  100.0        21   600.0       700.0      80.38         -4.02332196931E-02
    22  300.0        22   700.0       1000.      80.39         -1.09058053982E-02
 #=================================================================================================================================================================
 # My Cross Sections
 # The scale factors xmur, xmuf chosen here are:      0.500,      0.500
 #-----------------------------------------------------------------------------------------------------------------------------------------------------------------
 #IObs  BinSize  IODimO  [ ptj1_[GeV],       ]  < mw_[GeV]   >  NLO_contribution 
 #-----------------------------------------------------------------------------------------------------------------------------------------------------------------
     1  10.00         1   30.00       40.00      40.19          5.48714187761E+03
     2  20.00         2   40.00       60.00      40.19          1.90778296227E+03
     3  20.00         3   60.00       80.00      40.19          6.08634241781E+02
     4  20.00         4   80.00       100.0      40.19          2.37344800774E+02
     5  20.00         5   100.0       120.0      40.19          1.00808654073E+02
     6  20.00         6   120.0       140.0      40.19          4.37670064923E+01
     7  20.00         7   140.0       160.0      40.19          1.86076279773E+01
     8  20.00         8   160.0       180.0      40.19          7.12745040697E+00
     9  20.00         9   180.0       200.0      40.19          1.82577571133E+00
    10  20.00        10   200.0       220.0      40.19         -5.77351441758E-01
    11  20.00        11   220.0       240.0      40.19         -1.57323164671E+00
    12  20.00        12   240.0       260.0      40.19         -1.87381358340E+00
    13  20.00        13   260.0       280.0      40.19         -1.86665001797E+00
    14  20.00        14   280.0       300.0      40.19         -1.71436566740E+00
    15  50.00        15   300.0       350.0      40.19         -1.36909957190E+00
    16  50.00        16   350.0       400.0      40.19         -9.19820795500E-01
    17  50.00        17   400.0       450.0      40.19         -6.01204149085E-01
    18  50.00        18   450.0       500.0      40.19         -3.89774774160E-01
    19  50.00        19   500.0       550.0      40.19         -2.54682680356E-01
    20  50.00        20   550.0       600.0      40.19         -1.68304039198E-01
    21  100.0        21   600.0       700.0      40.19         -9.35802362885E-02
    22  300.0        22   700.0       1000.      40.19         -2.44746502703E-02
 #=================================================================================================================================================================
 # My Cross Sections
 # The scale factors xmur, xmuf chosen here are:      2.000,      2.000
 #-----------------------------------------------------------------------------------------------------------------------------------------------------------------
 #IObs  BinSize  IODimO  [ ptj1_[GeV],       ]  < mw_[GeV]   >  NLO_contribution 
 #-----------------------------------------------------------------------------------------------------------------------------------------------------------------
     1  10.00         1   30.00       40.00      160.8          4.81930514191E+03
     2  20.00         2   40.00       60.00      160.8          1.73527816204E+03
     3  20.00         3   60.00       80.00      160.8          5.93580640475E+02
     4  20.00         4   80.00       100.0      160.8          2.53605541876E+02
     5  20.00         5   100.0       120.0      160.8          1.21329736130E+02
     6  20.00         6   120.0       140.0      160.8          6.22296852006E+01
     7  20.00         7   140.0       160.0      160.8          3.35795022423E+01
     8  20.00         8   160.0       180.0      160.8          1.88964954700E+01
     9  20.00         9   180.0       200.0      160.8          1.09838229910E+01
    10  20.00        10   200.0       220.0      160.8          6.52960592178E+00
    11  20.00        11   220.0       240.0      160.8          3.94516168166E+00
    12  20.00        12   240.0       260.0      160.8          2.42808117796E+00
    13  20.00        13   260.0       280.0      160.8          1.49737757404E+00
    14  20.00        14   280.0       300.0      160.8          9.35713514292E-01
    15  50.00        15   300.0       350.0      160.8          4.27135793328E-01
    16  50.00        16   350.0       400.0      160.8          1.17818056033E-01
    17  50.00        17   400.0       450.0      160.8          1.84512995449E-02
    18  50.00        18   450.0       500.0      160.8         -1.09018626609E-02
    19  50.00        19   500.0       550.0      160.8         -1.71314603994E-02
    20  50.00        20   550.0       600.0      160.8         -1.59877004689E-02
    21  100.0        21   600.0       700.0      160.8         -1.14023054306E-02
    22  300.0        22   700.0       1000.      160.8         -3.78867739485E-03
 #=================================================================================================================================================================
 # My Cross Sections
 # The scale factors xmur, xmuf chosen here are:      0.500,      1.000
 #-----------------------------------------------------------------------------------------------------------------------------------------------------------------
 #IObs  BinSize  IODimO  [ ptj1_[GeV],       ]  < mw_[GeV]   >  NLO_contribution 
 #-----------------------------------------------------------------------------------------------------------------------------------------------------------------
     1  10.00         1   30.00       40.00      40.19          4.63101455810E+03
     2  20.00         2   40.00       60.00      40.19          1.55782324312E+03
     3  20.00         3   60.00       80.00      40.19          4.78063185238E+02
     4  20.00         4   80.00       100.0      40.19          1.80509750939E+02
     5  20.00         5   100.0       120.0      40.19          7.42022961374E+01
     6  20.00         6   120.0       140.0      40.19          3.10225528262E+01
     7  20.00         7   140.0       160.0      40.19          1.24250397644E+01
     8  20.00         8   160.0       180.0      40.19          4.20618317027E+00
     9  20.00         9   180.0       200.0      40.19          5.54447298855E-01
    10  20.00        10   200.0       220.0      40.19         -1.00182728729E+00
    11  20.00        11   220.0       240.0      40.19         -1.57284036175E+00
    12  20.00        12   240.0       260.0      40.19         -1.67685177675E+00
    13  20.00        13   260.0       280.0      40.19         -1.58847236690E+00
    14  20.00        14   280.0       300.0      40.19         -1.41389932191E+00
    15  50.00        15   300.0       350.0      40.19         -1.09218226527E+00
    16  50.00        16   350.0       400.0      40.19         -7.11528517182E-01
    17  50.00        17   400.0       450.0      40.19         -4.55571025058E-01
    18  50.00        18   450.0       500.0      40.19         -2.90463545243E-01
    19  50.00        19   500.0       550.0      40.19         -1.87293286851E-01
    20  50.00        20   550.0       600.0      40.19         -1.22335807834E-01
    21  100.0        21   600.0       700.0      40.19         -6.70746678852E-02
    22  300.0        22   700.0       1000.      40.19         -1.70837854578E-02
 #=================================================================================================================================================================
 # My Cross Sections
 # The scale factors xmur, xmuf chosen here are:      1.000,      0.500
 #-----------------------------------------------------------------------------------------------------------------------------------------------------------------
 #IObs  BinSize  IODimO  [ ptj1_[GeV],       ]  < mw_[GeV]   >  NLO_contribution 
 #-----------------------------------------------------------------------------------------------------------------------------------------------------------------
     1  10.00         1   30.00       40.00      80.38          5.63544995322E+03
     2  20.00         2   40.00       60.00      80.38          2.03317521573E+03
     3  20.00         3   60.00       80.00      80.38          6.87183866503E+02
     4  20.00         4   80.00       100.0      80.38          2.86214317995E+02
     5  20.00         5   100.0       120.0      80.39          1.31990344978E+02
     6  20.00         6   120.0       140.0      80.39          6.42312858677E+01
     7  20.00         7   140.0       160.0      80.38          3.23883869846E+01
     8  20.00         8   160.0       180.0      80.39          1.66405110207E+01
     9  20.00         9   180.0       200.0      80.38          8.54654090496E+00
    10  20.00        10   200.0       220.0      80.38          4.25389578508E+00
    11  20.00        11   220.0       240.0      80.38          1.95233560780E+00
    12  20.00        12   240.0       260.0      80.39          7.40485174772E-01
    13  20.00        13   260.0       280.0      80.39          9.31428349224E-02
    14  20.00        14   280.0       300.0      80.38         -2.25836155040E-01
    15  50.00        15   300.0       350.0      80.39         -4.10163689356E-01
    16  50.00        16   350.0       400.0      80.39         -3.98752892192E-01
    17  50.00        17   400.0       450.0      80.38         -3.04415387158E-01
    18  50.00        18   450.0       500.0      80.38         -2.15205056996E-01
    19  50.00        19   500.0       550.0      80.38         -1.48644685957E-01
    20  50.00        20   550.0       600.0      80.38         -1.02150368377E-01
    21  100.0        21   600.0       700.0      80.39         -5.90119227654E-02
    22  300.0        22   700.0       1000.      80.39         -1.62345961512E-02
 #=================================================================================================================================================================
 # My Cross Sections
 # The scale factors xmur, xmuf chosen here are:      1.000,      2.000
 #-----------------------------------------------------------------------------------------------------------------------------------------------------------------
 #IObs  BinSize  IODimO  [ ptj1_[GeV],       ]  < mw_[GeV]   >  NLO_contribution 
 #-----------------------------------------------------------------------------------------------------------------------------------------------------------------
     1  10.00         1   30.00       40.00      80.38          4.50560282483E+03
     2  20.00         2   40.00       60.00      80.39          1.57100280585E+03
     3  20.00         3   60.00       80.00      80.38          5.15249947093E+02
     4  20.00         4   80.00       100.0      80.38          2.11704636252E+02
     5  20.00         5   100.0       120.0      80.39          9.72615060500E+01
     6  20.00         6   120.0       140.0      80.38          4.76932332528E+01
     7  20.00         7   140.0       160.0      80.39          2.44114526093E+01
     8  20.00         8   160.0       180.0      80.39          1.29041698743E+01
     9  20.00         9   180.0       200.0      80.39          6.94256920740E+00
    10  20.00        10   200.0       220.0      80.39          3.73932748802E+00
    11  20.00        11   220.0       240.0      80.38          1.97954716682E+00
    12  20.00        12   240.0       260.0      80.39          1.01454653761E+00
    13  20.00        13   260.0       280.0      80.39          4.65950955455E-01
    14  20.00        14   280.0       300.0      80.39          1.71581196710E-01
    15  50.00        15   300.0       350.0      80.38         -4.77353466534E-02
    16  50.00        16   350.0       400.0      80.38         -1.28559483891E-01
    17  50.00        17   400.0       450.0      80.38         -1.16623301116E-01
    18  50.00        18   450.0       500.0      80.39         -8.77313983453E-02
    19  50.00        19   500.0       550.0      80.39         -6.24792914098E-02
    20  50.00        20   550.0       600.0      80.38         -4.35583405634E-02
    21  100.0        21   600.0       700.0      80.38         -2.53615055912E-02
    22  300.0        22   700.0       1000.      80.38         -6.92556883700E-03
 #=================================================================================================================================================================
 # My Cross Sections
 # The scale factors xmur, xmuf chosen here are:      2.000,      1.000
 #-----------------------------------------------------------------------------------------------------------------------------------------------------------------
 #IObs  BinSize  IODimO  [ ptj1_[GeV],       ]  < mw_[GeV]   >  NLO_contribution 
 #-----------------------------------------------------------------------------------------------------------------------------------------------------------------
     1  10.00         1   30.00       40.00      160.8          5.20135704425E+03
     2  20.00         2   40.00       60.00      160.8          1.89132848191E+03
     3  20.00         3   60.00       80.00      160.8          6.51260101568E+02
     4  20.00         4   80.00       100.0      160.8          2.78396059261E+02
     5  20.00         5   100.0       120.0      160.8          1.32787011605E+02
     6  20.00         6   120.0       140.0      160.8          6.76263217678E+01
     7  20.00         7   140.0       160.0      160.8          3.61515064698E+01
     8  20.00         8   160.0       180.0      160.8          2.00793479705E+01
     9  20.00         9   180.0       200.0      160.8          1.14759762255E+01
    10  20.00        10   200.0       220.0      160.8          6.67250747232E+00
    11  20.00        11   220.0       240.0      160.8          3.91749064220E+00
    12  20.00        12   240.0       260.0      160.8          2.32508944961E+00
    13  20.00        13   260.0       280.0      160.8          1.36640611383E+00
    14  20.00        14   280.0       300.0      160.8          7.99610596714E-01
    15  50.00        15   300.0       350.0      160.8          3.05607278867E-01
    16  50.00        16   350.0       400.0      160.8          2.87899598168E-02
    17  50.00        17   400.0       450.0      160.8         -4.27250474564E-02
    18  50.00        18   450.0       500.0      160.8         -5.20689423830E-02
    19  50.00        19   500.0       550.0      160.8         -4.47584196195E-02
    20  50.00        20   550.0       600.0      160.8         -3.46620504163E-02
    21  100.0        21   600.0       700.0      160.8         -2.20473238234E-02
    22  300.0        22   700.0       1000.      160.8         -6.69084680528E-03
