 ##################################################################################
 # [fnlo-tk-cppread] Evaluating table: /ptmp/mpp/asaborido/ATLAS8TeV/ATLAS8TeV_mw_25xnodes_NNLO/combine/combine_grid/VV.abs_yj1.tab.gz
 # [fnlo-tk-cppread] Using PDF set   : NNPDF31_nnlo_as_0118
 # [fnlo-tk-cppread] If possible, will try to do 7 scale factor variations.
 # [fnlo-tk-cppread] Using alpha_s evolution code: LHAPDF
 # [fnlo-tk-cppread] Preparing unnormalized cross sections,
 # [fnlo-tk-cppread] Using scale definition kScale1
 # [fnlo-tk-cppread] No request for central scale factor, using default of unity.
 # [fnlo-tk-cppread] No request for no. of flavours, using default of LHAPDF or Nf = 5.
 # [fnlo-tk-cppread] No request for no. of loops, using default of LHAPDF or NLoop = 2.
 # [fnlo-tk-cppread] No request for value of alpha_s(M_Z), using default of LHAPDF or asMz = 0.118.
 # [fnlo-tk-cppread] No request for value of M_Z, using default of LHAPDF or Mz = 91.1876.
 # [fnlo-tk-cppread] No request for Ecms, using default as defined in grid.
 # [fnlo-tk-cppread] Using verbosity level: WARNING
 ##################################################################################

 # WARNING! [OrderCoefficients] Could not find any LO Calculation!
 # WARNING! [OrderCoefficients] Separate evaluation of higher-order contributions currently in testing phase, beware of problems.
 # WARNING! [OrderCoefficients] Not all features will be available in this case, but a straight calculation should be possible. Use with care!
LHAPDF 6.5.3 loading /cvmfs/sft.cern.ch/lcg/external/lhapdfsets/current/NNPDF31_nnlo_as_0118/NNPDF31_nnlo_as_0118_0000.dat
NNPDF31_nnlo_as_0118 PDF set, member #0, version 1; LHAPDF ID = 303600
LHAPDF 6.5.3 loading /cvmfs/sft.cern.ch/lcg/external/lhapdfsets/current/NNPDF31_nnlo_as_0118/NNPDF31_nnlo_as_0118_0000.dat
NNPDF31_nnlo_as_0118 PDF set, member #0, version 1; LHAPDF ID = 303600

 ##################################################################################################################################################################
 # [fnlo-tk-cppread] Calculate my cross sections
 ##################################################################################################################################################################
 # WARNING! [fnlo-tk-cppread] LO not found, output is still experimental!
 #=================================================================================================================================================================
 # My Cross Sections
 # The scale factors xmur, xmuf chosen here are:      1.000,      1.000
 #-----------------------------------------------------------------------------------------------------------------------------------------------------------------
 #IObs  BinSize  IODimO  [ ptj1_[GeV],       ]  < mw_[GeV]   >  NNLO_contribution 
 #-----------------------------------------------------------------------------------------------------------------------------------------------------------------
     1  0.1000        1   0.000       0.1000     80.38          6.20764044242E+03
     2  0.1000        2   0.1000      0.2000     80.39          6.20292137864E+03
     3  0.1000        3   0.2000      0.3000     80.39          6.18431024788E+03
     4  0.1000        4   0.3000      0.4000     80.39          6.16150370270E+03
     5  0.1000        5   0.4000      0.5000     80.38          6.13988429680E+03
     6  0.1000        6   0.5000      0.6000     80.39          6.10993001819E+03
     7  0.1000        7   0.6000      0.7000     80.39          6.05208016415E+03
     8  0.1000        8   0.7000      0.8000     80.38          5.99662208675E+03
     9  0.1000        9   0.8000      0.9000     80.39          5.93251335204E+03
    10  0.1000       10   0.9000      1.000      80.39          5.86347394987E+03
    11  0.2000       11   1.000       1.200      80.39          5.74878725897E+03
    12  0.1000       12   1.200       1.300      80.39          5.61614226712E+03
    13  0.1000       13   1.300       1.400      80.39          5.49957199580E+03
    14  0.1000       14   1.400       1.500      80.39          5.37217901866E+03
    15  0.1000       15   1.500       1.600      80.39          5.25834046195E+03
    16  0.1000       16   1.600       1.700      80.39          5.11477287221E+03
    17  0.1000       17   1.700       1.800      80.39          4.95063662691E+03
    18  0.1000       18   1.800       1.900      80.39          4.81047198390E+03
    19  0.1000       19   1.900       2.000      80.38          4.62432270175E+03
    20  0.1000       20   2.000       2.100      80.39          4.45887913457E+03
    21  0.1000       21   2.100       2.200      80.39          4.23911018726E+03
    22  0.1000       22   2.200       2.300      80.38          4.03912085978E+03
    23  0.1000       23   2.300       2.400      80.38          3.84566282817E+03
    24  0.1000       24   2.400       2.500      80.38          3.63002711680E+03
    25  0.1000       25   2.500       2.600      80.38          3.41167791572E+03
    26  0.1000       26   2.600       2.700      80.38          3.18546024208E+03
    27  0.1000       27   2.700       2.800      80.39          2.96231985679E+03
    28  0.1000       28   2.800       2.900      80.38          2.75167436314E+03
    29  0.1000       29   2.900       3.000      80.39          2.53141849787E+03
    30  0.1000       30   3.000       3.100      80.38          2.32661680447E+03
    31  0.1000       31   3.100       3.200      80.38          2.11944411668E+03
    32  0.1000       32   3.200       3.300      80.38          1.91910966103E+03
    33  0.1000       33   3.300       3.400      80.38          1.72583870078E+03
    34  0.1000       34   3.400       3.500      80.39          1.54518843920E+03
    35  0.1000       35   3.500       3.600      80.39          1.37485722453E+03
    36  0.1000       36   3.600       3.700      80.39          1.21474814259E+03
    37  0.1000       37   3.700       3.800      80.38          1.06610031304E+03
    38  0.1000       38   3.800       3.900      80.38          9.22983248580E+02
    39  0.1000       39   3.900       4.000      80.38          7.87522168200E+02
    40  0.2000       40   4.000       4.200      80.38          6.11365222586E+02
    41  0.2000       41   4.200       4.400      80.39          4.04472785253E+02
 #=================================================================================================================================================================
 # My Cross Sections
 # The scale factors xmur, xmuf chosen here are:      0.500,      0.500
 #-----------------------------------------------------------------------------------------------------------------------------------------------------------------
 #IObs  BinSize  IODimO  [ ptj1_[GeV],       ]  < mw_[GeV]   >  NNLO_contribution 
 #-----------------------------------------------------------------------------------------------------------------------------------------------------------------
     1  0.1000        1   0.000       0.1000     40.19         -2.57349789423E+03
     2  0.1000        2   0.1000      0.2000     40.19         -2.55972197239E+03
     3  0.1000        3   0.2000      0.3000     40.19         -2.53724040284E+03
     4  0.1000        4   0.3000      0.4000     40.19         -2.49026731818E+03
     5  0.1000        5   0.4000      0.5000     40.19         -2.44401411277E+03
     6  0.1000        6   0.5000      0.6000     40.19         -2.38540891987E+03
     7  0.1000        7   0.6000      0.7000     40.19         -2.32156367537E+03
     8  0.1000        8   0.7000      0.8000     40.19         -2.24197737135E+03
     9  0.1000        9   0.8000      0.9000     40.19         -2.14237604549E+03
    10  0.1000       10   0.9000      1.000      40.19         -2.04494954102E+03
    11  0.2000       11   1.000       1.200      40.19         -1.85737118046E+03
    12  0.1000       12   1.200       1.300      40.19         -1.65512502038E+03
    13  0.1000       13   1.300       1.400      40.19         -1.51960719739E+03
    14  0.1000       14   1.400       1.500      40.19         -1.37859652405E+03
    15  0.1000       15   1.500       1.600      40.19         -1.22055167423E+03
    16  0.1000       16   1.600       1.700      40.19         -1.07217277678E+03
    17  0.1000       17   1.700       1.800      40.19         -9.08215388590E+02
    18  0.1000       18   1.800       1.900      40.19         -7.53388043100E+02
    19  0.1000       19   1.900       2.000      40.19         -6.05635758872E+02
    20  0.1000       20   2.000       2.100      40.19         -4.46041741297E+02
    21  0.1000       21   2.100       2.200      40.19         -3.18996517023E+02
    22  0.1000       22   2.200       2.300      40.19         -1.86002696300E+02
    23  0.1000       23   2.300       2.400      40.19         -5.57220190317E+01
    24  0.1000       24   2.400       2.500      40.19          5.56614559280E+01
    25  0.1000       25   2.500       2.600      40.19          1.58488984946E+02
    26  0.1000       26   2.600       2.700      40.19          2.54259768564E+02
    27  0.1000       27   2.700       2.800      40.19          3.30724583782E+02
    28  0.1000       28   2.800       2.900      40.19          4.09553680779E+02
    29  0.1000       29   2.900       3.000      40.19          4.69061845360E+02
    30  0.1000       30   3.000       3.100      40.19          5.17505671834E+02
    31  0.1000       31   3.100       3.200      40.19          5.53621151537E+02
    32  0.1000       32   3.200       3.300      40.19          5.76613879390E+02
    33  0.1000       33   3.300       3.400      40.19          5.86784428130E+02
    34  0.1000       34   3.400       3.500      40.19          5.88644950832E+02
    35  0.1000       35   3.500       3.600      40.19          5.80962974776E+02
    36  0.1000       36   3.600       3.700      40.19          5.62418266155E+02
    37  0.1000       37   3.700       3.800      40.19          5.38182932382E+02
    38  0.1000       38   3.800       3.900      40.19          5.06296570049E+02
    39  0.1000       39   3.900       4.000      40.19          4.61343546526E+02
    40  0.2000       40   4.000       4.200      40.19          3.91970028733E+02
    41  0.2000       41   4.200       4.400      40.19          2.88228621243E+02
 #=================================================================================================================================================================
 # My Cross Sections
 # The scale factors xmur, xmuf chosen here are:      2.000,      2.000
 #-----------------------------------------------------------------------------------------------------------------------------------------------------------------
 #IObs  BinSize  IODimO  [ ptj1_[GeV],       ]  < mw_[GeV]   >  NNLO_contribution 
 #-----------------------------------------------------------------------------------------------------------------------------------------------------------------
     1  0.1000        1   0.000       0.1000     160.8          1.15209376427E+04
     2  0.1000        2   0.1000      0.2000     160.8          1.15025391585E+04
     3  0.1000        3   0.2000      0.3000     160.8          1.14566010837E+04
     4  0.1000        4   0.3000      0.4000     160.8          1.13866860537E+04
     5  0.1000        5   0.4000      0.5000     160.8          1.13281189847E+04
     6  0.1000        6   0.5000      0.6000     160.8          1.12419522378E+04
     7  0.1000        7   0.6000      0.7000     160.8          1.11071664217E+04
     8  0.1000        8   0.7000      0.8000     160.8          1.09670066104E+04
     9  0.1000        9   0.8000      0.9000     160.8          1.07997101304E+04
    10  0.1000       10   0.9000      1.000      160.8          1.06277016267E+04
    11  0.2000       11   1.000       1.200      160.8          1.03256372604E+04
    12  0.1000       12   1.200       1.300      160.8          9.98607175018E+03
    13  0.1000       13   1.300       1.400      160.8          9.71357606428E+03
    14  0.1000       14   1.400       1.500      160.8          9.41512042502E+03
    15  0.1000       15   1.500       1.600      160.8          9.13983060440E+03
    16  0.1000       16   1.600       1.700      160.8          8.81720828217E+03
    17  0.1000       17   1.700       1.800      160.8          8.44501878653E+03
    18  0.1000       18   1.800       1.900      160.8          8.13231561448E+03
    19  0.1000       19   1.900       2.000      160.8          7.74121375701E+03
    20  0.1000       20   2.000       2.100      160.8          7.37792647963E+03
    21  0.1000       21   2.100       2.200      160.8          6.94725141320E+03
    22  0.1000       22   2.200       2.300      160.8          6.54906956782E+03
    23  0.1000       23   2.300       2.400      160.8          6.16070487304E+03
    24  0.1000       24   2.400       2.500      160.8          5.75211953894E+03
    25  0.1000       25   2.500       2.600      160.8          5.33922826632E+03
    26  0.1000       26   2.600       2.700      160.8          4.92387048965E+03
    27  0.1000       27   2.700       2.800      160.8          4.52442629303E+03
    28  0.1000       28   2.800       2.900      160.8          4.14355728795E+03
    29  0.1000       29   2.900       3.000      160.8          3.75824580963E+03
    30  0.1000       30   3.000       3.100      160.8          3.40536687412E+03
    31  0.1000       31   3.100       3.200      160.8          3.05396624920E+03
    32  0.1000       32   3.200       3.300      160.8          2.72381972980E+03
    33  0.1000       33   3.300       3.400      160.8          2.40932928368E+03
    34  0.1000       34   3.400       3.500      160.8          2.11937089250E+03
    35  0.1000       35   3.500       3.600      160.8          1.85392407152E+03
    36  0.1000       36   3.600       3.700      160.8          1.60750086116E+03
    37  0.1000       37   3.700       3.800      160.8          1.38553557949E+03
    38  0.1000       38   3.800       3.900      160.8          1.17506823488E+03
    39  0.1000       39   3.900       4.000      160.8          9.85717043318E+02
    40  0.2000       40   4.000       4.200      160.8          7.43375967764E+02
    41  0.2000       41   4.200       4.400      160.8          4.72668054667E+02
 #=================================================================================================================================================================
 # My Cross Sections
 # The scale factors xmur, xmuf chosen here are:      0.500,      1.000
 #-----------------------------------------------------------------------------------------------------------------------------------------------------------------
 #IObs  BinSize  IODimO  [ ptj1_[GeV],       ]  < mw_[GeV]   >  NNLO_contribution 
 #-----------------------------------------------------------------------------------------------------------------------------------------------------------------
     1  0.1000        1   0.000       0.1000     40.19         -3.29058425445E+03
     2  0.1000        2   0.1000      0.2000     40.19         -3.27537522062E+03
     3  0.1000        3   0.2000      0.3000     40.19         -3.26695198510E+03
     4  0.1000        4   0.3000      0.4000     40.19         -3.20241198479E+03
     5  0.1000        5   0.4000      0.5000     40.19         -3.12307446603E+03
     6  0.1000        6   0.5000      0.6000     40.19         -3.04907110519E+03
     7  0.1000        7   0.6000      0.7000     40.19         -2.97581767110E+03
     8  0.1000        8   0.7000      0.8000     40.19         -2.86050658704E+03
     9  0.1000        9   0.8000      0.9000     40.19         -2.74947586457E+03
    10  0.1000       10   0.9000      1.000      40.19         -2.61719287713E+03
    11  0.2000       11   1.000       1.200      40.19         -2.38422269718E+03
    12  0.1000       12   1.200       1.300      40.19         -2.12655850777E+03
    13  0.1000       13   1.300       1.400      40.19         -1.95369195290E+03
    14  0.1000       14   1.400       1.500      40.19         -1.78874144033E+03
    15  0.1000       15   1.500       1.600      40.19         -1.57668766428E+03
    16  0.1000       16   1.600       1.700      40.19         -1.38666963947E+03
    17  0.1000       17   1.700       1.800      40.19         -1.20672783446E+03
    18  0.1000       18   1.800       1.900      40.19         -9.88852659977E+02
    19  0.1000       19   1.900       2.000      40.19         -8.14569541485E+02
    20  0.1000       20   2.000       2.100      40.19         -6.23992951299E+02
    21  0.1000       21   2.100       2.200      40.19         -4.79518797757E+02
    22  0.1000       22   2.200       2.300      40.19         -3.17611135343E+02
    23  0.1000       23   2.300       2.400      40.19         -1.57668894665E+02
    24  0.1000       24   2.400       2.500      40.19         -2.72706430581E+01
    25  0.1000       25   2.500       2.600      40.19          1.00514378013E+02
    26  0.1000       26   2.600       2.700      40.19          2.04076984190E+02
    27  0.1000       27   2.700       2.800      40.19          3.04678748511E+02
    28  0.1000       28   2.800       2.900      40.19          3.87227805066E+02
    29  0.1000       29   2.900       3.000      40.19          4.55913345092E+02
    30  0.1000       30   3.000       3.100      40.19          5.17932669917E+02
    31  0.1000       31   3.100       3.200      40.19          5.55965355181E+02
    32  0.1000       32   3.200       3.300      40.19          5.83834102158E+02
    33  0.1000       33   3.300       3.400      40.19          5.96211039594E+02
    34  0.1000       34   3.400       3.500      40.19          6.02549705365E+02
    35  0.1000       35   3.500       3.600      40.19          5.95555473745E+02
    36  0.1000       36   3.600       3.700      40.19          5.79241313579E+02
    37  0.1000       37   3.700       3.800      40.19          5.57334566214E+02
    38  0.1000       38   3.800       3.900      40.19          5.21415663110E+02
    39  0.1000       39   3.900       4.000      40.19          4.78977868376E+02
    40  0.2000       40   4.000       4.200      40.19          4.08418921364E+02
    41  0.2000       41   4.200       4.400      40.19          3.02251177961E+02
 #=================================================================================================================================================================
 # My Cross Sections
 # The scale factors xmur, xmuf chosen here are:      1.000,      0.500
 #-----------------------------------------------------------------------------------------------------------------------------------------------------------------
 #IObs  BinSize  IODimO  [ ptj1_[GeV],       ]  < mw_[GeV]   >  NNLO_contribution 
 #-----------------------------------------------------------------------------------------------------------------------------------------------------------------
     1  0.1000        1   0.000       0.1000     80.39          7.47867383161E+03
     2  0.1000        2   0.1000      0.2000     80.39          7.47168660979E+03
     3  0.1000        3   0.2000      0.3000     80.39          7.46194161604E+03
     4  0.1000        4   0.3000      0.4000     80.39          7.42137331537E+03
     5  0.1000        5   0.4000      0.5000     80.39          7.36789498198E+03
     6  0.1000        6   0.5000      0.6000     80.38          7.31843266391E+03
     7  0.1000        7   0.6000      0.7000     80.38          7.24375485809E+03
     8  0.1000        8   0.7000      0.8000     80.39          7.15011903246E+03
     9  0.1000        9   0.8000      0.9000     80.39          7.06543354934E+03
    10  0.1000       10   0.9000      1.000      80.39          6.95582747794E+03
    11  0.2000       11   1.000       1.200      80.39          6.78097998473E+03
    12  0.1000       12   1.200       1.300      80.39          6.58022489023E+03
    13  0.1000       13   1.300       1.400      80.38          6.41408229037E+03
    14  0.1000       14   1.400       1.500      80.38          6.24790069435E+03
    15  0.1000       15   1.500       1.600      80.38          6.06879740828E+03
    16  0.1000       16   1.600       1.700      80.39          5.86794383550E+03
    17  0.1000       17   1.700       1.800      80.38          5.67031693447E+03
    18  0.1000       18   1.800       1.900      80.39          5.45324706876E+03
    19  0.1000       19   1.900       2.000      80.39          5.21739787837E+03
    20  0.1000       20   2.000       2.100      80.39          5.00275136314E+03
    21  0.1000       21   2.100       2.200      80.39          4.73970608078E+03
    22  0.1000       22   2.200       2.300      80.38          4.48858472457E+03
    23  0.1000       23   2.300       2.400      80.38          4.24356738133E+03
    24  0.1000       24   2.400       2.500      80.38          3.98383555829E+03
    25  0.1000       25   2.500       2.600      80.39          3.71833351167E+03
    26  0.1000       26   2.600       2.700      80.39          3.45723144050E+03
    27  0.1000       27   2.700       2.800      80.38          3.18813182593E+03
    28  0.1000       28   2.800       2.900      80.39          2.94780875475E+03
    29  0.1000       29   2.900       3.000      80.39          2.69501686054E+03
    30  0.1000       30   3.000       3.100      80.39          2.45490022131E+03
    31  0.1000       31   3.100       3.200      80.39          2.22554847035E+03
    32  0.1000       32   3.200       3.300      80.38          2.00205908439E+03
    33  0.1000       33   3.300       3.400      80.39          1.78874572412E+03
    34  0.1000       34   3.400       3.500      80.39          1.58869563075E+03
    35  0.1000       35   3.500       3.600      80.38          1.40487414925E+03
    36  0.1000       36   3.600       3.700      80.38          1.23251891926E+03
    37  0.1000       37   3.700       3.800      80.39          1.07276015154E+03
    38  0.1000       38   3.800       3.900      80.39          9.25859328079E+02
    39  0.1000       39   3.900       4.000      80.38          7.82738926887E+02
    40  0.2000       40   4.000       4.200      80.39          6.02356701688E+02
    41  0.2000       41   4.200       4.400      80.39          3.94072369345E+02
 #=================================================================================================================================================================
 # My Cross Sections
 # The scale factors xmur, xmuf chosen here are:      1.000,      2.000
 #-----------------------------------------------------------------------------------------------------------------------------------------------------------------
 #IObs  BinSize  IODimO  [ ptj1_[GeV],       ]  < mw_[GeV]   >  NNLO_contribution 
 #-----------------------------------------------------------------------------------------------------------------------------------------------------------------
     1  0.1000        1   0.000       0.1000     80.38          5.13588330949E+03
     2  0.1000        2   0.1000      0.2000     80.39          5.13205919818E+03
     3  0.1000        3   0.2000      0.3000     80.38          5.10209948616E+03
     4  0.1000        4   0.3000      0.4000     80.38          5.09338216155E+03
     5  0.1000        5   0.4000      0.5000     80.38          5.11076429302E+03
     6  0.1000        6   0.5000      0.6000     80.39          5.09807325467E+03
     7  0.1000        7   0.6000      0.7000     80.39          5.05264181264E+03
     8  0.1000        8   0.7000      0.8000     80.38          5.03262969019E+03
     9  0.1000        9   0.8000      0.9000     80.39          4.98602870518E+03
    10  0.1000       10   0.9000      1.000      80.38          4.95602384258E+03
    11  0.2000       11   1.000       1.200      80.39          4.89446862352E+03
    12  0.1000       12   1.200       1.300      80.39          4.82698470106E+03
    13  0.1000       13   1.300       1.400      80.39          4.75323360383E+03
    14  0.1000       14   1.400       1.500      80.38          4.65213085108E+03
    15  0.1000       15   1.500       1.600      80.38          4.60401246530E+03
    16  0.1000       16   1.600       1.700      80.38          4.50666516061E+03
    17  0.1000       17   1.700       1.800      80.39          4.36704085966E+03
    18  0.1000       18   1.800       1.900      80.38          4.30083728895E+03
    19  0.1000       19   1.900       2.000      80.39          4.14737819976E+03
    20  0.1000       20   2.000       2.100      80.39          4.02569451769E+03
    21  0.1000       21   2.100       2.200      80.39          3.83414228730E+03
    22  0.1000       22   2.200       2.300      80.38          3.67700940542E+03
    23  0.1000       23   2.300       2.400      80.38          3.52458172819E+03
    24  0.1000       24   2.400       2.500      80.38          3.34415542585E+03
    25  0.1000       25   2.500       2.600      80.39          3.16067808122E+03
    26  0.1000       26   2.600       2.700      80.38          2.96123102835E+03
    27  0.1000       27   2.700       2.800      80.38          2.77710333813E+03
    28  0.1000       28   2.800       2.900      80.39          2.58740415405E+03
    29  0.1000       29   2.900       3.000      80.38          2.39207734635E+03
    30  0.1000       30   3.000       3.100      80.39          2.21530945508E+03
    31  0.1000       31   3.100       3.200      80.39          2.02523800372E+03
    32  0.1000       32   3.200       3.300      80.39          1.84733070414E+03
    33  0.1000       33   3.300       3.400      80.39          1.66762179128E+03
    34  0.1000       34   3.400       3.500      80.39          1.50077391430E+03
    35  0.1000       35   3.500       3.600      80.38          1.34451920348E+03
    36  0.1000       36   3.600       3.700      80.38          1.19395731315E+03
    37  0.1000       37   3.700       3.800      80.39          1.05669156827E+03
    38  0.1000       38   3.800       3.900      80.38          9.17233554251E+02
    39  0.1000       39   3.900       4.000      80.38          7.90346740207E+02
    40  0.2000       40   4.000       4.200      80.38          6.17478049695E+02
    41  0.2000       41   4.200       4.400      80.39          4.12611319115E+02
 #=================================================================================================================================================================
 # My Cross Sections
 # The scale factors xmur, xmuf chosen here are:      2.000,      1.000
 #-----------------------------------------------------------------------------------------------------------------------------------------------------------------
 #IObs  BinSize  IODimO  [ ptj1_[GeV],       ]  < mw_[GeV]   >  NNLO_contribution 
 #-----------------------------------------------------------------------------------------------------------------------------------------------------------------
     1  0.1000        1   0.000       0.1000     160.8          1.25803508114E+04
     2  0.1000        2   0.1000      0.2000     160.8          1.25610847745E+04
     3  0.1000        3   0.2000      0.3000     160.8          1.25237192227E+04
     4  0.1000        4   0.3000      0.4000     160.8          1.24423493592E+04
     5  0.1000        5   0.4000      0.5000     160.8          1.23522436208E+04
     6  0.1000        6   0.5000      0.6000     160.8          1.22507319653E+04
     7  0.1000        7   0.6000      0.7000     160.8          1.21038273285E+04
     8  0.1000        8   0.7000      0.8000     160.8          1.19335934350E+04
     9  0.1000        9   0.8000      0.9000     160.8          1.17499839610E+04
    10  0.1000       10   0.9000      1.000      160.8          1.15442877589E+04
    11  0.2000       11   1.000       1.200      160.8          1.11937124388E+04
    12  0.1000       12   1.200       1.300      160.8          1.07971567955E+04
    13  0.1000       13   1.300       1.400      160.8          1.04853096841E+04
    14  0.1000       14   1.400       1.500      160.8          1.01606022365E+04
    15  0.1000       15   1.500       1.600      160.8          9.82685438916E+03
    16  0.1000       16   1.600       1.700      160.8          9.45999922391E+03
    17  0.1000       17   1.700       1.800      160.8          9.06363875715E+03
    18  0.1000       18   1.800       1.900      160.8          8.68324483661E+03
    19  0.1000       19   1.900       2.000      160.8          8.25620885093E+03
    20  0.1000       20   2.000       2.100      160.8          7.85092801748E+03
    21  0.1000       21   2.100       2.200      160.8          7.38754664207E+03
    22  0.1000       22   2.200       2.300      160.8          6.94553413757E+03
    23  0.1000       23   2.300       2.400      160.8          6.51496226557E+03
    24  0.1000       24   2.400       2.500      160.8          6.06806718746E+03
    25  0.1000       25   2.500       2.600      160.8          5.61796218153E+03
    26  0.1000       26   2.600       2.700      160.8          5.17092190267E+03
    27  0.1000       27   2.700       2.800      160.8          4.73100016334E+03
    28  0.1000       28   2.800       2.900      160.8          4.32373909162E+03
    29  0.1000       29   2.900       3.000      160.8          3.90969911127E+03
    30  0.1000       30   3.000       3.100      160.8          3.52569583854E+03
    31  0.1000       31   3.100       3.200      160.8          3.15387742106E+03
    32  0.1000       32   3.200       3.300      160.8          2.79978217266E+03
    33  0.1000       33   3.300       3.400      160.8          2.46839058278E+03
    34  0.1000       34   3.400       3.500      160.8          2.16239713359E+03
    35  0.1000       35   3.500       3.600      160.8          1.88216982897E+03
    36  0.1000       36   3.600       3.700      160.8          1.62557935059E+03
    37  0.1000       37   3.700       3.800      160.8          1.39232530908E+03
    38  0.1000       38   3.800       3.900      160.8          1.17768516104E+03
    39  0.1000       39   3.900       4.000      160.8          9.80651635874E+02
    40  0.2000       40   4.000       4.200      160.8          7.35477575046E+02
    41  0.2000       41   4.200       4.400      160.8          4.63942543993E+02
