 ##################################################################################
 # [fnlo-tk-cppread] Evaluating table: NNLO.abs_yj1.tab.gz
 # [fnlo-tk-cppread] Using PDF set   : NNPDF31_nnlo_as_0118
 # [fnlo-tk-cppread] If possible, will try to do 3 scale factor variations.
 # [fnlo-tk-cppread] Using alpha_s evolution code: LHAPDF
 # [fnlo-tk-cppread] Preparing unnormalized cross sections,
 # [fnlo-tk-cppread] Using scale definition kScale1
 # [fnlo-tk-cppread] Using central scale factor of sclfac = 17.0735
 # [fnlo-tk-cppread] No request for no. of flavours, using default of LHAPDF or Nf = 5.
 # [fnlo-tk-cppread] No request for no. of loops, using default of LHAPDF or NLoop = 2.
 # [fnlo-tk-cppread] No request for value of alpha_s(M_Z), using default of LHAPDF or asMz = 0.118.
 # [fnlo-tk-cppread] No request for value of M_Z, using default of LHAPDF or Mz = 91.1876.
 # [fnlo-tk-cppread] No request for Ecms, using default as defined in grid.
 # [fnlo-tk-cppread] Using verbosity level: WARNING
 ##################################################################################

LHAPDF 6.5.3 loading /cvmfs/sft.cern.ch/lcg/external/lhapdfsets/current/NNPDF31_nnlo_as_0118/NNPDF31_nnlo_as_0118_0000.dat
NNPDF31_nnlo_as_0118 PDF set, member #0, version 1; LHAPDF ID = 303600
LHAPDF 6.5.3 loading /cvmfs/sft.cern.ch/lcg/external/lhapdfsets/current/NNPDF31_nnlo_as_0118/NNPDF31_nnlo_as_0118_0000.dat
NNPDF31_nnlo_as_0118 PDF set, member #0, version 1; LHAPDF ID = 303600

 ##################################################################################################################################################################
 # [fnlo-tk-cppread] Calculate my cross sections
 ##################################################################################################################################################################
 #=================================================================================================================================================================
 # My Cross Sections
 # The scale factors xmur, xmuf chosen here are:     17.074,      1.000
 #-----------------------------------------------------------------------------------------------------------------------------------------------------------------
 #IObs  BinSize  IODimO  [ ptj1_[GeV],       ]  < mw_[GeV]   >  LO_cross_section   NLO_cross_section  NNLO_cross_section   KNLO      KNNLO
 #-----------------------------------------------------------------------------------------------------------------------------------------------------------------
     1  0.1000        1   0.000       0.1000     1372.          7.71933032531E+04  1.31166507704E+05  1.10919329934E+05    1.69920   0.84564
     2  0.1000        2   0.1000      0.2000     1372.          7.70398421844E+04  1.30725575841E+05  1.09054596489E+05    1.69686   0.83423
     3  0.1000        3   0.2000      0.3000     1372.          7.66648159862E+04  1.30387012206E+05  1.10023558700E+05    1.70074   0.84382
     4  0.1000        4   0.3000      0.4000     1372.          7.61227355830E+04  1.28424653674E+05  1.08064782290E+05    1.68707   0.84146
     5  0.1000        5   0.4000      0.5000     1372.          7.54326508071E+04  1.27862617377E+05  1.06597190791E+05    1.69506   0.83369
     6  0.1000        6   0.5000      0.6000     1372.          7.45265614029E+04  1.26920938800E+05  1.06661369776E+05    1.70303   0.84038
     7  0.1000        7   0.6000      0.7000     1372.          7.34439053697E+04  1.24809579222E+05  1.05979643334E+05    1.69939   0.84913
     8  0.1000        8   0.7000      0.8000     1372.          7.21605719900E+04  1.21895218096E+05  1.02766207539E+05    1.68922   0.84307
     9  0.1000        9   0.8000      0.9000     1372.          7.07746677159E+04  1.19814888336E+05  1.00414906823E+05    1.69291   0.83808
    10  0.1000       10   0.9000      1.000      1372.          6.92220334005E+04  1.17093753337E+05  9.72178354218E+04    1.69157   0.83026
    11  0.2000       11   1.000       1.200      1372.          6.64877836427E+04  1.12210750161E+05  9.35720177860E+04    1.68769   0.83390
    12  0.1000       12   1.200       1.300      1372.          6.34870873564E+04  1.06832868993E+05  8.91447777220E+04    1.68275   0.83443
    13  0.1000       13   1.300       1.400      1372.          6.13238676031E+04  1.03184898911E+05  8.57003012680E+04    1.68262   0.83055
    14  0.1000       14   1.400       1.500      1372.          5.89958993735E+04  9.95411027948E+04  8.21525687245E+04    1.68725   0.82531
    15  0.1000       15   1.500       1.600      1372.          5.65501862795E+04  9.48818932988E+04  7.86594197201E+04    1.67784   0.82902
    16  0.1000       16   1.600       1.700      1372.          5.39788144723E+04  9.03898922561E+04  7.55886970160E+04    1.67454   0.83625
    17  0.1000       17   1.700       1.800      1372.          5.13399889938E+04  8.61692856572E+04  7.15422464294E+04    1.67840   0.83025
    18  0.1000       18   1.800       1.900      1372.          4.86164694531E+04  8.08982197747E+04  6.64513051846E+04    1.66401   0.82142
    19  0.1000       19   1.900       2.000      1372.          4.58961027690E+04  7.60225979047E+04  6.30761932382E+04    1.65641   0.82970
    20  0.1000       20   2.000       2.100      1372.          4.30236009645E+04  7.15458106436E+04  5.92414887610E+04    1.66294   0.82802
    21  0.1000       21   2.100       2.200      1372.          4.01668152621E+04  6.67315478215E+04  5.60971526815E+04    1.66136   0.84064
    22  0.1000       22   2.200       2.300      1372.          3.73382167491E+04  6.19102862965E+04  5.17364016559E+04    1.65809   0.83567
    23  0.1000       23   2.300       2.400      1372.          3.44999592459E+04  5.67408878708E+04  4.71944386787E+04    1.64467   0.83175
    24  0.1000       24   2.400       2.500      1372.          3.17420346859E+04  5.26275556836E+04  4.34233445350E+04    1.65798   0.82511
    25  0.1000       25   2.500       2.600      1372.          2.89983591766E+04  4.76504412436E+04  4.05348612572E+04    1.64321   0.85067
    26  0.1000       26   2.600       2.700      1372.          2.63171846727E+04  4.37478417677E+04  3.64635238626E+04    1.66233   0.83349
    27  0.1000       27   2.700       2.800      1372.          2.37359725340E+04  3.88782031948E+04  3.32203993412E+04    1.63794   0.85447
    28  0.1000       28   2.800       2.900      1372.          2.12360803401E+04  3.45610410978E+04  2.96180906988E+04    1.62747   0.85698
    29  0.1000       29   2.900       3.000      1372.          1.88456482419E+04  3.08383370335E+04  2.62967172914E+04    1.63636   0.85273
    30  0.1000       30   3.000       3.100      1372.          1.66059919750E+04  2.68342410152E+04  2.31232303157E+04    1.61594   0.86171
    31  0.1000       31   3.100       3.200      1372.          1.44792257304E+04  2.40233599187E+04  2.08657647677E+04    1.65916   0.86856
    32  0.1000       32   3.200       3.300      1372.          1.25163389240E+04  2.05917293863E+04  1.78334417606E+04    1.64519   0.86605
    33  0.1000       33   3.300       3.400      1372.          1.07063789657E+04  1.70038251502E+04  1.50243174006E+04    1.58820   0.88358
    34  0.1000       34   3.400       3.500      1372.          9.06744431472E+03  1.48707743936E+04  1.28695181066E+04    1.64002   0.86542
    35  0.1000       35   3.500       3.600      1372.          7.56757559365E+03  1.26826506349E+04  1.16673133992E+04    1.67592   0.91994
    36  0.1000       36   3.600       3.700      1372.          6.26463013083E+03  1.00226184058E+04  9.26798477979E+03    1.59987   0.92471
    37  0.1000       37   3.700       3.800      1372.          5.08211823651E+03  8.45243038432E+03  7.82126898861E+03    1.66317   0.92533
    38  0.1000       38   3.800       3.900      1372.          4.07792514923E+03  6.61141130688E+03  6.28734215087E+03    1.62127   0.95098
    39  0.1000       39   3.900       4.000      1372.          3.21144564629E+03  5.21015307318E+03  5.03343012625E+03    1.62237   0.96608
    40  0.2000       40   4.000       4.200      1372.          2.17612866494E+03  3.66730362596E+03  3.61602955429E+03    1.68524   0.98602
    41  0.2000       41   4.200       4.400      1372.          1.17712742146E+03  2.06433070554E+03  2.15882624444E+03    1.75370   1.04578
 #=================================================================================================================================================================
 # My Cross Sections
 # The scale factors xmur, xmuf chosen here are:      8.537,      1.000
 #-----------------------------------------------------------------------------------------------------------------------------------------------------------------
 #IObs  BinSize  IODimO  [ ptj1_[GeV],       ]  < mw_[GeV]   >  LO_cross_section   NLO_cross_section  NNLO_cross_section   KNLO      KNNLO
 #-----------------------------------------------------------------------------------------------------------------------------------------------------------------
     1  0.1000        1   0.000       0.1000     686.2          8.33191711409E+04  1.37698874091E+05  1.17525309033E+05    1.65267   0.85350
     2  0.1000        2   0.1000      0.2000     686.2          8.31535317848E+04  1.37223646905E+05  1.15224058645E+05    1.65024   0.83968
     3  0.1000        3   0.2000      0.3000     686.2          8.27487444436E+04  1.36888709544E+05  1.16461540016E+05    1.65427   0.85078
     4  0.1000        4   0.3000      0.4000     686.2          8.21636458925E+04  1.34736957853E+05  1.14326801077E+05    1.63986   0.84852
     5  0.1000        5   0.4000      0.5000     686.2          8.14187977111E+04  1.34193425406E+05  1.12522526668E+05    1.64819   0.83851
     6  0.1000        6   0.5000      0.6000     686.2          8.04408033131E+04  1.33304779320E+05  1.12979898084E+05    1.65718   0.84753
     7  0.1000        7   0.6000      0.7000     686.2          7.92722303992E+04  1.31041503842E+05  1.12334884856E+05    1.65306   0.85725
     8  0.1000        8   0.7000      0.8000     686.2          7.78870548855E+04  1.27929938309E+05  1.08767617676E+05    1.64251   0.85021
     9  0.1000        9   0.8000      0.9000     686.2          7.63911687071E+04  1.25777478344E+05  1.06282714477E+05    1.64649   0.84501
    10  0.1000       10   0.9000      1.000      686.2          7.47153212075E+04  1.22921103442E+05  1.02723824516E+05    1.64519   0.83569
    11  0.2000       11   1.000       1.200      686.2          7.17640882131E+04  1.17745602193E+05  9.88897354566E+04    1.64073   0.83986
    12  0.1000       12   1.200       1.300      686.2          6.85252641586E+04  1.12071924284E+05  9.42721519503E+04    1.63548   0.84118
    13  0.1000       13   1.300       1.400      686.2          6.61903766846E+04  1.08272638916E+05  9.06117870214E+04    1.63578   0.83689
    14  0.1000       14   1.400       1.500      686.2          6.36776667063E+04  1.04499973965E+05  8.67690799247E+04    1.64108   0.83033
    15  0.1000       15   1.500       1.600      686.2          6.10378679253E+04  9.95479383747E+04  8.30671383702E+04    1.63092   0.83444
    16  0.1000       16   1.600       1.700      686.2          5.82624384690E+04  9.47917670370E+04  7.99244114690E+04    1.62698   0.84316
    17  0.1000       17   1.700       1.800      686.2          5.54142023865E+04  9.04087793225E+04  7.56382876845E+04    1.63151   0.83663
    18  0.1000       18   1.800       1.900      686.2          5.24745511324E+04  8.48253552404E+04  7.00775632581E+04    1.61650   0.82614
    19  0.1000       19   1.900       2.000      686.2          4.95383029377E+04  7.97054735190E+04  6.66294782675E+04    1.60897   0.83595
    20  0.1000       20   2.000       2.100      686.2          4.64378465591E+04  7.50417746805E+04  6.25683781901E+04    1.61596   0.83378
    21  0.1000       21   2.100       2.200      686.2          4.33543534734E+04  6.99717733727E+04  5.93705227982E+04    1.61395   0.84849
    22  0.1000       22   2.200       2.300      686.2          4.03012844420E+04  6.49526830131E+04  5.47325129549E+04    1.61168   0.84265
    23  0.1000       23   2.300       2.400      686.2          3.72377899070E+04  5.94710900003E+04  4.97873893967E+04    1.59706   0.83717
    24  0.1000       24   2.400       2.500      686.2          3.42610033371E+04  5.52006813768E+04  4.57361402899E+04    1.61118   0.82854
    25  0.1000       25   2.500       2.600      686.2          3.12995965870E+04  4.99655496537E+04  4.28724210095E+04    1.59636   0.85804
    26  0.1000       26   2.600       2.700      686.2          2.84056507662E+04  4.59250371027E+04  3.84511213970E+04    1.61676   0.83726
    27  0.1000       27   2.700       2.800      686.2          2.56196000743E+04  4.07637600075E+04  3.51064891243E+04    1.59112   0.86122
    28  0.1000       28   2.800       2.900      686.2          2.29213226750E+04  3.62205668826E+04  3.12402514907E+04    1.58021   0.86250
    29  0.1000       29   2.900       3.000      686.2          2.03411918516E+04  3.23378123093E+04  2.77334246458E+04    1.58977   0.85762
    30  0.1000       30   3.000       3.100      686.2          1.79238020530E+04  2.81265747657E+04  2.43206773183E+04    1.56923   0.86469
    31  0.1000       31   3.100       3.200      686.2          1.56282609472E+04  2.52614636298E+04  2.19824912459E+04    1.61640   0.87020
    32  0.1000       32   3.200       3.300      686.2          1.35096043429E+04  2.16246348492E+04  1.87410078454E+04    1.60069   0.86665
    33  0.1000       33   3.300       3.400      686.2          1.15560104795E+04  1.78098155136E+04  1.57627611008E+04    1.54117   0.88506
    34  0.1000       34   3.400       3.500      686.2          9.78701406510E+03  1.56324906273E+04  1.35020813563E+04    1.59727   0.86372
    35  0.1000       35   3.500       3.600      686.2          8.16811950568E+03  1.33603047233E+04  1.23095695041E+04    1.63566   0.92135
    36  0.1000       36   3.600       3.700      686.2          6.76177554281E+03  1.05160722442E+04  9.72149682618E+03    1.55522   0.92444
    37  0.1000       37   3.700       3.800      686.2          5.48542245586E+03  8.91160667018E+03  8.22585172942E+03    1.62460   0.92305
    38  0.1000       38   3.800       3.900      686.2          4.40153911143E+03  6.96163374376E+03  6.62659303959E+03    1.58164   0.95187
    39  0.1000       39   3.900       4.000      686.2          3.46629795769E+03  5.48254096547E+03  5.27449373315E+03    1.58167   0.96205
    40  0.2000       40   4.000       4.200      686.2          2.34882080463E+03  3.87621217660E+03  3.79336236624E+03    1.65028   0.97863
    41  0.2000       41   4.200       4.400      686.2          1.27054131576E+03  2.19218611655E+03  2.27500352095E+03    1.72540   1.03778
 #=================================================================================================================================================================
 # My Cross Sections
 # The scale factors xmur, xmuf chosen here are:     34.147,      1.000
 #-----------------------------------------------------------------------------------------------------------------------------------------------------------------
 #IObs  BinSize  IODimO  [ ptj1_[GeV],       ]  < mw_[GeV]   >  LO_cross_section   NLO_cross_section  NNLO_cross_section   KNLO      KNNLO
 #-----------------------------------------------------------------------------------------------------------------------------------------------------------------
     1  0.1000        1   0.000       0.1000     2745.          7.19190346215E+04  1.25101645022E+05  1.05956140681E+05    1.73948   0.84696
     2  0.1000        2   0.1000      0.2000     2745.          7.17760588523E+04  1.24690274927E+05  1.04414647214E+05    1.73721   0.83739
     3  0.1000        3   0.2000      0.3000     2745.          7.14266564949E+04  1.24352129636E+05  1.05178019558E+05    1.74098   0.84581
     4  0.1000        4   0.3000      0.4000     2745.          7.09216139894E+04  1.22548703025E+05  1.03364309289E+05    1.72795   0.84345
     5  0.1000        5   0.4000      0.5000     2745.          7.02786795793E+04  1.21978070670E+05  1.02133685477E+05    1.73563   0.83731
     6  0.1000        6   0.5000      0.6000     2745.          6.94344991583E+04  1.21005535343E+05  1.01915528900E+05    1.74273   0.84224
     7  0.1000        7   0.6000      0.7000     2745.          6.84258161062E+04  1.19026618501E+05  1.01199609295E+05    1.73950   0.85023
     8  0.1000        8   0.7000      0.8000     2745.          6.72301670813E+04  1.16285732045E+05  9.82577227715E+04    1.72967   0.84497
     9  0.1000        9   0.8000      0.9000     2745.          6.59389553664E+04  1.14278167741E+05  9.60142811480E+04    1.73309   0.84018
    10  0.1000       10   0.9000      1.000      2745.          6.44924055185E+04  1.11682637016E+05  9.30880048079E+04    1.73172   0.83350
    11  0.2000       11   1.000       1.200      2745.          6.19449746571E+04  1.07062133677E+05  8.95839308710E+04    1.72834   0.83675
    12  0.1000       12   1.200       1.300      2745.          5.91493023512E+04  1.01953725187E+05  8.53095655029E+04    1.72367   0.83675
    13  0.1000       13   1.300       1.400      2745.          5.71338856016E+04  9.84518108991E+04  8.20292184446E+04    1.72318   0.83319
    14  0.1000       14   1.400       1.500      2745.          5.49649768926E+04  9.49373353536E+04  7.86965516627E+04    1.72723   0.82893
    15  0.1000       15   1.500       1.600      2745.          5.26863682923E+04  9.05388010403E+04  7.53598435977E+04    1.71845   0.83235
    16  0.1000       16   1.600       1.700      2745.          5.02906866692E+04  8.62846339696E+04  7.23463176266E+04    1.71572   0.83846
    17  0.1000       17   1.700       1.800      2745.          4.78321601785E+04  8.22235796517E+04  6.84824873645E+04    1.71900   0.83288
    18  0.1000       18   1.800       1.900      2745.          4.52947263873E+04  7.72333157676E+04  6.37469879129E+04    1.70513   0.82538
    19  0.1000       19   1.900       2.000      2745.          4.27602300321E+04  7.25841838703E+04  6.04270379704E+04    1.69747   0.83251
    20  0.1000       20   2.000       2.100      2745.          4.00839932599E+04  6.82875786561E+04  5.67587163661E+04    1.70361   0.83117
    21  0.1000       21   2.100       2.200      2745.          3.74223987799E+04  6.37078258512E+04  5.36524277795E+04    1.70240   0.84216
    22  0.1000       22   2.200       2.300      2745.          3.47870655863E+04  5.90779862012E+04  4.94993588316E+04    1.69827   0.83786
    23  0.1000       23   2.300       2.400      2745.          3.21427333575E+04  5.41883677580E+04  4.52568498843E+04    1.68587   0.83518
    24  0.1000       24   2.400       2.500      2745.          2.95732452859E+04  5.02296854149E+04  4.16883953486E+04    1.69848   0.82996
    25  0.1000       25   2.500       2.600      2745.          2.70170326919E+04  4.54902321200E+04  3.87794334343E+04    1.68376   0.85248
    26  0.1000       26   2.600       2.700      2745.          2.45190506930E+04  4.17260877137E+04  3.49654087183E+04    1.70178   0.83797
    27  0.1000       27   2.700       2.800      2745.          2.21142010836E+04  3.71181629800E+04  3.17984313610E+04    1.67848   0.85668
    28  0.1000       28   2.800       2.900      2745.          1.97851151957E+04  3.30088268828E+04  2.83902318034E+04    1.66837   0.86008
    29  0.1000       29   2.900       3.000      2745.          1.75580104913E+04  2.94393991262E+04  2.52084877834E+04    1.67669   0.85628
    30  0.1000       30   3.000       3.100      2745.          1.54713797887E+04  2.56261839145E+04  2.22069039847E+04    1.65636   0.86657
    31  0.1000       31   3.100       3.200      2745.          1.34899258448E+04  2.28814530014E+04  2.00012647469E+04    1.69619   0.87413
    32  0.1000       32   3.200       3.300      2745.          1.16611541996E+04  1.96340375105E+04  1.71291585138E+04    1.68371   0.87242
    33  0.1000       33   3.300       3.400      2745.          9.97486060391E+03  1.62479162856E+04  1.44498875953E+04    1.62889   0.88934
    34  0.1000       34   3.400       3.500      2745.          8.44790693127E+03  1.41673936392E+04  1.23743937571E+04    1.67703   0.87344
    35  0.1000       35   3.500       3.600      2745.          7.05051744368E+03  1.20619180216E+04  1.11571068689E+04    1.71078   0.92499
    36  0.1000       36   3.600       3.700      2745.          5.83659634040E+03  9.56337639924E+03  8.90475972012E+03    1.63852   0.93113
    37  0.1000       37   3.700       3.800      2745.          4.73488012560E+03  8.03310809858E+03  7.49477837288E+03    1.69658   0.93299
    38  0.1000       38   3.800       3.900      2745.          3.79929900175E+03  6.29006634408E+03  6.01459537426E+03    1.65559   0.95621
    39  0.1000       39   3.900       4.000      2745.          2.99202211704E+03  4.95960315795E+03  4.83356759491E+03    1.65761   0.97459
    40  0.2000       40   4.000       4.200      2745.          2.02744365378E+03  3.47815994765E+03  3.46623890213E+03    1.71554   0.99657
    41  0.2000       41   4.200       4.400      2745.          1.09669963857E+03  1.95022441049E+03  2.05936900495E+03    1.77827   1.05597
