 ##################################################################################
 # [fnlo-tk-cppread] Evaluating table: /ptmp/mpp/asaborido/ATLAS8TeV/ATLAS8TeV_mw_25xnodes_NNLO/combine_TESTscalefactor8/combine_grid/LO.ptw.tab.gz
 # [fnlo-tk-cppread] Using PDF set   : NNPDF31_nnlo_as_0118
 # [fnlo-tk-cppread] If possible, will try to do 7 scale factor variations.
 # [fnlo-tk-cppread] Using alpha_s evolution code: LHAPDF
 # [fnlo-tk-cppread] Preparing unnormalized cross sections,
 # [fnlo-tk-cppread] Using scale definition kScale1
 # [fnlo-tk-cppread] Using central scale factor of sclfac = 8
 # [fnlo-tk-cppread] No request for no. of flavours, using default of LHAPDF or Nf = 5.
 # [fnlo-tk-cppread] No request for no. of loops, using default of LHAPDF or NLoop = 2.
 # [fnlo-tk-cppread] No request for value of alpha_s(M_Z), using default of LHAPDF or asMz = 0.118.
 # [fnlo-tk-cppread] No request for value of M_Z, using default of LHAPDF or Mz = 91.1876.
 # [fnlo-tk-cppread] No request for Ecms, using default as defined in grid.
 # [fnlo-tk-cppread] Using verbosity level: WARNING
 ##################################################################################

LHAPDF 6.5.3 loading /cvmfs/sft.cern.ch/lcg/external/lhapdfsets/current/NNPDF31_nnlo_as_0118/NNPDF31_nnlo_as_0118_0000.dat
NNPDF31_nnlo_as_0118 PDF set, member #0, version 1; LHAPDF ID = 303600
LHAPDF 6.5.3 loading /cvmfs/sft.cern.ch/lcg/external/lhapdfsets/current/NNPDF31_nnlo_as_0118/NNPDF31_nnlo_as_0118_0000.dat
NNPDF31_nnlo_as_0118 PDF set, member #0, version 1; LHAPDF ID = 303600

 ##################################################################################################################################################################
 # [fnlo-tk-cppread] Calculate my cross sections
 ##################################################################################################################################################################
 #=================================================================================================================================================================
 # My Cross Sections
 # The scale factors xmur, xmuf chosen here are:      8.000,      8.000
 #-----------------------------------------------------------------------------------------------------------------------------------------------------------------
 #IObs  BinSize  IODimO  [ ptj1_[GeV],       ]  < mw_[GeV]   >  LO_cross_section
 #-----------------------------------------------------------------------------------------------------------------------------------------------------------------
     1  25.00         1   0.000       25.00     -nan            0.00000000000E+00
     2  25.00         2   25.00       50.00      643.1          5.06810262284E+03
     3  25.00         3   50.00       75.00      643.1          1.71965219720E+03
     4  25.00         4   75.00       100.0      643.1          6.02938583946E+02
     5  25.00         5   100.0       125.0      643.1          2.56496374644E+02
     6  25.00         6   125.0       150.0      643.1          1.22279181974E+02
     7  25.00         7   150.0       175.0      643.1          6.32290435503E+01
     8  25.00         8   175.0       200.0      643.1          3.48267182353E+01
     9  50.00         9   200.0       250.0      643.1          1.61651386301E+01
    10  50.00        10   250.0       300.0      643.1          6.24476527901E+00
    11  50.00        11   300.0       350.0      643.1          2.69822474536E+00
    12  50.00        12   350.0       400.0      643.1          1.26797041985E+00
    13  50.00        13   400.0       450.0      643.1          6.35398247669E-01
    14  50.00        14   450.0       500.0      643.1          3.35262143002E-01
    15  100.0        15   500.0       600.0      643.1          1.44733722334E-01
    16  200.0        16   600.0       800.0      643.1          3.37266325976E-02
 #=================================================================================================================================================================
 # My Cross Sections
 # The scale factors xmur, xmuf chosen here are:      4.000,      4.000
 #-----------------------------------------------------------------------------------------------------------------------------------------------------------------
 #IObs  BinSize  IODimO  [ ptj1_[GeV],       ]  < mw_[GeV]   >  LO_cross_section
 #-----------------------------------------------------------------------------------------------------------------------------------------------------------------
     1  25.00         1   0.000       25.00     -nan            0.00000000000E+00
     2  25.00         2   25.00       50.00      321.5          5.40412520660E+03
     3  25.00         3   50.00       75.00      321.5          1.85862254557E+03
     4  25.00         4   75.00       100.0      321.5          6.60258092968E+02
     5  25.00         5   100.0       125.0      321.5          2.84043405992E+02
     6  25.00         6   125.0       150.0      321.5          1.36746115461E+02
     7  25.00         7   150.0       175.0      321.5          7.13298612648E+01
     8  25.00         8   175.0       200.0      321.5          3.95981651020E+01
     9  50.00         9   200.0       250.0      321.5          1.85573589998E+01
    10  50.00        10   250.0       300.0      321.5          7.25795306219E+00
    11  50.00        11   300.0       350.0      321.5          3.16967402806E+00
    12  50.00        12   350.0       400.0      321.5          1.50354675544E+00
    13  50.00        13   400.0       450.0      321.5          7.59851853373E-01
    14  50.00        14   450.0       500.0      321.5          4.04061047614E-01
    15  100.0        15   500.0       600.0      321.5          1.76116802211E-01
    16  200.0        16   600.0       800.0      321.5          4.17000278333E-02
 #=================================================================================================================================================================
 # My Cross Sections
 # The scale factors xmur, xmuf chosen here are:     16.000,     16.000
 #-----------------------------------------------------------------------------------------------------------------------------------------------------------------
 #IObs  BinSize  IODimO  [ ptj1_[GeV],       ]  < mw_[GeV]   >  LO_cross_section
 #-----------------------------------------------------------------------------------------------------------------------------------------------------------------
     1  25.00         1   0.000       25.00     -nan            0.00000000000E+00
     2  25.00         2   25.00       50.00      1286.          4.75383729300E+03
     3  25.00         3   50.00       75.00      1286.          1.59345708332E+03
     4  25.00         4   75.00       100.0      1286.          5.52155005145E+02
     5  25.00         5   100.0       125.0      1286.          2.32548736264E+02
     6  25.00         6   125.0       150.0      1286.          1.09894762344E+02
     7  25.00         7   150.0       175.0      1286.          5.63837177530E+01
     8  25.00         8   175.0       200.0      1286.          3.08395192165E+01
     9  50.00         9   200.0       250.0      1286.          1.41923098958E+01
    10  50.00        10   250.0       300.0      1286.          5.42258593620E+00
    11  50.00        11   300.0       350.0      1286.          2.32076480730E+00
    12  50.00        12   350.0       400.0      1286.          1.08149975845E+00
    13  50.00        13   400.0       450.0      1286.          5.37872617021E-01
    14  50.00        14   450.0       500.0      1286.          2.81834838421E-01
    15  100.0        15   500.0       600.0      1286.          1.20628009930E-01
    16  200.0        16   600.0       800.0      1286.          2.77095196499E-02
 #=================================================================================================================================================================
 # My Cross Sections
 # The scale factors xmur, xmuf chosen here are:      4.000,      8.000
 #-----------------------------------------------------------------------------------------------------------------------------------------------------------------
 #IObs  BinSize  IODimO  [ ptj1_[GeV],       ]  < mw_[GeV]   >  LO_cross_section
 #-----------------------------------------------------------------------------------------------------------------------------------------------------------------
     1  25.00         1   0.000       25.00     -nan            0.00000000000E+00
     2  25.00         2   25.00       50.00      321.5          5.51009952977E+03
     3  25.00         3   50.00       75.00      321.5          1.86962567025E+03
     4  25.00         4   75.00       100.0      321.5          6.55521771186E+02
     5  25.00         5   100.0       125.0      321.5          2.78865812019E+02
     6  25.00         6   125.0       150.0      321.5          1.32943334663E+02
     7  25.00         7   150.0       175.0      321.5          6.87433442180E+01
     8  25.00         8   175.0       200.0      321.5          3.78640090883E+01
     9  50.00         9   200.0       250.0      321.5          1.75749248571E+01
    10  50.00        10   250.0       300.0      321.5          6.78938071859E+00
    11  50.00        11   300.0       350.0      321.5          2.93354101268E+00
    12  50.00        12   350.0       400.0      321.5          1.37855204089E+00
    13  50.00        13   400.0       450.0      321.5          6.90812291352E-01
    14  50.00        14   450.0       500.0      321.5          3.64500862351E-01
    15  100.0        15   500.0       600.0      321.5          1.57356169502E-01
    16  200.0        16   600.0       800.0      321.5          3.66679833157E-02
 #=================================================================================================================================================================
 # My Cross Sections
 # The scale factors xmur, xmuf chosen here are:      8.000,      4.000
 #-----------------------------------------------------------------------------------------------------------------------------------------------------------------
 #IObs  BinSize  IODimO  [ ptj1_[GeV],       ]  < mw_[GeV]   >  LO_cross_section
 #-----------------------------------------------------------------------------------------------------------------------------------------------------------------
     1  25.00         1   0.000       25.00     -nan            0.00000000000E+00
     2  25.00         2   25.00       50.00      643.1          4.97062911219E+03
     3  25.00         3   50.00       75.00      643.1          1.70953169670E+03
     4  25.00         4   75.00       100.0      643.1          6.07294978003E+02
     5  25.00         5   100.0       125.0      643.1          2.61258643902E+02
     6  25.00         6   125.0       150.0      643.1          1.25776919761E+02
     7  25.00         7   150.0       175.0      643.1          6.56080811263E+01
     8  25.00         8   175.0       200.0      643.1          3.64217675795E+01
     9  50.00         9   200.0       250.0      643.1          1.70687660562E+01
    10  50.00        10   250.0       300.0      643.1          6.67575072868E+00
    11  50.00        11   300.0       350.0      643.1          2.91541616778E+00
    12  50.00        12   350.0       400.0      643.1          1.38293858643E+00
    13  50.00        13   400.0       450.0      643.1          6.98899747681E-01
    14  50.00        14   450.0       500.0      643.1          3.71648977326E-01
    15  100.0        15   500.0       600.0      643.1          1.61989456341E-01
    16  200.0        16   600.0       800.0      643.1          3.83550277618E-02
 #=================================================================================================================================================================
 # My Cross Sections
 # The scale factors xmur, xmuf chosen here are:      8.000,     16.000
 #-----------------------------------------------------------------------------------------------------------------------------------------------------------------
 #IObs  BinSize  IODimO  [ ptj1_[GeV],       ]  < mw_[GeV]   >  LO_cross_section
 #-----------------------------------------------------------------------------------------------------------------------------------------------------------------
     1  25.00         1   0.000       25.00     -nan            0.00000000000E+00
     2  25.00         2   25.00       50.00      643.1          5.13401414641E+03
     3  25.00         3   50.00       75.00      643.1          1.72089003120E+03
     4  25.00         4   75.00       100.0      643.1          5.96312291042E+02
     5  25.00         5   100.0       125.0      643.1          2.51146269450E+02
     6  25.00         6   125.0       150.0      643.1          1.18683335107E+02
     7  25.00         7   150.0       175.0      643.1          6.08928717433E+01
     8  25.00         8   175.0       200.0      643.1          3.33058365627E+01
     9  50.00         9   200.0       250.0      643.1          1.53273061917E+01
    10  50.00        10   250.0       300.0      643.1          5.85624437496E+00
    11  50.00        11   300.0       350.0      643.1          2.50636246400E+00
    12  50.00        12   350.0       400.0      643.1          1.16799013450E+00
    13  50.00        13   400.0       450.0      643.1          5.80887702830E-01
    14  50.00        14   450.0       500.0      643.1          3.04373910637E-01
    15  100.0        15   500.0       600.0      643.1          1.30274948691E-01
    16  200.0        16   600.0       800.0      643.1          2.99255227103E-02
 #=================================================================================================================================================================
 # My Cross Sections
 # The scale factors xmur, xmuf chosen here are:     16.000,      8.000
 #-----------------------------------------------------------------------------------------------------------------------------------------------------------------
 #IObs  BinSize  IODimO  [ ptj1_[GeV],       ]  < mw_[GeV]   >  LO_cross_section
 #-----------------------------------------------------------------------------------------------------------------------------------------------------------------
     1  25.00         1   0.000       25.00     -nan            0.00000000000E+00
     2  25.00         2   25.00       50.00      1286.          4.69280655762E+03
     3  25.00         3   50.00       75.00      1286.          1.59231091167E+03
     4  25.00         4   75.00       100.0      1286.          5.58290617051E+02
     5  25.00         5   100.0       125.0      1286.          2.37502662932E+02
     6  25.00         6   125.0       150.0      1286.          1.13224334575E+02
     7  25.00         7   150.0       175.0      1286.          5.85468946243E+01
     8  25.00         8   175.0       200.0      1286.          3.22477786812E+01
     9  50.00         9   200.0       250.0      1286.          1.49681003353E+01
    10  50.00        10   250.0       300.0      1286.          5.78233663226E+00
    11  50.00        11   300.0       350.0      1286.          2.49841957064E+00
    12  50.00        12   350.0       400.0      1286.          1.17407644319E+00
    13  50.00        13   400.0       450.0      1286.          5.88346623038E-01
    14  50.00        14   450.0       500.0      1286.          3.10435778493E-01
    15  100.0        15   500.0       600.0      1286.          1.34016102637E-01
    16  200.0        16   600.0       800.0      1286.          3.12291550504E-02
