 ##################################################################################
 # [fnlo-tk-cppread] Evaluating table: /ptmp/mpp/asaborido/ATLAS8TeV/ATLAS8TeV_mw_25xnodes_NNLO/combine_TESTscalefactor8/combine_grid/RRa.ht_full.tab.gz
 # [fnlo-tk-cppread] Using PDF set   : NNPDF31_nnlo_as_0118
 # [fnlo-tk-cppread] If possible, will try to do 7 scale factor variations.
 # [fnlo-tk-cppread] Using alpha_s evolution code: LHAPDF
 # [fnlo-tk-cppread] Preparing unnormalized cross sections,
 # [fnlo-tk-cppread] Using scale definition kScale1
 # [fnlo-tk-cppread] Using central scale factor of sclfac = 8
 # [fnlo-tk-cppread] No request for no. of flavours, using default of LHAPDF or Nf = 5.
 # [fnlo-tk-cppread] No request for no. of loops, using default of LHAPDF or NLoop = 2.
 # [fnlo-tk-cppread] No request for value of alpha_s(M_Z), using default of LHAPDF or asMz = 0.118.
 # [fnlo-tk-cppread] No request for value of M_Z, using default of LHAPDF or Mz = 91.1876.
 # [fnlo-tk-cppread] No request for Ecms, using default as defined in grid.
 # [fnlo-tk-cppread] Using verbosity level: WARNING
 ##################################################################################

 # WARNING! [OrderCoefficients] Could not find any LO Calculation!
 # WARNING! [OrderCoefficients] Separate evaluation of higher-order contributions currently in testing phase, beware of problems.
 # WARNING! [OrderCoefficients] Not all features will be available in this case, but a straight calculation should be possible. Use with care!
LHAPDF 6.5.3 loading /cvmfs/sft.cern.ch/lcg/external/lhapdfsets/current/NNPDF31_nnlo_as_0118/NNPDF31_nnlo_as_0118_0000.dat
NNPDF31_nnlo_as_0118 PDF set, member #0, version 1; LHAPDF ID = 303600
LHAPDF 6.5.3 loading /cvmfs/sft.cern.ch/lcg/external/lhapdfsets/current/NNPDF31_nnlo_as_0118/NNPDF31_nnlo_as_0118_0000.dat
NNPDF31_nnlo_as_0118 PDF set, member #0, version 1; LHAPDF ID = 303600

 ##################################################################################################################################################################
 # [fnlo-tk-cppread] Calculate my cross sections
 ##################################################################################################################################################################
 # WARNING! [fnlo-tk-cppread] LO not found, output is still experimental!
 #=================================================================================================================================================================
 # My Cross Sections
 # The scale factors xmur, xmuf chosen here are:      8.000,      8.000
 #-----------------------------------------------------------------------------------------------------------------------------------------------------------------
 #IObs  BinSize  IODimO  [ ptj1_[GeV],       ]  < mw_[GeV]   >  NNLO_contribution 
 #-----------------------------------------------------------------------------------------------------------------------------------------------------------------
     1  50.00         1   50.00       100.0      643.1         -6.98893357302E+00
     2  50.00         2   100.0       150.0      643.1         -7.30726257513E+01
     3  50.00         3   150.0       200.0      643.1         -8.78771739029E+01
     4  50.00         4   200.0       250.0      643.1         -4.62135859541E+01
     5  50.00         5   250.0       300.0      643.1         -1.95300220390E+01
     6  50.00         6   300.0       350.0      643.1         -7.72871369279E+00
     7  50.00         7   350.0       400.0      643.1         -3.97848638669E+00
     8  50.00         8   400.0       450.0      643.1         -1.69234255688E+00
     9  50.00         9   450.0       500.0      643.1         -7.97440372311E-01
    10  50.00        10   500.0       550.0      643.1         -4.61002871055E-01
    11  50.00        11   550.0       600.0      643.1         -1.55029715624E-01
    12  50.00        12   600.0       650.0      643.1         -2.41443592972E-02
    13  50.00        13   650.0       700.0      643.1          1.17105184390E-02
    14  100.0        14   700.0       800.0      643.1          3.88777372268E-02
    15  100.0        15   800.0       900.0      643.1          4.33239619068E-02
    16  100.0        16   900.0       1000.      643.1          3.58277485600E-02
    17  100.0        17   1000.       1100.      643.1          2.75885532117E-02
    18  100.0        18   1100.       1200.      643.1          2.11931089900E-02
    19  200.0        19   1200.       1400.      643.1          1.14368726184E-02
    20  200.0        20   1400.       1600.      643.1          6.17402519338E-03
    21  900.0        21   1600.       2500.      643.1          1.27846743379E-03
 #=================================================================================================================================================================
 # My Cross Sections
 # The scale factors xmur, xmuf chosen here are:      4.000,      4.000
 #-----------------------------------------------------------------------------------------------------------------------------------------------------------------
 #IObs  BinSize  IODimO  [ ptj1_[GeV],       ]  < mw_[GeV]   >  NNLO_contribution 
 #-----------------------------------------------------------------------------------------------------------------------------------------------------------------
     1  50.00         1   50.00       100.0      321.5         -8.94578949665E+00
     2  50.00         2   100.0       150.0      321.5         -9.27538323536E+01
     3  50.00         3   150.0       200.0      321.5         -1.15019468542E+02
     4  50.00         4   200.0       250.0      321.5         -6.12334899448E+01
     5  50.00         5   250.0       300.0      321.5         -2.61679092134E+01
     6  50.00         6   300.0       350.0      321.5         -1.04598165818E+01
     7  50.00         7   350.0       400.0      321.5         -5.43294737179E+00
     8  50.00         8   400.0       450.0      321.5         -2.33084233236E+00
     9  50.00         9   450.0       500.0      321.5         -1.10752921680E+00
    10  50.00        10   500.0       550.0      321.5         -6.45930414130E-01
    11  50.00        11   550.0       600.0      321.5         -2.20250079744E-01
    12  50.00        12   600.0       650.0      321.5         -3.79672376731E-02
    13  50.00        13   650.0       700.0      321.5          1.30250935326E-02
    14  100.0        14   700.0       800.0      321.5          5.34343095497E-02
    15  100.0        15   800.0       900.0      321.5          6.04750803880E-02
    16  100.0        16   900.0       1000.      321.5          5.06943612729E-02
    17  100.0        17   1000.       1100.      321.5          3.92269921533E-02
    18  100.0        18   1100.       1200.      321.5          3.04223834045E-02
    19  200.0        19   1200.       1400.      321.5          1.65560762802E-02
    20  200.0        20   1400.       1600.      321.5          9.03179813497E-03
    21  900.0        21   1600.       2500.      321.5          1.89824503700E-03
 #=================================================================================================================================================================
 # My Cross Sections
 # The scale factors xmur, xmuf chosen here are:     16.000,     16.000
 #-----------------------------------------------------------------------------------------------------------------------------------------------------------------
 #IObs  BinSize  IODimO  [ ptj1_[GeV],       ]  < mw_[GeV]   >  NNLO_contribution 
 #-----------------------------------------------------------------------------------------------------------------------------------------------------------------
     1  50.00         1   50.00       100.0      1286.         -5.55105630746E+00
     2  50.00         2   100.0       150.0      1286.         -5.84769267659E+01
     3  50.00         3   150.0       200.0      1286.         -6.83863907106E+01
     4  50.00         4   200.0       250.0      1286.         -3.55689424941E+01
     5  50.00         5   250.0       300.0      1286.         -1.48827099887E+01
     6  50.00         6   300.0       350.0      1286.         -5.83726981951E+00
     7  50.00         7   350.0       400.0      1286.         -2.98093098508E+00
     8  50.00         8   400.0       450.0      1286.         -1.25871383499E+00
     9  50.00         9   450.0       500.0      1286.         -5.88728861049E-01
    10  50.00        10   500.0       550.0      1286.         -3.37666541478E-01
    11  50.00        11   550.0       600.0      1286.         -1.12217154008E-01
    12  50.00        12   600.0       650.0      1286.         -1.58437352126E-02
    13  50.00        13   650.0       700.0      1286.          1.00708885246E-02
    14  100.0        14   700.0       800.0      1286.          2.88933834534E-02
    15  100.0        15   800.0       900.0      1286.          3.17888599886E-02
    16  100.0        16   900.0       1000.      1286.          2.59870400662E-02
    17  100.0        17   1000.       1100.      1286.          1.99240935825E-02
    18  100.0        18   1100.       1200.      1286.          1.51773971967E-02
    19  200.0        19   1200.       1400.      1286.          8.12935311572E-03
    20  200.0        20   1400.       1600.      1286.          4.34739421485E-03
    21  900.0        21   1600.       2500.      1286.          8.88267491779E-04
 #=================================================================================================================================================================
 # My Cross Sections
 # The scale factors xmur, xmuf chosen here are:      4.000,      8.000
 #-----------------------------------------------------------------------------------------------------------------------------------------------------------------
 #IObs  BinSize  IODimO  [ ptj1_[GeV],       ]  < mw_[GeV]   >  NNLO_contribution 
 #-----------------------------------------------------------------------------------------------------------------------------------------------------------------
     1  50.00         1   50.00       100.0      321.5         -8.98158621258E+00
     2  50.00         2   100.0       150.0      321.5         -9.39067571765E+01
     3  50.00         3   150.0       200.0      321.5         -1.12932310099E+02
     4  50.00         4   200.0       250.0      321.5         -5.93897913182E+01
     5  50.00         5   250.0       300.0      321.5         -2.50983322197E+01
     6  50.00         6   300.0       350.0      321.5         -9.93228904222E+00
     7  50.00         7   350.0       400.0      321.5         -5.11281415173E+00
     8  50.00         8   400.0       450.0      321.5         -2.17485549362E+00
     9  50.00         9   450.0       500.0      321.5         -1.02480290855E+00
    10  50.00        10   500.0       550.0      321.5         -5.92441892223E-01
    11  50.00        11   550.0       600.0      321.5         -1.99231076078E-01
    12  50.00        12   600.0       650.0      321.5         -3.10282881228E-02
    13  50.00        13   650.0       700.0      321.5          1.50493676689E-02
    14  100.0        14   700.0       800.0      321.5          4.99623790961E-02
    15  100.0        15   800.0       900.0      321.5          5.56762909349E-02
    16  100.0        16   900.0       1000.      321.5          4.60427916694E-02
    17  100.0        17   1000.       1100.      321.5          3.54544747868E-02
    18  100.0        18   1100.       1200.      321.5          2.72355908834E-02
    19  200.0        19   1200.       1400.      321.5          1.46977012088E-02
    20  200.0        20   1400.       1600.      321.5          7.93433489868E-03
    21  900.0        21   1600.       2500.      321.5          1.64297819641E-03
 #=================================================================================================================================================================
 # My Cross Sections
 # The scale factors xmur, xmuf chosen here are:      8.000,      4.000
 #-----------------------------------------------------------------------------------------------------------------------------------------------------------------
 #IObs  BinSize  IODimO  [ ptj1_[GeV],       ]  < mw_[GeV]   >  NNLO_contribution 
 #-----------------------------------------------------------------------------------------------------------------------------------------------------------------
     1  50.00         1   50.00       100.0      643.1         -6.96107870821E+00
     2  50.00         2   100.0       150.0      643.1         -7.21754885629E+01
     3  50.00         3   150.0       200.0      643.1         -8.95012758567E+01
     4  50.00         4   200.0       250.0      643.1         -4.76482420298E+01
     5  50.00         5   250.0       300.0      643.1         -2.03623029283E+01
     6  50.00         6   300.0       350.0      643.1         -8.13920409446E+00
     7  50.00         7   350.0       400.0      643.1         -4.22759492460E+00
     8  50.00         8   400.0       450.0      643.1         -1.81372219166E+00
     9  50.00         9   450.0       500.0      643.1         -8.61813040950E-01
    10  50.00        10   500.0       550.0      643.1         -5.02624441864E-01
    11  50.00        11   550.0       600.0      643.1         -1.71385447999E-01
    12  50.00        12   600.0       650.0      643.1         -2.95438351053E-02
    13  50.00        13   650.0       700.0      643.1          1.01353492943E-02
    14  100.0        14   700.0       800.0      643.1          4.15793859931E-02
    15  100.0        15   800.0       900.0      643.1          4.70580930419E-02
    16  100.0        16   900.0       1000.      643.1          3.94473220072E-02
    17  100.0        17   1000.       1100.      643.1          3.05241007479E-02
    18  100.0        18   1100.       1200.      643.1          2.36728804595E-02
    19  200.0        19   1200.       1400.      643.1          1.28829490263E-02
    20  200.0        20   1400.       1600.      643.1          7.02800548993E-03
    21  900.0        21   1600.       2500.      643.1          1.47710083218E-03
 #=================================================================================================================================================================
 # My Cross Sections
 # The scale factors xmur, xmuf chosen here are:      8.000,     16.000
 #-----------------------------------------------------------------------------------------------------------------------------------------------------------------
 #IObs  BinSize  IODimO  [ ptj1_[GeV],       ]  < mw_[GeV]   >  NNLO_contribution 
 #-----------------------------------------------------------------------------------------------------------------------------------------------------------------
     1  50.00         1   50.00       100.0      643.1         -6.99220054327E+00
     2  50.00         2   100.0       150.0      643.1         -7.36584852422E+01
     3  50.00         3   150.0       200.0      643.1         -8.61406067232E+01
     4  50.00         4   200.0       250.0      643.1         -4.48032167673E+01
     5  50.00         5   250.0       300.0      643.1         -1.87465028464E+01
     6  50.00         6   300.0       350.0      643.1         -7.35271972441E+00
     7  50.00         7   350.0       400.0      643.1         -3.75482900891E+00
     8  50.00         8   400.0       450.0      643.1         -1.58549635841E+00
     9  50.00         9   450.0       500.0      643.1         -7.41572420467E-01
    10  50.00        10   500.0       550.0      643.1         -4.25330251396E-01
    11  50.00        11   550.0       600.0      643.1         -1.41350546951E-01
    12  50.00        12   600.0       650.0      643.1         -1.99570258029E-02
    13  50.00        13   650.0       700.0      643.1          1.26854544996E-02
    14  100.0        14   700.0       800.0      643.1          3.63945743459E-02
    15  100.0        15   800.0       900.0      643.1          4.00417635440E-02
    16  100.0        16   900.0       1000.      643.1          3.27336970848E-02
    17  100.0        17   1000.       1100.      643.1          2.50967113745E-02
    18  100.0        18   1100.       1200.      643.1          1.91176956324E-02
    19  200.0        19   1200.       1400.      643.1          1.02398650138E-02
    20  200.0        20   1400.       1600.      643.1          5.47604825231E-03
    21  900.0        21   1600.       2500.      643.1          1.11887613718E-03
 #=================================================================================================================================================================
 # My Cross Sections
 # The scale factors xmur, xmuf chosen here are:     16.000,      8.000
 #-----------------------------------------------------------------------------------------------------------------------------------------------------------------
 #IObs  BinSize  IODimO  [ ptj1_[GeV],       ]  < mw_[GeV]   >  NNLO_contribution 
 #-----------------------------------------------------------------------------------------------------------------------------------------------------------------
     1  50.00         1   50.00       100.0      1286.         -5.54846268394E+00
     2  50.00         2   100.0       150.0      1286.         -5.80118172482E+01
     3  50.00         3   150.0       200.0      1286.         -6.97650385535E+01
     4  50.00         4   200.0       250.0      1286.         -3.66886241625E+01
     5  50.00         5   250.0       300.0      1286.         -1.55047400820E+01
     6  50.00         6   300.0       350.0      1286.         -6.13576865071E+00
     7  50.00         7   350.0       400.0      1286.         -3.15849092347E+00
     8  50.00         8   400.0       450.0      1286.         -1.34353824188E+00
     9  50.00         9   450.0       500.0      1286.         -6.33082014903E-01
    10  50.00        10   500.0       550.0      1286.         -3.65986770444E-01
    11  50.00        11   550.0       600.0      1286.         -1.23076944867E-01
    12  50.00        12   600.0       650.0      1286.         -1.91680283105E-02
    13  50.00        13   650.0       700.0      1286.          9.29689399530E-03
    14  100.0        14   700.0       800.0      1286.          3.08647481028E-02
    15  100.0        15   800.0       900.0      1286.          3.43945729986E-02
    16  100.0        16   900.0       1000.      1286.          2.84433846534E-02
    17  100.0        17   1000.       1100.      1286.          2.19023483911E-02
    18  100.0        18   1100.       1200.      1286.          1.68250525147E-02
    19  200.0        19   1200.       1400.      1286.          9.07964860175E-03
    20  200.0        20   1400.       1600.      1286.          4.90151294718E-03
    21  900.0        21   1600.       2500.      1286.          1.01496584206E-03
