 ##################################################################################
 # [fnlo-tk-cppread] Evaluating table: /ptmp/mpp/asaborido/ATLAS8TeV/ATLAS8TeV_mw_25xnodes_NNLO/combine_TESTscalefactor8/combine_grid/RRa.ptw.tab.gz
 # [fnlo-tk-cppread] Using PDF set   : NNPDF31_nnlo_as_0118
 # [fnlo-tk-cppread] If possible, will try to do 7 scale factor variations.
 # [fnlo-tk-cppread] Using alpha_s evolution code: LHAPDF
 # [fnlo-tk-cppread] Preparing unnormalized cross sections,
 # [fnlo-tk-cppread] Using scale definition kScale1
 # [fnlo-tk-cppread] Using central scale factor of sclfac = 8
 # [fnlo-tk-cppread] No request for no. of flavours, using default of LHAPDF or Nf = 5.
 # [fnlo-tk-cppread] No request for no. of loops, using default of LHAPDF or NLoop = 2.
 # [fnlo-tk-cppread] No request for value of alpha_s(M_Z), using default of LHAPDF or asMz = 0.118.
 # [fnlo-tk-cppread] No request for value of M_Z, using default of LHAPDF or Mz = 91.1876.
 # [fnlo-tk-cppread] No request for Ecms, using default as defined in grid.
 # [fnlo-tk-cppread] Using verbosity level: WARNING
 ##################################################################################

 # WARNING! [OrderCoefficients] Could not find any LO Calculation!
 # WARNING! [OrderCoefficients] Separate evaluation of higher-order contributions currently in testing phase, beware of problems.
 # WARNING! [OrderCoefficients] Not all features will be available in this case, but a straight calculation should be possible. Use with care!
LHAPDF 6.5.3 loading /cvmfs/sft.cern.ch/lcg/external/lhapdfsets/current/NNPDF31_nnlo_as_0118/NNPDF31_nnlo_as_0118_0000.dat
NNPDF31_nnlo_as_0118 PDF set, member #0, version 1; LHAPDF ID = 303600
LHAPDF 6.5.3 loading /cvmfs/sft.cern.ch/lcg/external/lhapdfsets/current/NNPDF31_nnlo_as_0118/NNPDF31_nnlo_as_0118_0000.dat
NNPDF31_nnlo_as_0118 PDF set, member #0, version 1; LHAPDF ID = 303600

 ##################################################################################################################################################################
 # [fnlo-tk-cppread] Calculate my cross sections
 ##################################################################################################################################################################
 # WARNING! [fnlo-tk-cppread] LO not found, output is still experimental!
 #=================================================================================================================================================================
 # My Cross Sections
 # The scale factors xmur, xmuf chosen here are:      8.000,      8.000
 #-----------------------------------------------------------------------------------------------------------------------------------------------------------------
 #IObs  BinSize  IODimO  [ ptj1_[GeV],       ]  < mw_[GeV]   >  NNLO_contribution 
 #-----------------------------------------------------------------------------------------------------------------------------------------------------------------
     1  25.00         1   0.000       25.00      565.7         -3.79523162983E+02
     2  25.00         2   25.00       50.00      643.1         -5.02817979211E+01
     3  25.00         3   50.00       75.00      643.1         -5.74199749149E+01
     4  25.00         4   75.00       100.0      643.1         -7.72721877380E+00
     5  25.00         5   100.0       125.0      643.1         -1.99996480735E+00
     6  25.00         6   125.0       150.0      643.1         -7.30107809171E-01
     7  25.00         7   150.0       175.0      643.1         -5.03393634707E-02
     8  25.00         8   175.0       200.0      643.1         -2.88191739801E-01
     9  50.00         9   200.0       250.0      643.1         -1.45855390501E-01
    10  50.00        10   250.0       300.0      643.1         -3.99686224722E-02
    11  50.00        11   300.0       350.0      643.1         -5.74642468397E-03
    12  50.00        12   350.0       400.0      643.1          3.81250976863E-04
    13  50.00        13   400.0       450.0      643.1          4.62024275443E-04
    14  50.00        14   450.0       500.0      643.1         -7.54825903734E-04
    15  100.0        15   500.0       600.0      643.1          7.88119005873E-04
    16  200.0        16   600.0       800.0      643.1          7.84602372782E-05
 #=================================================================================================================================================================
 # My Cross Sections
 # The scale factors xmur, xmuf chosen here are:      4.000,      4.000
 #-----------------------------------------------------------------------------------------------------------------------------------------------------------------
 #IObs  BinSize  IODimO  [ ptj1_[GeV],       ]  < mw_[GeV]   >  NNLO_contribution 
 #-----------------------------------------------------------------------------------------------------------------------------------------------------------------
     1  25.00         1   0.000       25.00      282.8         -4.98610460714E+02
     2  25.00         2   25.00       50.00      321.5         -6.35082958109E+01
     3  25.00         3   50.00       75.00      321.5         -7.54442317965E+01
     4  25.00         4   75.00       100.0      321.5         -1.06022558433E+01
     5  25.00         5   100.0       125.0      321.5         -2.81701354212E+00
     6  25.00         6   125.0       150.0      321.5         -1.04888996433E+00
     7  25.00         7   150.0       175.0      321.5         -1.18624813799E-01
     8  25.00         8   175.0       200.0      321.5         -4.07941484039E-01
     9  50.00         9   200.0       250.0      321.5         -2.04966230662E-01
    10  50.00        10   250.0       300.0      321.5         -5.63729200960E-02
    11  50.00        11   300.0       350.0      321.5         -8.81810732281E-03
    12  50.00        12   350.0       400.0      321.5          3.95093768433E-04
    13  50.00        13   400.0       450.0      321.5          5.95260226476E-04
    14  50.00        14   450.0       500.0      321.5         -1.02491545536E-03
    15  100.0        15   500.0       600.0      321.5          1.14044026926E-03
    16  200.0        16   600.0       800.0      321.5          1.19226409591E-04
 #=================================================================================================================================================================
 # My Cross Sections
 # The scale factors xmur, xmuf chosen here are:     16.000,     16.000
 #-----------------------------------------------------------------------------------------------------------------------------------------------------------------
 #IObs  BinSize  IODimO  [ ptj1_[GeV],       ]  < mw_[GeV]   >  NNLO_contribution 
 #-----------------------------------------------------------------------------------------------------------------------------------------------------------------
     1  25.00         1   0.000       25.00      1131.         -2.94410444359E+02
     2  25.00         2   25.00       50.00      1286.         -4.04869288010E+01
     3  25.00         3   50.00       75.00      1286.         -4.45423925684E+01
     4  25.00         4   75.00       100.0      1286.         -5.76794834682E+00
     5  25.00         5   100.0       125.0      1286.         -1.45939900787E+00
     6  25.00         6   125.0       150.0      1286.         -5.23048877951E-01
     7  25.00         7   150.0       175.0      1286.         -1.37431380214E-02
     8  25.00         8   175.0       200.0      1286.         -2.09397801960E-01
     9  50.00         9   200.0       250.0      1286.         -1.06735037958E-01
    10  50.00        10   250.0       300.0      1286.         -2.91573257852E-02
    11  50.00        11   300.0       350.0      1286.         -3.87047191494E-03
    12  50.00        12   350.0       400.0      1286.          3.28880085160E-04
    13  50.00        13   400.0       450.0      1286.          3.56783641874E-04
    14  50.00        14   450.0       500.0      1286.         -5.69444334152E-04
    15  100.0        15   500.0       600.0      1286.          5.59512793766E-04
    16  200.0        16   600.0       800.0      1286.          5.32881651594E-05
 #=================================================================================================================================================================
 # My Cross Sections
 # The scale factors xmur, xmuf chosen here are:      4.000,      8.000
 #-----------------------------------------------------------------------------------------------------------------------------------------------------------------
 #IObs  BinSize  IODimO  [ ptj1_[GeV],       ]  < mw_[GeV]   >  NNLO_contribution 
 #-----------------------------------------------------------------------------------------------------------------------------------------------------------------
     1  25.00         1   0.000       25.00      282.8         -4.89741766590E+02
     2  25.00         2   25.00       50.00      321.5         -6.46179131957E+01
     3  25.00         3   50.00       75.00      321.5         -7.37912944277E+01
     4  25.00         4   75.00       100.0      321.5         -9.93036789879E+00
     5  25.00         5   100.0       125.0      321.5         -2.57018558720E+00
     6  25.00         6   125.0       150.0      321.5         -9.38272794272E-01
     7  25.00         7   150.0       175.0      321.5         -6.46918915704E-02
     8  25.00         8   175.0       200.0      321.5         -3.70359644963E-01
     9  50.00         9   200.0       250.0      321.5         -1.87441009514E-01
    10  50.00        10   250.0       300.0      321.5         -5.13642925321E-02
    11  50.00        11   300.0       350.0      321.5         -7.38481889603E-03
    12  50.00        12   350.0       400.0      321.5          4.89951504267E-04
    13  50.00        13   400.0       450.0      321.5          5.93754514739E-04
    14  50.00        14   450.0       500.0      321.5         -9.70038398425E-04
    15  100.0        15   500.0       600.0      321.5          1.01282387693E-03
    16  200.0        16   600.0       800.0      321.5          1.00830459756E-04
 #=================================================================================================================================================================
 # My Cross Sections
 # The scale factors xmur, xmuf chosen here are:      8.000,      4.000
 #-----------------------------------------------------------------------------------------------------------------------------------------------------------------
 #IObs  BinSize  IODimO  [ ptj1_[GeV],       ]  < mw_[GeV]   >  NNLO_contribution 
 #-----------------------------------------------------------------------------------------------------------------------------------------------------------------
     1  25.00         1   0.000       25.00      565.7         -3.86395917310E+02
     2  25.00         2   25.00       50.00      643.1         -4.94183599927E+01
     3  25.00         3   50.00       75.00      643.1         -5.87061919814E+01
     4  25.00         4   75.00       100.0      643.1         -8.25004181436E+00
     5  25.00         5   100.0       125.0      643.1         -2.19203156928E+00
     6  25.00         6   125.0       150.0      643.1         -8.16183479465E-01
     7  25.00         7   150.0       175.0      643.1         -9.23067400491E-02
     8  25.00         8   175.0       200.0      643.1         -3.17435680752E-01
     9  50.00         9   200.0       250.0      643.1         -1.59492470139E-01
    10  50.00        10   250.0       300.0      643.1         -4.38660370833E-02
    11  50.00        11   300.0       350.0      643.1         -6.86172407192E-03
    12  50.00        12   350.0       400.0      643.1          3.07438356359E-04
    13  50.00        13   400.0       450.0      643.1          4.63195930322E-04
    14  50.00        14   450.0       500.0      643.1         -7.97527949509E-04
    15  100.0        15   500.0       600.0      643.1          8.87422454924E-04
    16  200.0        16   600.0       800.0      643.1          9.27748659376E-05
 #=================================================================================================================================================================
 # My Cross Sections
 # The scale factors xmur, xmuf chosen here are:      8.000,     16.000
 #-----------------------------------------------------------------------------------------------------------------------------------------------------------------
 #IObs  BinSize  IODimO  [ ptj1_[GeV],       ]  < mw_[GeV]   >  NNLO_contribution 
 #-----------------------------------------------------------------------------------------------------------------------------------------------------------------
     1  25.00         1   0.000       25.00      565.7         -3.72132062979E+02
     2  25.00         2   25.00       50.00      643.1         -5.09979920718E+01
     3  25.00         3   50.00       75.00      643.1         -5.61063199984E+01
     4  25.00         4   75.00       100.0      643.1         -7.26540127327E+00
     5  25.00         5   100.0       125.0      643.1         -1.83828265658E+00
     6  25.00         6   125.0       150.0      643.1         -6.58840848660E-01
     7  25.00         7   150.0       175.0      643.1         -1.73110795166E-02
     8  25.00         8   175.0       200.0      643.1         -2.63760867037E-01
     9  50.00         9   200.0       250.0      643.1         -1.34445184675E-01
    10  50.00        10   250.0       300.0      643.1         -3.67270403872E-02
    11  50.00        11   300.0       350.0      643.1         -4.87530918935E-03
    12  50.00        12   350.0       400.0      643.1          4.14262688533E-04
    13  50.00        13   400.0       450.0      643.1          4.49410461066E-04
    14  50.00        14   450.0       500.0      643.1         -7.17281317660E-04
    15  100.0        15   500.0       600.0      643.1          7.04771388335E-04
    16  200.0        16   600.0       800.0      643.1          6.71226369794E-05
 #=================================================================================================================================================================
 # My Cross Sections
 # The scale factors xmur, xmuf chosen here are:     16.000,      8.000
 #-----------------------------------------------------------------------------------------------------------------------------------------------------------------
 #IObs  BinSize  IODimO  [ ptj1_[GeV],       ]  < mw_[GeV]   >  NNLO_contribution 
 #-----------------------------------------------------------------------------------------------------------------------------------------------------------------
     1  25.00         1   0.000       25.00      1131.         -3.00257876637E+02
     2  25.00         2   25.00       50.00      1286.         -3.99183475607E+01
     3  25.00         3   50.00       75.00      1286.         -4.55852934928E+01
     4  25.00         4   75.00       100.0      1286.         -6.13458184558E+00
     5  25.00         5   100.0       125.0      1286.         -1.58775727181E+00
     6  25.00         6   125.0       150.0      1286.         -5.79627190917E-01
     7  25.00         7   150.0       175.0      1286.         -3.99640484249E-02
     8  25.00         8   175.0       200.0      1286.         -2.28793291193E-01
     9  50.00         9   200.0       250.0      1286.         -1.15793515991E-01
    10  50.00        10   250.0       300.0      1286.         -3.17307938326E-02
    11  50.00        11   300.0       350.0      1286.         -4.56204406465E-03
    12  50.00        12   350.0       400.0      1286.          3.02672331370E-04
    13  50.00        13   400.0       450.0      1286.          3.66797655834E-04
    14  50.00        14   450.0       500.0      1286.         -5.99250703413E-04
    15  100.0        15   500.0       600.0      1286.          6.25681851014E-04
    16  200.0        16   600.0       800.0      1286.          6.22890022008E-05
