 ##################################################################################
 # [fnlo-tk-cppread] Evaluating table: /ptmp/mpp/asaborido/ATLAS8TeV/ATLAS8TeV_mw_25xnodes_NNLO/combine_TESTscalefactor8/combine_grid/RRb.ptw.tab.gz
 # [fnlo-tk-cppread] Using PDF set   : NNPDF31_nnlo_as_0118
 # [fnlo-tk-cppread] If possible, will try to do 7 scale factor variations.
 # [fnlo-tk-cppread] Using alpha_s evolution code: LHAPDF
 # [fnlo-tk-cppread] Preparing unnormalized cross sections,
 # [fnlo-tk-cppread] Using scale definition kScale1
 # [fnlo-tk-cppread] Using central scale factor of sclfac = 8
 # [fnlo-tk-cppread] No request for no. of flavours, using default of LHAPDF or Nf = 5.
 # [fnlo-tk-cppread] No request for no. of loops, using default of LHAPDF or NLoop = 2.
 # [fnlo-tk-cppread] No request for value of alpha_s(M_Z), using default of LHAPDF or asMz = 0.118.
 # [fnlo-tk-cppread] No request for value of M_Z, using default of LHAPDF or Mz = 91.1876.
 # [fnlo-tk-cppread] No request for Ecms, using default as defined in grid.
 # [fnlo-tk-cppread] Using verbosity level: WARNING
 ##################################################################################

 # WARNING! [OrderCoefficients] Could not find any LO Calculation!
 # WARNING! [OrderCoefficients] Separate evaluation of higher-order contributions currently in testing phase, beware of problems.
 # WARNING! [OrderCoefficients] Not all features will be available in this case, but a straight calculation should be possible. Use with care!
LHAPDF 6.5.3 loading /cvmfs/sft.cern.ch/lcg/external/lhapdfsets/current/NNPDF31_nnlo_as_0118/NNPDF31_nnlo_as_0118_0000.dat
NNPDF31_nnlo_as_0118 PDF set, member #0, version 1; LHAPDF ID = 303600
LHAPDF 6.5.3 loading /cvmfs/sft.cern.ch/lcg/external/lhapdfsets/current/NNPDF31_nnlo_as_0118/NNPDF31_nnlo_as_0118_0000.dat
NNPDF31_nnlo_as_0118 PDF set, member #0, version 1; LHAPDF ID = 303600

 ##################################################################################################################################################################
 # [fnlo-tk-cppread] Calculate my cross sections
 ##################################################################################################################################################################
 # WARNING! [fnlo-tk-cppread] LO not found, output is still experimental!
 #=================================================================================================================================================================
 # My Cross Sections
 # The scale factors xmur, xmuf chosen here are:      8.000,      8.000
 #-----------------------------------------------------------------------------------------------------------------------------------------------------------------
 #IObs  BinSize  IODimO  [ ptj1_[GeV],       ]  < mw_[GeV]   >  NNLO_contribution 
 #-----------------------------------------------------------------------------------------------------------------------------------------------------------------
     1  25.00         1   0.000       25.00      565.7         -2.23401039452E+02
     2  25.00         2   25.00       50.00      643.1          1.54702553250E+01
     3  25.00         3   50.00       75.00      643.1         -2.21408702538E+01
     4  25.00         4   75.00       100.0      643.1         -4.82470231468E+00
     5  25.00         5   100.0       125.0      643.1         -1.95327911949E+00
     6  25.00         6   125.0       150.0      643.1         -4.62724319130E-01
     7  25.00         7   150.0       175.0      643.1         -1.07837400635E-01
     8  25.00         8   175.0       200.0      643.1         -1.83814605503E-01
     9  50.00         9   200.0       250.0      643.1         -3.80345972919E-02
    10  50.00        10   250.0       300.0      643.1         -8.99174902044E-03
    11  50.00        11   300.0       350.0      643.1         -3.53755805624E-03
    12  50.00        12   350.0       400.0      643.1         -5.30445933920E-04
    13  50.00        13   400.0       450.0      643.1          2.93044762781E-03
    14  50.00        14   450.0       500.0      643.1          1.20183033976E-03
    15  100.0        15   500.0       600.0      643.1         -3.40256362939E-04
    16  200.0        16   600.0       800.0      643.1          4.23665135480E-05
 #=================================================================================================================================================================
 # My Cross Sections
 # The scale factors xmur, xmuf chosen here are:      4.000,      4.000
 #-----------------------------------------------------------------------------------------------------------------------------------------------------------------
 #IObs  BinSize  IODimO  [ ptj1_[GeV],       ]  < mw_[GeV]   >  NNLO_contribution 
 #-----------------------------------------------------------------------------------------------------------------------------------------------------------------
     1  25.00         1   0.000       25.00      282.8         -2.99781876851E+02
     2  25.00         2   25.00       50.00      321.5          2.24023541982E+01
     3  25.00         3   50.00       75.00      321.5         -2.96997659156E+01
     4  25.00         4   75.00       100.0      321.5         -6.61317994642E+00
     5  25.00         5   100.0       125.0      321.5         -2.67458994768E+00
     6  25.00         6   125.0       150.0      321.5         -6.55068307599E-01
     7  25.00         7   150.0       175.0      321.5         -1.61134659279E-01
     8  25.00         8   175.0       200.0      321.5         -2.59113792390E-01
     9  50.00         9   200.0       250.0      321.5         -5.55633507466E-02
    10  50.00        10   250.0       300.0      321.5         -1.38185600296E-02
    11  50.00        11   300.0       350.0      321.5         -5.24043971856E-03
    12  50.00        12   350.0       400.0      321.5         -9.20075863366E-04
    13  50.00        13   400.0       450.0      321.5          4.19597112020E-03
    14  50.00        14   450.0       500.0      321.5          1.72531776002E-03
    15  100.0        15   500.0       600.0      321.5         -5.07184870395E-04
    16  200.0        16   600.0       800.0      321.5          6.23015066710E-05
 #=================================================================================================================================================================
 # My Cross Sections
 # The scale factors xmur, xmuf chosen here are:     16.000,     16.000
 #-----------------------------------------------------------------------------------------------------------------------------------------------------------------
 #IObs  BinSize  IODimO  [ ptj1_[GeV],       ]  < mw_[GeV]   >  NNLO_contribution 
 #-----------------------------------------------------------------------------------------------------------------------------------------------------------------
     1  25.00         1   0.000       25.00      1131.         -1.70068147300E+02
     2  25.00         2   25.00       50.00      1286.          1.08976192513E+01
     3  25.00         3   50.00       75.00      1286.         -1.68449522745E+01
     4  25.00         4   75.00       100.0      1286.         -3.60093058990E+00
     5  25.00         5   100.0       125.0      1286.         -1.46006342711E+00
     6  25.00         6   125.0       150.0      1286.         -3.35426987003E-01
     7  25.00         7   150.0       175.0      1286.         -7.41313729018E-02
     8  25.00         8   175.0       200.0      1286.         -1.33897428225E-01
     9  50.00         9   200.0       250.0      1286.         -2.68005110689E-02
    10  50.00        10   250.0       300.0      1286.         -6.03138733280E-03
    11  50.00        11   300.0       350.0      1286.         -2.46236410970E-03
    12  50.00        12   350.0       400.0      1286.         -3.08767887254E-04
    13  50.00        13   400.0       450.0      1286.          2.10250397164E-03
    14  50.00        14   450.0       500.0      1286.          8.59622481959E-04
    15  100.0        15   500.0       600.0      1286.         -2.35558071668E-04
    16  200.0        16   600.0       800.0      1286.          2.96187316204E-05
 #=================================================================================================================================================================
 # My Cross Sections
 # The scale factors xmur, xmuf chosen here are:      4.000,      8.000
 #-----------------------------------------------------------------------------------------------------------------------------------------------------------------
 #IObs  BinSize  IODimO  [ ptj1_[GeV],       ]  < mw_[GeV]   >  NNLO_contribution 
 #-----------------------------------------------------------------------------------------------------------------------------------------------------------------
     1  25.00         1   0.000       25.00      282.8         -2.88279689860E+02
     2  25.00         2   25.00       50.00      321.5          1.98810634670E+01
     3  25.00         3   50.00       75.00      321.5         -2.84535734856E+01
     4  25.00         4   75.00       100.0      321.5         -6.20029927836E+00
     5  25.00         5   100.0       125.0      321.5         -2.51018909046E+00
     6  25.00         6   125.0       150.0      321.5         -5.94654151667E-01
     7  25.00         7   150.0       175.0      321.5         -1.38583504997E-01
     8  25.00         8   175.0       200.0      321.5         -2.36222981547E-01
     9  50.00         9   200.0       250.0      321.5         -4.88788469755E-02
    10  50.00        10   250.0       300.0      321.5         -1.15554352013E-02
    11  50.00        11   300.0       350.0      321.5         -4.54617036092E-03
    12  50.00        12   350.0       400.0      321.5         -6.81684242214E-04
    13  50.00        13   400.0       450.0      321.5          3.76596339565E-03
    14  50.00        14   450.0       500.0      321.5          1.54449068612E-03
    15  100.0        15   500.0       600.0      321.5         -4.37268694313E-04
    16  200.0        16   600.0       800.0      321.5          5.44458592977E-05
 #=================================================================================================================================================================
 # My Cross Sections
 # The scale factors xmur, xmuf chosen here are:      8.000,      4.000
 #-----------------------------------------------------------------------------------------------------------------------------------------------------------------
 #IObs  BinSize  IODimO  [ ptj1_[GeV],       ]  < mw_[GeV]   >  NNLO_contribution 
 #-----------------------------------------------------------------------------------------------------------------------------------------------------------------
     1  25.00         1   0.000       25.00      565.7         -2.32314607144E+02
     2  25.00         2   25.00       50.00      643.1          1.74321730778E+01
     3  25.00         3   50.00       75.00      643.1         -2.31105827196E+01
     4  25.00         4   75.00       100.0      643.1         -5.14598137323E+00
     5  25.00         5   100.0       125.0      643.1         -2.08120604056E+00
     6  25.00         6   125.0       150.0      643.1         -5.09735004402E-01
     7  25.00         7   150.0       175.0      643.1         -1.25385361044E-01
     8  25.00         8   175.0       200.0      643.1         -2.01626866347E-01
     9  50.00         9   200.0       250.0      643.1         -4.32360786026E-02
    10  50.00        10   250.0       300.0      643.1         -1.07527774979E-02
    11  50.00        11   300.0       350.0      643.1         -4.07779697478E-03
    12  50.00        12   350.0       400.0      643.1         -7.15948045146E-04
    13  50.00        13   400.0       450.0      643.1          3.26505393806E-03
    14  50.00        14   450.0       500.0      643.1          1.34253916087E-03
    15  100.0        15   500.0       600.0      643.1         -3.94660952368E-04
    16  200.0        16   600.0       800.0      643.1          4.84793088122E-05
 #=================================================================================================================================================================
 # My Cross Sections
 # The scale factors xmur, xmuf chosen here are:      8.000,     16.000
 #-----------------------------------------------------------------------------------------------------------------------------------------------------------------
 #IObs  BinSize  IODimO  [ ptj1_[GeV],       ]  < mw_[GeV]   >  NNLO_contribution 
 #-----------------------------------------------------------------------------------------------------------------------------------------------------------------
     1  25.00         1   0.000       25.00      565.7         -2.14964556164E+02
     2  25.00         2   25.00       50.00      643.1          1.37268179296E+01
     3  25.00         3   50.00       75.00      643.1         -2.12181750502E+01
     4  25.00         4   75.00       100.0      643.1         -4.53579056533E+00
     5  25.00         5   100.0       125.0      643.1         -1.83911956982E+00
     6  25.00         6   125.0       150.0      643.1         -4.22509272262E-01
     7  25.00         7   150.0       175.0      643.1         -9.33770794544E-02
     8  25.00         8   175.0       200.0      643.1         -1.68659371932E-01
     9  50.00         9   200.0       250.0      643.1         -3.37583583514E-02
    10  50.00        10   250.0       300.0      643.1         -7.59723329205E-03
    11  50.00        11   300.0       350.0      643.1         -3.10163376337E-03
    12  50.00        12   350.0       400.0      643.1         -3.88929037902E-04
    13  50.00        13   400.0       450.0      643.1          2.64834809782E-03
    14  50.00        14   450.0       500.0      643.1          1.08279441830E-03
    15  100.0        15   500.0       600.0      643.1         -2.96712766987E-04
    16  200.0        16   600.0       800.0      643.1          3.73082346595E-05
 #=================================================================================================================================================================
 # My Cross Sections
 # The scale factors xmur, xmuf chosen here are:     16.000,      8.000
 #-----------------------------------------------------------------------------------------------------------------------------------------------------------------
 #IObs  BinSize  IODimO  [ ptj1_[GeV],       ]  < mw_[GeV]   >  NNLO_contribution 
 #-----------------------------------------------------------------------------------------------------------------------------------------------------------------
     1  25.00         1   0.000       25.00      1131.         -1.76742629402E+02
     2  25.00         2   25.00       50.00      1286.          1.22817213077E+01
     3  25.00         3   50.00       75.00      1286.         -1.75774731738E+01
     4  25.00         4   75.00       100.0      1286.         -3.83029549135E+00
     5  25.00         5   100.0       125.0      1286.         -1.55069384944E+00
     6  25.00         6   125.0       150.0      1286.         -3.67353415341E-01
     7  25.00         7   150.0       175.0      1286.         -8.56113149601E-02
     8  25.00         8   175.0       200.0      1286.         -1.45929056091E-01
     9  50.00         9   200.0       250.0      1286.         -3.01953855431E-02
    10  50.00        10   250.0       300.0      1286.         -7.13848305782E-03
    11  50.00        11   300.0       350.0      1286.         -2.80844118236E-03
    12  50.00        12   350.0       400.0      1286.         -4.21117104555E-04
    13  50.00        13   400.0       450.0      1286.          2.32646070252E-03
    14  50.00        14   450.0       500.0      1286.          9.54124219795E-04
    15  100.0        15   500.0       600.0      1286.         -2.70127010511E-04
    16  200.0        16   600.0       800.0      1286.          3.36344618265E-05
