 ##################################################################################
 # [fnlo-tk-cppread] Evaluating table: /ptmp/mpp/asaborido/ATLAS8TeV/ATLAS8TeV_mw_25xnodes_NNLO/combine_TESTscalefactor8/combine_grid/RV.abs_yj1.tab.gz
 # [fnlo-tk-cppread] Using PDF set   : NNPDF31_nnlo_as_0118
 # [fnlo-tk-cppread] If possible, will try to do 7 scale factor variations.
 # [fnlo-tk-cppread] Using alpha_s evolution code: LHAPDF
 # [fnlo-tk-cppread] Preparing unnormalized cross sections,
 # [fnlo-tk-cppread] Using scale definition kScale1
 # [fnlo-tk-cppread] Using central scale factor of sclfac = 8
 # [fnlo-tk-cppread] No request for no. of flavours, using default of LHAPDF or Nf = 5.
 # [fnlo-tk-cppread] No request for no. of loops, using default of LHAPDF or NLoop = 2.
 # [fnlo-tk-cppread] No request for value of alpha_s(M_Z), using default of LHAPDF or asMz = 0.118.
 # [fnlo-tk-cppread] No request for value of M_Z, using default of LHAPDF or Mz = 91.1876.
 # [fnlo-tk-cppread] No request for Ecms, using default as defined in grid.
 # [fnlo-tk-cppread] Using verbosity level: WARNING
 ##################################################################################

 # WARNING! [OrderCoefficients] Could not find any LO Calculation!
 # WARNING! [OrderCoefficients] Separate evaluation of higher-order contributions currently in testing phase, beware of problems.
 # WARNING! [OrderCoefficients] Not all features will be available in this case, but a straight calculation should be possible. Use with care!
LHAPDF 6.5.3 loading /cvmfs/sft.cern.ch/lcg/external/lhapdfsets/current/NNPDF31_nnlo_as_0118/NNPDF31_nnlo_as_0118_0000.dat
NNPDF31_nnlo_as_0118 PDF set, member #0, version 1; LHAPDF ID = 303600
LHAPDF 6.5.3 loading /cvmfs/sft.cern.ch/lcg/external/lhapdfsets/current/NNPDF31_nnlo_as_0118/NNPDF31_nnlo_as_0118_0000.dat
NNPDF31_nnlo_as_0118 PDF set, member #0, version 1; LHAPDF ID = 303600

 ##################################################################################################################################################################
 # [fnlo-tk-cppread] Calculate my cross sections
 ##################################################################################################################################################################
 # WARNING! [fnlo-tk-cppread] LO not found, output is still experimental!
 #=================================================================================================================================================================
 # My Cross Sections
 # The scale factors xmur, xmuf chosen here are:      8.000,      8.000
 #-----------------------------------------------------------------------------------------------------------------------------------------------------------------
 #IObs  BinSize  IODimO  [ ptj1_[GeV],       ]  < mw_[GeV]   >  NNLO_contribution 
 #-----------------------------------------------------------------------------------------------------------------------------------------------------------------
     1  0.1000        1   0.000       0.1000     643.1          6.36251164595E+03
     2  0.1000        2   0.1000      0.2000     643.1          6.30456072414E+03
     3  0.1000        3   0.2000      0.3000     643.1          5.99606099960E+03
     4  0.1000        4   0.3000      0.4000     643.1          5.97132452465E+03
     5  0.1000        5   0.4000      0.5000     643.1          6.05250602872E+03
     6  0.1000        6   0.5000      0.6000     643.1          6.02293214603E+03
     7  0.1000        7   0.6000      0.7000     643.1          5.79034007435E+03
     8  0.1000        8   0.7000      0.8000     643.1          5.87790745988E+03
     9  0.1000        9   0.8000      0.9000     643.1          5.49631978802E+03
    10  0.1000       10   0.9000      1.000      643.1          5.44129825718E+03
    11  0.2000       11   1.000       1.200      643.1          5.20633848890E+03
    12  0.1000       12   1.200       1.300      643.1          4.91132182677E+03
    13  0.1000       13   1.300       1.400      643.1          4.55147642763E+03
    14  0.1000       14   1.400       1.500      643.1          4.22408841147E+03
    15  0.1000       15   1.500       1.600      643.1          4.09151686313E+03
    16  0.1000       16   1.600       1.700      643.1          3.89697003640E+03
    17  0.1000       17   1.700       1.800      643.1          3.50951523878E+03
    18  0.1000       18   1.800       1.900      643.1          3.35532928248E+03
    19  0.1000       19   1.900       2.000      643.1          3.18798827279E+03
    20  0.1000       20   2.000       2.100      643.1          2.83274689828E+03
    21  0.1000       21   2.100       2.200      643.1          2.56902624036E+03
    22  0.1000       22   2.200       2.300      643.1          2.40382800291E+03
    23  0.1000       23   2.300       2.400      643.1          2.14231130649E+03
    24  0.1000       24   2.400       2.500      643.1          2.03860095194E+03
    25  0.1000       25   2.500       2.600      643.1          1.98576060848E+03
    26  0.1000       26   2.600       2.700      643.1          1.60451736626E+03
    27  0.1000       27   2.700       2.800      643.1          1.59694997211E+03
    28  0.1000       28   2.800       2.900      643.1          1.50590124104E+03
    29  0.1000       29   2.900       3.000      643.1          1.29249325638E+03
    30  0.1000       30   3.000       3.100      643.1          1.25815237467E+03
    31  0.1000       31   3.100       3.200      643.1          1.13339268364E+03
    32  0.1000       32   3.200       3.300      643.1          1.13529278724E+03
    33  0.1000       33   3.300       3.400      643.1          9.49117559909E+02
    34  0.1000       34   3.400       3.500      643.1          7.88169166878E+02
    35  0.1000       35   3.500       3.600      643.1          8.39368121183E+02
    36  0.1000       36   3.600       3.700      643.1          7.20382574248E+02
    37  0.1000       37   3.700       3.800      643.1          7.05415533204E+02
    38  0.1000       38   3.800       3.900      643.1          5.89322804153E+02
    39  0.1000       39   3.900       4.000      643.1          5.52043027886E+02
    40  0.2000       40   4.000       4.200      643.1          4.16131975406E+02
    41  0.2000       41   4.200       4.400      643.1          2.80808381328E+02
 #=================================================================================================================================================================
 # My Cross Sections
 # The scale factors xmur, xmuf chosen here are:      4.000,      4.000
 #-----------------------------------------------------------------------------------------------------------------------------------------------------------------
 #IObs  BinSize  IODimO  [ ptj1_[GeV],       ]  < mw_[GeV]   >  NNLO_contribution 
 #-----------------------------------------------------------------------------------------------------------------------------------------------------------------
     1  0.1000        1   0.000       0.1000     321.5          7.74358787474E+03
     2  0.1000        2   0.1000      0.2000     321.5          7.69956828711E+03
     3  0.1000        3   0.2000      0.3000     321.5          7.31281982260E+03
     4  0.1000        4   0.3000      0.4000     321.5          7.33275021988E+03
     5  0.1000        5   0.4000      0.5000     321.5          7.41104376599E+03
     6  0.1000        6   0.5000      0.6000     321.5          7.40204514597E+03
     7  0.1000        7   0.6000      0.7000     321.5          7.12069882091E+03
     8  0.1000        8   0.7000      0.8000     321.5          7.24719142458E+03
     9  0.1000        9   0.8000      0.9000     321.5          6.83933089024E+03
    10  0.1000       10   0.9000      1.000      321.5          6.79495479820E+03
    11  0.2000       11   1.000       1.200      321.5          6.55404871247E+03
    12  0.1000       12   1.200       1.300      321.5          6.21692485790E+03
    13  0.1000       13   1.300       1.400      321.5          5.84245731823E+03
    14  0.1000       14   1.400       1.500      321.5          5.47083636124E+03
    15  0.1000       15   1.500       1.600      321.5          5.31696723773E+03
    16  0.1000       16   1.600       1.700      321.5          5.13120041361E+03
    17  0.1000       17   1.700       1.800      321.5          4.68410482395E+03
    18  0.1000       18   1.800       1.900      321.5          4.50610391333E+03
    19  0.1000       19   1.900       2.000      321.5          4.32225001409E+03
    20  0.1000       20   2.000       2.100      321.5          3.91791806368E+03
    21  0.1000       21   2.100       2.200      321.5          3.59850602181E+03
    22  0.1000       22   2.200       2.300      321.5          3.42096454308E+03
    23  0.1000       23   2.300       2.400      321.5          3.09868959397E+03
    24  0.1000       24   2.400       2.500      321.5          2.97060145921E+03
    25  0.1000       25   2.500       2.600      321.5          2.90378875301E+03
    26  0.1000       26   2.600       2.700      321.5          2.42796863806E+03
    27  0.1000       27   2.700       2.800      321.5          2.39652194481E+03
    28  0.1000       28   2.800       2.900      321.5          2.27342378078E+03
    29  0.1000       29   2.900       3.000      321.5          2.01055481261E+03
    30  0.1000       30   3.000       3.100      321.5          1.92033503860E+03
    31  0.1000       31   3.100       3.200      321.5          1.74613261810E+03
    32  0.1000       32   3.200       3.300      321.5          1.73058308297E+03
    33  0.1000       33   3.300       3.400      321.5          1.48374452995E+03
    34  0.1000       34   3.400       3.500      321.5          1.24417809257E+03
    35  0.1000       35   3.500       3.600      321.5          1.28004174559E+03
    36  0.1000       36   3.600       3.700      321.5          1.12749769180E+03
    37  0.1000       37   3.700       3.800      321.5          1.04752976033E+03
    38  0.1000       38   3.800       3.900      321.5          8.92598161237E+02
    39  0.1000       39   3.900       4.000      321.5          8.20343881916E+02
    40  0.2000       40   4.000       4.200      321.5          6.16607566879E+02
    41  0.2000       41   4.200       4.400      321.5          4.11282846012E+02
 #=================================================================================================================================================================
 # My Cross Sections
 # The scale factors xmur, xmuf chosen here are:     16.000,     16.000
 #-----------------------------------------------------------------------------------------------------------------------------------------------------------------
 #IObs  BinSize  IODimO  [ ptj1_[GeV],       ]  < mw_[GeV]   >  NNLO_contribution 
 #-----------------------------------------------------------------------------------------------------------------------------------------------------------------
     1  0.1000        1   0.000       0.1000     1286.          5.30704400719E+03
     2  0.1000        2   0.1000      0.2000     1286.          5.24017394861E+03
     3  0.1000        3   0.2000      0.3000     1286.          4.98939632725E+03
     4  0.1000        4   0.3000      0.4000     1286.          4.93585666374E+03
     5  0.1000        5   0.4000      0.5000     1286.          5.01577777217E+03
     6  0.1000        6   0.5000      0.6000     1286.          4.97133762512E+03
     7  0.1000        7   0.6000      0.7000     1286.          4.77578706569E+03
     8  0.1000        8   0.7000      0.8000     1286.          4.83474255087E+03
     9  0.1000        9   0.8000      0.9000     1286.          4.48035594929E+03
    10  0.1000       10   0.9000      1.000      1286.          4.41521342753E+03
    11  0.2000       11   1.000       1.200      1286.          4.18823604850E+03
    12  0.1000       12   1.200       1.300      1286.          3.92579814222E+03
    13  0.1000       13   1.300       1.400      1286.          3.58375473595E+03
    14  0.1000       14   1.400       1.500      1286.          3.29136243063E+03
    15  0.1000       15   1.500       1.600      1286.          3.17300113028E+03
    16  0.1000       16   1.600       1.700      1286.          2.97878429908E+03
    17  0.1000       17   1.700       1.800      1286.          2.63871600503E+03
    18  0.1000       18   1.800       1.900      1286.          2.50241353204E+03
    19  0.1000       19   1.900       2.000      1286.          2.34943888302E+03
    20  0.1000       20   2.000       2.100      1286.          2.03585417476E+03
    21  0.1000       21   2.100       2.200      1286.          1.81370381217E+03
    22  0.1000       22   2.200       2.300      1286.          1.66276909214E+03
    23  0.1000       23   2.300       2.400      1286.          1.44684614384E+03
    24  0.1000       24   2.400       2.500      1286.          1.36269633507E+03
    25  0.1000       25   2.500       2.600      1286.          1.32041573388E+03
    26  0.1000       26   2.600       2.700      1286.          1.01081028530E+03
    27  0.1000       27   2.700       2.800      1286.          1.02220883483E+03
    28  0.1000       28   2.800       2.900      1286.          9.54223487201E+02
    29  0.1000       29   2.900       3.000      1286.          7.80501345839E+02
    30  0.1000       30   3.000       3.100      1286.          7.85946228506E+02
    31  0.1000       31   3.100       3.200      1286.          6.96049749048E+02
    32  0.1000       32   3.200       3.300      1286.          7.11121236693E+02
    33  0.1000       33   3.300       3.400      1286.          5.71454618283E+02
    34  0.1000       34   3.400       3.500      1286.          4.66317577784E+02
    35  0.1000       35   3.500       3.600      1286.          5.28007204086E+02
    36  0.1000       36   3.600       3.700      1286.          4.35506297730E+02
    37  0.1000       37   3.700       3.800      1286.          4.63140089026E+02
    38  0.1000       38   3.800       3.900      1286.          3.76583588655E+02
    39  0.1000       39   3.900       4.000      1286.          3.63791608662E+02
    40  0.2000       40   4.000       4.200      1286.          2.76088344825E+02
    41  0.2000       41   4.200       4.400      1286.          1.90089058271E+02
 #=================================================================================================================================================================
 # My Cross Sections
 # The scale factors xmur, xmuf chosen here are:      4.000,      8.000
 #-----------------------------------------------------------------------------------------------------------------------------------------------------------------
 #IObs  BinSize  IODimO  [ ptj1_[GeV],       ]  < mw_[GeV]   >  NNLO_contribution 
 #-----------------------------------------------------------------------------------------------------------------------------------------------------------------
     1  0.1000        1   0.000       0.1000     321.5          2.60971384338E+04
     2  0.1000        2   0.1000      0.2000     321.5          2.59472290105E+04
     3  0.1000        3   0.2000      0.3000     321.5          2.54311831748E+04
     4  0.1000        4   0.3000      0.4000     321.5          2.53266079014E+04
     5  0.1000        5   0.4000      0.5000     321.5          2.51643626367E+04
     6  0.1000        6   0.5000      0.6000     321.5          2.51475230764E+04
     7  0.1000        7   0.6000      0.7000     321.5          2.44550004990E+04
     8  0.1000        8   0.7000      0.8000     321.5          2.42895416712E+04
     9  0.1000        9   0.8000      0.9000     321.5          2.36410862411E+04
    10  0.1000       10   0.9000      1.000      321.5          2.32224138863E+04
    11  0.2000       11   1.000       1.200      321.5          2.22781535228E+04
    12  0.1000       12   1.200       1.300      321.5          2.13122990004E+04
    13  0.1000       13   1.300       1.400      321.5          2.03982767207E+04
    14  0.1000       14   1.400       1.500      321.5          1.94064794809E+04
    15  0.1000       15   1.500       1.600      321.5          1.86089456951E+04
    16  0.1000       16   1.600       1.700      321.5          1.77672466513E+04
    17  0.1000       17   1.700       1.800      321.5          1.67370723514E+04
    18  0.1000       18   1.800       1.900      321.5          1.58908857493E+04
    19  0.1000       19   1.900       2.000      321.5          1.49898704242E+04
    20  0.1000       20   2.000       2.100      321.5          1.38606812729E+04
    21  0.1000       21   2.100       2.200      321.5          1.28071317864E+04
    22  0.1000       22   2.200       2.300      321.5          1.19235078490E+04
    23  0.1000       23   2.300       2.400      321.5          1.08487739992E+04
    24  0.1000       24   2.400       2.500      321.5          1.00295185055E+04
    25  0.1000       25   2.500       2.600      321.5          9.22128283373E+03
    26  0.1000       26   2.600       2.700      321.5          8.11837350212E+03
    27  0.1000       27   2.700       2.800      321.5          7.41378767958E+03
    28  0.1000       28   2.800       2.900      321.5          6.65588274988E+03
    29  0.1000       29   2.900       3.000      321.5          5.85861989583E+03
    30  0.1000       30   3.000       3.100      321.5          5.15844523346E+03
    31  0.1000       31   3.100       3.200      321.5          4.46189542752E+03
    32  0.1000       32   3.200       3.300      321.5          4.04322106179E+03
    33  0.1000       33   3.300       3.400      321.5          3.35457351102E+03
    34  0.1000       34   3.400       3.500      321.5          2.83671820907E+03
    35  0.1000       35   3.500       3.600      321.5          2.47919273087E+03
    36  0.1000       36   3.600       3.700      321.5          2.04626496310E+03
    37  0.1000       37   3.700       3.800      321.5          1.79859685573E+03
    38  0.1000       38   3.800       3.900      321.5          1.46144109732E+03
    39  0.1000       39   3.900       4.000      321.5          1.20962089240E+03
    40  0.2000       40   4.000       4.200      321.5          8.46127180969E+02
    41  0.2000       41   4.200       4.400      321.5          5.03685869336E+02
 #=================================================================================================================================================================
 # My Cross Sections
 # The scale factors xmur, xmuf chosen here are:      8.000,      4.000
 #-----------------------------------------------------------------------------------------------------------------------------------------------------------------
 #IObs  BinSize  IODimO  [ ptj1_[GeV],       ]  < mw_[GeV]   >  NNLO_contribution 
 #-----------------------------------------------------------------------------------------------------------------------------------------------------------------
     1  0.1000        1   0.000       0.1000     643.1         -7.79458763225E+03
     2  0.1000        2   0.1000      0.2000     643.1         -7.77126885032E+03
     3  0.1000        3   0.2000      0.3000     643.1         -7.97729204138E+03
     4  0.1000        4   0.3000      0.4000     643.1         -7.90656182678E+03
     5  0.1000        5   0.4000      0.5000     643.1         -7.63941872640E+03
     6  0.1000        6   0.5000      0.6000     643.1         -7.65887370028E+03
     7  0.1000        7   0.6000      0.7000     643.1         -7.57520622302E+03
     8  0.1000        8   0.7000      0.8000     643.1         -7.26141917902E+03
     9  0.1000        9   0.8000      0.9000     643.1         -7.45355382133E+03
    10  0.1000       10   0.9000      1.000      643.1         -7.21867241187E+03
    11  0.2000       11   1.000       1.200      643.1         -6.90790626607E+03
    12  0.1000       12   1.200       1.300      643.1         -6.71642812374E+03
    13  0.1000       13   1.300       1.400      643.1         -6.65678853095E+03
    14  0.1000       14   1.400       1.500      643.1         -6.50530631309E+03
    15  0.1000       15   1.500       1.600      643.1         -6.13998114006E+03
    16  0.1000       16   1.600       1.700      643.1         -5.82964937638E+03
    17  0.1000       17   1.700       1.800      643.1         -5.76619498758E+03
    18  0.1000       18   1.800       1.900      643.1         -5.40468987452E+03
    19  0.1000       19   1.900       2.000      643.1         -5.02021940303E+03
    20  0.1000       20   2.000       2.100      643.1         -4.81874311424E+03
    21  0.1000       21   2.100       2.200      643.1         -4.51676238847E+03
    22  0.1000       22   2.200       2.300      643.1         -4.13922302823E+03
    23  0.1000       23   2.300       2.400      643.1         -3.82207264330E+03
    24  0.1000       24   2.400       2.500      643.1         -3.39594720005E+03
    25  0.1000       25   2.500       2.600      643.1         -2.87827279227E+03
    26  0.1000       26   2.600       2.700      643.1         -2.77798674374E+03
    27  0.1000       27   2.700       2.800      643.1         -2.26980732652E+03
    28  0.1000       28   2.800       2.900      643.1         -1.87131883641E+03
    29  0.1000       29   2.900       3.000      643.1         -1.67521901802E+03
    30  0.1000       30   3.000       3.100      643.1         -1.24078903392E+03
    31  0.1000       31   3.100       3.200      643.1         -9.65348784196E+02
    32  0.1000       32   3.200       3.300      643.1         -6.52474929069E+02
    33  0.1000       33   3.300       3.400      643.1         -4.98199943702E+02
    34  0.1000       34   3.400       3.500      643.1         -4.45856866855E+02
    35  0.1000       35   3.500       3.600      643.1         -9.04551654058E+01
    36  0.1000       36   3.600       3.700      643.1          7.45036971078E+00
    37  0.1000       37   3.700       3.800      643.1          1.21067921235E+02
    38  0.1000       38   3.800       3.900      643.1          1.46528775909E+02
    39  0.1000       39   3.900       4.000      643.1          2.48498273466E+02
    40  0.2000       40   4.000       4.200      643.1          2.36738722521E+02
    41  0.2000       41   4.200       4.400      643.1          2.08529156500E+02
 #=================================================================================================================================================================
 # My Cross Sections
 # The scale factors xmur, xmuf chosen here are:      8.000,     16.000
 #-----------------------------------------------------------------------------------------------------------------------------------------------------------------
 #IObs  BinSize  IODimO  [ ptj1_[GeV],       ]  < mw_[GeV]   >  NNLO_contribution 
 #-----------------------------------------------------------------------------------------------------------------------------------------------------------------
     1  0.1000        1   0.000       0.1000     643.1          2.06768803436E+04
     2  0.1000        2   0.1000      0.2000     643.1          2.05332152864E+04
     3  0.1000        3   0.2000      0.3000     643.1          2.01263535313E+04
     4  0.1000        4   0.3000      0.4000     643.1          2.00012965686E+04
     5  0.1000        5   0.4000      0.5000     643.1          1.98944133223E+04
     6  0.1000        6   0.5000      0.6000     643.1          1.98583688092E+04
     7  0.1000        7   0.6000      0.7000     643.1          1.93038824222E+04
     8  0.1000        8   0.7000      0.8000     643.1          1.91619067971E+04
     9  0.1000        9   0.8000      0.9000     643.1          1.85950084046E+04
    10  0.1000       10   0.9000      1.000      643.1          1.82421817590E+04
    11  0.2000       11   1.000       1.200      643.1          1.74572656952E+04
    12  0.1000       12   1.200       1.300      643.1          1.66695408026E+04
    13  0.1000       13   1.300       1.400      643.1          1.58885601041E+04
    14  0.1000       14   1.400       1.500      643.1          1.50744645354E+04
    15  0.1000       15   1.500       1.600      643.1          1.44368211329E+04
    16  0.1000       16   1.600       1.700      643.1          1.37287720554E+04
    17  0.1000       17   1.700       1.800      643.1          1.28854819520E+04
    18  0.1000       18   1.800       1.900      643.1          1.22078176743E+04
    19  0.1000       19   1.900       2.000      643.1          1.14780349103E+04
    20  0.1000       20   2.000       2.100      643.1          1.05553065186E+04
    21  0.1000       21   2.100       2.200      643.1          9.71677874720E+03
    22  0.1000       22   2.200       2.300      643.1          9.00051430335E+03
    23  0.1000       23   2.300       2.400      643.1          8.15014321925E+03
    24  0.1000       24   2.400       2.500      643.1          7.50556199237E+03
    25  0.1000       25   2.500       2.600      643.1          6.87303153939E+03
    26  0.1000       26   2.600       2.700      643.1          6.00243909648E+03
    27  0.1000       27   2.700       2.800      643.1          5.47137245023E+03
    28  0.1000       28   2.800       2.900      643.1          4.88541556489E+03
    29  0.1000       29   2.900       3.000      643.1          4.25583018951E+03
    30  0.1000       30   3.000       3.100      643.1          3.74944900726E+03
    31  0.1000       31   3.100       3.200      643.1          3.21544873201E+03
    32  0.1000       32   3.200       3.300      643.1          2.90588478989E+03
    33  0.1000       33   3.300       3.400      643.1          2.37907546401E+03
    34  0.1000       34   3.400       3.500      643.1          2.00295068378E+03
    35  0.1000       35   3.500       3.600      643.1          1.75133112169E+03
    36  0.1000       36   3.600       3.700      643.1          1.41696089499E+03
    37  0.1000       37   3.700       3.800      643.1          1.27324517268E+03
    38  0.1000       38   3.800       3.900      643.1          1.01856847149E+03
    39  0.1000       39   3.900       4.000      643.1          8.44312909751E+02
    40  0.2000       40   4.000       4.200      643.1          5.87647532089E+02
    41  0.2000       41   4.200       4.400      643.1          3.49386641912E+02
 #=================================================================================================================================================================
 # My Cross Sections
 # The scale factors xmur, xmuf chosen here are:     16.000,      8.000
 #-----------------------------------------------------------------------------------------------------------------------------------------------------------------
 #IObs  BinSize  IODimO  [ ptj1_[GeV],       ]  < mw_[GeV]   >  NNLO_contribution 
 #-----------------------------------------------------------------------------------------------------------------------------------------------------------------
     1  0.1000        1   0.000       0.1000     1286.         -6.01946048857E+03
     2  0.1000        2   0.1000      0.2000     1286.         -6.01886609341E+03
     3  0.1000        3   0.2000      0.3000     1286.         -6.18990503395E+03
     4  0.1000        4   0.3000      0.4000     1286.         -6.16457884564E+03
     5  0.1000        5   0.4000      0.5000     1286.         -5.93545145571E+03
     6  0.1000        6   0.5000      0.6000     1286.         -5.97200562624E+03
     7  0.1000        7   0.6000      0.7000     1286.         -5.91349928586E+03
     8  0.1000        8   0.7000      0.8000     1286.         -5.67224727781E+03
     9  0.1000        9   0.8000      0.9000     1286.         -5.87753685880E+03
    10  0.1000       10   0.9000      1.000      1286.         -5.70626029175E+03
    11  0.2000       11   1.000       1.200      1286.         -5.49599986670E+03
    12  0.1000       12   1.200       1.300      1286.         -5.36775688675E+03
    13  0.1000       13   1.300       1.400      1286.         -5.37446789123E+03
    14  0.1000       14   1.400       1.500      1286.         -5.28159730120E+03
    15  0.1000       15   1.500       1.600      1286.         -4.99940815245E+03
    16  0.1000       16   1.600       1.700      1286.         -4.78833891431E+03
    17  0.1000       17   1.700       1.800      1286.         -4.76713366743E+03
    18  0.1000       18   1.800       1.900      1286.         -4.48920780313E+03
    19  0.1000       19   1.900       2.000      1286.         -4.19829835839E+03
    20  0.1000       20   2.000       2.100      1286.         -4.06477772232E+03
    21  0.1000       21   2.100       2.200      1286.         -3.83266898837E+03
    22  0.1000       22   2.200       2.300      1286.         -3.54910098133E+03
    23  0.1000       23   2.300       2.400      1286.         -3.30040598239E+03
    24  0.1000       24   2.400       2.500      1286.         -2.95897265951E+03
    25  0.1000       25   2.500       2.600      1286.         -2.54357628812E+03
    26  0.1000       26   2.600       2.700      1286.         -2.46757564862E+03
    27  0.1000       27   2.700       2.800      1286.         -2.04432626544E+03
    28  0.1000       28   2.800       2.900      1286.         -1.72068891477E+03
    29  0.1000       29   2.900       3.000      1286.         -1.56701803486E+03
    30  0.1000       30   3.000       3.100      1286.         -1.18900423659E+03
    31  0.1000       31   3.100       3.200      1286.         -9.56795377094E+02
    32  0.1000       32   3.200       3.300      1286.         -6.95138238430E+02
    33  0.1000       33   3.300       3.400      1286.         -5.65325754569E+02
    34  0.1000       34   3.400       3.500      1286.         -5.00967057573E+02
    35  0.1000       35   3.500       3.600      1286.         -1.98809255894E+02
    36  0.1000       36   3.600       3.700      1286.         -1.20287386931E+02
    37  0.1000       37   3.700       3.800      1286.          8.94756108890E+00
    38  0.1000       38   3.800       3.900      1286.          3.28985084816E+01
    39  0.1000       39   3.900       4.000      1286.          1.29270624366E+02
    40  0.2000       40   4.000       4.200      1286.          1.38024858862E+02
    41  0.2000       41   4.200       4.400      1286.          1.34706525341E+02
