 ##################################################################################
 # [fnlo-tk-cppread] Evaluating table: /ptmp/mpp/asaborido/ATLAS8TeV/ATLAS8TeV_mw_25xnodes_NNLO/combine_TESTscalefactor8/combine_grid/RV.ptw.tab.gz
 # [fnlo-tk-cppread] Using PDF set   : NNPDF31_nnlo_as_0118
 # [fnlo-tk-cppread] If possible, will try to do 7 scale factor variations.
 # [fnlo-tk-cppread] Using alpha_s evolution code: LHAPDF
 # [fnlo-tk-cppread] Preparing unnormalized cross sections,
 # [fnlo-tk-cppread] Using scale definition kScale1
 # [fnlo-tk-cppread] Using central scale factor of sclfac = 8
 # [fnlo-tk-cppread] No request for no. of flavours, using default of LHAPDF or Nf = 5.
 # [fnlo-tk-cppread] No request for no. of loops, using default of LHAPDF or NLoop = 2.
 # [fnlo-tk-cppread] No request for value of alpha_s(M_Z), using default of LHAPDF or asMz = 0.118.
 # [fnlo-tk-cppread] No request for value of M_Z, using default of LHAPDF or Mz = 91.1876.
 # [fnlo-tk-cppread] No request for Ecms, using default as defined in grid.
 # [fnlo-tk-cppread] Using verbosity level: WARNING
 ##################################################################################

 # WARNING! [OrderCoefficients] Could not find any LO Calculation!
 # WARNING! [OrderCoefficients] Separate evaluation of higher-order contributions currently in testing phase, beware of problems.
 # WARNING! [OrderCoefficients] Not all features will be available in this case, but a straight calculation should be possible. Use with care!
LHAPDF 6.5.3 loading /cvmfs/sft.cern.ch/lcg/external/lhapdfsets/current/NNPDF31_nnlo_as_0118/NNPDF31_nnlo_as_0118_0000.dat
NNPDF31_nnlo_as_0118 PDF set, member #0, version 1; LHAPDF ID = 303600
LHAPDF 6.5.3 loading /cvmfs/sft.cern.ch/lcg/external/lhapdfsets/current/NNPDF31_nnlo_as_0118/NNPDF31_nnlo_as_0118_0000.dat
NNPDF31_nnlo_as_0118 PDF set, member #0, version 1; LHAPDF ID = 303600

 ##################################################################################################################################################################
 # [fnlo-tk-cppread] Calculate my cross sections
 ##################################################################################################################################################################
 # WARNING! [fnlo-tk-cppread] LO not found, output is still experimental!
 #=================================================================================================================================================================
 # My Cross Sections
 # The scale factors xmur, xmuf chosen here are:      8.000,      8.000
 #-----------------------------------------------------------------------------------------------------------------------------------------------------------------
 #IObs  BinSize  IODimO  [ ptj1_[GeV],       ]  < mw_[GeV]   >  NNLO_contribution 
 #-----------------------------------------------------------------------------------------------------------------------------------------------------------------
     1  25.00         1   0.000       25.00      565.7          1.40609681580E+03
     2  25.00         2   25.00       50.00      643.1         -1.11992143134E+03
     3  25.00         3   50.00       75.00      643.1          1.17631483306E+02
     4  25.00         4   75.00       100.0      643.1          7.05595883655E+01
     5  25.00         5   100.0       125.0      643.1          3.49639006642E+01
     6  25.00         6   125.0       150.0      643.1          1.80076838590E+01
     7  25.00         7   150.0       175.0      643.1          9.71737579844E+00
     8  25.00         8   175.0       200.0      643.1          5.41675631371E+00
     9  50.00         9   200.0       250.0      643.1          2.53204990108E+00
    10  50.00        10   250.0       300.0      643.1          9.53685120406E-01
    11  50.00        11   300.0       350.0      643.1          3.93505339577E-01
    12  50.00        12   350.0       400.0      643.1          1.75584106583E-01
    13  50.00        13   400.0       450.0      643.1          8.35050475044E-02
    14  50.00        14   450.0       500.0      643.1          4.09400014599E-02
    15  100.0        15   500.0       600.0      643.1          1.63332201381E-02
    16  200.0        16   600.0       800.0      643.1          3.23369423789E-03
 #=================================================================================================================================================================
 # My Cross Sections
 # The scale factors xmur, xmuf chosen here are:      4.000,      4.000
 #-----------------------------------------------------------------------------------------------------------------------------------------------------------------
 #IObs  BinSize  IODimO  [ ptj1_[GeV],       ]  < mw_[GeV]   >  NNLO_contribution 
 #-----------------------------------------------------------------------------------------------------------------------------------------------------------------
     1  25.00         1   0.000       25.00      282.8          1.55854965390E+03
     2  25.00         2   25.00       50.00      321.5         -1.13552003051E+03
     3  25.00         3   50.00       75.00      321.5          1.36468631036E+02
     4  25.00         4   75.00       100.0      321.5          7.72751220430E+01
     5  25.00         5   100.0       125.0      321.5          3.71805716467E+01
     6  25.00         6   125.0       150.0      321.5          1.86764819129E+01
     7  25.00         7   150.0       175.0      321.5          9.79680920564E+00
     8  25.00         8   175.0       200.0      321.5          5.31685007943E+00
     9  50.00         9   200.0       250.0      321.5          2.39053573559E+00
    10  50.00        10   250.0       300.0      321.5          8.42985790240E-01
    11  50.00        11   300.0       350.0      321.5          3.23237679833E-01
    12  50.00        12   350.0       400.0      321.5          1.31698010281E-01
    13  50.00        13   400.0       450.0      321.5          5.67059602980E-02
    14  50.00        14   450.0       500.0      321.5          2.44021703466E-02
    15  100.0        15   500.0       600.0      321.5          7.61613804734E-03
    16  200.0        16   600.0       800.0      321.5          6.12314407674E-04
 #=================================================================================================================================================================
 # My Cross Sections
 # The scale factors xmur, xmuf chosen here are:     16.000,     16.000
 #-----------------------------------------------------------------------------------------------------------------------------------------------------------------
 #IObs  BinSize  IODimO  [ ptj1_[GeV],       ]  < mw_[GeV]   >  NNLO_contribution 
 #-----------------------------------------------------------------------------------------------------------------------------------------------------------------
     1  25.00         1   0.000       25.00      1131.          1.26889756717E+03
     2  25.00         2   25.00       50.00      1286.         -1.08096564811E+03
     3  25.00         3   50.00       75.00      1286.          1.03516863259E+02
     4  25.00         4   75.00       100.0      1286.          6.44582955967E+01
     5  25.00         5   100.0       125.0      1286.          3.24779555843E+01
     6  25.00         6   125.0       150.0      1286.          1.69481766618E+01
     7  25.00         7   150.0       175.0      1286.          9.27891481887E+00
     8  25.00         8   175.0       200.0      1286.          5.23854005259E+00
     9  50.00         9   200.0       250.0      1286.          2.49182011039E+00
    10  50.00        10   250.0       300.0      1286.          9.64694141126E-01
    11  50.00        11   300.0       350.0      1286.          4.09118707854E-01
    12  50.00        12   350.0       400.0      1286.          1.88222637895E-01
    13  50.00        13   400.0       450.0      1286.          9.21615611134E-02
    14  50.00        14   450.0       500.0      1286.          4.67064237250E-02
    15  100.0        15   500.0       600.0      1286.          1.95805448395E-02
    16  200.0        16   600.0       800.0      1286.          4.27097301769E-03
 #=================================================================================================================================================================
 # My Cross Sections
 # The scale factors xmur, xmuf chosen here are:      4.000,      8.000
 #-----------------------------------------------------------------------------------------------------------------------------------------------------------------
 #IObs  BinSize  IODimO  [ ptj1_[GeV],       ]  < mw_[GeV]   >  NNLO_contribution 
 #-----------------------------------------------------------------------------------------------------------------------------------------------------------------
     1  25.00         1   0.000       25.00      282.8          1.56476473329E+03
     2  25.00         2   25.00       50.00      321.5         -2.14295932079E+02
     3  25.00         3   50.00       75.00      321.5          5.10746935331E+02
     4  25.00         4   75.00       100.0      321.5          2.20301437657E+02
     5  25.00         5   100.0       125.0      321.5          1.00825408976E+02
     6  25.00         6   125.0       150.0      321.5          4.98810986617E+01
     7  25.00         7   150.0       175.0      321.5          2.61250274477E+01
     8  25.00         8   175.0       200.0      321.5          1.44106609339E+01
     9  50.00         9   200.0       250.0      321.5          6.64585907567E+00
    10  50.00        10   250.0       300.0      321.5          2.49824041094E+00
    11  50.00        11   300.0       350.0      321.5          1.04944365612E+00
    12  50.00        12   350.0       400.0      321.5          4.71561623283E-01
    13  50.00        13   400.0       450.0      321.5          2.29206779482E-01
    14  50.00        14   450.0       500.0      321.5          1.15600423198E-01
    15  100.0        15   500.0       600.0      321.5          4.75255079306E-02
    16  200.0        16   600.0       800.0      321.5          1.01328653634E-02
 #=================================================================================================================================================================
 # My Cross Sections
 # The scale factors xmur, xmuf chosen here are:      8.000,      4.000
 #-----------------------------------------------------------------------------------------------------------------------------------------------------------------
 #IObs  BinSize  IODimO  [ ptj1_[GeV],       ]  < mw_[GeV]   >  NNLO_contribution 
 #-----------------------------------------------------------------------------------------------------------------------------------------------------------------
     1  25.00         1   0.000       25.00      565.7          1.40309330642E+03
     2  25.00         2   25.00       50.00      643.1         -1.82319642076E+03
     3  25.00         3   50.00       75.00      643.1         -1.73196222661E+02
     4  25.00         4   75.00       100.0      643.1         -4.17796440567E+01
     5  25.00         5   100.0       125.0      643.1         -1.54842389272E+01
     6  25.00         6   125.0       150.0      643.1         -6.92386993409E+00
     7  25.00         7   150.0       175.0      643.1         -3.41677056724E+00
     8  25.00         8   175.0       200.0      643.1         -1.94248956351E+00
     9  50.00         9   200.0       250.0      643.1         -9.35939482041E-01
    10  50.00        10   250.0       300.0      643.1         -4.07039213113E-01
    11  50.00        11   300.0       350.0      643.1         -2.07919718438E-01
    12  50.00        12   350.0       400.0      643.1         -1.07476836225E-01
    13  50.00        13   400.0       450.0      643.1         -6.09235883393E-02
    14  50.00        14   450.0       500.0      643.1         -3.57641506945E-02
    15  100.0        15   500.0       600.0      643.1         -1.73856704029E-02
    16  200.0        16   600.0       800.0      643.1         -4.86953323815E-03
 #=================================================================================================================================================================
 # My Cross Sections
 # The scale factors xmur, xmuf chosen here are:      8.000,     16.000
 #-----------------------------------------------------------------------------------------------------------------------------------------------------------------
 #IObs  BinSize  IODimO  [ ptj1_[GeV],       ]  < mw_[GeV]   >  NNLO_contribution 
 #-----------------------------------------------------------------------------------------------------------------------------------------------------------------
     1  25.00         1   0.000       25.00      565.7          1.41280757894E+03
     2  25.00         2   25.00       50.00      643.1         -4.00690510420E+02
     3  25.00         3   50.00       75.00      643.1          4.09176391362E+02
     4  25.00         4   75.00       100.0      643.1          1.80631754899E+02
     5  25.00         5   100.0       125.0      643.1          8.33768555754E+01
     6  25.00         6   125.0       150.0      643.1          4.14876488769E+01
     7  25.00         7   150.0       175.0      643.1          2.18782224306E+01
     8  25.00         8   175.0       200.0      643.1          1.21250912338E+01
     9  50.00         9   200.0       250.0      643.1          5.63260781063E+00
    10  50.00        10   250.0       300.0      643.1          2.13990870755E+00
    11  50.00        11   300.0       350.0      643.1          9.06391212374E-01
    12  50.00        12   350.0       400.0      643.1          4.12315803188E-01
    13  50.00        13   400.0       450.0      643.1          2.02219159467E-01
    14  50.00        14   450.0       500.0      643.1          1.02998694235E-01
    15  100.0        15   500.0       600.0      643.1          4.30945284592E-02
    16  200.0        16   600.0       800.0      643.1          9.46508401682E-03
 #=================================================================================================================================================================
 # My Cross Sections
 # The scale factors xmur, xmuf chosen here are:     16.000,      8.000
 #-----------------------------------------------------------------------------------------------------------------------------------------------------------------
 #IObs  BinSize  IODimO  [ ptj1_[GeV],       ]  < mw_[GeV]   >  NNLO_contribution 
 #-----------------------------------------------------------------------------------------------------------------------------------------------------------------
     1  25.00         1   0.000       25.00      1131.          1.26550479718E+03
     2  25.00         2   25.00       50.00      1286.         -1.64581127923E+03
     3  25.00         3   50.00       75.00      1286.         -1.28745382659E+02
     4  25.00         4   75.00       100.0      1286.         -2.40598958083E+01
     5  25.00         5   100.0       125.0      1286.         -6.77071763859E+00
     6  25.00         6   125.0       150.0      1286.         -2.22220220434E+00
     7  25.00         7   150.0       175.0      1286.         -7.09885513321E-01
     8  25.00         8   175.0       200.0      1286.         -3.01681099479E-01
     9  50.00         9   200.0       250.0      1286.         -8.51930253516E-02
    10  50.00        10   250.0       300.0      1286.         -2.90653057257E-02
    11  50.00        11   300.0       350.0      1286.         -2.35021189699E-02
    12  50.00        12   350.0       400.0      1286.         -1.25219549020E-02
    13  50.00        13   400.0       450.0      1286.         -9.00664920673E-03
    14  50.00        14   450.0       500.0      1286.         -6.40936264753E-03
    15  100.0        15   500.0       600.0      1286.         -3.42570173520E-03
    16  200.0        16   600.0       800.0      1286.         -1.12526474612E-03
