 ##################################################################################
 # [fnlo-tk-cppread] Evaluating table: /ptmp/mpp/asaborido/ATLAS8TeV/ATLAS8TeV_mw_25xnodes_NNLO/combine_TESTscalefactor8/combine_grid/V.ptw.tab.gz
 # [fnlo-tk-cppread] Using PDF set   : NNPDF31_nnlo_as_0118
 # [fnlo-tk-cppread] If possible, will try to do 7 scale factor variations.
 # [fnlo-tk-cppread] Using alpha_s evolution code: LHAPDF
 # [fnlo-tk-cppread] Preparing unnormalized cross sections,
 # [fnlo-tk-cppread] Using scale definition kScale1
 # [fnlo-tk-cppread] Using central scale factor of sclfac = 8
 # [fnlo-tk-cppread] No request for no. of flavours, using default of LHAPDF or Nf = 5.
 # [fnlo-tk-cppread] No request for no. of loops, using default of LHAPDF or NLoop = 2.
 # [fnlo-tk-cppread] No request for value of alpha_s(M_Z), using default of LHAPDF or asMz = 0.118.
 # [fnlo-tk-cppread] No request for value of M_Z, using default of LHAPDF or Mz = 91.1876.
 # [fnlo-tk-cppread] No request for Ecms, using default as defined in grid.
 # [fnlo-tk-cppread] Using verbosity level: WARNING
 ##################################################################################

 # WARNING! [OrderCoefficients] Could not find any LO Calculation!
 # WARNING! [OrderCoefficients] Separate evaluation of higher-order contributions currently in testing phase, beware of problems.
 # WARNING! [OrderCoefficients] Not all features will be available in this case, but a straight calculation should be possible. Use with care!
LHAPDF 6.5.3 loading /cvmfs/sft.cern.ch/lcg/external/lhapdfsets/current/NNPDF31_nnlo_as_0118/NNPDF31_nnlo_as_0118_0000.dat
NNPDF31_nnlo_as_0118 PDF set, member #0, version 1; LHAPDF ID = 303600
LHAPDF 6.5.3 loading /cvmfs/sft.cern.ch/lcg/external/lhapdfsets/current/NNPDF31_nnlo_as_0118/NNPDF31_nnlo_as_0118_0000.dat
NNPDF31_nnlo_as_0118 PDF set, member #0, version 1; LHAPDF ID = 303600

 ##################################################################################################################################################################
 # [fnlo-tk-cppread] Calculate my cross sections
 ##################################################################################################################################################################
 # WARNING! [fnlo-tk-cppread] LO not found, output is still experimental!
 #=================================================================================================================================================================
 # My Cross Sections
 # The scale factors xmur, xmuf chosen here are:      8.000,      8.000
 #-----------------------------------------------------------------------------------------------------------------------------------------------------------------
 #IObs  BinSize  IODimO  [ ptj1_[GeV],       ]  < mw_[GeV]   >  NLO_contribution 
 #-----------------------------------------------------------------------------------------------------------------------------------------------------------------
     1  25.00         1   0.000       25.00     -nan            0.00000000000E+00
     2  25.00         2   25.00       50.00      643.1          2.76060912768E+03
     3  25.00         3   50.00       75.00      643.1          8.94952451074E+02
     4  25.00         4   75.00       100.0      643.1          3.03570404327E+02
     5  25.00         5   100.0       125.0      643.1          1.26013873916E+02
     6  25.00         6   125.0       150.0      643.1          5.85377827694E+01
     7  25.00         7   150.0       175.0      643.1          2.95109799083E+01
     8  25.00         8   175.0       200.0      643.1          1.58554977002E+01
     9  50.00         9   200.0       250.0      643.1          7.09444327001E+00
    10  50.00        10   250.0       300.0      643.1          2.58244952769E+00
    11  50.00        11   300.0       350.0      643.1          1.05412258651E+00
    12  50.00        12   350.0       400.0      643.1          4.65937621220E-01
    13  50.00        13   400.0       450.0      643.1          2.19798834413E-01
    14  50.00        14   450.0       500.0      643.1          1.08842682874E-01
    15  100.0        15   500.0       600.0      643.1          4.31376751234E-02
    16  200.0        16   600.0       800.0      643.1          8.46827085434E-03
 #=================================================================================================================================================================
 # My Cross Sections
 # The scale factors xmur, xmuf chosen here are:      4.000,      4.000
 #-----------------------------------------------------------------------------------------------------------------------------------------------------------------
 #IObs  BinSize  IODimO  [ ptj1_[GeV],       ]  < mw_[GeV]   >  NLO_contribution 
 #-----------------------------------------------------------------------------------------------------------------------------------------------------------------
     1  25.00         1   0.000       25.00     -nan            0.00000000000E+00
     2  25.00         2   25.00       50.00      321.5          2.78178117996E+03
     3  25.00         3   50.00       75.00      321.5          8.86775103467E+02
     4  25.00         4   75.00       100.0      321.5          2.95632058958E+02
     5  25.00         5   100.0       125.0      321.5          1.20655568184E+02
     6  25.00         6   125.0       150.0      321.5          5.50503629885E+01
     7  25.00         7   150.0       175.0      321.5          2.72269550397E+01
     8  25.00         8   175.0       200.0      321.5          1.43340084607E+01
     9  50.00         9   200.0       250.0      321.5          6.21707419242E+00
    10  50.00        10   250.0       300.0      321.5          2.14918118482E+00
    11  50.00        11   300.0       350.0      321.5          8.26612828077E-01
    12  50.00        12   350.0       400.0      321.5          3.40610728785E-01
    13  50.00        13   400.0       450.0      321.5          1.47776186003E-01
    14  50.00        14   450.0       500.0      321.5          6.62595636401E-02
    15  100.0        15   500.0       600.0      321.5          2.20484417586E-02
    16  200.0        16   600.0       800.0      321.5          2.41336277892E-03
 #=================================================================================================================================================================
 # My Cross Sections
 # The scale factors xmur, xmuf chosen here are:     16.000,     16.000
 #-----------------------------------------------------------------------------------------------------------------------------------------------------------------
 #IObs  BinSize  IODimO  [ ptj1_[GeV],       ]  < mw_[GeV]   >  NLO_contribution 
 #-----------------------------------------------------------------------------------------------------------------------------------------------------------------
     1  25.00         1   0.000       25.00     -nan            0.00000000000E+00
     2  25.00         2   25.00       50.00      1286.          2.74640427941E+03
     3  25.00         3   50.00       75.00      1286.          8.99897493620E+02
     4  25.00         4   75.00       100.0      1286.          3.08168517060E+02
     5  25.00         5   100.0       125.0      1286.          1.29018420210E+02
     6  25.00         6   125.0       150.0      1286.          6.04529690781E+01
     7  25.00         7   150.0       175.0      1286.          3.07488595674E+01
     8  25.00         8   175.0       200.0      1286.          1.66721906582E+01
     9  50.00         9   200.0       250.0      1286.          7.56156907536E+00
    10  50.00        10   250.0       300.0      1286.          2.81141589551E+00
    11  50.00        11   300.0       350.0      1286.          1.17367121597E+00
    12  50.00        12   350.0       400.0      1286.          5.31535465464E-01
    13  50.00        13   400.0       450.0      1286.          2.57378918713E-01
    14  50.00        14   450.0       500.0      1286.          1.30979700128E-01
    15  100.0        15   500.0       600.0      1286.          5.40543593927E-02
    16  200.0        16   600.0       800.0      1286.          1.15768217103E-02
 #=================================================================================================================================================================
 # My Cross Sections
 # The scale factors xmur, xmuf chosen here are:      4.000,      8.000
 #-----------------------------------------------------------------------------------------------------------------------------------------------------------------
 #IObs  BinSize  IODimO  [ ptj1_[GeV],       ]  < mw_[GeV]   >  NLO_contribution 
 #-----------------------------------------------------------------------------------------------------------------------------------------------------------------
     1  25.00         1   0.000       25.00     -nan            0.00000000000E+00
     2  25.00         2   25.00       50.00      321.5          2.66588720041E+03
     3  25.00         3   50.00       75.00      321.5          8.50004323138E+02
     4  25.00         4   75.00       100.0      321.5          2.85146289402E+02
     5  25.00         5   100.0       125.0      321.5          1.17418665888E+02
     6  25.00         6   125.0       150.0      321.5          5.41576521559E+01
     7  25.00         7   150.0       175.0      321.5          2.71048782098E+01
     8  25.00         8   175.0       200.0      321.5          1.44537217011E+01
     9  50.00         9   200.0       250.0      321.5          6.39730249272E+00
    10  50.00        10   250.0       300.0      321.5          2.28719621846E+00
    11  50.00        11   300.0       350.0      321.5          9.15817504848E-01
    12  50.00        12   350.0       400.0      321.5          3.96089526474E-01
    13  50.00        13   400.0       450.0      321.5          1.82311597020E-01
    14  50.00        14   450.0       500.0      321.5          8.79391848363E-02
    15  100.0        15   500.0       600.0      321.5          3.34278181251E-02
    16  200.0        16   600.0       800.0      321.5          5.93173977749E-03
 #=================================================================================================================================================================
 # My Cross Sections
 # The scale factors xmur, xmuf chosen here are:      8.000,      4.000
 #-----------------------------------------------------------------------------------------------------------------------------------------------------------------
 #IObs  BinSize  IODimO  [ ptj1_[GeV],       ]  < mw_[GeV]   >  NLO_contribution 
 #-----------------------------------------------------------------------------------------------------------------------------------------------------------------
     1  25.00         1   0.000       25.00     -nan            0.00000000000E+00
     2  25.00         2   25.00       50.00      643.1          2.84961666521E+03
     3  25.00         3   50.00       75.00      643.1          9.25223525085E+02
     4  25.00         4   75.00       100.0      643.1          3.12955303713E+02
     5  25.00         5   100.0       125.0      643.1          1.29274466577E+02
     6  25.00         6   125.0       150.0      643.1          5.96702305392E+01
     7  25.00         7   150.0       175.0      643.1          2.98689848952E+01
     8  25.00         8   175.0       200.0      643.1          1.59246186004E+01
     9  50.00         9   200.0       250.0      643.1          7.03813816605E+00
    10  50.00        10   250.0       300.0      643.1          2.51128503817E+00
    11  50.00        11   300.0       350.0      643.1          1.00157130185E+00
    12  50.00        12   350.0       400.0      643.1          4.31086787480E-01
    13  50.00        13   400.0       450.0      643.1          1.97249682016E-01
    14  50.00        14   450.0       500.0      643.1          9.43047878021E-02
    15  100.0        15   500.0       600.0      643.1          3.53110871294E-02
    16  200.0        16   600.0       800.0      643.1          5.97245482095E-03
 #=================================================================================================================================================================
 # My Cross Sections
 # The scale factors xmur, xmuf chosen here are:      8.000,     16.000
 #-----------------------------------------------------------------------------------------------------------------------------------------------------------------
 #IObs  BinSize  IODimO  [ ptj1_[GeV],       ]  < mw_[GeV]   >  NLO_contribution 
 #-----------------------------------------------------------------------------------------------------------------------------------------------------------------
     1  25.00         1   0.000       25.00     -nan            0.00000000000E+00
     2  25.00         2   25.00       50.00      643.1          2.69210761316E+03
     3  25.00         3   50.00       75.00      643.1          8.73812799896E+02
     4  25.00         4   75.00       100.0      643.1          2.97840836596E+02
     5  25.00         5   100.0       125.0      643.1          1.24384120511E+02
     6  25.00         6   125.0       150.0      643.1          5.81749587963E+01
     7  25.00         7   150.0       175.0      643.1          2.95330891314E+01
     8  25.00         8   175.0       200.0      643.1          1.59800564492E+01
     9  50.00         9   200.0       250.0      643.1          7.22610196726E+00
    10  50.00        10   250.0       300.0      643.1          2.67264270094E+00
    11  50.00        11   300.0       350.0      643.1          1.10977836560E+00
    12  50.00        12   350.0       400.0      643.1          4.99600311781E-01
    13  50.00        13   400.0       450.0      643.1          2.40343985476E-01
    14  50.00        14   450.0       500.0      643.1          1.21544282818E-01
    15  100.0        15   500.0       600.0      643.1          4.96942138347E-02
    16  200.0        16   600.0       800.0      643.1          1.04466246223E-02
 #=================================================================================================================================================================
 # My Cross Sections
 # The scale factors xmur, xmuf chosen here are:     16.000,      8.000
 #-----------------------------------------------------------------------------------------------------------------------------------------------------------------
 #IObs  BinSize  IODimO  [ ptj1_[GeV],       ]  < mw_[GeV]   >  NLO_contribution 
 #-----------------------------------------------------------------------------------------------------------------------------------------------------------------
     1  25.00         1   0.000       25.00     -nan            0.00000000000E+00
     2  25.00         2   25.00       50.00      1286.          2.80009875996E+03
     3  25.00         3   50.00       75.00      1286.          9.18083814366E+02
     4  25.00         4   75.00       100.0      1286.          3.13721481489E+02
     5  25.00         5   100.0       125.0      1286.          1.30914731180E+02
     6  25.00         6   125.0       150.0      1286.          6.10953709095E+01
     7  25.00         7   150.0       175.0      1286.          3.09439134148E+01
     8  25.00         8   175.0       200.0      1286.          1.67044674824E+01
     9  50.00         9   200.0       250.0      1286.          7.52502935671E+00
    10  50.00        10   250.0       300.0      1286.          2.76927973735E+00
    11  50.00        11   300.0       350.0      1286.          1.14328566261E+00
    12  50.00        12   350.0       400.0      1286.          5.11670576341E-01
    13  50.00        13   400.0       450.0      1286.          2.44663900319E-01
    14  50.00        14   450.0       500.0      1286.          1.22853063866E-01
    15  100.0        15   500.0       600.0      1286.          4.97241556791E-02
    16  200.0        16   600.0       800.0      1286.          1.02185152001E-02
